# Step Temp PotEng   (replica 8, downsampled)
0 21.798134 -1.7950808
5000 16.535743 -1.655071
10000 23.489039 -1.6952357
15000 14.350459 -1.720676
20000 14.364289 -1.7272609
25000 6.7772539 -1.7511864
30000 8.7951294 -1.7451366
35000 10.378234 -1.7481417
40000 9.5258347 -1.7540982
45000 7.4541322 -1.737502
50000 7.9292198 -1.7559355
55000 9.3949144 -1.752023
60000 6.6059002 -1.7459218
65000 9.4773068 -1.7521567
70000 10.42132 -1.7577157
75000 6.3967315 -1.7675783
80000 5.8547562 -1.7625208
85000 9.2918703 -1.7468102
90000 9.4344478 -1.7378577
95000 12.048575 -1.7270953
100000 17.324446 -1.7134811
105000 16.834559 -1.6964095
110000 17.841599 -1.7022345
115000 12.743837 -1.7324615
120000 10.316379 -1.7276273
125000 6.6509485 -1.7448487
130000 8.9931552 -1.7382111
135000 9.290032 -1.7531381
140000 8.2616273 -1.7504706
145000 9.6826238 -1.7420903
150000 9.6696444 -1.7575446
155000 8.8834737 -1.7522467
160000 9.8704606 -1.7546382
165000 7.4891274 -1.7471605
170000 8.7095603 -1.7435722
175000 9.0719412 -1.7340511
180000 9.1736739 -1.7353064
185000 13.072005 -1.7270857
190000 11.258825 -1.7267564
195000 18.230015 -1.6916879
200000 15.891614 -1.7037426
205000 22.801161 -1.6685792
210000 21.002224 -1.6321513
215000 21.386244 -1.6782977
220000 24.667661 -1.6814839
225000 13.734436 -1.71098
230000 13.901698 -1.7250478
235000 14.920743 -1.6881424
240000 16.888536 -1.7053432
245000 19.916895 -1.6913028
250000 16.872865 -1.7087467
255000 16.008912 -1.7281579
260000 16.10003 -1.7422378
265000 16.395788 -1.6975157
270000 16.367571 -1.7138709
275000 15.5517 -1.7156943
280000 14.478689 -1.7086856
285000 13.505254 -1.6828909
290000 16.96588 -1.7171422
295000 16.865766 -1.6908632
300000 14.424131 -1.7079844
305000 13.705438 -1.7158305
310000 12.458581 -1.7315026
315000 9.677824 -1.7375275
320000 16.969532 -1.6931267
325000 18.059922 -1.7416897
330000 12.752705 -1.7304907
335000 17.774927 -1.6927168
340000 16.20321 -1.7088125
345000 19.305765 -1.6907642
350000 16.269307 -1.6917853
355000 10.3044 -1.7281249
360000 12.109069 -1.7253028
365000 12.179448 -1.7358712
370000 9.4094097 -1.7426867
375000 11.543101 -1.7253939
380000 12.496203 -1.7236645
385000 13.139975 -1.7173223
390000 13.952555 -1.7420033
395000 7.5043535 -1.7475334
400000 4.9362564 -1.7698273
405000 5.9793621 -1.7643976
410000 5.1182454 -1.7667801
415000 6.3503599 -1.7664348
420000 4.9391148 -1.7695893
425000 7.0606455 -1.7742834
430000 5.4834475 -1.7715872
435000 4.9073556 -1.7745146
440000 5.5236841 -1.7710373
445000 5.2027396 -1.7745986
450000 3.3353234 -1.7773964
455000 3.6094896 -1.7793129
460000 3.0455225 -1.7829642
465000 3.809263 -1.7783259
470000 4.4630379 -1.7781985
475000 4.7512491 -1.7691216
480000 4.3822926 -1.7656565
485000 5.2925016 -1.7770717
490000 7.9356035 -1.7560057
495000 7.9959246 -1.7665743
500000 6.5441068 -1.7636883
505000 4.8046598 -1.7715735
510000 4.0366071 -1.7755292
515000 5.1623324 -1.7723014
520000 4.5116314 -1.7778824
525000 3.4728118 -1.7799993
530000 3.5809325 -1.7786387
535000 3.8494432 -1.7771777
540000 2.8003808 -1.7809706
545000 3.2826412 -1.7810908
550000 3.3190803 -1.7751379
555000 3.4768026 -1.7838312
560000 5.0137096 -1.7787067
565000 4.0009894 -1.7748524
570000 3.4720227 -1.7828964
575000 4.3583882 -1.7855051
580000 3.0801145 -1.7853285
585000 2.4701066 -1.7855357
590000 2.2089689 -1.7870538
595000 3.0954065 -1.7876928
600000 3.6801545 -1.784003
605000 3.735628 -1.7800786
610000 4.2000035 -1.7781138
615000 5.8028134 -1.7595885
620000 6.8048373 -1.7572527
625000 7.4348837 -1.7635821
630000 6.5809027 -1.7552782
635000 5.6230425 -1.7614173
640000 10.797262 -1.7514802
645000 6.7830828 -1.7724218
650000 3.8779259 -1.7838929
655000 1.9846573 -1.7847686
660000 2.9957507 -1.7806912
665000 2.7584857 -1.7846032
670000 2.413429 -1.7864272
675000 2.3031118 -1.7829757
680000 3.6833652 -1.7743342
685000 3.4394701 -1.776258
690000 6.925857 -1.7630392
695000 6.7661515 -1.7675827
700000 6.2043651 -1.7678799
705000 5.6915471 -1.7606705
710000 7.1398246 -1.7591977
715000 9.3508088 -1.7559332
720000 8.8229044 -1.7373937
725000 9.4437002 -1.7579561
730000 4.7662582 -1.7660076
735000 8.4107445 -1.7431504
740000 13.885586 -1.7331814
745000 15.463508 -1.7016767
750000 16.205931 -1.7212475
755000 11.312815 -1.7371737
760000 12.1184 -1.7210908
765000 13.726083 -1.7315472
770000 12.465249 -1.7234214
775000 13.984576 -1.7246065
780000 11.448378 -1.7315335
785000 9.7222291 -1.7225383
790000 9.4921292 -1.7273933
795000 13.149371 -1.7344326
800000 8.7049668 -1.7555616
805000 8.6361799 -1.747524
810000 11.301177 -1.7423261
815000 11.172876 -1.724902
820000 14.893903 -1.7283357
825000 14.363963 -1.7331219
830000 10.316148 -1.7394052
835000 8.1816995 -1.755073
840000 10.302581 -1.7462736
845000 8.6301417 -1.753212
850000 6.9556335 -1.7574559
855000 5.7848501 -1.7581758
860000 6.3269993 -1.7649762
865000 6.6664558 -1.7680206
870000 6.151548 -1.7609476
875000 4.3472072 -1.771132
880000 5.4509891 -1.769939
885000 5.5332326 -1.7680667
890000 4.2242796 -1.7782527
895000 3.5961578 -1.7742534
900000 3.2606531 -1.7825905
905000 3.6139814 -1.7777051
910000 4.0460807 -1.7760711
915000 4.1154476 -1.7789455
920000 4.1194432 -1.7794654
925000 3.5298377 -1.7770036
930000 4.1817062 -1.775816
935000 3.2020632 -1.7787025
940000 4.2258994 -1.7714577
945000 5.3512639 -1.7675423
950000 4.360721 -1.7750106
955000 4.8940906 -1.768445
960000 8.320479 -1.7477551
965000 12.656879 -1.7398899
970000 12.687347 -1.7288116
975000 10.185133 -1.7352043
980000 14.222599 -1.7247948
985000 17.596105 -1.717095
990000 14.097717 -1.705858
995000 11.191368 -1.7105141
1000000 17.981118 -1.7156465
1005000 19.301497 -1.7041354
1010000 16.675826 -1.7157854
1015000 14.824132 -1.6889669
1020000 16.715219 -1.7134385
1025000 16.566671 -1.6987534
1030000 16.215216 -1.7178409
1035000 17.836484 -1.6993574
1040000 12.083487 -1.7306564
1045000 9.4154464 -1.733701
1050000 10.598244 -1.7225224
1055000 12.71868 -1.7352586
1060000 15.569277 -1.7156671
1065000 15.698694 -1.7139811
1070000 16.529023 -1.7135028
1075000 17.317626 -1.7028844
1080000 17.090572 -1.6762949
1085000 15.354594 -1.7012347
1090000 13.628708 -1.701717
1095000 14.600124 -1.6950914
1100000 13.629903 -1.6939103
1105000 17.394222 -1.7058944
1110000 18.348349 -1.698498
1115000 17.846336 -1.6836723
1120000 14.478355 -1.7205064
1125000 14.913682 -1.7128274
1130000 17.822498 -1.7170569
1135000 18.648059 -1.6979587
1140000 17.961291 -1.7200127
1145000 18.564334 -1.6994075
1150000 12.072696 -1.7390868
1155000 7.1678626 -1.7374332
1160000 10.087303 -1.7377298
1165000 10.612544 -1.7425315
1170000 7.1608926 -1.7662735
1175000 6.3314224 -1.7634939
1180000 5.9588145 -1.7593488
1185000 5.9465988 -1.7611566
1190000 5.9476648 -1.7523854
1195000 9.8945632 -1.7516252
1200000 7.283039 -1.7659269
1205000 4.9215443 -1.7782885
1210000 3.2976669 -1.7823278
1215000 2.4414775 -1.7814247
1220000 2.8863852 -1.7801998
1225000 4.5972628 -1.7768992
1230000 3.6168784 -1.7780953
1235000 3.5463723 -1.77477
1240000 3.990418 -1.7792519
1245000 2.713657 -1.7822825
1250000 4.4668616 -1.7828365
1255000 3.7929601 -1.7768131
1260000 4.7281029 -1.774118
1265000 2.4101061 -1.7866908
1270000 2.3807235 -1.7842676
1275000 2.3262502 -1.7877397
1280000 5.7141379 -1.7718775
1285000 3.4463589 -1.781589
1290000 3.1770444 -1.7792451
1295000 3.2961809 -1.7789615
1300000 3.2624637 -1.7763144
1305000 3.9442273 -1.7777836
1310000 2.0363536 -1.786283
1315000 2.1525735 -1.7838067
1320000 2.8450506 -1.7841519
1325000 2.2751971 -1.7847734
1330000 2.0356857 -1.785763
1335000 2.2260737 -1.7878828
1340000 1.9821657 -1.7871581
1345000 2.5974456 -1.7857748
1350000 2.714516 -1.7845416
1355000 1.9638466 -1.7888755
1360000 1.5733659 -1.7905203
1365000 1.9489117 -1.7863831
1370000 2.9134082 -1.7847105
1375000 3.3687866 -1.7869916
1380000 2.3832976 -1.7847207
1385000 3.862871 -1.78036
1390000 3.3769385 -1.7797121
1395000 4.1816467 -1.7796893
1400000 2.9490516 -1.7882117
1405000 1.8554913 -1.7874566
1410000 2.135351 -1.7883004
1415000 2.2549348 -1.7900581
1420000 1.8568186 -1.7885438
1425000 2.4937035 -1.7831186
1430000 2.2630074 -1.7861166
1435000 2.4544519 -1.7880699
1440000 1.8299537 -1.7888168
1445000 2.0362538 -1.7926361
1450000 2.2136481 -1.7882057
1455000 2.2103825 -1.7916402
1460000 1.6715421 -1.7879389
1465000 1.8752047 -1.7875958
1470000 2.1348259 -1.7871572
1475000 2.181129 -1.7862338
1480000 1.6259859 -1.7861099
1485000 3.6233914 -1.7820777
1490000 1.9141827 -1.7848097
1495000 2.06004 -1.7909353
1500000 1.5930302 -1.7899125
1505000 1.8310677 -1.7884386
1510000 3.0129816 -1.7880954
1515000 2.1119035 -1.7897097
1520000 2.6760282 -1.7867788
1525000 3.6639809 -1.779714
1530000 3.037289 -1.7779814
1535000 2.413119 -1.7841611
1540000 3.0953055 -1.7825401
1545000 3.941988 -1.7789404
1550000 5.1063611 -1.7694269
1555000 5.8689928 -1.761462
1560000 4.4376484 -1.7674058
1565000 5.5047694 -1.7746525
1570000 7.6421053 -1.7623524
1575000 6.423423 -1.7596836
1580000 6.6294714 -1.7614135
1585000 7.2961225 -1.7704313
1590000 7.1592366 -1.758176
1595000 7.7744028 -1.75809
1600000 5.6938635 -1.7685896
1605000 6.4515771 -1.7620884
1610000 7.8233332 -1.7539237
1615000 7.4565647 -1.7465833
1620000 8.7294413 -1.7490018
1625000 10.72985 -1.7204505
1630000 14.554186 -1.7307893
1635000 14.884508 -1.7433494
1640000 10.783487 -1.7341714
1645000 11.93266 -1.7143319
1650000 14.042366 -1.7408412
1655000 13.945123 -1.7317788
1660000 12.135269 -1.7453272
1665000 11.603494 -1.7299964
1670000 11.443922 -1.7257466
1675000 12.971132 -1.7150536
1680000 14.600812 -1.7116346
1685000 15.351292 -1.7142026
1690000 11.457107 -1.7257839
1695000 7.5241829 -1.7376373
1700000 11.888858 -1.7446255
1705000 12.527561 -1.7503191
1710000 12.378942 -1.7427204
1715000 8.9401138 -1.7474014
1720000 5.2713556 -1.7557175
1725000 9.0999552 -1.7438821
1730000 9.809824 -1.7456289
1735000 14.258014 -1.7269449
1740000 10.804461 -1.742827
1745000 11.952116 -1.7396898
1750000 14.262592 -1.7247089
1755000 16.165351 -1.7340785
1760000 14.521751 -1.6978907
1765000 18.302624 -1.6850064
1770000 17.438753 -1.7175197
1775000 15.591123 -1.7110085
1780000 16.772325 -1.7160974
1785000 12.903815 -1.6937528
1790000 17.139194 -1.7149457
1795000 17.668135 -1.6987704
1800000 16.204691 -1.7097626
1805000 16.740009 -1.7089227
1810000 15.231142 -1.6927788
1815000 11.170103 -1.7260671
1820000 10.734614 -1.7569159
1825000 9.4290693 -1.7514654
1830000 7.9610764 -1.7459416
1835000 12.480689 -1.7444092
1840000 8.3039182 -1.7475995
1845000 9.4871685 -1.7445141
1850000 8.9766232 -1.7512513
1855000 15.000247 -1.7321627
1860000 12.877151 -1.7364673
1865000 18.699188 -1.717547
1870000 13.681216 -1.7160251
1875000 14.709482 -1.7072696
1880000 9.8342074 -1.7114437
1885000 11.292705 -1.73521
1890000 12.458934 -1.7228668
1895000 23.782701 -1.6997796
1900000 13.870417 -1.709025
1905000 14.259463 -1.6868428
1910000 7.51607 -1.7580763
1915000 7.9834126 -1.7666439
1920000 6.9246725 -1.7588118
1925000 7.0009346 -1.7754113
1930000 4.0400028 -1.7720185
1935000 6.6180082 -1.7598134
1940000 5.5240772 -1.7567085
1945000 6.7117884 -1.7542572
1950000 5.8851989 -1.7607033
1955000 6.5156905 -1.7591078
1960000 5.465415 -1.7699452
1965000 4.7002307 -1.7707906
1970000 4.7074636 -1.7723137
1975000 5.4532227 -1.7668425
1980000 5.844807 -1.7657944
1985000 6.0595904 -1.7698664
1990000 6.7184399 -1.7561048
1995000 3.6460504 -1.7754149
2000000 4.813163 -1.7758331
2005000 2.4483719 -1.7833246
2010000 3.4789137 -1.7785218
2015000 2.0532809 -1.7875806
2020000 2.1586752 -1.7855387
2025000 2.1053758 -1.7875832
2030000 3.071213 -1.7868373
2035000 3.2850581 -1.7850922
2040000 2.7655344 -1.7821636
2045000 3.2988158 -1.7816528
2050000 2.3464199 -1.7859166
2055000 4.3347016 -1.7830596
2060000 2.9515548 -1.7810247
2065000 3.1474361 -1.7809923
2070000 2.8201074 -1.786324
2075000 2.2961532 -1.7857767
2080000 2.801534 -1.7854743
2085000 2.0631757 -1.7878142
2090000 2.3062339 -1.7885886
2095000 1.8862762 -1.7898147
2100000 1.7060798 -1.7903414
2105000 1.8659556 -1.7896542
2110000 2.402646 -1.7838639
2115000 2.4604554 -1.7874515
2120000 2.1273439 -1.78907
2125000 1.5718959 -1.7909337
2130000 1.828084 -1.7883832
2135000 1.8695825 -1.7894595
2140000 1.9255525 -1.7921132
2145000 2.3298975 -1.7909816
2150000 2.4418283 -1.7873989
2155000 2.1855653 -1.7852
2160000 3.261298 -1.7801435
2165000 2.6380158 -1.7838205
2170000 2.2695164 -1.7829802
2175000 2.4682071 -1.7853809
2180000 4.0515774 -1.781587
2185000 2.8625653 -1.7880678
2190000 3.0615834 -1.7866112
2195000 2.0033913 -1.7890415
2200000 1.6154138 -1.7895365
2205000 2.0248896 -1.7895057
2210000 2.1012866 -1.7910072
2215000 2.2941099 -1.7876807
2220000 2.1271991 -1.784342
2225000 2.5366819 -1.7871507
2230000 2.6715769 -1.7899378
2235000 2.9261771 -1.7841061
2240000 1.8975632 -1.7857028
2245000 1.7312332 -1.7868776
2250000 2.3088451 -1.7882144
2255000 1.6189433 -1.7866222
2260000 2.2244469 -1.7886787
2265000 1.6328018 -1.7889493
2270000 1.5953803 -1.7869033
2275000 1.9147362 -1.7881255
2280000 1.8660098 -1.7873201
2285000 2.0295878 -1.7861054
2290000 2.6794617 -1.7825792
2295000 2.78996 -1.7825102
2300000 1.9896195 -1.7864963
2305000 2.2482465 -1.7879958
2310000 2.1919277 -1.7880262
2315000 2.01829 -1.7887554
2320000 2.1089967 -1.784454
2325000 4.0153194 -1.7801498
2330000 3.6327349 -1.7817633
2335000 3.1431826 -1.7805435
2340000 4.1514465 -1.7822405
2345000 3.4743599 -1.7778435
2350000 4.0948453 -1.7780514
2355000 3.7585622 -1.7824119
2360000 4.6192744 -1.7710148
2365000 4.0477117 -1.7780848
2370000 3.0917662 -1.7779934
2375000 4.7119496 -1.7768522
2380000 4.0266099 -1.7808181
2385000 4.1711838 -1.7789019
2390000 3.5738002 -1.7785808
2395000 3.246 -1.779959
2400000 2.948365 -1.7796177
2405000 2.9293951 -1.7830799
2410000 1.9138562 -1.7893057
2415000 1.7673415 -1.7897805
2420000 2.2030196 -1.79062
2425000 1.8931656 -1.7886489
2430000 2.7467756 -1.7905923
2435000 2.1808943 -1.789211
2440000 2.1264013 -1.7895737
2445000 1.6380941 -1.787442
2450000 1.9518452 -1.7888975
2455000 2.3869475 -1.7903938
2460000 1.5118777 -1.7894354
2465000 2.5346551 -1.785885
2470000 5.3911623 -1.7774158
2475000 1.8367026 -1.785805
2480000 2.0430984 -1.7898634
2485000 1.7787165 -1.7831725
2490000 2.5465349 -1.7840097
2495000 2.7871141 -1.7830568
2500000 1.8875627 -1.7891405
2505000 2.1611556 -1.7884697
2510000 2.2000978 -1.7883819
2515000 2.0953415 -1.7854601
2520000 2.8194551 -1.7891208
2525000 2.5547168 -1.7796154
2530000 2.1685262 -1.7899674
2535000 2.6113685 -1.7851498
2540000 2.2217817 -1.7870426
2545000 1.7107123 -1.7905808
2550000 1.4365002 -1.788013
2555000 1.8039521 -1.790038
2560000 1.8056997 -1.7885596
2565000 2.1372141 -1.7914143
2570000 2.2091442 -1.7914991
2575000 2.0855256 -1.7895284
2580000 2.0852321 -1.7899166
2585000 2.9269949 -1.7876609
2590000 2.6599796 -1.7868688
2595000 2.835709 -1.7840451
2600000 2.5573083 -1.7826847
2605000 4.2227659 -1.7716394
2610000 4.1203414 -1.7818073
2615000 4.5524914 -1.7782454
2620000 4.9088956 -1.7695323
2625000 5.1535423 -1.7705425
2630000 5.382834 -1.7682837
2635000 4.986124 -1.7711617
2640000 5.6905066 -1.7734459
2645000 2.8632304 -1.7877022
2650000 2.7266162 -1.786724
2655000 2.1504651 -1.7869077
2660000 2.3942766 -1.7842947
2665000 2.0735913 -1.7798217
2670000 3.7110888 -1.7779025
2675000 3.466721 -1.7750821
2680000 3.142978 -1.7807733
2685000 1.8045594 -1.7885932
2690000 1.7982479 -1.7845835
2695000 1.5964269 -1.7882387
2700000 1.9123265 -1.7880101
2705000 2.6551169 -1.784548
2710000 2.5300499 -1.7847526
2715000 2.5927023 -1.7851612
2720000 2.3854197 -1.7827906
2725000 2.427877 -1.7890786
2730000 1.6655413 -1.7868917
2735000 2.6735108 -1.7830318
2740000 2.7160371 -1.7804281
2745000 3.8470722 -1.7818103
2750000 3.7547639 -1.7796613
2755000 4.1707361 -1.7805421
2760000 4.791526 -1.7779975
2765000 4.856327 -1.7759309
2770000 4.1476731 -1.7757429
2775000 5.5775937 -1.7766606
2780000 3.8833204 -1.7797267
2785000 4.9648109 -1.7717949
2790000 8.1612109 -1.7610113
2795000 9.1617508 -1.7332374
2800000 16.223747 -1.70587
2805000 12.524542 -1.7214837
2810000 13.558052 -1.7168312
2815000 8.7177511 -1.7483101
2820000 12.101446 -1.7481947
2825000 8.145719 -1.7378608
2830000 11.057438 -1.7540754
2835000 7.1421046 -1.7717889
2840000 6.898148 -1.762985
2845000 8.7730779 -1.7477166
2850000 9.2541961 -1.740372
2855000 11.210316 -1.7544527
2860000 7.6098689 -1.7488239
2865000 15.91955 -1.7350978
2870000 16.370478 -1.6968957
2875000 16.547874 -1.7237561
2880000 14.370833 -1.710482
2885000 14.949951 -1.7070302
2890000 16.767227 -1.7155681
2895000 16.054944 -1.7112619
2900000 13.997204 -1.7312433
2905000 7.3406751 -1.7639947
2910000 6.8540903 -1.7599603
2915000 6.5181475 -1.7639961
2920000 5.5362134 -1.7578455
2925000 11.470871 -1.7484018
2930000 8.8134375 -1.7515654
2935000 8.1772479 -1.7330304
2940000 12.902312 -1.7186218
2945000 11.852375 -1.7307613
2950000 16.223961 -1.7393401
2955000 9.9179896 -1.724069
2960000 9.8114629 -1.718271
2965000 6.0943748 -1.7548082
2970000 5.2099167 -1.7597742
2975000 6.5528964 -1.7622461
2980000 5.6004499 -1.7641374
2985000 4.2512389 -1.7770887
2990000 2.8345873 -1.7737745
2995000 3.0214858 -1.7763647
3000000 3.7042521 -1.7806675
3005000 2.9935125 -1.7791156
3010000 2.9758238 -1.7877653
3015000 2.8697403 -1.7825938
3020000 2.0850164 -1.7904452
3025000 2.9721997 -1.7856991
3030000 2.1624528 -1.7887376
3035000 2.1052277 -1.7879443
3040000 2.7914954 -1.784463
3045000 2.7432035 -1.7866892
3050000 2.1675061 -1.7851279
3055000 4.3536487 -1.7790692
3060000 6.4154936 -1.7726123
3065000 6.1358165 -1.77218
3070000 5.2436059 -1.7783141
3075000 3.9690014 -1.7793347
3080000 3.9131222 -1.7841608
3085000 3.209279 -1.7817096
3090000 3.5572508 -1.7818655
3095000 4.7636843 -1.7762641
3100000 3.6181315 -1.7831765
3105000 3.6205743 -1.7761644
3110000 3.2753143 -1.781365
3115000 4.2150922 -1.7775541
3120000 2.8844064 -1.7823558
3125000 2.4215917 -1.787639
3130000 1.7071431 -1.7864241
3135000 2.4746616 -1.7864523
3140000 3.1285681 -1.7827593
3145000 3.16652 -1.7799025
3150000 3.1397067 -1.780853
3155000 3.0799781 -1.7884276
3160000 2.8075527 -1.7882532
3165000 1.8203715 -1.7885273
3170000 2.1252777 -1.7900406
3175000 1.5220671 -1.7899851
3180000 2.0836091 -1.7887992
3185000 2.8157056 -1.7868004
3190000 3.263184 -1.7822699
3195000 2.4300491 -1.7830594
3200000 1.9327753 -1.7885856
3205000 4.7645374 -1.780831
3210000 4.2270166 -1.7805995
3215000 2.434425 -1.7859705
3220000 2.988055 -1.7871019
3225000 2.4535929 -1.7859018
3230000 2.7748654 -1.7830958
3235000 2.9210809 -1.7831596
3240000 2.0897645 -1.7897797
3245000 1.5968806 -1.7898441
3250000 2.0516622 -1.7854053
3255000 2.9235532 -1.7855902
3260000 2.6084102 -1.7767688
3265000 3.4174712 -1.7770913
3270000 5.9252726 -1.7742498
3275000 3.9406623 -1.7728942
3280000 3.5393424 -1.7752778
3285000 3.6153965 -1.7796453
3290000 5.8703062 -1.766256
3295000 3.5595046 -1.7727214
3300000 7.0989699 -1.7674315
3305000 8.5323186 -1.7642747
3310000 6.4073031 -1.7594306
3315000 7.2493812 -1.7614723
3320000 6.7615048 -1.7668495
3325000 7.157338 -1.7654432
3330000 6.7142509 -1.754784
3335000 6.2020388 -1.7590321
3340000 6.612779 -1.7646103
3345000 4.8510307 -1.7682257
3350000 4.5500453 -1.7664859
3355000 6.0270133 -1.7669161
3360000 6.4082408 -1.7607875
3365000 5.8784859 -1.7556484
3370000 8.5555477 -1.7419427
3375000 9.5859167 -1.7475114
3380000 9.3580509 -1.7481076
3385000 10.656423 -1.7243577
3390000 13.798605 -1.7235846
3395000 14.126344 -1.7350127
3400000 8.9444885 -1.7501398
3405000 7.8699775 -1.7450655
3410000 9.7778151 -1.7369414
3415000 10.346417 -1.7486075
3420000 9.3656728 -1.7443787
3425000 4.2776969 -1.7724635
3430000 5.7615844 -1.7761129
3435000 4.2472251 -1.7749253
3440000 4.9529022 -1.7763925
3445000 8.5379995 -1.75778
3450000 7.4502447 -1.7475737
3455000 9.4553439 -1.74794
3460000 11.239095 -1.7476318
3465000 9.2817662 -1.7573004
3470000 6.6832591 -1.7474982
3475000 7.3184983 -1.7563601
3480000 9.2961833 -1.7491896
3485000 8.9213287 -1.7465874
3490000 6.8951072 -1.7557075
3495000 6.1299088 -1.7651752
3500000 5.8175641 -1.7591492
3505000 5.9084226 -1.7665019
3510000 5.3404028 -1.7634381
3515000 7.2391096 -1.7618118
3520000 8.3159923 -1.7629362
3525000 7.6418298 -1.7618258
3530000 6.8467894 -1.7611027
3535000 7.4355821 -1.7613581
3540000 4.2268129 -1.7740542
3545000 4.4664911 -1.7693726
3550000 4.7349515 -1.7693177
3555000 5.1103025 -1.7697326
3560000 7.6619852 -1.7578128
3565000 7.5721789 -1.7615316
3570000 7.6927494 -1.7586578
3575000 6.0860819 -1.7653583
3580000 7.8756914 -1.7644663
3585000 5.2050867 -1.7539968
3590000 6.2891857 -1.7671742
3595000 9.5407047 -1.7582196
3600000 7.0881288 -1.7636343
3605000 6.6852381 -1.7613975
3610000 7.4001553 -1.7622376
3615000 6.9787871 -1.7580694
3620000 7.8165667 -1.7618955
3625000 6.2463849 -1.767278
3630000 5.2392901 -1.7740837
3635000 3.3021103 -1.7792464
3640000 3.2218765 -1.7799698
3645000 3.7736671 -1.7755558
3650000 4.9583219 -1.7738553
3655000 4.5577187 -1.7746249
3660000 7.7717139 -1.7565943
3665000 5.3214087 -1.7639252
3670000 8.3114198 -1.7546188
3675000 6.9140262 -1.7701031
3680000 8.1688286 -1.7614348
3685000 8.6311272 -1.7476248
3690000 14.215124 -1.7343689
3695000 12.312754 -1.7238731
3700000 5.6641531 -1.7583179
3705000 5.9919173 -1.7538011
3710000 9.8580879 -1.7447878
3715000 15.32057 -1.7137963
3720000 13.55469 -1.7044577
3725000 15.529898 -1.7161953
3730000 19.901863 -1.7040851
3735000 17.51716 -1.6909085
3740000 13.761963 -1.71976
3745000 13.619525 -1.7071844
3750000 16.092462 -1.7180836
3755000 16.80181 -1.7028569
3760000 16.374316 -1.7175077
3765000 11.881069 -1.7135243
3770000 12.137434 -1.7171143
3775000 12.046274 -1.7321247
3780000 15.079647 -1.7287381
3785000 6.1820402 -1.76326
3790000 4.5067453 -1.7603245
3795000 6.5043604 -1.7603552
3800000 8.1621182 -1.7567107
3805000 6.6305588 -1.7652846
3810000 5.3259654 -1.7648237
3815000 5.0009133 -1.7639024
3820000 5.1018935 -1.7702554
3825000 6.3627799 -1.7579987
3830000 5.0151969 -1.7733435
3835000 6.3865604 -1.7681223
3840000 6.7549726 -1.755016
3845000 7.7808007 -1.7634871
3850000 6.4816927 -1.7612234
3855000 6.5950817 -1.7586344
3860000 6.3825936 -1.762177
3865000 6.3205789 -1.7514008
3870000 7.1566252 -1.7644115
3875000 6.7414243 -1.7599203
3880000 7.0848473 -1.7667456
3885000 6.8628912 -1.7575746
3890000 5.6203787 -1.7580084
3895000 4.798813 -1.7640688
3900000 7.4006015 -1.7618677
3905000 7.6813253 -1.7588098
3910000 6.0706281 -1.7540767
3915000 6.1147855 -1.7480927
3920000 5.1116035 -1.7534902
3925000 6.4047455 -1.7431235
3930000 7.938017 -1.7467056
3935000 5.8137815 -1.755618
3940000 6.9901553 -1.7615265
3945000 6.8949334 -1.7678167
3950000 3.9064607 -1.7802097
3955000 4.5109181 -1.7779241
3960000 3.2579294 -1.7794221
3965000 2.3046814 -1.7863784
3970000 2.9467433 -1.7883424
3975000 1.7411575 -1.7903659
3980000 1.4952163 -1.7872296
3985000 2.3040698 -1.7863918
3990000 2.1814037 -1.7865138
3995000 3.5112794 -1.7856573
4000000 2.4203097 -1.7855042
4005000 3.1790525 -1.7806224
4010000 3.5812095 -1.7861279
4015000 2.9909958 -1.786521
4020000 2.875024 -1.7834908
4025000 2.4444772 -1.7794341
4030000 3.06622 -1.7853756
4035000 2.0213614 -1.7874197
4040000 3.6120546 -1.7882956
4045000 2.101977 -1.7923284
4050000 2.9362654 -1.779898
4055000 1.613125 -1.7865917
4060000 2.5768656 -1.7800097
4065000 3.3321795 -1.776059
4070000 3.4107118 -1.7757035
4075000 2.9303712 -1.7773604
4080000 2.1653271 -1.7824885
4085000 3.6216017 -1.7753047
4090000 5.9864351 -1.7734095
4095000 3.6496415 -1.7756276
4100000 5.2854248 -1.7725283
4105000 4.0006618 -1.7750766
4110000 3.8839765 -1.7780006
4115000 3.8791943 -1.7800439
4120000 3.5769508 -1.7807795
4125000 3.8317316 -1.7747544
4130000 3.8494401 -1.7761344
4135000 3.3718497 -1.7757303
4140000 4.6377011 -1.7774537
4145000 2.8062309 -1.7821646
4150000 4.4202718 -1.7773811
4155000 3.7463399 -1.7814311
4160000 3.8505561 -1.7762522
4165000 3.197973 -1.7785333
4170000 3.425936 -1.7787144
4175000 4.3245619 -1.766671
4180000 3.841684 -1.7676636
4185000 6.9355684 -1.7576728
4190000 4.1585042 -1.7765399
4195000 4.3836115 -1.7798066
4200000 4.3175814 -1.7793123
4205000 3.7153776 -1.778998
4210000 5.6653211 -1.7714609
4215000 4.2437951 -1.7754463
4220000 3.41696 -1.7767784
4225000 3.9192201 -1.7786346
4230000 6.5904523 -1.7641589
4235000 7.3503778 -1.75931
4240000 10.422247 -1.7178853
4245000 9.9913941 -1.7397437
4250000 10.81458 -1.7458435
4255000 8.6415868 -1.761102
4260000 7.7384777 -1.7459999
4265000 7.314663 -1.7493272
4270000 13.429475 -1.6935996
4275000 21.090824 -1.7192838
4280000 17.193524 -1.7081955
4285000 17.403166 -1.7096165
4290000 14.066458 -1.7095568
4295000 13.310157 -1.6819532
4300000 15.190789 -1.692703
4305000 13.935862 -1.7483873
4310000 13.589795 -1.7358669
4315000 13.617511 -1.7213155
4320000 10.420116 -1.7110354
4325000 10.244539 -1.7571402
4330000 10.918078 -1.7580172
4335000 11.04287 -1.7185354
4340000 12.794941 -1.7367131
4345000 12.679588 -1.6965101
4350000 14.803199 -1.7076074
4355000 16.109611 -1.680547
4360000 18.905889 -1.6940796
4365000 13.785962 -1.7125932
4370000 13.75741 -1.6964263
4375000 17.442382 -1.7163895
4380000 17.445019 -1.7086609
4385000 19.254536 -1.7202872
4390000 10.107474 -1.7442516
4395000 16.206576 -1.7099361
4400000 11.382689 -1.7311535
4405000 9.9578324 -1.7486528
4410000 8.2896538 -1.7502927
4415000 8.5180994 -1.7496825
4420000 9.6868531 -1.749985
4425000 8.8479418 -1.7577293
4430000 8.1887952 -1.7521675
4435000 8.925561 -1.7496921
4440000 7.3241303 -1.7518947
4445000 11.840815 -1.7188549
4450000 17.442828 -1.6898357
4455000 19.236799 -1.7037043
4460000 11.032207 -1.7315276
4465000 13.955018 -1.7373733
4470000 10.138206 -1.7157577
4475000 10.028913 -1.737226
4480000 11.173004 -1.7191866
4485000 8.3881888 -1.7544948
4490000 10.06422 -1.7499713
4495000 6.7424194 -1.7513973
4500000 6.5423324 -1.7637191
4505000 7.0454046 -1.7647159
4510000 8.0861996 -1.7502541
4515000 7.797963 -1.7365633
4520000 11.079257 -1.7414591
4525000 5.6702762 -1.7614706
4530000 9.5106728 -1.752335
4535000 14.145747 -1.7369839
4540000 13.535561 -1.7247519
4545000 10.981174 -1.7364777
4550000 10.414112 -1.7120468
4555000 14.432014 -1.7113833
4560000 14.518422 -1.7416282
4565000 11.774406 -1.7349778
4570000 11.494549 -1.7345549
4575000 12.916365 -1.7390691
4580000 12.588933 -1.7177885
4585000 11.251432 -1.7197399
4590000 9.546989 -1.7548114
4595000 12.838396 -1.733629
4600000 13.121921 -1.7223828
4605000 11.484146 -1.7324305
4610000 11.409015 -1.7391188
4615000 11.527685 -1.7327294
4620000 7.3439515 -1.7478507
4625000 13.592678 -1.7369738
4630000 10.36311 -1.7344772
4635000 10.445351 -1.7348377
4640000 8.6842803 -1.7464233
4645000 7.813518 -1.7404196
4650000 12.072999 -1.7369062
4655000 12.247976 -1.7464336
4660000 8.1507143 -1.7362173
4665000 8.782427 -1.7463143
4670000 8.743932 -1.7426245
4675000 9.5217088 -1.7413824
4680000 12.674627 -1.7304859
4685000 14.222154 -1.7371727
4690000 12.363102 -1.7375295
4695000 11.160452 -1.7378764
4700000 11.733186 -1.7370371
4705000 15.541645 -1.7073596
4710000 14.588173 -1.7074827
4715000 18.298834 -1.7090461
4720000 13.910144 -1.701517
4725000 16.337884 -1.7000553
4730000 13.526937 -1.7039172
4735000 21.259545 -1.7199108
4740000 15.02141 -1.7188044
4745000 16.168072 -1.7150385
4750000 16.991576 -1.7216479
4755000 8.5034054 -1.7445234
4760000 7.6303588 -1.7490271
4765000 7.5027965 -1.7571853
4770000 10.381579 -1.7447956
4775000 8.6438964 -1.7425396
4780000 10.771569 -1.7448316
4785000 8.2242467 -1.7400464
4790000 12.85672 -1.7309047
4795000 10.646101 -1.728356
4800000 16.182414 -1.6831145
4805000 14.2228 -1.7329401
4810000 9.8437315 -1.7427085
4815000 8.6318017 -1.7692422
4820000 6.2454989 -1.7589309
4825000 5.8624881 -1.7638046
4830000 8.5511919 -1.7475469
4835000 10.363164 -1.7430944
4840000 6.2805333 -1.7652497
4845000 6.3866177 -1.7569502
4850000 6.62382 -1.7580357
4855000 4.5765119 -1.7738064
4860000 4.8034704 -1.7659207
4865000 3.324081 -1.7719611
4870000 4.5691747 -1.7663943
4875000 4.7693833 -1.7719576
4880000 5.0512485 -1.7682379
4885000 5.0029881 -1.7626875
4890000 5.47016 -1.7710164
4895000 8.2843639 -1.7577303
4900000 4.9576673 -1.7692199
4905000 6.0834201 -1.7574213
4910000 4.9337862 -1.7459152
4915000 3.7121625 -1.7701792
4920000 6.1664703 -1.760507
4925000 4.9734752 -1.7727375
4930000 3.7698951 -1.7727596
4935000 5.2242327 -1.7764981
4940000 5.5900673 -1.7737983
4945000 6.3218131 -1.7658402
4950000 6.1683108 -1.7647148
4955000 5.4194337 -1.7496791
4960000 7.7339425 -1.76487
4965000 10.129061 -1.753923
4970000 9.9461131 -1.7445126
4975000 6.7883403 -1.7542906
4980000 6.4469133 -1.7594537
4985000 6.3163683 -1.7660737
4990000 6.9689971 -1.7501425
4995000 8.2016705 -1.7603783
5000000 5.8497652 -1.7664131
