# Step Temp PotEng   (replica 11, downsampled)
0 39.68709 -1.7950808
5000 41.950144 -1.3923273
10000 36.268536 -1.4095651
15000 36.074742 -1.4762191
20000 28.849477 -1.543967
25000 38.843798 -1.5301909
30000 34.629044 -1.5465405
35000 27.437405 -1.5346159
40000 33.425562 -1.5025063
45000 29.535388 -1.5070549
50000 32.022942 -1.535709
55000 31.937034 -1.4790481
60000 39.157422 -1.5051327
65000 30.626011 -1.5709708
70000 22.530643 -1.6065577
75000 28.353029 -1.5196469
80000 30.285781 -1.4532478
85000 36.793285 -1.4871005
90000 39.490807 -1.356374
95000 35.593996 -1.4622526
100000 31.757529 -1.4167961
105000 41.961975 -1.4095951
110000 48.05512 -1.4334544
115000 38.989921 -1.3799601
120000 38.588531 -1.3650566
125000 43.837735 -1.4016555
130000 34.950384 -1.3994465
135000 39.062368 -1.4344343
140000 41.20447 -1.4406996
145000 47.763647 -1.4856449
150000 40.278824 -1.4767512
155000 34.635796 -1.4509069
160000 28.996909 -1.5277484
165000 28.032399 -1.5414032
170000 39.656975 -1.4872632
175000 34.54187 -1.4043738
180000 43.598498 -1.4206493
185000 40.140927 -1.3830122
190000 31.00283 -1.4861072
195000 35.326652 -1.405634
200000 40.145604 -1.44954
205000 41.490816 -1.4399153
210000 28.139453 -1.4303676
215000 29.880828 -1.4831616
220000 45.808898 -1.4271964
225000 31.340016 -1.4619316
230000 46.09586 -1.4427838
235000 52.401824 -1.3820829
240000 38.691629 -1.3923197
245000 33.689615 -1.3825671
250000 33.080878 -1.4035411
255000 31.82161 -1.4136855
260000 33.956253 -1.3358085
265000 36.205403 -1.3988694
270000 38.872217 -1.3806228
275000 40.062652 -1.4333517
280000 39.285715 -1.3595293
285000 38.804026 -1.3480457
290000 44.383456 -1.4640572
295000 42.174653 -1.3712386
300000 33.179584 -1.3378028
305000 43.211928 -1.3956565
310000 43.3242 -1.3931454
315000 44.625837 -1.3487209
320000 42.756978 -1.4663387
325000 29.423366 -1.5007516
330000 36.485691 -1.5313597
335000 30.569897 -1.4981739
340000 34.086061 -1.5954144
345000 33.588121 -1.4650837
350000 42.556341 -1.4117974
355000 33.499437 -1.5065552
360000 38.24828 -1.4860011
365000 31.945351 -1.5269648
370000 36.593405 -1.5728302
375000 29.278261 -1.5248496
380000 27.600013 -1.5833754
385000 25.930544 -1.5396171
390000 25.099209 -1.609546
395000 22.609228 -1.5899535
400000 20.004129 -1.6125007
405000 17.827007 -1.63207
410000 20.81878 -1.632764
415000 22.125746 -1.6089542
420000 25.220927 -1.6140043
425000 23.401221 -1.6284693
430000 19.814505 -1.6117146
435000 23.894071 -1.6056395
440000 22.138856 -1.6495459
445000 34.566547 -1.606018
450000 28.762382 -1.5720426
455000 34.753317 -1.4899351
460000 43.098877 -1.3917727
465000 37.075987 -1.4373998
470000 39.066596 -1.4368205
475000 29.010437 -1.53431
480000 37.478391 -1.5087148
485000 35.361031 -1.5129148
490000 34.514945 -1.4777844
495000 50.73734 -1.4634456
500000 28.595818 -1.3717557
505000 46.485483 -1.4504461
510000 37.506693 -1.4286942
515000 45.20631 -1.4268257
520000 42.650338 -1.3866359
525000 43.230564 -1.3832745
530000 45.801016 -1.4687874
535000 37.358765 -1.3855048
540000 45.296166 -1.4536077
545000 38.531605 -1.4247607
550000 34.14172 -1.3776282
555000 35.429617 -1.3893505
560000 42.561995 -1.3875527
565000 36.117108 -1.4091729
570000 32.309263 -1.4771862
575000 32.848408 -1.4012302
580000 45.479056 -1.4274117
585000 34.785504 -1.434294
590000 37.952542 -1.4086752
595000 42.436675 -1.4243973
600000 45.025381 -1.5145934
605000 37.391109 -1.482882
610000 41.822137 -1.4362226
615000 36.041227 -1.5245358
620000 43.405015 -1.4647826
625000 41.782238 -1.437444
630000 34.100782 -1.4345999
635000 40.391759 -1.4570863
640000 43.213842 -1.449898
645000 45.653986 -1.410291
650000 41.973293 -1.4478309
655000 34.291737 -1.5413684
660000 35.733124 -1.4840994
665000 33.034952 -1.519007
670000 27.818349 -1.5787135
675000 24.694826 -1.5773972
680000 23.492446 -1.5493048
685000 22.144269 -1.5188428
690000 25.827066 -1.5378568
695000 35.154309 -1.5646236
700000 32.71425 -1.5389514
705000 30.890703 -1.5754886
710000 28.997343 -1.5895699
715000 30.838755 -1.5974671
720000 30.668516 -1.5571378
725000 34.633198 -1.566887
730000 22.0864 -1.5511066
735000 30.867959 -1.5801088
740000 26.17814 -1.5480163
745000 30.838283 -1.545809
750000 28.860867 -1.5891035
755000 22.920516 -1.5340487
760000 30.606614 -1.5432227
765000 25.87901 -1.5635151
770000 29.333149 -1.518075
775000 32.300222 -1.5111624
780000 38.802727 -1.6066358
785000 37.920856 -1.5746667
790000 33.114186 -1.5560468
795000 36.860995 -1.5339021
800000 30.187023 -1.5330125
805000 30.737569 -1.5058724
810000 29.731796 -1.4527252
815000 30.867495 -1.5438092
820000 34.205139 -1.5022646
825000 32.274386 -1.5280877
830000 26.772132 -1.5109932
835000 34.778026 -1.5404408
840000 26.662116 -1.5718243
845000 28.573998 -1.5558844
850000 29.479386 -1.4834423
855000 35.151698 -1.5672483
860000 29.254601 -1.5736004
865000 29.552332 -1.5745096
870000 24.359229 -1.6018355
875000 24.606733 -1.6119631
880000 17.162815 -1.5912855
885000 28.742838 -1.596348
890000 32.9551 -1.609593
895000 25.634544 -1.607012
900000 29.119423 -1.612903
905000 25.903863 -1.6072185
910000 26.899062 -1.5664999
915000 26.452607 -1.5789143
920000 30.653241 -1.5458648
925000 31.515837 -1.5629395
930000 26.045139 -1.5866387
935000 34.081174 -1.5457107
940000 29.35008 -1.5693095
945000 22.528829 -1.5793049
950000 26.787169 -1.6006622
955000 26.639647 -1.5463864
960000 27.723725 -1.5945424
965000 23.607603 -1.6104813
970000 28.633943 -1.5855607
975000 27.806437 -1.587058
980000 27.660521 -1.5564043
985000 26.963801 -1.5914883
990000 36.431654 -1.5013259
995000 37.657801 -1.466944
1000000 34.308797 -1.5220488
1005000 32.613768 -1.5471282
1010000 38.988763 -1.5319455
1015000 30.450017 -1.5125987
1020000 38.33744 -1.5265649
1025000 31.150313 -1.4931742
1030000 34.677977 -1.5312635
1035000 34.201847 -1.5326864
1040000 27.811943 -1.5072292
1045000 33.043021 -1.5796168
1050000 40.975824 -1.5640717
1055000 27.707773 -1.55342
1060000 26.50695 -1.5770597
1065000 18.820226 -1.5904806
1070000 19.099481 -1.6034704
1075000 22.733481 -1.6315696
1080000 26.063982 -1.5940573
1085000 27.17335 -1.5837206
1090000 22.739539 -1.5858332
1095000 22.619228 -1.6019205
1100000 28.711478 -1.567959
1105000 35.830229 -1.5034228
1110000 33.725321 -1.5414125
1115000 21.182613 -1.6228457
1120000 26.106281 -1.5904525
1125000 23.964761 -1.5691545
1130000 25.493884 -1.6050771
1135000 24.493697 -1.6414362
1140000 18.83369 -1.6371404
1145000 21.254547 -1.5995755
1150000 20.580832 -1.6103329
1155000 25.75623 -1.6012088
1160000 21.012859 -1.6115642
1165000 22.229633 -1.5978591
1170000 24.783959 -1.5949228
1175000 17.924734 -1.621879
1180000 26.101146 -1.6141322
1185000 19.649284 -1.6444192
1190000 21.494323 -1.6156037
1195000 32.531847 -1.5740711
1200000 30.400969 -1.4797416
1205000 32.228512 -1.565218
1210000 23.58828 -1.5920251
1215000 26.641684 -1.5667603
1220000 27.275382 -1.5782877
1225000 27.527603 -1.5520874
1230000 31.711807 -1.5613211
1235000 41.871701 -1.5592012
1240000 33.268372 -1.4755019
1245000 31.756208 -1.5032298
1250000 24.933673 -1.574895
1255000 42.810988 -1.4908866
1260000 41.399938 -1.4878512
1265000 28.140731 -1.5524122
1270000 34.529068 -1.5885712
1275000 35.829806 -1.5376217
1280000 42.767824 -1.5548826
1285000 26.083834 -1.5278659
1290000 31.086793 -1.5515707
1295000 27.663885 -1.5522295
1300000 32.195893 -1.5665361
1305000 32.56397 -1.5534822
1310000 38.831276 -1.5866553
1315000 32.35717 -1.6041628
1320000 26.96009 -1.5745507
1325000 30.868415 -1.5319319
1330000 27.066826 -1.5839084
1335000 24.419808 -1.6432949
1340000 22.371394 -1.5998016
1345000 26.01047 -1.6341606
1350000 20.542563 -1.6498424
1355000 20.393655 -1.6154828
1360000 34.735583 -1.4845463
1365000 21.178303 -1.5638097
1370000 33.358606 -1.5339982
1375000 43.223944 -1.5386397
1380000 28.073336 -1.6173697
1385000 19.012626 -1.6122438
1390000 24.808186 -1.6295813
1395000 24.044366 -1.6257208
1400000 27.403914 -1.5781289
1405000 21.968706 -1.6255238
1410000 25.4291 -1.5832204
1415000 28.767409 -1.5628627
1420000 24.611962 -1.5831924
1425000 18.465393 -1.5984441
1430000 22.535636 -1.6622369
1435000 28.039391 -1.5312792
1440000 26.029769 -1.5642755
1445000 27.131641 -1.5623389
1450000 28.236863 -1.5238998
1455000 36.260641 -1.5581107
1460000 30.200759 -1.5621077
1465000 23.935319 -1.5729679
1470000 25.246845 -1.5060844
1475000 29.433333 -1.4809981
1480000 31.39211 -1.4404609
1485000 32.679928 -1.5053863
1490000 37.746398 -1.5058149
1495000 34.839756 -1.5372072
1500000 35.456579 -1.5532468
1505000 26.158422 -1.5248194
1510000 28.860981 -1.5536691
1515000 45.188188 -1.5620235
1520000 25.820207 -1.5861405
1525000 27.90562 -1.5457347
1530000 39.456857 -1.4302457
1535000 42.509008 -1.3497669
1540000 34.577337 -1.4937275
1545000 40.436558 -1.4571093
1550000 40.897497 -1.4435091
1555000 37.882484 -1.4898945
1560000 45.788638 -1.515544
1565000 27.934272 -1.5616551
1570000 30.33003 -1.5804962
1575000 22.364062 -1.5846733
1580000 36.071557 -1.5406608
1585000 22.895623 -1.6077684
1590000 22.856938 -1.5808415
1595000 31.79827 -1.5552583
1600000 34.801432 -1.5470743
1605000 30.009719 -1.5673704
1610000 34.790675 -1.5000983
1615000 36.582546 -1.5227926
1620000 34.698543 -1.5027845
1625000 34.514022 -1.4544477
1630000 26.353295 -1.4878599
1635000 31.317365 -1.5121306
1640000 29.283456 -1.5332705
1645000 28.870265 -1.5128168
1650000 46.127548 -1.4020418
1655000 36.18164 -1.5091019
1660000 37.83146 -1.4206727
1665000 30.975852 -1.4474126
1670000 43.530663 -1.4612812
1675000 36.11402 -1.4743033
1680000 40.246732 -1.5110423
1685000 45.271655 -1.4331284
1690000 34.424728 -1.3701127
1695000 47.012151 -1.3963916
1700000 46.035629 -1.3983907
1705000 41.305807 -1.4646236
1710000 42.352811 -1.4792677
1715000 34.626228 -1.4392705
1720000 39.381528 -1.3808555
1725000 41.56009 -1.4512622
1730000 39.456458 -1.4508582
1735000 36.157308 -1.4375584
1740000 46.423056 -1.413482
1745000 40.535137 -1.4573128
1750000 32.099239 -1.5694146
1755000 23.990992 -1.5660037
1760000 31.87252 -1.508999
1765000 45.42877 -1.4789793
1770000 24.104404 -1.5797623
1775000 33.466557 -1.6004431
1780000 30.325189 -1.6082575
1785000 33.800006 -1.4885285
1790000 29.443629 -1.5747292
1795000 22.280285 -1.5960824
1800000 24.171565 -1.631057
1805000 21.65852 -1.5958397
1810000 40.621094 -1.5535227
1815000 35.010231 -1.5386018
1820000 33.096409 -1.531141
1825000 29.502262 -1.5456747
1830000 23.06706 -1.5913948
1835000 25.037668 -1.5689449
1840000 32.326217 -1.5837971
1845000 27.591412 -1.6285882
1850000 30.814353 -1.5792303
1855000 33.080481 -1.5469484
1860000 36.281087 -1.5338305
1865000 32.436551 -1.519972
1870000 32.932658 -1.5148147
1875000 35.045323 -1.5818771
1880000 33.727259 -1.5387472
1885000 28.857627 -1.5475105
1890000 28.452689 -1.5152326
1895000 32.345794 -1.5066149
1900000 35.218857 -1.5874864
1905000 37.113213 -1.5732657
1910000 32.758659 -1.5475765
1915000 27.64908 -1.5212182
1920000 31.768152 -1.5085839
1925000 34.392492 -1.4695573
1930000 40.439597 -1.528096
1935000 30.734134 -1.554413
1940000 30.089739 -1.568347
1945000 40.190214 -1.5035455
1950000 28.421341 -1.5824268
1955000 36.250764 -1.5299922
1960000 26.297885 -1.5532083
1965000 22.626659 -1.6190984
1970000 21.615549 -1.6361287
1975000 19.260943 -1.6561259
1980000 22.042276 -1.6390651
1985000 20.302313 -1.6203736
1990000 25.862142 -1.5706344
1995000 19.653895 -1.6351641
2000000 22.558689 -1.6182281
2005000 27.891986 -1.5993668
2010000 24.151632 -1.6249649
2015000 22.049682 -1.6293074
2020000 15.253996 -1.6284881
2025000 19.291152 -1.643613
2030000 20.001983 -1.6275174
2035000 27.011023 -1.5941216
2040000 24.007083 -1.6223445
2045000 25.546121 -1.6025689
2050000 19.790229 -1.6388871
2055000 24.51481 -1.6238514
2060000 21.016397 -1.5914721
2065000 22.36301 -1.6403325
2070000 22.270865 -1.6165875
2075000 23.765716 -1.5684181
2080000 21.53579 -1.6377283
2085000 20.600496 -1.6573175
2090000 21.296959 -1.5995381
2095000 21.047279 -1.6116509
2100000 25.536098 -1.5785784
2105000 35.606931 -1.5193927
2110000 22.961923 -1.6216984
2115000 27.742924 -1.5988851
2120000 26.30029 -1.5727421
2125000 23.603682 -1.590886
2130000 23.88199 -1.5892803
2135000 34.269515 -1.6047614
2140000 22.086305 -1.595189
2145000 22.203557 -1.59495
2150000 26.825265 -1.5631864
2155000 21.870287 -1.5774625
2160000 18.3297 -1.5825611
2165000 25.216045 -1.5917812
2170000 21.836922 -1.601442
2175000 19.915526 -1.6095172
2180000 30.661082 -1.605974
2185000 31.833244 -1.5680933
2190000 21.431302 -1.6045504
2195000 33.720216 -1.5397905
2200000 29.073454 -1.5652581
2205000 33.744526 -1.5426496
2210000 27.779595 -1.5872233
2215000 26.118173 -1.5767299
2220000 25.306828 -1.5690825
2225000 30.389772 -1.5799279
2230000 24.408749 -1.6008892
2235000 27.717858 -1.6013729
2240000 20.686824 -1.6484673
2245000 21.050253 -1.6201151
2250000 18.768815 -1.6347884
2255000 20.583392 -1.6448972
2260000 24.16016 -1.6547001
2265000 26.431371 -1.6134847
2270000 26.599165 -1.5960074
2275000 22.149966 -1.6355895
2280000 21.771319 -1.6321314
2285000 19.573645 -1.6204806
2290000 20.95189 -1.6444487
2295000 33.663642 -1.6105345
2300000 21.451332 -1.6547796
2305000 27.198986 -1.6109891
2310000 29.193718 -1.5704587
2315000 26.317492 -1.6151203
2320000 23.815791 -1.6078085
2325000 34.204692 -1.5466151
2330000 31.445321 -1.5287963
2335000 31.037182 -1.5401271
2340000 26.47162 -1.5495302
2345000 29.146758 -1.5815067
2350000 24.763307 -1.5222119
2355000 36.205561 -1.5090934
2360000 24.458371 -1.5662916
2365000 26.775672 -1.5964796
2370000 23.609483 -1.5731595
2375000 22.368962 -1.6313288
2380000 24.668488 -1.5832439
2385000 23.622607 -1.6197435
2390000 19.704663 -1.6346623
2395000 20.352839 -1.6041926
2400000 17.891951 -1.6207762
2405000 16.786509 -1.6401882
2410000 30.982311 -1.6159763
2415000 26.081455 -1.6346528
2420000 27.39991 -1.638483
2425000 19.315574 -1.6318436
2430000 21.201846 -1.5732256
2435000 28.9084 -1.5818538
2440000 18.989056 -1.570444
2445000 31.075105 -1.5431135
2450000 28.652944 -1.5776934
2455000 22.076151 -1.6058869
2460000 24.929661 -1.6004268
2465000 20.418124 -1.641514
2470000 25.619951 -1.6225622
2475000 21.802603 -1.6439767
2480000 25.258397 -1.6595278
2485000 19.965991 -1.6225166
2490000 21.872888 -1.6169847
2495000 19.104679 -1.6554243
2500000 19.767395 -1.6453749
2505000 19.846081 -1.6350134
2510000 20.562463 -1.6088455
2515000 20.221961 -1.6571375
2520000 20.753607 -1.6235538
2525000 21.772436 -1.6548949
2530000 23.777986 -1.6214447
2535000 18.530514 -1.6615093
2540000 31.636579 -1.4724443
2545000 31.003689 -1.4997886
2550000 37.079898 -1.5495433
2555000 20.211978 -1.5697384
2560000 24.33888 -1.5963826
2565000 26.305642 -1.6539831
2570000 20.035182 -1.6631256
2575000 19.296168 -1.6153799
2580000 19.648333 -1.6330514
2585000 21.565306 -1.6523625
2590000 19.425903 -1.6049757
2595000 18.722449 -1.5903762
2600000 25.789914 -1.5923554
2605000 19.777398 -1.6113803
2610000 23.70476 -1.6040563
2615000 17.413431 -1.5966414
2620000 25.867124 -1.6137581
2625000 21.161129 -1.6347636
2630000 18.088049 -1.6264571
2635000 31.085588 -1.5745305
2640000 23.010987 -1.591851
2645000 21.790742 -1.6107658
2650000 18.519463 -1.6198325
2655000 31.301478 -1.595593
2660000 25.141382 -1.6281856
2665000 35.947033 -1.5418228
2670000 36.37034 -1.5274227
2675000 31.086824 -1.5434452
2680000 31.260337 -1.5407868
2685000 29.361349 -1.5808536
2690000 30.116949 -1.5377004
2695000 27.604187 -1.5681136
2700000 43.918922 -1.5925768
2705000 23.879369 -1.5930025
2710000 16.53164 -1.6093303
2715000 19.374739 -1.636889
2720000 24.919087 -1.6299324
2725000 21.510055 -1.6037498
2730000 17.115859 -1.6011508
2735000 22.843674 -1.6163866
2740000 25.39126 -1.5674756
2745000 16.943732 -1.5716436
2750000 26.481936 -1.5234469
2755000 35.871856 -1.4443148
2760000 23.083908 -1.626853
2765000 22.906295 -1.636374
2770000 19.799348 -1.5871478
2775000 20.531772 -1.6368792
2780000 19.841216 -1.6301616
2785000 23.445313 -1.6133152
2790000 18.571286 -1.6561116
2795000 23.825765 -1.6477118
2800000 17.042358 -1.617723
2805000 20.365726 -1.6479614
2810000 24.690098 -1.6441071
2815000 20.706602 -1.6129602
2820000 24.87733 -1.648941
2825000 22.516181 -1.6268332
2830000 28.465737 -1.5455576
2835000 29.344758 -1.5716504
2840000 34.236416 -1.5152335
2845000 28.406656 -1.5972481
2850000 18.845855 -1.6085404
2855000 20.313348 -1.581071
2860000 27.977377 -1.6110503
2865000 29.478417 -1.5432997
2870000 37.048461 -1.4371054
2875000 41.081259 -1.3960828
2880000 44.090242 -1.3983562
2885000 23.597043 -1.4661943
2890000 34.140566 -1.5008819
2895000 29.090948 -1.5283735
2900000 40.144763 -1.4911599
2905000 38.346486 -1.5272008
2910000 37.94353 -1.4975007
2915000 37.035206 -1.483968
2920000 39.774312 -1.4470239
2925000 34.112043 -1.4290593
2930000 38.265945 -1.4066953
2935000 35.994405 -1.4388
2940000 34.46084 -1.417559
2945000 43.889993 -1.3880944
2950000 38.093088 -1.4845484
2955000 50.766501 -1.3860524
2960000 41.805096 -1.3938083
2965000 41.274829 -1.356734
2970000 41.31912 -1.5158955
2975000 35.529587 -1.4500929
2980000 32.076856 -1.4649946
2985000 32.885563 -1.4876501
2990000 28.831079 -1.4652523
2995000 35.310318 -1.4016797
3000000 48.110515 -1.4681085
3005000 34.834817 -1.437124
3010000 38.537232 -1.413431
3015000 34.249808 -1.3790348
3020000 36.049005 -1.4583239
3025000 41.480299 -1.463575
3030000 45.345371 -1.4520257
3035000 35.821809 -1.4023898
3040000 41.296649 -1.4973079
3045000 41.849191 -1.4636961
3050000 38.140981 -1.4628048
3055000 42.082887 -1.4906148
3060000 39.551054 -1.4315657
3065000 47.966034 -1.4048149
3070000 42.110708 -1.4343565
3075000 39.766746 -1.4015906
3080000 37.990666 -1.486075
3085000 31.925769 -1.39601
3090000 39.730495 -1.4758539
3095000 49.689988 -1.4238069
3100000 40.380247 -1.4105599
3105000 41.208433 -1.4213217
3110000 40.690833 -1.3935448
3115000 36.984441 -1.3962217
3120000 37.128564 -1.484196
3125000 47.659538 -1.4310467
3130000 37.972577 -1.4084106
3135000 52.761722 -1.4450438
3140000 50.269874 -1.5343155
3145000 39.752755 -1.5060759
3150000 35.033397 -1.4695052
3155000 48.802759 -1.5034472
3160000 39.372871 -1.4902638
3165000 41.583365 -1.4764937
3170000 40.867728 -1.4592905
3175000 34.754207 -1.5113946
3180000 37.640196 -1.4905749
3185000 51.938581 -1.4808713
3190000 28.163561 -1.4762256
3195000 31.069415 -1.5423237
3200000 28.608946 -1.6035367
3205000 23.00457 -1.6022627
3210000 29.866939 -1.5974077
3215000 31.794664 -1.5760017
3220000 39.54844 -1.5861141
3225000 21.566508 -1.6294857
3230000 19.835507 -1.6074438
3235000 34.769264 -1.5848864
3240000 28.340913 -1.5730858
3245000 21.419437 -1.6413768
3250000 19.170774 -1.608908
3255000 18.650761 -1.6303321
3260000 23.018702 -1.6220739
3265000 22.86238 -1.6119378
3270000 19.167245 -1.6225035
3275000 23.819345 -1.6488124
3280000 19.023656 -1.6143416
3285000 18.883717 -1.6398455
3290000 20.949462 -1.6299438
3295000 19.86794 -1.6207302
3300000 20.383861 -1.6311723
3305000 17.704065 -1.6510098
3310000 23.703427 -1.6446217
3315000 20.16179 -1.6122575
3320000 22.6559 -1.6135559
3325000 20.260831 -1.6208624
3330000 25.225071 -1.5564736
3335000 25.026012 -1.5612995
3340000 37.640313 -1.5450555
3345000 31.193273 -1.543967
3350000 26.176379 -1.5534916
3355000 34.147575 -1.5467572
3360000 28.147256 -1.6018716
3365000 23.925481 -1.6031624
3370000 25.851187 -1.5288983
3375000 20.948814 -1.6287603
3380000 24.883296 -1.5920486
3385000 19.780091 -1.6502326
3390000 24.144618 -1.5973944
3395000 22.614791 -1.6139215
3400000 25.218771 -1.589291
3405000 24.456277 -1.6173072
3410000 17.883182 -1.6344118
3415000 29.887233 -1.6380323
3420000 23.179108 -1.5878287
3425000 15.045637 -1.6102451
3430000 21.272509 -1.6206235
3435000 23.998792 -1.6206913
3440000 19.217288 -1.6336771
3445000 21.232985 -1.6301213
3450000 22.532716 -1.583418
3455000 21.8904 -1.5861917
3460000 22.039292 -1.5796481
3465000 21.538637 -1.6442092
3470000 27.636337 -1.6211144
3475000 17.915597 -1.624223
3480000 30.80786 -1.5889836
3485000 20.716924 -1.6286293
3490000 21.076306 -1.6250334
3495000 31.014305 -1.5761549
3500000 19.671732 -1.6423115
3505000 17.70512 -1.6346218
3510000 21.465286 -1.6155775
3515000 37.047954 -1.5880176
3520000 25.015351 -1.6232409
3525000 25.190932 -1.6141653
3530000 32.465792 -1.5827249
3535000 19.397318 -1.6312376
3540000 26.460491 -1.5623063
3545000 28.966008 -1.6466771
3550000 26.78571 -1.6021555
3555000 21.583568 -1.64017
3560000 18.382322 -1.6310064
3565000 22.89941 -1.6329211
3570000 23.151984 -1.6229861
3575000 26.970438 -1.5600757
3580000 35.955347 -1.5400308
3585000 26.368681 -1.5173132
3590000 23.523852 -1.5810207
3595000 26.833417 -1.5389006
3600000 30.415494 -1.4608406
3605000 39.75655 -1.5124033
3610000 33.120817 -1.5561628
3615000 17.725125 -1.5999439
3620000 25.006895 -1.6073379
3625000 16.99835 -1.6081444
3630000 21.928669 -1.6080628
3635000 19.650548 -1.606231
3640000 29.433148 -1.5697668
3645000 20.835244 -1.6521186
3650000 31.609561 -1.5481098
3655000 26.50577 -1.583348
3660000 16.642514 -1.638536
3665000 25.631959 -1.5951785
3670000 22.33829 -1.6205918
3675000 19.90785 -1.6291002
3680000 23.961543 -1.6528126
3685000 22.603256 -1.6123204
3690000 25.593078 -1.584762
3695000 28.360576 -1.6148853
3700000 20.974449 -1.629544
3705000 26.88642 -1.6355206
3710000 25.315602 -1.6605947
3715000 22.022225 -1.591045
3720000 21.133531 -1.632869
3725000 22.154479 -1.6439316
3730000 20.550686 -1.6311392
3735000 19.026466 -1.6383879
3740000 23.010144 -1.621499
3745000 22.692756 -1.6263381
3750000 22.83497 -1.6670094
3755000 21.728046 -1.6036683
3760000 23.847085 -1.6113159
3765000 24.783857 -1.6330457
3770000 27.41921 -1.6276476
3775000 20.955302 -1.6004607
3780000 28.490187 -1.6440957
3785000 26.799623 -1.6037434
3790000 27.586178 -1.6075552
3795000 15.988221 -1.6109839
3800000 23.092688 -1.5499532
3805000 22.327384 -1.6189729
3810000 24.127126 -1.644587
3815000 32.217493 -1.5893201
3820000 21.884212 -1.6091038
3825000 32.905689 -1.5783331
3830000 24.538361 -1.5562207
3835000 30.13582 -1.5101121
3840000 44.318002 -1.4661966
3845000 35.380477 -1.4402357
3850000 46.00758 -1.3572895
3855000 40.037683 -1.4123314
3860000 37.398329 -1.4037121
3865000 43.869682 -1.3806886
3870000 42.953305 -1.4160951
3875000 35.007478 -1.3873206
3880000 39.245819 -1.4194419
3885000 37.207081 -1.5005952
3890000 43.784887 -1.4958283
3895000 38.554947 -1.3541419
3900000 42.46088 -1.52704
3905000 38.301179 -1.5109962
3910000 28.551842 -1.5963223
3915000 42.413246 -1.4193659
3920000 36.572784 -1.4388788
3925000 31.724534 -1.4059029
3930000 51.580225 -1.5258121
3935000 35.019823 -1.5775392
3940000 37.134673 -1.5117195
3945000 29.334166 -1.5185083
3950000 28.485473 -1.5568234
3955000 32.005914 -1.5413636
3960000 37.673717 -1.5374123
3965000 36.224572 -1.5107944
3970000 28.85993 -1.5008602
3975000 24.549623 -1.5126736
3980000 32.377596 -1.5325864
3985000 28.737881 -1.5297396
3990000 19.874698 -1.5704679
3995000 34.545512 -1.5603724
4000000 35.860185 -1.5387052
4005000 35.36642 -1.5648478
4010000 35.985756 -1.5726323
4015000 50.296142 -1.5491525
4020000 37.722629 -1.4325936
4025000 33.152472 -1.4123581
4030000 34.71173 -1.4097931
4035000 36.660292 -1.4368311
4040000 32.858957 -1.4453485
4045000 39.98765 -1.412745
4050000 49.237285 -1.4469365
4055000 40.472828 -1.4208941
4060000 44.326557 -1.5169282
4065000 32.885959 -1.4801478
4070000 35.985635 -1.4746859
4075000 31.276653 -1.5496522
4080000 27.664716 -1.558756
4085000 38.857885 -1.4516871
4090000 36.265101 -1.4044901
4095000 43.996264 -1.5412966
4100000 48.186444 -1.5228479
4105000 25.816928 -1.5562419
4110000 30.263525 -1.6076231
4115000 21.813377 -1.6286592
4120000 16.761017 -1.6209439
4125000 23.969581 -1.5866079
4130000 37.115151 -1.566861
4135000 31.88286 -1.5408156
4140000 26.286444 -1.5843061
4145000 30.153705 -1.5946113
4150000 30.025151 -1.542317
4155000 30.448748 -1.5404615
4160000 23.219899 -1.5848322
4165000 23.212801 -1.612431
4170000 29.549851 -1.5834825
4175000 26.002106 -1.6202358
4180000 20.852767 -1.6455975
4185000 18.542688 -1.6485217
4190000 20.940218 -1.6625429
4195000 16.108645 -1.6411546
4200000 25.384856 -1.6586578
4205000 24.168731 -1.6301875
4210000 22.176536 -1.6514744
4215000 15.485027 -1.6800344
4220000 19.234751 -1.6312214
4225000 18.633433 -1.6273248
4230000 20.218468 -1.6581176
4235000 25.29671 -1.640052
4240000 20.085365 -1.6006384
4245000 23.611613 -1.6276465
4250000 18.599332 -1.6426364
4255000 20.026893 -1.6467397
4260000 23.412367 -1.6273177
4265000 17.81813 -1.6038586
4270000 18.501849 -1.612705
4275000 19.882117 -1.6211438
4280000 25.027842 -1.6257672
4285000 23.633388 -1.6226905
4290000 22.940256 -1.6068639
4295000 24.932562 -1.6342791
4300000 27.139514 -1.6088103
4305000 19.948015 -1.6280602
4310000 28.921236 -1.6188842
4315000 18.096632 -1.6294004
4320000 28.550238 -1.5851523
4325000 26.680415 -1.6293041
4330000 20.907471 -1.6361556
4335000 22.454283 -1.6193316
4340000 18.632766 -1.6299053
4345000 23.127249 -1.627906
4350000 32.419108 -1.6031238
4355000 25.058108 -1.5638633
4360000 27.081015 -1.6149355
4365000 17.94671 -1.6016155
4370000 21.069837 -1.6397626
4375000 22.562136 -1.6307954
4380000 23.843572 -1.597125
4385000 32.337532 -1.5824291
4390000 25.013043 -1.5825605
4395000 22.117043 -1.6486734
4400000 21.295511 -1.6136532
4405000 31.761701 -1.5800392
4410000 33.611332 -1.5468669
4415000 24.239243 -1.5910764
4420000 28.489971 -1.6049021
4425000 26.556993 -1.5611442
4430000 29.33849 -1.6061271
4435000 22.838461 -1.6094083
4440000 21.537419 -1.6350511
4445000 25.829392 -1.6280628
4450000 20.699548 -1.6038964
4455000 20.971542 -1.6304042
4460000 28.170227 -1.62394
4465000 25.618134 -1.599672
4470000 32.298115 -1.5312208
4475000 33.867511 -1.5174415
4480000 32.168502 -1.5503432
4485000 25.425039 -1.5735972
4490000 17.550071 -1.625994
4495000 20.155257 -1.5836399
4500000 30.891884 -1.6087756
4505000 28.067272 -1.5872842
4510000 28.890062 -1.580443
4515000 22.466661 -1.590084
4520000 30.284347 -1.5944127
4525000 27.543918 -1.5690125
4530000 31.274816 -1.621956
4535000 23.258039 -1.6309762
4540000 22.458096 -1.6422372
4545000 32.13727 -1.6275453
4550000 34.177534 -1.57559
4555000 25.252457 -1.5967059
4560000 21.242916 -1.609242
4565000 24.162091 -1.5703804
4570000 20.835349 -1.6333675
4575000 25.582755 -1.5912553
4580000 26.613746 -1.6114699
4585000 19.182238 -1.6197859
4590000 25.264178 -1.602819
4595000 16.052002 -1.6296988
4600000 22.83124 -1.6147675
4605000 25.422852 -1.590337
4610000 22.628109 -1.602073
4615000 33.312385 -1.5393311
4620000 30.716304 -1.5683125
4625000 42.534515 -1.5515176
4630000 27.096827 -1.5563021
4635000 34.874112 -1.4921821
4640000 39.219907 -1.5309276
4645000 38.597402 -1.5809408
4650000 24.254826 -1.6109223
4655000 28.365024 -1.6058507
4660000 28.591651 -1.5620834
4665000 23.958541 -1.5356948
4670000 28.269222 -1.6095432
4675000 19.720285 -1.639296
4680000 23.980883 -1.5755354
4685000 22.840752 -1.6302852
4690000 22.596764 -1.6195297
4695000 29.947294 -1.5836462
4700000 24.603677 -1.5906392
4705000 27.757342 -1.5567368
4710000 17.154268 -1.6277475
4715000 28.539202 -1.6143659
4720000 25.206994 -1.6647078
4725000 27.696191 -1.6176109
4730000 18.652543 -1.6477549
4735000 26.442602 -1.6193876
4740000 29.704814 -1.6153974
4745000 23.520995 -1.6321843
4750000 21.085711 -1.6044282
4755000 17.754122 -1.6228271
4760000 23.245878 -1.6263714
4765000 16.320692 -1.6199541
4770000 17.005119 -1.6126978
4775000 22.245029 -1.6428371
4780000 21.280251 -1.6382562
4785000 21.604052 -1.6257926
4790000 23.26313 -1.6523173
4795000 24.244206 -1.6391852
4800000 21.874651 -1.6140966
4805000 31.283129 -1.6059792
4810000 32.221932 -1.5472402
4815000 29.251912 -1.5695252
4820000 30.332117 -1.5944805
4825000 25.706302 -1.5673886
4830000 30.358702 -1.6363612
4835000 22.735744 -1.6465731
4840000 25.348823 -1.6340321
4845000 30.517046 -1.5996803
4850000 36.812908 -1.5611012
4855000 32.47461 -1.6008094
4860000 33.523445 -1.5979218
4865000 42.540394 -1.5652169
4870000 27.423077 -1.5956189
4875000 22.990117 -1.5923274
4880000 39.409073 -1.6013012
4885000 31.82059 -1.6275581
4890000 19.872936 -1.5793695
4895000 25.903898 -1.6157364
4900000 26.320664 -1.605837
4905000 23.23355 -1.6093573
4910000 24.905864 -1.5988303
4915000 29.976858 -1.5919165
4920000 20.622841 -1.6055384
4925000 36.816544 -1.5251392
4930000 34.228456 -1.6126973
4935000 20.255653 -1.6292342
4940000 25.577632 -1.6351125
4945000 17.809623 -1.6217229
4950000 22.1788 -1.608671
4955000 33.565459 -1.6224023
4960000 27.018158 -1.6069853
4965000 27.589007 -1.5855933
4970000 22.110537 -1.6152159
4975000 34.061061 -1.548404
4980000 30.607681 -1.5735416
4985000 21.272058 -1.6332248
4990000 26.434181 -1.6279975
4995000 23.804856 -1.5708538
5000000 35.023964 -1.5786515
