# Step Temp PotEng   (replica 0, downsampled)
0 1.9843545 -1.7950808
5000 2.1045377 -1.7857585
10000 1.8965863 -1.7901887
15000 2.2391123 -1.7860108
20000 2.2892396 -1.7857995
25000 2.0168461 -1.7905184
30000 2.3879964 -1.7852759
35000 3.065367 -1.7860033
40000 2.4005758 -1.7868973
45000 2.6988027 -1.7823067
50000 2.4184479 -1.7839619
55000 2.6650437 -1.7881669
60000 2.0574831 -1.7843246
65000 3.202944 -1.7843031
70000 2.8170213 -1.7865138
75000 1.8775393 -1.7893989
80000 2.1229159 -1.7865074
85000 2.7953978 -1.7824248
90000 2.6865642 -1.7863733
95000 1.8833675 -1.7885494
100000 2.0041238 -1.789037
105000 2.0586734 -1.7882828
110000 3.0366649 -1.7850521
115000 2.9067438 -1.7835329
120000 1.9619937 -1.7885954
125000 2.1253625 -1.7906825
130000 1.7504782 -1.7859538
135000 2.4377595 -1.7902179
140000 2.0906971 -1.78933
145000 2.1304962 -1.7879578
150000 2.9141469 -1.7816443
155000 2.8049686 -1.7836563
160000 2.1096704 -1.7851588
165000 2.3225975 -1.7859504
170000 1.516202 -1.7877038
175000 2.618888 -1.7889827
180000 2.3306369 -1.7865081
185000 1.9301892 -1.7904154
190000 2.1472389 -1.7883227
195000 2.6791501 -1.7867611
200000 3.4351145 -1.7836497
205000 1.7502475 -1.7858639
210000 2.9074032 -1.7852645
215000 2.0141837 -1.7881577
220000 1.772422 -1.7872822
225000 2.1912404 -1.7877974
230000 2.1477179 -1.7887161
235000 2.4920228 -1.7814427
240000 3.2210618 -1.7863676
245000 1.8657935 -1.7887377
250000 2.5202441 -1.7892779
255000 2.9243087 -1.7870234
260000 3.3533747 -1.7769822
265000 3.8825552 -1.7813841
270000 3.834062 -1.7803319
275000 3.1988791 -1.7778746
280000 3.6790459 -1.777014
285000 4.3310806 -1.7787704
290000 4.2428034 -1.7779949
295000 2.9001949 -1.7804358
300000 2.7760554 -1.7765102
305000 3.1099492 -1.7792222
310000 3.9800205 -1.7796335
315000 3.6913717 -1.7794639
320000 3.8546581 -1.7711618
325000 4.5656086 -1.7726807
330000 5.3457014 -1.7700126
335000 4.7684624 -1.7716519
340000 5.7321497 -1.7589973
345000 5.2778497 -1.7731382
350000 5.530567 -1.7730375
355000 5.9218685 -1.7591829
360000 8.0982383 -1.7585172
365000 4.4808127 -1.7687554
370000 6.1520577 -1.7723455
375000 6.8340628 -1.7533528
380000 6.4828991 -1.7601113
385000 5.5729469 -1.7606815
390000 6.2322083 -1.7607277
395000 8.2257871 -1.7501412
400000 12.272444 -1.726211
405000 13.077075 -1.7343841
410000 12.561326 -1.7357766
415000 10.167021 -1.7100947
420000 14.867659 -1.6935046
425000 16.745045 -1.6939316
430000 14.154746 -1.6952195
435000 15.588901 -1.7254089
440000 13.13416 -1.7388777
445000 8.863095 -1.7390916
450000 12.990962 -1.7202297
455000 15.68328 -1.7284941
460000 12.429057 -1.7426543
465000 12.921113 -1.7048333
470000 13.159609 -1.7119671
475000 18.251065 -1.7042399
480000 16.865452 -1.7138132
485000 15.708428 -1.7106004
490000 12.756804 -1.7189397
495000 15.863857 -1.6958022
500000 12.059478 -1.6947479
505000 12.61164 -1.7302146
510000 18.293917 -1.7269883
515000 18.039081 -1.6989442
520000 10.578716 -1.7370037
525000 12.7386 -1.7321252
530000 11.673969 -1.743576
535000 13.433255 -1.7035812
540000 13.446373 -1.744042
545000 11.81645 -1.7521019
550000 9.6547914 -1.749946
555000 7.0596904 -1.7509111
560000 9.5771381 -1.7570322
565000 7.0333037 -1.7455554
570000 9.7424752 -1.7445631
575000 10.420645 -1.7541588
580000 9.6813268 -1.7354991
585000 8.7447572 -1.7396289
590000 12.664833 -1.7278806
595000 8.9619801 -1.7419188
600000 10.372465 -1.7487373
605000 9.2351161 -1.7520735
610000 6.7726006 -1.7576538
615000 10.279083 -1.739847
620000 11.77708 -1.7229697
625000 12.080319 -1.7425202
630000 17.231731 -1.710344
635000 13.114651 -1.717541
640000 17.107874 -1.7101041
645000 16.184037 -1.6879141
650000 16.18541 -1.7156199
655000 10.205366 -1.746728
660000 11.059489 -1.7547944
665000 9.5935263 -1.7432558
670000 8.7714583 -1.7608824
675000 7.3918368 -1.7288678
680000 9.5805585 -1.7589201
685000 9.8233448 -1.7463517
690000 9.2174925 -1.7437513
695000 10.005794 -1.7534472
700000 9.7745494 -1.7511341
705000 9.6823978 -1.7435884
710000 11.426164 -1.7334905
715000 8.7853305 -1.7684218
720000 3.9436739 -1.7777643
725000 2.2604254 -1.7893719
730000 1.8810204 -1.7913158
735000 2.0200051 -1.7862389
740000 2.2052383 -1.7863026
745000 2.2996962 -1.787745
750000 1.7532175 -1.7892924
755000 1.6831376 -1.790431
760000 1.8523299 -1.7894865
765000 2.3858327 -1.785493
770000 2.1992725 -1.789842
775000 1.6369553 -1.7853557
780000 2.847747 -1.7793299
785000 2.4591423 -1.7838116
790000 2.1609993 -1.7897771
795000 1.8650201 -1.7910252
800000 3.1842583 -1.7848782
805000 2.6943306 -1.7803234
810000 2.5907455 -1.7837029
815000 3.3650599 -1.7885133
820000 1.7280917 -1.7899672
825000 2.3453832 -1.7839882
830000 2.4386061 -1.7901317
835000 1.8309452 -1.7892468
840000 3.1231618 -1.783403
845000 2.9083557 -1.7843625
850000 2.2167326 -1.7885195
855000 2.0965027 -1.7876974
860000 1.5432245 -1.7878534
865000 1.7597238 -1.7907735
870000 1.6310146 -1.7901618
875000 2.51695 -1.7859164
880000 2.5976005 -1.7887169
885000 2.1054183 -1.7893649
890000 2.7571973 -1.7804785
895000 1.7116761 -1.7911927
900000 2.0876367 -1.7876894
905000 2.0688241 -1.7918932
910000 2.153893 -1.7896656
915000 1.8254839 -1.7844689
920000 2.1740967 -1.7887134
925000 2.1004515 -1.7863533
930000 1.9622701 -1.7888387
935000 1.6763485 -1.7896869
940000 2.1736264 -1.7858646
945000 1.7586948 -1.7890527
950000 1.4785983 -1.7856361
955000 1.4522693 -1.7885893
960000 1.6109929 -1.7865484
965000 3.6160553 -1.7738424
970000 3.5619217 -1.775143
975000 3.3857511 -1.7763633
980000 3.6439953 -1.7776236
985000 4.5300938 -1.7774868
990000 3.8112205 -1.7732374
995000 5.2188537 -1.7682042
1000000 5.9093576 -1.7725062
1005000 6.5521726 -1.7646711
1010000 8.4202816 -1.7423666
1015000 6.6842724 -1.7631603
1020000 9.0188492 -1.74852
1025000 6.7902609 -1.7650912
1030000 5.9889971 -1.7629478
1035000 5.2917205 -1.7651178
1040000 4.7569961 -1.7682448
1045000 3.8348135 -1.7809389
1050000 4.2848549 -1.7776162
1055000 4.1541591 -1.7755404
1060000 2.1541898 -1.7812429
1065000 3.2919191 -1.7787968
1070000 4.206825 -1.7814177
1075000 3.3695967 -1.782779
1080000 2.274399 -1.7839208
1085000 2.2586927 -1.7859098
1090000 2.9401253 -1.7798979
1095000 3.5319171 -1.7756676
1100000 2.4817702 -1.7887663
1105000 2.136725 -1.7901668
1110000 2.8757684 -1.7853767
1115000 2.439053 -1.7865068
1120000 2.8081347 -1.7799904
1125000 3.7129757 -1.7755443
1130000 4.1143899 -1.7776902
1135000 3.1495113 -1.780601
1140000 6.1341667 -1.7613767
1145000 5.9368776 -1.7710665
1150000 6.1668025 -1.7670945
1155000 4.7051758 -1.7664208
1160000 7.4287207 -1.762025
1165000 7.3245778 -1.7565682
1170000 11.480385 -1.7440477
1175000 8.0061602 -1.7526685
1180000 10.419986 -1.7495943
1185000 10.836644 -1.7418682
1190000 9.2503013 -1.7542559
1195000 6.0306227 -1.7502446
1200000 12.943806 -1.7289618
1205000 8.7207688 -1.7511762
1210000 10.2572 -1.7490073
1215000 8.7932923 -1.768267
1220000 5.6114257 -1.758867
1225000 11.286858 -1.7500056
1230000 9.39603 -1.7410498
1235000 7.0347647 -1.7553925
1240000 6.3776694 -1.7588938
1245000 6.3846853 -1.7638558
1250000 7.2863432 -1.7647286
1255000 8.0129169 -1.7742953
1260000 4.7958303 -1.7757691
1265000 4.9413811 -1.7738402
1270000 5.3139811 -1.7724666
1275000 4.6911212 -1.7716647
1280000 2.8671546 -1.7812046
1285000 5.2479694 -1.7745907
1290000 6.3715487 -1.7697553
1295000 4.4603827 -1.7751401
1300000 5.6821586 -1.7731974
1305000 5.7385249 -1.7699863
1310000 6.586726 -1.7624623
1315000 5.4256181 -1.7601389
1320000 6.2436847 -1.7624433
1325000 7.1951725 -1.7695276
1330000 4.5850881 -1.7675374
1335000 4.9363997 -1.7713894
1340000 5.0057123 -1.7671248
1345000 5.3756602 -1.7775994
1350000 3.4894693 -1.7785778
1355000 3.6979659 -1.7794981
1360000 2.4057766 -1.7878569
1365000 2.9305271 -1.7771261
1370000 3.5399384 -1.7770111
1375000 4.9359172 -1.7725686
1380000 4.9165418 -1.7747452
1385000 4.7265577 -1.7725193
1390000 6.6648849 -1.7464199
1395000 6.4058502 -1.7634457
1400000 10.857042 -1.7415156
1405000 10.060588 -1.7456391
1410000 8.4081361 -1.7423784
1415000 5.3248058 -1.7629627
1420000 7.7726398 -1.7564076
1425000 9.3882743 -1.7544718
1430000 12.707183 -1.7336714
1435000 10.783422 -1.7339819
1440000 9.8216908 -1.752291
1445000 7.7176062 -1.7522688
1450000 8.5738999 -1.7712165
1455000 5.7139162 -1.7545538
1460000 3.6412343 -1.7820467
1465000 2.0556531 -1.7831623
1470000 2.8322185 -1.7852558
1475000 2.7425752 -1.7840427
1480000 3.1349975 -1.7863672
1485000 2.2132533 -1.7906996
1490000 1.8038565 -1.7906263
1495000 2.293896 -1.7871477
1500000 2.3847661 -1.7836439
1505000 2.6334375 -1.7846713
1510000 1.7825212 -1.7869574
1515000 2.7812935 -1.7813887
1520000 2.1921362 -1.7877506
1525000 3.1556758 -1.7844871
1530000 2.4383079 -1.7822498
1535000 2.4708065 -1.7848184
1540000 2.9783583 -1.7830754
1545000 1.6809079 -1.7893314
1550000 1.9705301 -1.7883635
1555000 3.0155411 -1.7833462
1560000 2.6896298 -1.7844233
1565000 3.9121949 -1.7787436
1570000 2.6967375 -1.7808707
1575000 3.300271 -1.78217
1580000 4.5071213 -1.7714401
1585000 5.6229493 -1.7729658
1590000 3.8120377 -1.7668941
1595000 5.4273397 -1.7721097
1600000 5.2600901 -1.7706572
1605000 3.4660076 -1.7787777
1610000 4.5228065 -1.7813999
1615000 4.5713462 -1.7593206
1620000 3.8309731 -1.7687795
1625000 7.2916023 -1.7603043
1630000 8.4715754 -1.741848
1635000 8.6766037 -1.7424407
1640000 8.1239356 -1.7476575
1645000 9.4570661 -1.7493934
1650000 10.285555 -1.7512437
1655000 11.95967 -1.7528379
1660000 7.9195988 -1.753589
1665000 7.7670756 -1.750278
1670000 10.255934 -1.7433739
1675000 4.6267581 -1.7724185
1680000 8.6309653 -1.7578941
1685000 5.410464 -1.7683954
1690000 5.7378578 -1.759258
1695000 4.9414026 -1.7666394
1700000 5.5752563 -1.7663792
1705000 4.6834629 -1.7714631
1710000 5.3776143 -1.7679325
1715000 4.4799463 -1.7702855
1720000 5.324381 -1.7727013
1725000 3.0242023 -1.782766
1730000 3.4874294 -1.7836424
1735000 3.1162538 -1.7821209
1740000 3.6423107 -1.782784
1745000 3.901594 -1.7731259
1750000 4.2323607 -1.7804517
1755000 5.7833209 -1.7568956
1760000 7.1205254 -1.7632639
1765000 6.9283672 -1.7516688
1770000 5.4855396 -1.7656373
1775000 4.2668931 -1.7649788
1780000 7.1194322 -1.7704749
1785000 6.3628561 -1.7655264
1790000 7.1529487 -1.7676826
1795000 7.6232849 -1.7674723
1800000 7.8160096 -1.7532824
1805000 5.9688083 -1.761368
1810000 5.8701761 -1.7635013
1815000 7.0724752 -1.7568543
1820000 13.803556 -1.7266539
1825000 10.705387 -1.7412229
1830000 14.06331 -1.6986825
1835000 13.212486 -1.724869
1840000 15.930055 -1.7041712
1845000 12.505701 -1.7169482
1850000 8.8055288 -1.7177839
1855000 8.9179883 -1.7466506
1860000 7.5203006 -1.7526959
1865000 11.812588 -1.7517861
1870000 7.1540342 -1.7568627
1875000 8.3277843 -1.7526748
1880000 7.0529225 -1.7443954
1885000 9.5986981 -1.749941
1890000 9.7819778 -1.7358968
1895000 9.2274343 -1.7456916
1900000 9.0418815 -1.7455357
1905000 7.1351468 -1.7568153
1910000 6.4071206 -1.7528082
1915000 8.6961169 -1.7499112
1920000 8.5759763 -1.7474481
1925000 10.252264 -1.7440102
1930000 11.446574 -1.7465312
1935000 6.8381574 -1.7538806
1940000 8.3933703 -1.74948
1945000 9.3571424 -1.7411473
1950000 8.2557179 -1.7456319
1955000 8.7995899 -1.7352511
1960000 10.237303 -1.7501194
1965000 10.679211 -1.7356952
1970000 13.497535 -1.7102666
1975000 12.662988 -1.7321518
1980000 11.002285 -1.7182574
1985000 13.514203 -1.7230742
1990000 13.485421 -1.7285088
1995000 12.369452 -1.7291764
2000000 11.791251 -1.720725
2005000 14.004537 -1.702947
2010000 8.0928116 -1.7425219
2015000 11.486109 -1.7445669
2020000 11.220982 -1.7527779
2025000 11.348711 -1.7380287
2030000 10.572267 -1.7335885
2035000 19.683816 -1.7126752
2040000 6.9964493 -1.7398736
2045000 6.1913589 -1.7616815
2050000 5.4610419 -1.7650776
2055000 6.3386781 -1.7613084
2060000 6.2784081 -1.7505981
2065000 6.3696131 -1.7743851
2070000 4.4854005 -1.7602111
2075000 4.7165981 -1.7775224
2080000 3.1599537 -1.7755673
2085000 3.7498172 -1.7801262
2090000 5.6595109 -1.7679617
2095000 4.2635626 -1.7659677
2100000 5.4237736 -1.7643494
2105000 3.1357265 -1.7682019
2110000 5.7769568 -1.7674779
2115000 4.8074678 -1.7720146
2120000 5.2896805 -1.767824
2125000 7.9468984 -1.7635417
2130000 4.5165438 -1.7570605
2135000 5.0164204 -1.768637
2140000 6.3251547 -1.7722607
2145000 5.5935705 -1.7749858
2150000 5.416044 -1.7713598
2155000 4.1799007 -1.7808516
2160000 2.3583437 -1.7863411
2165000 3.051889 -1.7784044
2170000 3.5152405 -1.7795715
2175000 4.176139 -1.7811099
2180000 1.7490279 -1.785236
2185000 3.5674085 -1.7815163
2190000 3.3624381 -1.7783289
2195000 3.3810593 -1.7727526
2200000 4.2142414 -1.7772392
2205000 3.7135339 -1.7738535
2210000 4.1745872 -1.7808437
2215000 4.1775732 -1.7801491
2220000 5.7193513 -1.770791
2225000 4.3006639 -1.7763784
2230000 7.6743657 -1.7588553
2235000 6.3483247 -1.7640747
2240000 8.0897058 -1.7632686
2245000 6.6785322 -1.7529319
2250000 5.9523916 -1.7614033
2255000 4.15291 -1.7722269
2260000 6.7911069 -1.7622761
2265000 5.853824 -1.7580909
2270000 9.7641653 -1.7480124
2275000 7.734391 -1.7433058
2280000 11.46496 -1.7499691
2285000 24.028582 -1.7142536
2290000 16.748145 -1.7203077
2295000 10.211829 -1.7399538
2300000 8.1070772 -1.7614064
2305000 6.2976576 -1.7629477
2310000 8.6053682 -1.7442436
2315000 8.7758628 -1.7470047
2320000 8.2366326 -1.7590711
2325000 6.9060672 -1.744226
2330000 7.6615762 -1.7660642
2335000 6.1649734 -1.7646095
2340000 7.0030293 -1.7694573
2345000 6.4782241 -1.7588869
2350000 6.8596552 -1.7663097
2355000 7.1864191 -1.7612939
2360000 5.4660226 -1.7653118
2365000 6.6044656 -1.7526596
2370000 5.7073699 -1.7524412
2375000 4.9376534 -1.7703373
2380000 5.4539371 -1.7724481
2385000 4.5944209 -1.7723982
2390000 4.5337447 -1.7705902
2395000 7.413405 -1.7675059
2400000 5.838016 -1.7501528
2405000 7.6561766 -1.7689912
2410000 5.6405758 -1.7605154
2415000 8.0837239 -1.7648373
2420000 5.3478303 -1.7659326
2425000 4.106385 -1.7744508
2430000 3.7367209 -1.7774829
2435000 5.2976751 -1.754262
2440000 7.1600532 -1.7596415
2445000 6.2613005 -1.7553135
2450000 7.2318895 -1.7660452
2455000 7.4393164 -1.7678667
2460000 7.8543062 -1.7544353
2465000 5.4355784 -1.7588962
2470000 6.2631896 -1.7589286
2475000 6.5731179 -1.7564264
2480000 6.7479724 -1.76179
2485000 5.8016322 -1.7615883
2490000 4.7713019 -1.7794336
2495000 3.0862201 -1.7775985
2500000 3.9099927 -1.7802154
2505000 3.8874916 -1.7790968
2510000 3.2322354 -1.7797509
2515000 5.4748903 -1.772891
2520000 5.0361224 -1.7668473
2525000 5.404347 -1.7749685
2530000 4.23362 -1.7696328
2535000 5.1629279 -1.767902
2540000 4.8605647 -1.7747251
2545000 4.5263682 -1.7677244
2550000 2.6595626 -1.7736181
2555000 3.8603372 -1.775031
2560000 3.4863834 -1.7779019
2565000 3.7130515 -1.776675
2570000 4.3152948 -1.7733254
2575000 3.9772838 -1.7776023
2580000 3.73867 -1.7798174
2585000 4.5399321 -1.7830492
2590000 3.3910909 -1.7762566
2595000 3.4131835 -1.7810389
2600000 3.8934501 -1.7786396
2605000 2.28633 -1.7863065
2610000 2.4197458 -1.7853985
2615000 1.6354151 -1.7885857
2620000 3.3475338 -1.7867235
2625000 2.1493006 -1.7863595
2630000 1.7865774 -1.7909818
2635000 1.7296111 -1.7866179
2640000 2.1920505 -1.788216
2645000 1.5468102 -1.7893164
2650000 1.9329644 -1.7884354
2655000 1.4530227 -1.7910155
2660000 2.00227 -1.7929309
2665000 1.8387071 -1.7912838
2670000 1.5960247 -1.7913998
2675000 1.5817092 -1.7870059
2680000 1.9814348 -1.7923949
2685000 2.0884552 -1.7853432
2690000 2.3679244 -1.7889292
2695000 3.1670118 -1.7851442
2700000 2.5113869 -1.7830527
2705000 2.1813875 -1.787581
2710000 2.3101255 -1.7892327
2715000 1.7683085 -1.7912907
2720000 2.6389895 -1.7907472
2725000 2.5730168 -1.7839186
2730000 2.3158563 -1.7845888
2735000 1.8833088 -1.7892108
2740000 2.1486142 -1.7881121
2745000 1.8151823 -1.7870635
2750000 1.9984073 -1.7884567
2755000 1.5521137 -1.7867766
2760000 2.0024382 -1.7848386
2765000 1.6738457 -1.7893397
2770000 1.8238097 -1.788624
2775000 1.8687933 -1.7887369
2780000 1.7751816 -1.7905542
2785000 2.3898291 -1.7861045
2790000 1.809185 -1.7918696
2795000 1.8347182 -1.7848497
2800000 2.4950206 -1.7880358
2805000 2.31049 -1.7874181
2810000 1.6817252 -1.7859365
2815000 1.7140955 -1.7887104
2820000 1.9255549 -1.7858157
2825000 1.765829 -1.7901848
2830000 4.4019096 -1.7772311
2835000 5.3442299 -1.7644584
2840000 2.7327961 -1.785277
2845000 2.9736754 -1.7799753
2850000 2.3961915 -1.7871048
2855000 2.8365569 -1.7834288
2860000 2.8333957 -1.7824361
2865000 2.4701351 -1.7865071
2870000 2.2314408 -1.7845272
2875000 1.8927096 -1.7904388
2880000 2.2718062 -1.7864771
2885000 1.8668985 -1.7857153
2890000 2.2414382 -1.786925
2895000 2.0284102 -1.786148
2900000 3.4900667 -1.7796433
2905000 3.9443014 -1.7783925
2910000 3.601938 -1.7804947
2915000 3.5524584 -1.7751599
2920000 4.5883599 -1.7667915
2925000 5.6386151 -1.7662729
2930000 3.8968921 -1.773503
2935000 4.2073938 -1.7694126
2940000 5.3905979 -1.7706006
2945000 7.8367203 -1.7501559
2950000 6.3045973 -1.7538236
2955000 6.4408995 -1.7645172
2960000 7.2659236 -1.7625831
2965000 9.5484293 -1.7586994
2970000 8.3830519 -1.7431354
2975000 10.149278 -1.7337862
2980000 18.018325 -1.7124869
2985000 10.725251 -1.733746
2990000 13.308159 -1.7148846
2995000 16.643579 -1.686096
3000000 14.238911 -1.71232
3005000 16.47412 -1.7015937
3010000 17.376476 -1.7041233
3015000 17.402206 -1.7059581
3020000 15.030591 -1.7216809
3025000 15.410749 -1.7204409
3030000 16.338796 -1.7061457
3035000 15.098568 -1.7036238
3040000 16.86945 -1.7177885
3045000 15.576635 -1.6942661
3050000 12.863262 -1.7136822
3055000 14.261577 -1.7046801
3060000 13.211778 -1.6952337
3065000 21.046559 -1.7206294
3070000 14.936899 -1.7149689
3075000 13.938641 -1.6896933
3080000 14.833541 -1.7023256
3085000 14.457126 -1.705426
3090000 15.90874 -1.7227338
3095000 10.838713 -1.7263552
3100000 15.163751 -1.7220318
3105000 18.145115 -1.6960156
3110000 23.090021 -1.6849924
3115000 13.497958 -1.7157081
3120000 14.770999 -1.6908137
3125000 11.954614 -1.7381336
3130000 10.017752 -1.7344287
3135000 15.828838 -1.7019113
3140000 15.978142 -1.7159401
3145000 16.119883 -1.7028149
3150000 15.462554 -1.7244163
3155000 17.160282 -1.7117306
3160000 14.11072 -1.7325932
3165000 11.580383 -1.7299244
3170000 13.584126 -1.7341331
3175000 9.6345527 -1.7409379
3180000 9.4485184 -1.7354786
3185000 5.3700013 -1.767336
3190000 9.1366007 -1.7691781
3195000 4.7335879 -1.7775225
3200000 3.9434949 -1.7800978
3205000 2.283155 -1.7829073
3210000 2.3224339 -1.7835357
3215000 3.3929728 -1.7773521
3220000 3.444068 -1.7769226
3225000 3.3605903 -1.7780566
3230000 3.5284708 -1.7810304
3235000 4.1403776 -1.7803598
3240000 3.4480605 -1.777173
3245000 5.2989762 -1.780114
3250000 4.1933587 -1.7804497
3255000 5.795437 -1.7695471
3260000 5.2490523 -1.7727952
3265000 4.0577912 -1.7777554
3270000 3.8830122 -1.7817203
3275000 3.9079785 -1.7799015
3280000 4.4391438 -1.7698999
3285000 4.5551054 -1.774062
3290000 3.6719973 -1.7789268
3295000 4.1618708 -1.7768806
3300000 3.0035317 -1.7834838
3305000 1.4148143 -1.7840616
3310000 1.8984337 -1.7883764
3315000 1.5526131 -1.7881789
3320000 2.1249194 -1.7886443
3325000 1.3540496 -1.7905739
3330000 1.9325071 -1.787557
3335000 2.0081095 -1.7898041
3340000 2.9175892 -1.7837352
3345000 2.5982225 -1.7856483
3350000 1.7976219 -1.790161
3355000 1.6135309 -1.7870649
3360000 2.6031438 -1.786485
3365000 3.1718582 -1.7863128
3370000 1.7379882 -1.7887889
3375000 1.7927676 -1.7870508
3380000 1.8442066 -1.789961
3385000 2.5111755 -1.7811161
3390000 3.4595982 -1.78009
3395000 4.0707746 -1.7812797
3400000 3.7405909 -1.7814244
3405000 4.0558794 -1.7837181
3410000 2.8027841 -1.7872665
3415000 3.0803779 -1.7848391
3420000 2.0866925 -1.7903524
3425000 1.8574547 -1.7891498
3430000 2.2837134 -1.785073
3435000 3.7806495 -1.7771499
3440000 3.593196 -1.7766231
3445000 4.5947099 -1.7785907
3450000 3.4592904 -1.7796088
3455000 2.6085048 -1.7855905
3460000 3.5979782 -1.7787151
3465000 3.3737284 -1.7778284
3470000 3.9277906 -1.7770403
3475000 3.8085377 -1.7778095
3480000 3.1463171 -1.7760316
3485000 2.8590265 -1.7775428
3490000 3.8576427 -1.7758962
3495000 4.6328147 -1.771722
3500000 4.7295205 -1.7693621
3505000 4.9927793 -1.7636006
3510000 4.5851545 -1.7678396
3515000 5.3798117 -1.772663
3520000 4.9034924 -1.7751128
3525000 4.5688566 -1.7733605
3530000 3.00658 -1.7776963
3535000 4.0110937 -1.7813615
3540000 2.9279732 -1.7845579
3545000 3.1161224 -1.7853693
3550000 2.5294674 -1.7862892
3555000 2.4251867 -1.7851267
3560000 2.3729919 -1.7828727
3565000 3.0849543 -1.7775738
3570000 2.8997696 -1.7854258
3575000 2.3779556 -1.7827173
3580000 2.0313998 -1.7871507
3585000 2.3892166 -1.7872022
3590000 2.049987 -1.7892239
3595000 1.4748531 -1.7870188
3600000 2.0434242 -1.7914527
3605000 1.6561066 -1.7903147
3610000 3.493266 -1.7761412
3615000 3.7318339 -1.7731964
3620000 4.7004127 -1.7789271
3625000 2.3743739 -1.7856012
3630000 3.0299401 -1.7823924
3635000 2.2105192 -1.784712
3640000 2.4304628 -1.78634
3645000 2.1147841 -1.7864104
3650000 2.8741261 -1.785406
3655000 1.9996885 -1.7851452
3660000 2.7094992 -1.7864319
3665000 2.6714157 -1.785642
3670000 2.1236336 -1.7890285
3675000 1.6040472 -1.7871398
3680000 2.5733021 -1.7861335
3685000 2.3089347 -1.7878554
3690000 2.2720639 -1.7890285
3695000 3.0895839 -1.7835605
3700000 2.3276844 -1.7841879
3705000 2.8690992 -1.7833652
3710000 2.9423998 -1.7835545
3715000 2.2017868 -1.788619
3720000 2.3271786 -1.7875276
3725000 2.2577004 -1.7888524
3730000 1.925923 -1.7895754
3735000 2.353775 -1.7878819
3740000 1.819738 -1.7916018
3745000 2.0154843 -1.7914729
3750000 2.2995019 -1.7887347
3755000 1.7021324 -1.7893264
3760000 1.7449065 -1.7870633
3765000 3.2144954 -1.7856922
3770000 2.3237982 -1.7871812
3775000 2.1951775 -1.7868289
3780000 2.3224393 -1.7885567
3785000 2.1535404 -1.7910194
3790000 2.68372 -1.7861716
3795000 1.8291855 -1.7883611
3800000 2.029876 -1.7883216
3805000 1.9701539 -1.7886481
3810000 1.9739287 -1.7879747
3815000 2.3770715 -1.7879755
3820000 2.8027454 -1.7830189
3825000 2.5005945 -1.7837255
3830000 2.6558716 -1.7781778
3835000 3.5522609 -1.7780755
3840000 3.3536454 -1.7757134
3845000 3.707006 -1.7794997
3850000 2.6719898 -1.7826097
3855000 3.1552327 -1.7814498
3860000 2.8469536 -1.7828103
3865000 4.7517497 -1.7644119
3870000 4.4195204 -1.7772729
3875000 2.4053702 -1.7809138
3880000 2.2765787 -1.7847867
3885000 2.0657375 -1.7823376
3890000 2.8058376 -1.7840133
3895000 2.5254469 -1.7838448
3900000 3.2055082 -1.7856028
3905000 3.0036446 -1.7865184
3910000 2.4937917 -1.785892
3915000 3.2924833 -1.7858497
3920000 1.5865561 -1.7893811
3925000 2.4078625 -1.7902453
3930000 2.3607481 -1.7833189
3935000 2.1905046 -1.7881001
3940000 2.7242415 -1.7828396
3945000 2.9219514 -1.7729153
3950000 4.1199224 -1.7803458
3955000 5.5437414 -1.7624684
3960000 5.6225738 -1.7541406
3965000 7.1326262 -1.7658866
3970000 7.0446486 -1.7632262
3975000 8.9142585 -1.7441909
3980000 8.1305704 -1.7474526
3985000 7.1829085 -1.7642454
3990000 7.3842843 -1.7573718
3995000 6.5339076 -1.763679
4000000 6.9104557 -1.7647179
4005000 7.7135681 -1.7601756
4010000 7.5849044 -1.7575391
4015000 7.6311974 -1.7677718
4020000 6.3123048 -1.7586475
4025000 7.1423398 -1.7567368
4030000 5.296629 -1.7555202
4035000 6.5228111 -1.7595106
4040000 5.2599271 -1.7653268
4045000 5.2128981 -1.7676948
4050000 4.6281253 -1.7678242
4055000 4.1919076 -1.7681856
4060000 4.3859311 -1.770527
4065000 5.0665194 -1.7725871
4070000 5.476672 -1.7620074
4075000 5.2403987 -1.7720307
4080000 3.7960165 -1.7718164
4085000 5.368258 -1.7744296
4090000 3.5703302 -1.7813373
4095000 2.1782434 -1.7867751
4100000 2.9317045 -1.7875823
4105000 1.9886411 -1.789258
4110000 2.0221901 -1.7912487
4115000 2.8900606 -1.7860594
4120000 2.400388 -1.7836053
4125000 2.4163795 -1.7806949
4130000 2.2558127 -1.7818066
4135000 2.2029007 -1.7849069
4140000 2.7922448 -1.7833313
4145000 3.0822446 -1.7845896
4150000 2.7907388 -1.7886456
4155000 2.3747969 -1.7870219
4160000 2.5008973 -1.7829172
4165000 1.9247512 -1.7871027
4170000 1.8854084 -1.7911789
4175000 2.1189376 -1.7843746
4180000 2.8827797 -1.7867903
4185000 2.3319127 -1.7875815
4190000 3.0292009 -1.7884735
4195000 2.1609901 -1.7886472
4200000 2.6134123 -1.7833346
4205000 2.649774 -1.7866713
4210000 3.0334612 -1.7850654
4215000 1.7888385 -1.7905605
4220000 2.2871138 -1.7904813
4225000 1.7338203 -1.7880437
4230000 2.0354695 -1.7901456
4235000 1.5035391 -1.7894333
4240000 2.2571617 -1.7885498
4245000 2.0859845 -1.7870269
4250000 2.2972111 -1.7884163
4255000 1.9964282 -1.7863002
4260000 2.0401057 -1.7880194
4265000 2.5272408 -1.7913337
4270000 2.0380688 -1.7889938
4275000 2.0370748 -1.7917449
4280000 2.5089421 -1.787367
4285000 2.2405443 -1.7887619
4290000 2.0148919 -1.7847399
4295000 2.0140322 -1.7836024
4300000 2.3683047 -1.7868302
4305000 2.6810637 -1.7868243
4310000 3.6281491 -1.7838484
4315000 2.4341304 -1.7812654
4320000 2.9476393 -1.7765437
4325000 3.5966089 -1.7747394
4330000 1.6311623 -1.7900448
4335000 1.7780956 -1.7871429
4340000 2.1760848 -1.7887446
4345000 1.8893342 -1.7925178
4350000 2.1174302 -1.7848894
4355000 2.7206585 -1.785296
4360000 1.7752107 -1.7889394
4365000 2.4805631 -1.7875439
4370000 2.3098481 -1.7883261
4375000 2.1196658 -1.7879552
4380000 2.3209967 -1.7870801
4385000 2.0430391 -1.7877792
4390000 3.242959 -1.7832503
4395000 1.7707415 -1.7885814
4400000 1.7483367 -1.790477
4405000 2.0598028 -1.7883253
4410000 1.888788 -1.7868841
4415000 2.0314675 -1.7872299
4420000 2.3303806 -1.7856986
4425000 2.4772274 -1.7835029
4430000 2.8301178 -1.7893102
4435000 2.3951239 -1.7833374
4440000 3.9167149 -1.7805015
4445000 2.4378717 -1.7864731
4450000 2.2223993 -1.7869375
4455000 3.8511522 -1.7793423
4460000 3.1401111 -1.7744849
4465000 4.699328 -1.770332
4470000 4.8294201 -1.762633
4475000 6.008521 -1.7535974
4480000 4.2446379 -1.7669927
4485000 3.1391342 -1.7839423
4490000 3.7227151 -1.7787736
4495000 2.9512923 -1.7815513
4500000 5.9140802 -1.7736523
4505000 3.6766955 -1.7689507
4510000 5.1402836 -1.7748757
4515000 3.4338882 -1.7797251
4520000 2.9013111 -1.7865397
4525000 2.5604056 -1.7849313
4530000 2.2651439 -1.7855058
4535000 3.3486058 -1.7768008
4540000 3.2402877 -1.7814882
4545000 3.335036 -1.7814432
4550000 4.1559041 -1.7812002
4555000 3.3277088 -1.7855885
4560000 2.6356008 -1.7820891
4565000 3.8093082 -1.7809833
4570000 4.5180147 -1.7661804
4575000 4.0537221 -1.7765168
4580000 4.3882913 -1.7771145
4585000 2.9291531 -1.783923
4590000 2.164982 -1.7863262
4595000 3.3681048 -1.7850005
4600000 2.4504649 -1.7876909
4605000 2.1788932 -1.7901441
4610000 1.8567607 -1.7870141
4615000 1.9757056 -1.7903962
4620000 1.8622586 -1.7902221
4625000 1.4945915 -1.7892505
4630000 1.8334947 -1.7906398
4635000 2.3040378 -1.7877047
4640000 2.1899081 -1.7873609
4645000 2.4949545 -1.7830812
4650000 2.4948082 -1.7829605
4655000 2.9741772 -1.7864014
4660000 3.0980938 -1.7808555
4665000 1.8574646 -1.7872549
4670000 3.6911378 -1.7780977
4675000 4.3086971 -1.7753088
4680000 3.4001147 -1.7743477
4685000 3.438467 -1.7782869
4690000 2.1657568 -1.782965
4695000 1.6076334 -1.7903266
4700000 2.5927197 -1.7823707
4705000 1.8105396 -1.7886702
4710000 1.9686816 -1.7883615
4715000 2.2569224 -1.786085
4720000 2.5291254 -1.7839993
4725000 3.0082352 -1.7851944
4730000 2.8605585 -1.7821953
4735000 2.1147159 -1.7890322
4740000 2.2097498 -1.7882917
4745000 2.4857366 -1.7881794
4750000 1.8265654 -1.7898573
4755000 1.9615591 -1.7874805
4760000 2.0012295 -1.7881503
4765000 2.373419 -1.7881814
4770000 2.5301688 -1.7909805
4775000 2.8663441 -1.7896959
4780000 2.1596559 -1.7891361
4785000 1.8380242 -1.7871085
4790000 2.1071585 -1.7864925
4795000 2.416575 -1.783112
4800000 2.335272 -1.7819212
4805000 2.3004033 -1.78511
4810000 2.4555552 -1.7827994
4815000 2.1718428 -1.7862248
4820000 2.5116403 -1.7846349
4825000 4.8814821 -1.7806657
4830000 5.3245559 -1.7698367
4835000 5.4390315 -1.768973
4840000 6.0038565 -1.7729629
4845000 4.5893058 -1.7674255
4850000 4.4638881 -1.7750937
4855000 4.4491825 -1.7708832
4860000 5.8263904 -1.7624171
4865000 7.3530638 -1.7458417
4870000 5.9949605 -1.7603283
4875000 6.8040498 -1.766034
4880000 6.4222924 -1.7622141
4885000 7.9761817 -1.7644552
4890000 8.8782015 -1.7550091
4895000 9.9522184 -1.7548273
4900000 8.6570545 -1.7551448
4905000 9.7651253 -1.7494927
4910000 10.099078 -1.7572047
4915000 8.806784 -1.7494963
4920000 9.7684418 -1.7552994
4925000 9.7039403 -1.7466168
4930000 9.7478919 -1.7561156
4935000 8.7422375 -1.7411594
4940000 9.5326855 -1.7466854
4945000 7.0218297 -1.7489412
4950000 9.820537 -1.72661
4955000 6.41706 -1.7550588
4960000 11.321079 -1.7483313
4965000 7.563165 -1.762469
4970000 8.7215325 -1.7620025
4975000 7.5598197 -1.7622452
4980000 9.0271493 -1.7536072
4985000 8.986231 -1.7455986
4990000 8.0595625 -1.7441154
4995000 11.297765 -1.7465709
5000000 7.7142145 -1.741359
