# Step Temp PotEng   (replica 10, downsampled)
0 32.503727 -1.7950808
5000 27.395666 -1.5652314
10000 30.449718 -1.56423
15000 25.612697 -1.6084037
20000 31.597717 -1.5923498
25000 27.495519 -1.6052872
30000 25.982963 -1.6135813
35000 27.189201 -1.5608481
40000 31.088211 -1.5945955
45000 32.831036 -1.6105428
50000 32.22749 -1.5830786
55000 26.393606 -1.5543936
60000 27.435613 -1.5939344
65000 32.474465 -1.5949906
70000 29.305375 -1.5291668
75000 25.476066 -1.5929859
80000 26.978394 -1.5720931
85000 31.255884 -1.5747844
90000 30.297047 -1.5628787
95000 38.536256 -1.5251577
100000 34.456443 -1.5594013
105000 36.985903 -1.5186329
110000 34.067063 -1.5080607
115000 32.24663 -1.583312
120000 28.668776 -1.5292896
125000 33.297197 -1.4813946
130000 27.958871 -1.5898983
135000 26.881416 -1.579684
140000 29.289127 -1.5531091
145000 19.228193 -1.5690475
150000 35.276235 -1.5373419
155000 27.536825 -1.5825028
160000 31.713191 -1.5755563
165000 23.815112 -1.6008337
170000 31.519543 -1.5611665
175000 30.375759 -1.5634544
180000 20.307998 -1.5963821
185000 26.832564 -1.503101
190000 48.968954 -1.5005599
195000 30.03815 -1.5830019
200000 30.310481 -1.5012868
205000 26.907364 -1.6116994
210000 27.46191 -1.5703012
215000 23.980355 -1.5482213
220000 30.370481 -1.6356351
225000 31.163495 -1.5305777
230000 34.078574 -1.5970499
235000 29.802134 -1.5702822
240000 23.985234 -1.6023192
245000 39.153568 -1.5279267
250000 40.805226 -1.5474123
255000 26.591749 -1.5021696
260000 25.883364 -1.538164
265000 35.444775 -1.538742
270000 35.524774 -1.5228218
275000 34.955475 -1.5345205
280000 34.345433 -1.47232
285000 27.952545 -1.545288
290000 29.806022 -1.5255031
295000 41.61826 -1.5038678
300000 33.277864 -1.5511952
305000 28.217073 -1.5640899
310000 34.670186 -1.5260861
315000 36.660866 -1.5250085
320000 31.468111 -1.488951
325000 49.594927 -1.4588001
330000 38.510008 -1.4332379
335000 46.679138 -1.4477716
340000 31.346677 -1.3784422
345000 34.92328 -1.4175666
350000 37.063606 -1.5055902
355000 35.77103 -1.3891426
360000 36.565497 -1.5245417
365000 38.819583 -1.4223115
370000 46.389363 -1.4359324
375000 37.268019 -1.4197325
380000 45.524133 -1.4165734
385000 39.346251 -1.3702027
390000 44.367826 -1.411022
395000 34.274485 -1.4437296
400000 39.571799 -1.3780917
405000 37.988002 -1.4667347
410000 34.842643 -1.4401108
415000 46.251272 -1.4157464
420000 41.960684 -1.4640491
425000 39.636641 -1.4052664
430000 41.817811 -1.3680989
435000 35.950394 -1.4736384
440000 28.804338 -1.5759769
445000 23.995067 -1.6342739
450000 20.069118 -1.6222278
455000 26.126697 -1.6351234
460000 19.979775 -1.6480984
465000 18.305967 -1.6479893
470000 23.029275 -1.6404753
475000 21.71249 -1.6199562
480000 20.94984 -1.6215961
485000 19.404785 -1.6269586
490000 18.114614 -1.6448712
495000 22.617442 -1.6091997
500000 25.334022 -1.6132855
505000 23.501336 -1.6031571
510000 32.099861 -1.5673745
515000 26.431447 -1.5969962
520000 25.067945 -1.6477076
525000 23.777498 -1.6312646
530000 20.620375 -1.6155395
535000 20.733015 -1.6473933
540000 23.424617 -1.6498205
545000 34.678365 -1.6023487
550000 27.508966 -1.5869656
555000 34.920089 -1.5525653
560000 34.933027 -1.5483315
565000 25.857172 -1.5861893
570000 28.134391 -1.5673986
575000 27.318157 -1.5939298
580000 18.266183 -1.6270659
585000 21.402085 -1.6137092
590000 31.422497 -1.5871862
595000 30.260984 -1.5570479
600000 39.590802 -1.5681325
605000 32.954245 -1.5988587
610000 35.04419 -1.6067916
615000 28.418889 -1.5782375
620000 30.087126 -1.5421723
625000 26.015975 -1.5853104
630000 27.356837 -1.6377974
635000 22.581802 -1.6227491
640000 22.48686 -1.6325392
645000 21.435186 -1.6484956
650000 21.276693 -1.6339734
655000 25.144744 -1.6140381
660000 22.369363 -1.5779069
665000 22.074296 -1.5652494
670000 22.57574 -1.6247439
675000 26.928193 -1.6518357
680000 24.461446 -1.6320564
685000 20.539245 -1.6681861
690000 21.857636 -1.6290626
695000 17.129979 -1.6585974
700000 24.535549 -1.6592109
705000 27.217861 -1.668075
710000 23.187521 -1.6379298
715000 22.385298 -1.6596204
720000 21.416172 -1.6513986
725000 21.848594 -1.6552187
730000 20.69865 -1.6080183
735000 25.579096 -1.6781347
740000 18.049537 -1.6181169
745000 18.559726 -1.6454856
750000 24.53164 -1.6768954
755000 21.560832 -1.6681787
760000 21.590598 -1.6265741
765000 17.949025 -1.6568449
770000 22.903199 -1.6548378
775000 28.718623 -1.6686282
780000 23.089444 -1.6624048
785000 24.348546 -1.6754943
790000 21.94452 -1.6323408
795000 18.55468 -1.6318149
800000 25.356798 -1.6270372
805000 27.216969 -1.600672
810000 23.075285 -1.6468094
815000 20.381427 -1.6713068
820000 18.97096 -1.6546592
825000 24.842598 -1.6699963
830000 20.780542 -1.6365372
835000 23.67361 -1.6734129
840000 23.990726 -1.6814971
845000 22.844379 -1.6664618
850000 23.906661 -1.6524407
855000 21.419958 -1.6226951
860000 20.848264 -1.6597332
865000 21.841192 -1.6752742
870000 19.106588 -1.5940278
875000 22.61927 -1.6750521
880000 24.180084 -1.5841018
885000 15.571046 -1.6309056
890000 20.964573 -1.645168
895000 18.180469 -1.618972
900000 21.794861 -1.6773816
905000 14.25164 -1.6983047
910000 19.987442 -1.6664167
915000 22.780396 -1.653762
920000 24.437452 -1.6504543
925000 26.731258 -1.6143269
930000 28.467548 -1.6260067
935000 25.134271 -1.6792729
940000 18.55428 -1.6491516
945000 19.667446 -1.6320557
950000 22.057266 -1.673174
955000 19.516739 -1.64681
960000 25.719558 -1.6684776
965000 19.305175 -1.6495991
970000 25.379077 -1.6712484
975000 18.727876 -1.6467444
980000 24.455483 -1.6187961
985000 16.851138 -1.6359018
990000 22.880992 -1.6418704
995000 19.361827 -1.6649183
1000000 19.196153 -1.6746994
1005000 28.770564 -1.6319079
1010000 18.840146 -1.6713747
1015000 24.750645 -1.6523898
1020000 32.559353 -1.6140908
1025000 20.352048 -1.5911307
1030000 22.885634 -1.6313092
1035000 27.206439 -1.6756031
1040000 24.258966 -1.6415924
1045000 18.364269 -1.5992026
1050000 23.339109 -1.6374818
1055000 27.294913 -1.5897839
1060000 27.7441 -1.5373819
1065000 32.947496 -1.5422059
1070000 37.967648 -1.5502396
1075000 32.804703 -1.5527063
1080000 35.166464 -1.519323
1085000 34.937356 -1.4849326
1090000 31.787459 -1.4905121
1095000 29.535829 -1.5064362
1100000 32.415213 -1.4987208
1105000 21.20501 -1.5729209
1110000 26.907892 -1.5904124
1115000 42.982973 -1.54385
1120000 37.355721 -1.5296357
1125000 29.903052 -1.5540399
1130000 30.818098 -1.5581882
1135000 24.377368 -1.596853
1140000 29.829946 -1.5194046
1145000 36.683088 -1.527491
1150000 44.016823 -1.4962103
1155000 28.914337 -1.5583428
1160000 41.024571 -1.5562931
1165000 38.955084 -1.4622416
1170000 33.530394 -1.4892935
1175000 26.531363 -1.4523165
1180000 37.758918 -1.452813
1185000 46.106531 -1.4337909
1190000 28.939948 -1.4357895
1195000 35.860249 -1.4666205
1200000 42.324439 -1.4496814
1205000 48.258943 -1.3821718
1210000 38.640485 -1.4444253
1215000 42.463907 -1.3384009
1220000 34.944317 -1.4677139
1225000 40.40147 -1.472309
1230000 37.616607 -1.4919668
1235000 31.269246 -1.5084291
1240000 23.018782 -1.6125854
1245000 42.655433 -1.4372502
1250000 32.925134 -1.4217482
1255000 30.783768 -1.5583392
1260000 27.612511 -1.537827
1265000 33.511862 -1.502354
1270000 31.758957 -1.4921399
1275000 35.192413 -1.4314094
1280000 44.715869 -1.439792
1285000 40.664033 -1.378865
1290000 43.257711 -1.402346
1295000 29.91866 -1.4650572
1300000 42.230512 -1.4907237
1305000 43.187676 -1.3969662
1310000 40.655427 -1.368786
1315000 34.241951 -1.327262
1320000 42.039044 -1.3971255
1325000 38.427172 -1.3962202
1330000 32.557554 -1.3767417
1335000 46.545427 -1.398846
1340000 39.064394 -1.4292947
1345000 34.292663 -1.3993166
1350000 32.640828 -1.3304198
1355000 39.347622 -1.4614471
1360000 42.487581 -1.4510539
1365000 45.556754 -1.371308
1370000 33.264283 -1.4328612
1375000 36.094305 -1.4216259
1380000 38.299204 -1.4318361
1385000 43.64744 -1.3885671
1390000 34.055127 -1.4088558
1395000 31.838982 -1.5045047
1400000 30.770297 -1.524521
1405000 32.318763 -1.4550309
1410000 29.149419 -1.5108967
1415000 39.739175 -1.3945173
1420000 36.828904 -1.4576434
1425000 45.782187 -1.3908143
1430000 38.723219 -1.4636655
1435000 36.233378 -1.3429949
1440000 40.60636 -1.3998139
1445000 33.861102 -1.5075859
1450000 18.719464 -1.6159419
1455000 20.894201 -1.5868538
1460000 31.168823 -1.5759178
1465000 35.638619 -1.5159622
1470000 33.011416 -1.5555193
1475000 27.306436 -1.5499072
1480000 35.309235 -1.5568308
1485000 16.595215 -1.6432074
1490000 19.60697 -1.6108774
1495000 19.728412 -1.6341157
1500000 26.009383 -1.5684506
1505000 22.79593 -1.5996347
1510000 22.310019 -1.6152688
1515000 30.138184 -1.6079375
1520000 28.19343 -1.5058746
1525000 33.521031 -1.4910325
1530000 29.485712 -1.5124783
1535000 33.028669 -1.5514514
1540000 20.667636 -1.5596178
1545000 26.903181 -1.5461322
1550000 34.225839 -1.5278501
1555000 46.259327 -1.5543713
1560000 29.968741 -1.5890162
1565000 17.786729 -1.6239829
1570000 24.364483 -1.6166408
1575000 27.255379 -1.5950092
1580000 24.275082 -1.6291243
1585000 24.275121 -1.6371068
1590000 23.035401 -1.6328732
1595000 22.226171 -1.6336046
1600000 29.852657 -1.5874096
1605000 18.984409 -1.6439375
1610000 25.742138 -1.631799
1615000 20.27619 -1.6291039
1620000 21.235443 -1.6262197
1625000 22.064613 -1.63924
1630000 21.007952 -1.6181736
1635000 19.014794 -1.6292545
1640000 27.299007 -1.6350723
1645000 30.165504 -1.5106475
1650000 29.134394 -1.5812457
1655000 31.504258 -1.5453819
1660000 26.358686 -1.6011302
1665000 29.636249 -1.5764237
1670000 26.909877 -1.5702737
1675000 33.283882 -1.6221805
1680000 25.285119 -1.6097791
1685000 22.51951 -1.6484335
1690000 27.89687 -1.5876685
1695000 30.401788 -1.6175694
1700000 30.562776 -1.5863923
1705000 23.802729 -1.5681791
1710000 22.498631 -1.5803446
1715000 27.494263 -1.6247619
1720000 29.810527 -1.6081686
1725000 19.721971 -1.6358546
1730000 20.472007 -1.6058559
1735000 31.713177 -1.6203273
1740000 27.14131 -1.6030146
1745000 30.458612 -1.4821493
1750000 25.240179 -1.5712306
1755000 27.357159 -1.5917901
1760000 28.836188 -1.6049354
1765000 29.695801 -1.5840471
1770000 41.777763 -1.5201929
1775000 40.377778 -1.5341294
1780000 39.569691 -1.5413658
1785000 42.17996 -1.4504242
1790000 38.33359 -1.4108485
1795000 28.441145 -1.3589477
1800000 34.258743 -1.3884269
1805000 46.896677 -1.4426087
1810000 43.80643 -1.3826963
1815000 50.028115 -1.3100017
1820000 34.821524 -1.3798876
1825000 41.579033 -1.4155358
1830000 38.67239 -1.478816
1835000 39.600021 -1.3309643
1840000 38.686914 -1.3821435
1845000 44.466751 -1.3656868
1850000 40.595425 -1.4803241
1855000 43.558482 -1.3982886
1860000 41.124991 -1.3818849
1865000 40.120932 -1.4504613
1870000 37.412273 -1.4382727
1875000 43.861716 -1.4261861
1880000 47.149295 -1.4240133
1885000 32.453729 -1.464952
1890000 42.649791 -1.4455875
1895000 37.39085 -1.4370773
1900000 42.561806 -1.3777601
1905000 32.417492 -1.3683374
1910000 56.087068 -1.4510731
1915000 38.205669 -1.3916861
1920000 36.643762 -1.4869848
1925000 32.589553 -1.4382466
1930000 44.100332 -1.3804007
1935000 41.102647 -1.4707713
1940000 33.295255 -1.427423
1945000 35.248692 -1.4730102
1950000 32.04346 -1.4261609
1955000 42.039766 -1.4130934
1960000 43.01611 -1.514581
1965000 36.507529 -1.4328869
1970000 37.824232 -1.4390062
1975000 47.250197 -1.3643286
1980000 42.917256 -1.3794407
1985000 37.60035 -1.4482742
1990000 45.67944 -1.4838225
1995000 39.037677 -1.4355066
2000000 38.238009 -1.474544
2005000 31.277277 -1.4895291
2010000 35.819323 -1.4608435
2015000 37.669391 -1.3962106
2020000 40.339656 -1.4627537
2025000 37.373235 -1.4330272
2030000 45.49233 -1.4232226
2035000 53.183916 -1.4203168
2040000 40.501603 -1.4327001
2045000 25.479507 -1.5844107
2050000 36.581327 -1.5687359
2055000 32.126955 -1.5462373
2060000 39.680248 -1.4998532
2065000 43.707342 -1.4564225
2070000 41.33746 -1.4659291
2075000 41.834557 -1.4478271
2080000 39.450932 -1.4158628
2085000 32.404926 -1.4589236
2090000 45.184323 -1.4577116
2095000 33.917865 -1.4990929
2100000 33.669733 -1.3755172
2105000 42.251179 -1.3712497
2110000 37.011207 -1.421624
2115000 33.341457 -1.4812312
2120000 26.324868 -1.529137
2125000 34.190919 -1.4583623
2130000 37.949469 -1.3454212
2135000 43.158516 -1.4650233
2140000 25.752366 -1.4765713
2145000 39.890158 -1.4447356
2150000 39.837072 -1.413704
2155000 38.02857 -1.3881324
2160000 36.030999 -1.4054565
2165000 30.478935 -1.4568629
2170000 40.849135 -1.5075202
2175000 31.331118 -1.4901251
2180000 33.107556 -1.4246348
2185000 30.088088 -1.5457456
2190000 28.288371 -1.5252041
2195000 31.794436 -1.5812354
2200000 28.519762 -1.5894351
2205000 22.781164 -1.5721462
2210000 26.585112 -1.5534706
2215000 29.773367 -1.5277527
2220000 40.185715 -1.4595235
2225000 38.622911 -1.4160646
2230000 38.89748 -1.3711109
2235000 39.134147 -1.3815469
2240000 45.107505 -1.4693517
2245000 31.422825 -1.4599151
2250000 35.976828 -1.3564675
2255000 39.177501 -1.4855951
2260000 49.035769 -1.473365
2265000 36.493237 -1.4549388
2270000 34.632014 -1.5487455
2275000 27.632407 -1.488196
2280000 34.125378 -1.5799056
2285000 35.327219 -1.5063414
2290000 43.473271 -1.5516114
2295000 33.40842 -1.515521
2300000 35.482085 -1.5624053
2305000 33.951439 -1.5273046
2310000 42.157635 -1.553032
2315000 37.573449 -1.4985226
2320000 54.490947 -1.5340568
2325000 30.492831 -1.3981975
2330000 40.737158 -1.3738637
2335000 43.498483 -1.3426492
2340000 36.531485 -1.4432978
2345000 38.949897 -1.3910095
2350000 45.031898 -1.4477867
2355000 38.688825 -1.4721576
2360000 39.125868 -1.4474948
2365000 45.085925 -1.4543055
2370000 46.458343 -1.4306085
2375000 50.580724 -1.3522549
2380000 41.797986 -1.4385957
2385000 39.345161 -1.4116521
2390000 32.938367 -1.4277903
2395000 24.859929 -1.4709234
2400000 31.903648 -1.4208419
2405000 36.443077 -1.4234865
2410000 37.549409 -1.424169
2415000 34.116572 -1.4046944
2420000 49.50807 -1.4056187
2425000 57.168003 -1.3766311
2430000 35.997426 -1.4201226
2435000 38.016292 -1.510129
2440000 32.690209 -1.4573319
2445000 48.211805 -1.4489553
2450000 38.578257 -1.4331198
2455000 37.934589 -1.3514094
2460000 43.885164 -1.3901289
2465000 28.287542 -1.5209716
2470000 28.48212 -1.5127609
2475000 39.415246 -1.4878063
2480000 33.188666 -1.453445
2485000 45.922145 -1.4644825
2490000 42.710032 -1.4815489
2495000 36.689321 -1.4620002
2500000 46.476019 -1.4359218
2505000 38.180062 -1.3935646
2510000 37.852755 -1.3934807
2515000 36.031544 -1.4291307
2520000 41.024084 -1.3951699
2525000 43.419555 -1.4558109
2530000 48.813396 -1.433557
2535000 34.809091 -1.3738162
2540000 35.636606 -1.4805349
2545000 48.065614 -1.437145
2550000 40.743354 -1.5000583
2555000 41.070256 -1.5197141
2560000 39.579761 -1.5097021
2565000 47.453962 -1.4977515
2570000 50.031821 -1.4208728
2575000 46.088166 -1.4573517
2580000 40.858596 -1.4858407
2585000 38.769702 -1.4852415
2590000 41.08639 -1.4538504
2595000 46.523001 -1.4913905
2600000 39.456014 -1.4413693
2605000 38.541512 -1.5440588
2610000 33.738523 -1.54132
2615000 22.225766 -1.5662998
2620000 38.072199 -1.4922809
2625000 40.427109 -1.4867289
2630000 28.792246 -1.5167292
2635000 19.942229 -1.5997289
2640000 25.982061 -1.5889932
2645000 36.104577 -1.5263148
2650000 36.763978 -1.5328472
2655000 25.723478 -1.4915228
2660000 37.219868 -1.4493984
2665000 38.43986 -1.4913774
2670000 43.405479 -1.4294656
2675000 38.481315 -1.3413031
2680000 39.72671 -1.3642189
2685000 33.812812 -1.3239102
2690000 38.818033 -1.3794813
2695000 45.02771 -1.4179901
2700000 43.634732 -1.4165937
2705000 39.451325 -1.3954136
2710000 36.096175 -1.4876588
2715000 39.543725 -1.5017373
2720000 38.865225 -1.4596735
2725000 39.652769 -1.3857807
2730000 37.793613 -1.3953201
2735000 39.688844 -1.4815893
2740000 30.766469 -1.5499263
2745000 32.980003 -1.5421282
2750000 19.563083 -1.6296953
2755000 29.209813 -1.5740367
2760000 31.242985 -1.5457128
2765000 22.050948 -1.5178486
2770000 29.04591 -1.5539563
2775000 28.886304 -1.6170813
2780000 24.477606 -1.5431463
2785000 30.493843 -1.4938468
2790000 31.082103 -1.5264672
2795000 40.925196 -1.5070441
2800000 33.076222 -1.5374357
2805000 40.94338 -1.5142663
2810000 39.524973 -1.5201903
2815000 32.569701 -1.5554327
2820000 37.919667 -1.3813403
2825000 41.581335 -1.4315673
2830000 37.536664 -1.4042485
2835000 40.181798 -1.4606692
2840000 36.774461 -1.497703
2845000 34.907672 -1.3875229
2850000 41.465401 -1.4775532
2855000 35.554333 -1.5494888
2860000 37.370111 -1.5450985
2865000 20.39233 -1.6310587
2870000 21.845387 -1.6125782
2875000 19.256481 -1.6165514
2880000 18.904972 -1.5973702
2885000 27.125959 -1.6131325
2890000 23.57121 -1.6228955
2895000 28.655745 -1.5758466
2900000 21.092339 -1.6365009
2905000 25.497632 -1.5969055
2910000 28.130786 -1.6103318
2915000 23.574675 -1.6352001
2920000 18.090163 -1.6386169
2925000 27.26279 -1.586085
2930000 16.040001 -1.6270055
2935000 25.161739 -1.6489987
2940000 25.259188 -1.6103272
2945000 19.767802 -1.6188293
2950000 19.761441 -1.5955316
2955000 22.603743 -1.6406175
2960000 23.414896 -1.5621493
2965000 18.610392 -1.6000532
2970000 22.419782 -1.6296258
2975000 21.765912 -1.6283539
2980000 26.215099 -1.6162402
2985000 20.696829 -1.6244983
2990000 28.159026 -1.5685711
2995000 25.30705 -1.5733716
3000000 23.383344 -1.5578491
3005000 38.236507 -1.563602
3010000 38.410821 -1.5381485
3015000 35.80319 -1.5290919
3020000 32.172792 -1.5733464
3025000 18.69711 -1.5728435
3030000 36.678539 -1.5595165
3035000 23.384908 -1.4923002
3040000 33.913122 -1.512749
3045000 24.309756 -1.5921436
3050000 28.143516 -1.5345764
3055000 25.988881 -1.5055643
3060000 39.309205 -1.5174703
3065000 38.060499 -1.5941621
3070000 41.964362 -1.6020358
3075000 28.487179 -1.574321
3080000 22.08462 -1.6210187
3085000 30.085938 -1.557375
3090000 30.567738 -1.5566991
3095000 21.225087 -1.5847382
3100000 18.692858 -1.5758153
3105000 28.089291 -1.5458345
3110000 42.765772 -1.5055607
3115000 35.273514 -1.5086602
3120000 33.555359 -1.54133
3125000 38.073221 -1.5349441
3130000 26.775805 -1.5563723
3135000 36.495813 -1.5134515
3140000 21.974506 -1.5559448
3145000 20.291349 -1.6010604
3150000 28.825565 -1.6097001
3155000 25.943496 -1.5738554
3160000 15.333437 -1.612989
3165000 21.792882 -1.5997483
3170000 28.472242 -1.5490051
3175000 33.717709 -1.5416451
3180000 28.522608 -1.5310329
3185000 32.928654 -1.5299368
3190000 30.686031 -1.5076978
3195000 45.860926 -1.4746281
3200000 27.215562 -1.408541
3205000 43.662203 -1.4114147
3210000 36.078791 -1.4253772
3215000 34.732529 -1.4024272
3220000 33.262619 -1.3705794
3225000 35.549574 -1.4363543
3230000 36.548132 -1.4699994
3235000 37.712335 -1.3721901
3240000 48.948953 -1.3756697
3245000 37.705346 -1.3939951
3250000 35.010028 -1.4547072
3255000 35.74833 -1.4360604
3260000 46.619035 -1.435858
3265000 43.429598 -1.4174344
3270000 55.871919 -1.4092552
3275000 33.584123 -1.4233011
3280000 51.517491 -1.3684265
3285000 39.519939 -1.4138277
3290000 35.120292 -1.376387
3295000 46.686345 -1.4347575
3300000 40.49831 -1.3985341
3305000 46.598222 -1.4157777
3310000 35.136568 -1.5301541
3315000 38.461263 -1.5174196
3320000 27.304802 -1.5492935
3325000 31.44681 -1.512777
3330000 31.984072 -1.5111289
3335000 35.694201 -1.5195281
3340000 22.074114 -1.5791771
3345000 17.518687 -1.6224784
3350000 25.966626 -1.6096896
3355000 23.339027 -1.5936911
3360000 17.16679 -1.6190502
3365000 21.324623 -1.6330684
3370000 23.012408 -1.6065311
3375000 38.820236 -1.5470565
3380000 33.864298 -1.5148065
3385000 30.057146 -1.4779203
3390000 20.965631 -1.5523473
3395000 25.687416 -1.5723828
3400000 42.510592 -1.4793222
3405000 43.316446 -1.4828165
3410000 44.145053 -1.4537248
3415000 33.039321 -1.4016004
3420000 35.838312 -1.4373828
3425000 31.682892 -1.3626245
3430000 40.965747 -1.4902653
3435000 41.604147 -1.4116922
3440000 35.037598 -1.3501344
3445000 43.920539 -1.4248004
3450000 48.551423 -1.4091201
3455000 34.11094 -1.4154192
3460000 43.201381 -1.40344
3465000 25.417871 -1.546774
3470000 32.075929 -1.5422134
3475000 34.308714 -1.4143385
3480000 30.974277 -1.3827752
3485000 32.720043 -1.443653
3490000 44.697991 -1.386041
3495000 36.519332 -1.4171448
3500000 33.954947 -1.4279583
3505000 36.897732 -1.4430432
3510000 36.561665 -1.4724955
3515000 38.776717 -1.4366873
3520000 36.546637 -1.4572412
3525000 35.098858 -1.4452622
3530000 33.74594 -1.5530683
3535000 37.612762 -1.4805996
3540000 34.759004 -1.4148335
3545000 37.546955 -1.4475969
3550000 40.099749 -1.3963974
3555000 38.94527 -1.4264804
3560000 41.941187 -1.4126515
3565000 44.073897 -1.4365954
3570000 35.769895 -1.4646492
3575000 48.959828 -1.3875377
3580000 45.752083 -1.4226372
3585000 27.996218 -1.5258664
3590000 28.098342 -1.5598031
3595000 26.288598 -1.6281199
3600000 18.108043 -1.6593691
3605000 30.244367 -1.6465894
3610000 28.028126 -1.5505707
3615000 28.17816 -1.5558927
3620000 27.358647 -1.5709136
3625000 32.749951 -1.5652652
3630000 24.271427 -1.6148069
3635000 25.628444 -1.5673179
3640000 27.292133 -1.6153399
3645000 24.799554 -1.5162127
3650000 27.766776 -1.5616809
3655000 34.638609 -1.4767779
3660000 39.824736 -1.4843024
3665000 36.101289 -1.3793007
3670000 46.317978 -1.4227361
3675000 42.801898 -1.2695139
3680000 36.909718 -1.3886501
3685000 30.007168 -1.4342819
3690000 40.068293 -1.4511134
3695000 33.602457 -1.4285209
3700000 44.89106 -1.3709487
3705000 40.122501 -1.4504183
3710000 46.555269 -1.4516971
3715000 47.880841 -1.4349877
3720000 49.824874 -1.3369859
3725000 44.441612 -1.4027819
3730000 43.770666 -1.4286893
3735000 36.553756 -1.4585657
3740000 41.404243 -1.448064
3745000 37.578762 -1.5131765
3750000 41.230132 -1.4834606
3755000 43.255536 -1.3739732
3760000 46.200095 -1.320855
3765000 30.687766 -1.3965569
3770000 36.374992 -1.4267325
3775000 36.963485 -1.4087305
3780000 43.423396 -1.4048417
3785000 28.9755 -1.4240795
3790000 39.197554 -1.4367804
3795000 41.363136 -1.5052475
3800000 37.107504 -1.4413757
3805000 24.257542 -1.505541
3810000 23.534303 -1.6236958
3815000 22.140157 -1.6183041
3820000 24.259583 -1.6061535
3825000 21.749011 -1.6573837
3830000 21.722346 -1.626796
3835000 17.418466 -1.6059462
3840000 17.657328 -1.6516386
3845000 20.917387 -1.6444571
3850000 20.999312 -1.6625997
3855000 21.305597 -1.5997285
3860000 21.663336 -1.6183818
3865000 30.186892 -1.6205181
3870000 26.68381 -1.5735856
3875000 33.475693 -1.5337357
3880000 28.034602 -1.5247787
3885000 15.39408 -1.6561235
3890000 24.697588 -1.629249
3895000 19.565711 -1.613864
3900000 35.691292 -1.5279099
3905000 25.245407 -1.5109766
3910000 47.162006 -1.4932079
3915000 32.538696 -1.525191
3920000 38.727268 -1.4959221
3925000 27.626801 -1.5745758
3930000 25.999419 -1.537505
3935000 40.525753 -1.4438179
3940000 35.477809 -1.4536938
3945000 32.268103 -1.4111006
3950000 35.633589 -1.4502569
3955000 43.204135 -1.4810493
3960000 45.436336 -1.3232151
3965000 50.969304 -1.4180926
3970000 42.124359 -1.4440778
3975000 47.57661 -1.4158456
3980000 34.112694 -1.3848142
3985000 43.275527 -1.4126907
3990000 34.506654 -1.4238662
3995000 44.06679 -1.4459446
4000000 45.210017 -1.4819685
4005000 34.105609 -1.4245092
4010000 41.94995 -1.3583201
4015000 24.765272 -1.4771618
4020000 29.034493 -1.4929031
4025000 31.414919 -1.5637595
4030000 29.501003 -1.5510182
4035000 27.727602 -1.5460325
4040000 34.291694 -1.5293791
4045000 31.407615 -1.5357641
4050000 35.806403 -1.5336514
4055000 30.982558 -1.5653923
4060000 28.167726 -1.5773865
4065000 39.248788 -1.5805038
4070000 21.390168 -1.5918261
4075000 19.585385 -1.6065752
4080000 21.704377 -1.5887997
4085000 30.9463 -1.5937202
4090000 18.951399 -1.6085216
4095000 34.131602 -1.481772
4100000 31.305135 -1.536411
4105000 53.208583 -1.442333
4110000 43.075373 -1.4763502
4115000 27.441261 -1.4552558
4120000 45.572686 -1.4042304
4125000 37.344673 -1.4578545
4130000 38.389223 -1.4700864
4135000 42.017008 -1.5235935
4140000 33.744278 -1.4068924
4145000 33.927507 -1.5002317
4150000 45.201876 -1.4718771
4155000 37.857286 -1.4903167
4160000 33.768015 -1.4327149
4165000 40.3383 -1.5083117
4170000 31.942461 -1.4181978
4175000 40.236339 -1.458127
4180000 42.464841 -1.3831628
4185000 33.990294 -1.4725209
4190000 34.307312 -1.426041
4195000 42.240612 -1.5252709
4200000 35.67546 -1.4349236
4205000 43.645793 -1.4051374
4210000 41.340046 -1.4253187
4215000 34.375204 -1.4632513
4220000 41.793409 -1.4688949
4225000 37.887155 -1.5248433
4230000 54.742316 -1.4062773
4235000 45.021831 -1.4604771
4240000 42.370426 -1.50617
4245000 32.682147 -1.4434849
4250000 38.407171 -1.5450703
4255000 37.30065 -1.5275725
4260000 33.694465 -1.4663188
4265000 32.509465 -1.5245016
4270000 31.082393 -1.4704597
4275000 28.663782 -1.6167066
4280000 29.633584 -1.519843
4285000 36.630518 -1.4876755
4290000 32.217114 -1.4494437
4295000 50.520016 -1.4844111
4300000 38.377722 -1.4580261
4305000 50.332366 -1.4238789
4310000 29.689446 -1.5230896
4315000 33.250055 -1.5226572
4320000 28.058097 -1.5596026
4325000 33.513217 -1.5104179
4330000 34.582195 -1.4925205
4335000 36.333518 -1.5573795
4340000 33.319156 -1.4886504
4345000 31.24906 -1.5366844
4350000 41.240925 -1.4636393
4355000 25.854504 -1.512751
4360000 23.401221 -1.4856634
4365000 36.880868 -1.4126377
4370000 48.067929 -1.5061919
4375000 31.407286 -1.5032169
4380000 22.067877 -1.5067943
4385000 25.714946 -1.4833221
4390000 38.973017 -1.5562644
4395000 35.985737 -1.5189118
4400000 37.184697 -1.5806309
4405000 29.225698 -1.5876649
4410000 21.991296 -1.6091302
4415000 32.179226 -1.5058242
4420000 40.249645 -1.5072879
4425000 41.888429 -1.5323934
4430000 34.937238 -1.4939828
4435000 49.983297 -1.4990585
4440000 31.358153 -1.4376038
4445000 44.730168 -1.4586535
4450000 30.993866 -1.5486683
4455000 28.83896 -1.4951867
4460000 31.63426 -1.5718866
4465000 41.504258 -1.4740572
4470000 34.833055 -1.5898258
4475000 23.987022 -1.5443089
4480000 19.653926 -1.5999282
4485000 22.134432 -1.5720627
4490000 39.710682 -1.5004208
4495000 29.764707 -1.5055543
4500000 32.917441 -1.5262441
4505000 27.251934 -1.5208469
4510000 31.012483 -1.5362312
4515000 36.780617 -1.5528568
4520000 37.796998 -1.5213229
4525000 19.626964 -1.6099633
4530000 20.410512 -1.6135112
4535000 30.285652 -1.5425952
4540000 24.998505 -1.6172822
4545000 21.932614 -1.6315327
4550000 19.763347 -1.6105582
4555000 22.112973 -1.6020234
4560000 18.907277 -1.6298192
4565000 29.906899 -1.6008273
4570000 27.720678 -1.5983911
4575000 19.694171 -1.6342664
4580000 23.27423 -1.569902
4585000 21.138937 -1.5679169
4590000 30.080617 -1.5663511
4595000 27.229069 -1.5948966
4600000 33.976488 -1.6175273
4605000 22.325262 -1.6564436
4610000 21.689363 -1.6708346
4615000 23.545915 -1.6327323
4620000 29.244077 -1.6082089
4625000 27.481305 -1.6202221
4630000 27.501026 -1.5892031
4635000 27.460603 -1.6065895
4640000 29.213156 -1.6239431
4645000 24.32386 -1.6033574
4650000 36.777464 -1.5612742
4655000 40.77856 -1.4950062
4660000 39.098568 -1.5329835
4665000 21.106953 -1.6185043
4670000 27.308098 -1.5622523
4675000 25.481286 -1.6092434
4680000 26.294875 -1.6265453
4685000 27.143778 -1.6087199
4690000 39.042526 -1.6064295
4695000 19.55081 -1.6398088
4700000 21.862349 -1.6230084
4705000 20.205596 -1.6282944
4710000 22.489311 -1.5797717
4715000 18.722309 -1.6016614
4720000 29.86449 -1.6186312
4725000 20.001253 -1.6106565
4730000 28.978526 -1.5926734
4735000 23.879006 -1.6373746
4740000 19.766996 -1.6355136
4745000 21.858948 -1.5485241
4750000 22.637089 -1.5857116
4755000 25.327114 -1.5804484
4760000 20.905742 -1.6088417
4765000 28.971371 -1.6076271
4770000 24.987981 -1.5708599
4775000 26.302702 -1.6246897
4780000 30.174262 -1.6194188
4785000 30.01753 -1.5915585
4790000 22.406095 -1.6058517
4795000 31.448468 -1.5935277
4800000 32.874473 -1.5772796
4805000 21.929865 -1.6465582
4810000 22.007903 -1.6285976
4815000 18.209802 -1.6232985
4820000 24.212584 -1.6170546
4825000 20.707956 -1.6352006
4830000 23.372463 -1.6175638
4835000 44.047131 -1.5620612
4840000 23.394053 -1.5912913
4845000 21.039687 -1.6237178
4850000 19.81097 -1.6022849
4855000 24.209195 -1.5872848
4860000 24.42078 -1.6227235
4865000 23.660441 -1.6363578
4870000 25.051331 -1.6191578
4875000 25.623411 -1.6208239
4880000 20.044409 -1.6327927
4885000 22.203442 -1.6110038
4890000 26.238399 -1.6381021
4895000 27.400372 -1.6381229
4900000 29.432326 -1.6381743
4905000 20.84623 -1.6451043
4910000 26.099252 -1.6394654
4915000 19.061103 -1.6345777
4920000 21.252564 -1.6031599
4925000 23.89327 -1.6433523
4930000 23.456948 -1.5978707
4935000 24.127381 -1.5863621
4940000 30.668067 -1.5136694
4945000 27.627348 -1.595735
4950000 24.07088 -1.6296064
4955000 20.035543 -1.6530763
4960000 21.140288 -1.6289662
4965000 23.414343 -1.5924632
4970000 28.924528 -1.6291673
4975000 19.478917 -1.6174334
4980000 34.360429 -1.5656318
4985000 21.667551 -1.6037537
4990000 23.87688 -1.6258289
4995000 24.593467 -1.5992839
5000000 24.187469 -1.6366071
