# Step Temp PotEng   (replica 6, downsampled)
0 11.975579 -1.7950808
5000 15.468794 -1.6933101
10000 14.554452 -1.6820532
15000 26.396351 -1.6677673
20000 21.1643 -1.6746325
25000 24.40728 -1.6532561
30000 20.512591 -1.6434565
35000 16.362451 -1.6540278
40000 20.617104 -1.6514848
45000 27.350345 -1.6643668
50000 22.776113 -1.6730181
55000 21.181416 -1.6365096
60000 25.720734 -1.6757976
65000 22.897175 -1.6868796
70000 21.546265 -1.6849967
75000 20.321284 -1.6609325
80000 15.633333 -1.7325811
85000 12.735454 -1.7236036
90000 12.142282 -1.7261748
95000 10.12993 -1.7510768
100000 9.2873937 -1.7477029
105000 7.7667107 -1.7515604
110000 4.8299955 -1.7701672
115000 6.4193862 -1.7578724
120000 3.7471548 -1.7695788
125000 4.2087289 -1.7739144
130000 4.0766193 -1.7721878
135000 4.702315 -1.7699785
140000 4.1257361 -1.7742432
145000 7.4965148 -1.7564573
150000 6.2766302 -1.7684274
155000 5.9359309 -1.7722003
160000 4.1132317 -1.776276
165000 5.8247163 -1.7649535
170000 6.1293812 -1.7584997
175000 4.0890718 -1.7693893
180000 3.6524942 -1.7771455
185000 3.165147 -1.7803833
190000 3.8085178 -1.7807551
195000 4.3022072 -1.7828382
200000 3.5558521 -1.7746325
205000 2.911935 -1.7791839
210000 2.9014386 -1.7762859
215000 3.7725296 -1.7760362
220000 5.8011161 -1.7670713
225000 6.2811183 -1.7693647
230000 5.827638 -1.7641833
235000 4.6389152 -1.7564793
240000 4.2114149 -1.7811398
245000 3.5725545 -1.7818455
250000 3.2457579 -1.7845226
255000 2.0084661 -1.7924384
260000 1.8850274 -1.7887802
265000 2.54552 -1.7875817
270000 2.5215279 -1.7842893
275000 2.2463688 -1.7887712
280000 2.1413376 -1.7896556
285000 2.7589848 -1.7843126
290000 2.2758612 -1.7864018
295000 2.4738355 -1.7841135
300000 2.7364889 -1.7851437
305000 1.8679187 -1.7890815
310000 2.1248032 -1.7903102
315000 1.7336284 -1.7870205
320000 2.0739945 -1.7863413
325000 1.6798788 -1.7885808
330000 1.6821188 -1.7867016
335000 1.8983204 -1.7885256
340000 1.8992427 -1.7853493
345000 2.4637736 -1.7904392
350000 1.9490394 -1.7878083
355000 2.2040683 -1.7872565
360000 1.7359036 -1.7916181
365000 1.8811068 -1.7860391
370000 1.6192884 -1.7868437
375000 2.2057149 -1.7849827
380000 2.8728803 -1.7862922
385000 2.8421783 -1.7844522
390000 1.8903347 -1.7854075
395000 2.6669605 -1.7874387
400000 3.1259781 -1.7864704
405000 3.2784881 -1.7775045
410000 2.1361537 -1.7833473
415000 2.2148296 -1.7842528
420000 2.492565 -1.7862721
425000 1.9856963 -1.7903805
430000 1.9674884 -1.7839379
435000 2.1152928 -1.7907447
440000 2.7129822 -1.7850887
445000 2.5162828 -1.7828636
450000 2.3684729 -1.7894737
455000 3.2008734 -1.7856142
460000 2.5432128 -1.7878144
465000 2.5960159 -1.7800638
470000 2.4157177 -1.7790511
475000 2.5053694 -1.7827583
480000 2.3873628 -1.784356
485000 4.0515428 -1.7811467
490000 2.913336 -1.783082
495000 1.6146027 -1.785698
500000 1.9532199 -1.7868211
505000 2.1483312 -1.7863539
510000 2.3024307 -1.7858514
515000 2.0630515 -1.7846274
520000 2.6007969 -1.782818
525000 2.3098397 -1.7851965
530000 2.5327152 -1.7836891
535000 2.4080023 -1.7839344
540000 2.89836 -1.7836754
545000 2.448676 -1.7849326
550000 2.6897905 -1.7889181
555000 2.6916888 -1.7848434
560000 2.3344751 -1.7879134
565000 2.5029829 -1.7876781
570000 3.1384284 -1.7860931
575000 1.9797658 -1.7821443
580000 3.2806396 -1.7788539
585000 4.1576803 -1.7751957
590000 2.8037966 -1.7801601
595000 3.3523031 -1.7830395
600000 2.056232 -1.7876237
605000 1.6057833 -1.7902045
610000 1.5870825 -1.7894286
615000 1.8467924 -1.7906175
620000 2.6255477 -1.7880803
625000 1.862962 -1.787507
630000 2.7605955 -1.7844608
635000 2.7480727 -1.7852179
640000 2.7537638 -1.7827855
645000 2.3008694 -1.7850461
650000 6.1685147 -1.7706105
655000 6.5159342 -1.7768141
660000 4.5275454 -1.7723988
665000 5.0064721 -1.7804375
670000 6.3929304 -1.7698903
675000 4.3884905 -1.7803376
680000 2.3490565 -1.7875039
685000 2.8206264 -1.7845725
690000 1.7782852 -1.7921806
695000 2.1003781 -1.7901694
700000 1.9700749 -1.7861866
705000 2.6053498 -1.7801219
710000 3.0595966 -1.7840204
715000 2.5948214 -1.7862361
720000 2.7911179 -1.7889112
725000 3.5477122 -1.7791482
730000 4.1495727 -1.7828253
735000 3.7698365 -1.7789018
740000 2.8495896 -1.7783592
745000 4.1538436 -1.7751122
750000 3.5154903 -1.776629
755000 1.892268 -1.7821138
760000 2.4370132 -1.7851439
765000 2.3031119 -1.7899033
770000 2.3752649 -1.7855923
775000 1.9440386 -1.7878574
780000 2.1592801 -1.7860545
785000 1.8691984 -1.7890907
790000 2.1145634 -1.7870113
795000 2.6854272 -1.7849251
800000 1.9934197 -1.7876502
805000 1.7118159 -1.7896481
810000 2.1547528 -1.7881422
815000 2.1999783 -1.787739
820000 2.1895262 -1.7851407
825000 1.9819662 -1.7889367
830000 2.4018672 -1.7868251
835000 2.4078082 -1.7878074
840000 1.7203563 -1.7875535
845000 1.9713975 -1.7883898
850000 2.7235298 -1.7867951
855000 2.4325295 -1.7835473
860000 3.0975245 -1.7771475
865000 3.8927844 -1.7843363
870000 4.0935568 -1.7812065
875000 4.0524745 -1.7795923
880000 3.0881647 -1.7761952
885000 2.9907463 -1.7818965
890000 1.6382993 -1.7899856
895000 2.4651148 -1.783085
900000 3.6416049 -1.7775109
905000 2.3139713 -1.782679
910000 2.4470973 -1.7847881
915000 2.8108402 -1.7838668
920000 2.6650531 -1.7856142
925000 2.1665225 -1.7825777
930000 1.9494225 -1.782776
935000 2.8403818 -1.7858012
940000 2.4115643 -1.7804583
945000 2.0799636 -1.7846061
950000 2.6628733 -1.7863438
955000 2.2636776 -1.7855933
960000 2.0047666 -1.7866916
965000 1.4013315 -1.7876118
970000 2.2717255 -1.7897235
975000 1.7714594 -1.7914698
980000 2.3557414 -1.7880814
985000 2.2465369 -1.7873506
990000 2.0962738 -1.790477
995000 2.0780048 -1.7866913
1000000 2.1655125 -1.7862432
1005000 1.799851 -1.7886859
1010000 1.9012813 -1.7896216
1015000 2.0314631 -1.7893862
1020000 2.1347312 -1.7854923
1025000 2.2343183 -1.7867121
1030000 2.5358368 -1.7829724
1035000 2.5513381 -1.7833651
1040000 1.8690587 -1.7871583
1045000 3.161164 -1.7830549
1050000 2.6319592 -1.7809157
1055000 1.6717416 -1.7900673
1060000 1.5368168 -1.7890925
1065000 1.6859757 -1.7912669
1070000 1.8158642 -1.7863837
1075000 2.5629636 -1.786031
1080000 3.2568332 -1.7812668
1085000 3.4043911 -1.779601
1090000 2.4147255 -1.7870408
1095000 2.8364293 -1.7844665
1100000 3.5633174 -1.7804951
1105000 3.3691837 -1.7812842
1110000 2.9515375 -1.7760585
1115000 3.4521614 -1.7837269
1120000 2.5420557 -1.7850641
1125000 2.500299 -1.783953
1130000 2.3369086 -1.7821392
1135000 2.4975914 -1.7845026
1140000 3.1432472 -1.7807934
1145000 3.2281819 -1.7794898
1150000 3.8217308 -1.7815436
1155000 2.6137523 -1.7850505
1160000 3.0955268 -1.7835324
1165000 2.7998636 -1.7864281
1170000 1.7067916 -1.7864388
1175000 1.4639207 -1.7896704
1180000 2.437723 -1.7907973
1185000 2.6129792 -1.7832891
1190000 2.3414714 -1.7856747
1195000 3.765706 -1.778381
1200000 3.5256748 -1.7809112
1205000 3.1486192 -1.776964
1210000 6.9133134 -1.7628089
1215000 9.9568226 -1.7542349
1220000 8.430877 -1.7418843
1225000 11.586529 -1.7473843
1230000 11.292927 -1.732075
1235000 14.388958 -1.7374647
1240000 9.5408955 -1.7427419
1245000 12.033654 -1.7258992
1250000 7.676862 -1.7446683
1255000 8.4773895 -1.7553069
1260000 12.006917 -1.7372948
1265000 16.07281 -1.7346064
1270000 9.8713617 -1.7282791
1275000 11.245788 -1.725982
1280000 9.5658388 -1.7134455
1285000 16.927129 -1.7120981
1290000 14.737815 -1.7113987
1295000 13.622441 -1.7115369
1300000 22.689601 -1.7104996
1305000 13.150448 -1.708305
1310000 15.198669 -1.7030547
1315000 18.111121 -1.7130571
1320000 15.762844 -1.6905595
1325000 15.642813 -1.7029517
1330000 8.5498624 -1.7531544
1335000 8.3299154 -1.743499
1340000 7.5972221 -1.7414529
1345000 9.9983244 -1.7523081
1350000 12.422842 -1.7284918
1355000 9.9361996 -1.7490189
1360000 7.3056069 -1.7460195
1365000 7.2702369 -1.7594289
1370000 6.2336266 -1.7606528
1375000 9.2144467 -1.7672746
1380000 5.2495463 -1.7619069
1385000 6.1942158 -1.7654619
1390000 5.8666869 -1.7653237
1395000 4.9669584 -1.7738741
1400000 5.4970004 -1.7701071
1405000 5.855398 -1.7700084
1410000 5.1652538 -1.7713227
1415000 5.5873651 -1.7699395
1420000 5.4672097 -1.7684449
1425000 4.0360595 -1.7808728
1430000 3.1028414 -1.7761313
1435000 2.6599129 -1.7807265
1440000 3.2080531 -1.7751119
1445000 4.0052439 -1.7815436
1450000 2.6910149 -1.7788846
1455000 2.7228135 -1.7811956
1460000 2.7129447 -1.7817541
1465000 4.0951849 -1.7761471
1470000 3.9963584 -1.7833313
1475000 3.5157116 -1.7774859
1480000 3.8110603 -1.7802979
1485000 2.8253422 -1.7805036
1490000 2.7550065 -1.779396
1495000 5.0446108 -1.7714052
1500000 6.4653077 -1.7619217
1505000 4.8724903 -1.7624538
1510000 4.6556419 -1.7692812
1515000 4.5225485 -1.7672696
1520000 5.2841184 -1.7691606
1525000 4.3923873 -1.7735458
1530000 5.6571239 -1.7719346
1535000 5.3601 -1.7760222
1540000 4.4448543 -1.7708836
1545000 7.2989493 -1.7638657
1550000 6.9059088 -1.7628717
1555000 6.840866 -1.7720376
1560000 6.2624706 -1.7714419
1565000 7.0460461 -1.7544549
1570000 5.3870238 -1.7700178
1575000 5.0685212 -1.7670051
1580000 3.733581 -1.7861506
1585000 3.5119664 -1.7795872
1590000 2.9604705 -1.7816395
1595000 3.6114711 -1.7796404
1600000 4.1969702 -1.7826807
1605000 4.7705209 -1.7729107
1610000 5.2673917 -1.7694992
1615000 4.4776745 -1.7740082
1620000 3.9004388 -1.7790276
1625000 2.3596476 -1.7841621
1630000 2.2332451 -1.7835627
1635000 3.3321218 -1.7771918
1640000 3.7316742 -1.769253
1645000 5.2908798 -1.770916
1650000 3.8277901 -1.7628607
1655000 4.783563 -1.7700508
1660000 4.7109745 -1.7747285
1665000 5.7279452 -1.7728587
1670000 6.4013095 -1.7699228
1675000 3.2497044 -1.7753083
1680000 4.1171468 -1.778307
1685000 3.3625685 -1.7791497
1690000 2.7074557 -1.7824123
1695000 2.4152022 -1.7841714
1700000 4.090683 -1.7728735
1705000 3.6449624 -1.777654
1710000 2.5069359 -1.7819938
1715000 2.19721 -1.7838467
1720000 2.0800542 -1.7824385
1725000 2.8013131 -1.7868373
1730000 2.8271516 -1.7863077
1735000 2.0488363 -1.7858036
1740000 2.7146194 -1.7864176
1745000 2.3259398 -1.7867116
1750000 2.0881352 -1.7884223
1755000 3.7552651 -1.7754474
1760000 4.2337532 -1.7787724
1765000 3.1080183 -1.7772528
1770000 4.0486056 -1.7800809
1775000 3.9035381 -1.7775301
1780000 4.2287612 -1.7700348
1785000 5.0817651 -1.7693819
1790000 3.263177 -1.7782201
1795000 4.0325273 -1.7793094
1800000 4.1630838 -1.7852733
1805000 2.1133007 -1.7882386
1810000 1.9379416 -1.7886688
1815000 1.947086 -1.7864122
1820000 2.142029 -1.7838015
1825000 1.8106222 -1.7874994
1830000 2.4373166 -1.7860447
1835000 1.8323695 -1.7865397
1840000 2.0961889 -1.7909714
1845000 1.9565819 -1.7904764
1850000 2.4616984 -1.7894922
1855000 2.1686893 -1.7871232
1860000 2.0445883 -1.7903325
1865000 1.9713661 -1.7867312
1870000 2.4197532 -1.7866662
1875000 2.1779242 -1.7885959
1880000 2.3859803 -1.7897726
1885000 3.0984342 -1.7907539
1890000 2.6720933 -1.7869537
1895000 2.6068719 -1.7911842
1900000 2.0467917 -1.7857566
1905000 2.9399802 -1.7855844
1910000 2.3229838 -1.7883909
1915000 2.2692351 -1.7866132
1920000 2.4218116 -1.7877926
1925000 4.857102 -1.7780863
1930000 2.9144085 -1.7785674
1935000 3.6782414 -1.7749914
1940000 3.9652261 -1.7746167
1945000 2.5502931 -1.7845442
1950000 2.3706649 -1.7841785
1955000 3.3664738 -1.7783938
1960000 4.3815601 -1.771539
1965000 7.3663669 -1.7638476
1970000 8.0834759 -1.768975
1975000 7.2429112 -1.7606601
1980000 3.9427082 -1.7737641
1985000 6.5402413 -1.7653699
1990000 5.0102006 -1.7766085
1995000 6.6766094 -1.7645737
2000000 4.4370262 -1.7705113
2005000 5.6233681 -1.7670295
2010000 4.8685039 -1.7665363
2015000 6.1599861 -1.76256
2020000 7.176642 -1.757633
2025000 7.0133187 -1.7598261
2030000 6.148448 -1.7591878
2035000 9.3662742 -1.7318777
2040000 16.256594 -1.6889615
2045000 19.506751 -1.708742
2050000 17.713942 -1.6886857
2055000 16.65292 -1.7264348
2060000 19.082657 -1.7235635
2065000 15.881289 -1.7115019
2070000 13.389168 -1.7249532
2075000 12.771164 -1.7143375
2080000 12.859132 -1.7319493
2085000 8.3375082 -1.7416203
2090000 13.828646 -1.7083622
2095000 13.218798 -1.7033947
2100000 18.118963 -1.7226758
2105000 11.401686 -1.7345273
2110000 12.374317 -1.7397389
2115000 11.009993 -1.7351737
2120000 8.855867 -1.7517331
2125000 8.3461141 -1.7471648
2130000 8.6347152 -1.7366599
2135000 11.113046 -1.7315782
2140000 8.5997813 -1.7537649
2145000 10.129423 -1.7425628
2150000 10.052235 -1.7505515
2155000 8.3491851 -1.760265
2160000 9.3860166 -1.7420458
2165000 9.2022007 -1.7512515
2170000 8.6969633 -1.7490635
2175000 4.9313439 -1.7707525
2180000 5.41808 -1.7733642
2185000 4.4059829 -1.7633189
2190000 4.1728234 -1.7740206
2195000 4.3136634 -1.7705347
2200000 5.1656639 -1.7703094
2205000 6.0532435 -1.7706614
2210000 4.4626576 -1.7731058
2215000 4.1335407 -1.7711508
2220000 4.8560718 -1.7809387
2225000 3.3204908 -1.7778593
2230000 3.6481306 -1.7758879
2235000 3.2367655 -1.7805256
2240000 4.2397558 -1.7775534
2245000 3.2834936 -1.7732282
2250000 4.6804418 -1.7749989
2255000 3.48298 -1.7784648
2260000 3.738406 -1.782651
2265000 3.8561889 -1.77795
2270000 5.8978791 -1.7695889
2275000 4.7878876 -1.7625602
2280000 8.0164307 -1.7597751
2285000 5.9815607 -1.7635562
2290000 9.835253 -1.7521213
2295000 8.7494218 -1.7532128
2300000 12.818167 -1.7435456
2305000 14.231462 -1.7319166
2310000 13.061377 -1.7447796
2315000 14.212639 -1.7369027
2320000 9.2234954 -1.7397605
2325000 14.483272 -1.7463481
2330000 16.548662 -1.7055614
2335000 14.722627 -1.7012618
2340000 18.13422 -1.711797
2345000 18.249635 -1.7075251
2350000 17.535407 -1.7027928
2355000 14.41712 -1.6885863
2360000 14.727534 -1.7052906
2365000 17.944287 -1.699447
2370000 14.182709 -1.7263559
2375000 17.37286 -1.7070409
2380000 12.888406 -1.7307565
2385000 13.598617 -1.725917
2390000 18.625357 -1.7207101
2395000 18.248501 -1.7114966
2400000 15.642105 -1.6934023
2405000 15.009979 -1.724527
2410000 12.192598 -1.730726
2415000 7.771708 -1.7473912
2420000 11.693516 -1.7266484
2425000 13.409339 -1.7209599
2430000 13.87893 -1.7296491
2435000 10.911497 -1.7232834
2440000 6.332962 -1.7412214
2445000 8.2909749 -1.746935
2450000 9.111024 -1.7505213
2455000 8.7206784 -1.7422955
2460000 9.6322787 -1.7513458
2465000 7.3150722 -1.7462179
2470000 8.7565408 -1.7446486
2475000 10.793368 -1.740093
2480000 11.730082 -1.7262934
2485000 19.008737 -1.7067693
2490000 15.355154 -1.7113623
2495000 15.65151 -1.6961148
2500000 13.602089 -1.7298699
2505000 11.275914 -1.7149123
2510000 10.149947 -1.7333373
2515000 9.8740239 -1.720721
2520000 10.791285 -1.7387447
2525000 10.539084 -1.7128512
2530000 11.142556 -1.724076
2535000 10.997806 -1.7423808
2540000 13.857723 -1.7259082
2545000 11.741845 -1.735197
2550000 14.512788 -1.6823362
2555000 13.27883 -1.682186
2560000 18.423747 -1.7050953
2565000 13.527937 -1.7025354
2570000 16.985234 -1.7029685
2575000 14.007292 -1.6910135
2580000 10.373414 -1.734179
2585000 12.778627 -1.7410578
2590000 12.604854 -1.7313481
2595000 12.676333 -1.740864
2600000 11.010446 -1.7353559
2605000 9.555256 -1.753365
2610000 10.155314 -1.7414708
2615000 11.719001 -1.7258986
2620000 13.057031 -1.7384708
2625000 17.614749 -1.6863582
2630000 19.829203 -1.7060692
2635000 11.216224 -1.7039466
2640000 16.227209 -1.7075922
2645000 13.335694 -1.7158881
2650000 14.720246 -1.707864
2655000 14.680536 -1.6964873
2660000 20.021301 -1.6833931
2665000 18.384198 -1.7141376
2670000 14.351162 -1.6921769
2675000 12.124262 -1.7337539
2680000 11.415339 -1.7059527
2685000 14.109466 -1.7245689
2690000 8.1839587 -1.7423555
2695000 7.8417612 -1.745381
2700000 8.7625029 -1.7484333
2705000 7.9536012 -1.7615675
2710000 9.800678 -1.7498049
2715000 9.8937845 -1.7581019
2720000 9.9637304 -1.7508175
2725000 9.2097963 -1.7548962
2730000 8.3557901 -1.7544805
2735000 14.876775 -1.7241837
2740000 18.903444 -1.6983278
2745000 13.302623 -1.7104341
2750000 16.268659 -1.7132318
2755000 18.084988 -1.6979632
2760000 16.071631 -1.7182707
2765000 17.642068 -1.7035217
2770000 13.53563 -1.7267485
2775000 18.404669 -1.6965468
2780000 16.930663 -1.7244388
2785000 17.652797 -1.6810854
2790000 15.810151 -1.7290912
2795000 17.141498 -1.6885174
2800000 14.678069 -1.7223605
2805000 18.767435 -1.6901292
2810000 18.526822 -1.7101944
2815000 11.18935 -1.7287586
2820000 15.009203 -1.7406938
2825000 14.681215 -1.7311836
2830000 11.994934 -1.7325686
2835000 16.230535 -1.7010896
2840000 15.049127 -1.693276
2845000 15.700246 -1.6924779
2850000 11.691356 -1.7350366
2855000 10.295168 -1.737781
2860000 12.320056 -1.7268615
2865000 5.7377702 -1.763496
2870000 5.2490196 -1.7610326
2875000 6.2457363 -1.7529856
2880000 4.052149 -1.771673
2885000 6.6591478 -1.7485272
2890000 6.4347034 -1.7614958
2895000 10.403286 -1.7580385
2900000 4.9949171 -1.7616005
2905000 9.3646638 -1.7500744
2910000 7.1449319 -1.7469191
2915000 9.4665983 -1.755505
2920000 8.7707021 -1.7491763
2925000 6.7647214 -1.7559574
2930000 7.3758519 -1.7585463
2935000 6.0334426 -1.7576385
2940000 6.0855847 -1.7723017
2945000 4.7318668 -1.7744079
2950000 4.41154 -1.7730235
2955000 5.1684361 -1.7684691
2960000 5.5632121 -1.7782752
2965000 4.9689624 -1.7714263
2970000 4.57113 -1.7741807
2975000 3.9728465 -1.7726931
2980000 3.3882029 -1.7774889
2985000 5.0255662 -1.767375
2990000 4.7758417 -1.7698728
2995000 5.4466637 -1.7669896
3000000 4.8673416 -1.7714164
3005000 6.6060171 -1.7624796
3010000 5.0608624 -1.7605094
3015000 5.7407627 -1.7622212
3020000 7.4584822 -1.7595804
3025000 5.1017662 -1.7583513
3030000 4.246193 -1.7756373
3035000 4.0291193 -1.7723011
3040000 4.4791097 -1.7698582
3045000 3.859951 -1.7641099
3050000 4.1001978 -1.7720414
3055000 1.8346448 -1.7847624
3060000 2.6671151 -1.7825487
3065000 2.7772786 -1.7795628
3070000 3.0380989 -1.7745927
3075000 4.6301181 -1.7711857
3080000 5.1300099 -1.7746051
3085000 4.4048326 -1.7743419
3090000 4.7983578 -1.777659
3095000 3.499234 -1.7770991
3100000 5.0298711 -1.7746522
3105000 6.074374 -1.7720663
3110000 6.4299647 -1.7669813
3115000 5.6936891 -1.7644085
3120000 6.9574797 -1.763178
3125000 8.9177106 -1.7430168
3130000 6.3765987 -1.757615
3135000 11.620225 -1.7585035
3140000 8.2120754 -1.7659251
3145000 6.7939837 -1.7574431
3150000 6.3755752 -1.7750015
3155000 6.6672526 -1.7624851
3160000 8.8127939 -1.74539
3165000 8.6742892 -1.7501596
3170000 9.9953956 -1.7491797
3175000 11.360385 -1.7271883
3180000 14.377544 -1.7341808
3185000 8.4353906 -1.7392211
3190000 9.0379062 -1.74154
3195000 9.9229706 -1.7503635
3200000 10.29227 -1.7522972
3205000 12.289014 -1.7250504
3210000 8.8994473 -1.7386263
3215000 13.16231 -1.7359183
3220000 9.3805826 -1.7181746
3225000 10.119946 -1.7275982
3230000 12.194332 -1.7394865
3235000 14.097716 -1.728799
3240000 7.7430771 -1.7455976
3245000 5.3251373 -1.763522
3250000 6.5413309 -1.7713429
3255000 5.2629465 -1.7636659
3260000 6.6894842 -1.7511023
3265000 7.6210429 -1.7501876
3270000 9.8851968 -1.7464629
3275000 14.00811 -1.7414201
3280000 14.384482 -1.7325784
3285000 8.5894046 -1.7424037
3290000 6.8811382 -1.7609625
3295000 7.6853746 -1.7614598
3300000 5.6495741 -1.7659066
3305000 2.5719578 -1.7844087
3310000 3.0867961 -1.7840022
3315000 2.9986153 -1.7865198
3320000 3.3352401 -1.784924
3325000 4.3380979 -1.7782742
3330000 2.4767752 -1.7846862
3335000 2.9921712 -1.7834446
3340000 2.0242833 -1.7893595
3345000 2.3888521 -1.7892798
3350000 1.9685694 -1.7831049
3355000 3.5192994 -1.7889754
3360000 1.951338 -1.7902795
3365000 2.3233255 -1.7859734
3370000 2.4370853 -1.7868337
3375000 2.3018351 -1.7845069
3380000 3.5880964 -1.7726264
3385000 3.8549546 -1.7803898
3390000 2.919714 -1.7857989
3395000 2.1186422 -1.7900574
3400000 2.4057704 -1.7840043
3405000 2.2831227 -1.787489
3410000 2.4115452 -1.7879564
3415000 2.0623167 -1.7910467
3420000 2.6768531 -1.785933
3425000 3.9612333 -1.7798731
3430000 3.9402166 -1.7818148
3435000 2.68401 -1.7844873
3440000 1.89743 -1.7880434
3445000 2.0459307 -1.7868128
3450000 2.0821672 -1.7856994
3455000 4.097524 -1.7779174
3460000 3.5749014 -1.7828352
3465000 2.128444 -1.7912241
3470000 1.7785657 -1.7879365
3475000 1.8719932 -1.7932565
3480000 2.2068394 -1.7841039
3485000 2.752768 -1.7840017
3490000 2.1116539 -1.7877199
3495000 2.9586995 -1.7861419
3500000 3.4387434 -1.7831692
3505000 2.1563885 -1.7873059
3510000 2.1080994 -1.7865375
3515000 2.217932 -1.7915085
3520000 2.3012669 -1.789173
3525000 1.9203622 -1.7905708
3530000 1.6737577 -1.7882083
3535000 2.3088029 -1.7831654
3540000 3.8371266 -1.7810379
3545000 3.3458114 -1.7792753
3550000 2.955614 -1.7797308
3555000 3.9480869 -1.7817187
3560000 4.0051399 -1.7818713
3565000 2.6228776 -1.7842978
3570000 5.6110551 -1.7707572
3575000 5.6340644 -1.7710522
3580000 5.5694136 -1.7685023
3585000 4.7077359 -1.7715573
3590000 4.668614 -1.7735753
3595000 5.0168287 -1.7737043
3600000 5.4886064 -1.7722021
3605000 4.4839151 -1.7655281
3610000 2.6218004 -1.7836555
3615000 2.1275777 -1.7873759
3620000 1.8213446 -1.7896826
3625000 2.1259697 -1.7882934
3630000 2.3280065 -1.7894123
3635000 1.9294323 -1.7888371
3640000 2.0638305 -1.7849247
3645000 2.5705297 -1.7866625
3650000 2.1630203 -1.7884268
3655000 2.2263858 -1.7894117
3660000 2.6234885 -1.7870056
3665000 1.9179517 -1.7892766
3670000 2.2458301 -1.7889711
3675000 2.4240322 -1.7892856
3680000 1.8065716 -1.788712
3685000 2.7080611 -1.7843346
3690000 2.507148 -1.7892511
3695000 1.9790459 -1.7894001
3700000 1.6658573 -1.7904984
3705000 2.1542703 -1.7874917
3710000 1.9254562 -1.7887172
3715000 1.8959282 -1.7868461
3720000 2.8558217 -1.7864784
3725000 2.2861237 -1.7846858
3730000 2.891013 -1.7832483
3735000 3.2749956 -1.7863096
3740000 2.8456506 -1.7812016
3745000 2.6643431 -1.7870386
3750000 2.5303135 -1.7857577
3755000 2.3584508 -1.7864465
3760000 2.6694338 -1.7896731
3765000 1.7418606 -1.790089
3770000 1.8237388 -1.7870198
3775000 1.7931423 -1.787185
3780000 1.5786364 -1.7879428
3785000 2.0976529 -1.7864421
3790000 2.1578496 -1.7860118
3795000 2.6362503 -1.7846685
3800000 2.2288552 -1.7832053
3805000 2.5204549 -1.7824236
3810000 4.6409914 -1.7756054
3815000 3.2463142 -1.7812292
3820000 3.067801 -1.7806799
3825000 3.0814169 -1.7852317
3830000 2.860723 -1.7832914
3835000 2.7323385 -1.7851615
3840000 1.834262 -1.7880158
3845000 2.1955186 -1.7880182
3850000 2.3076852 -1.7875109
3855000 2.1864944 -1.7883643
3860000 2.5907421 -1.7849286
3865000 2.1148894 -1.7865301
3870000 2.2451367 -1.7857973
3875000 2.4948913 -1.78681
3880000 2.4315281 -1.7841068
3885000 1.9024404 -1.7883697
3890000 2.0917487 -1.7887447
3895000 2.5583699 -1.7865017
3900000 1.9845871 -1.7895399
3905000 2.1826161 -1.78939
3910000 1.8128623 -1.7903036
3915000 2.1982783 -1.7891997
3920000 2.4325479 -1.7856514
3925000 2.5979433 -1.785049
3930000 2.1352273 -1.783934
3935000 1.9957176 -1.7825534
3940000 1.9594135 -1.791008
3945000 2.4439774 -1.7815972
3950000 2.1676144 -1.7836872
3955000 1.5103185 -1.7877334
3960000 2.8796846 -1.7846368
3965000 4.8823711 -1.7783166
3970000 3.2129238 -1.7807301
3975000 3.0112524 -1.7806423
3980000 2.4408734 -1.7859661
3985000 2.4679265 -1.7863371
3990000 2.3299247 -1.785546
3995000 2.1200247 -1.7892118
4000000 1.8495074 -1.7888469
4005000 1.9529211 -1.7871579
4010000 1.5863722 -1.7902868
4015000 1.7784706 -1.7871676
4020000 1.8384655 -1.7867141
4025000 1.7425514 -1.7873759
4030000 2.2593934 -1.788046
4035000 2.7484771 -1.7814692
4040000 2.1970405 -1.7888603
4045000 2.4242507 -1.7855448
4050000 2.489868 -1.7878198
4055000 2.6268867 -1.7848162
4060000 1.7992989 -1.7888997
4065000 2.0109189 -1.7864797
4070000 2.3132138 -1.7834896
4075000 2.3248991 -1.7889054
4080000 3.3579514 -1.7845002
4085000 2.5455168 -1.7846135
4090000 2.246255 -1.780472
4095000 4.3847117 -1.7769126
4100000 3.6789925 -1.7825848
4105000 4.6741003 -1.7676899
4110000 4.6689426 -1.7690704
4115000 5.413995 -1.7739147
4120000 5.3423727 -1.7661774
4125000 7.0348047 -1.7633592
4130000 5.1951117 -1.7660082
4135000 5.39568 -1.7628746
4140000 5.086212 -1.7710833
4145000 5.2393162 -1.774506
4150000 5.2196447 -1.7744083
4155000 5.5937785 -1.7701
4160000 6.360239 -1.7678989
4165000 4.8572198 -1.7683167
4170000 4.8493375 -1.7665694
4175000 3.8948873 -1.7800128
4180000 3.841573 -1.7768497
4185000 3.3746181 -1.7801072
4190000 4.3904868 -1.7804037
4195000 4.8503799 -1.7750172
4200000 5.2750009 -1.7764226
4205000 4.7041084 -1.7701188
4210000 3.1970044 -1.7768109
4215000 6.0768896 -1.7560988
4220000 4.4751626 -1.7702591
4225000 5.7462403 -1.7557372
4230000 4.8769609 -1.7668394
4235000 3.1433567 -1.7758256
4240000 3.6537643 -1.7834198
4245000 3.1559718 -1.7857736
4250000 3.1679559 -1.7808001
4255000 2.2030931 -1.7846713
4260000 2.1863574 -1.7865916
4265000 3.0118471 -1.7893019
4270000 2.648311 -1.7817789
4275000 2.9054488 -1.7819321
4280000 2.5755115 -1.7870352
4285000 2.4709743 -1.7859775
4290000 2.266265 -1.785444
4295000 2.1575102 -1.7858205
4300000 1.9568123 -1.7889415
4305000 2.086713 -1.7892732
4310000 1.9880426 -1.7866551
4315000 2.1344847 -1.7867065
4320000 2.0738127 -1.7858369
4325000 2.5298173 -1.7822529
4330000 3.1538447 -1.78038
4335000 3.7568917 -1.7804786
4340000 2.2866444 -1.781
4345000 2.830707 -1.7872359
4350000 2.4917127 -1.7836591
4355000 1.6584721 -1.7872423
4360000 2.6464384 -1.7796352
4365000 2.8035376 -1.7833786
4370000 3.0211471 -1.7856398
4375000 2.2739915 -1.7852874
4380000 2.9176973 -1.7864653
4385000 2.4547325 -1.7878536
4390000 1.9687302 -1.7882848
4395000 2.822983 -1.7838596
4400000 2.8985328 -1.7849365
4405000 2.4478264 -1.7825571
4410000 3.1350452 -1.7850451
4415000 2.4838784 -1.7835561
4420000 2.7442717 -1.7833019
4425000 1.7410867 -1.7873375
4430000 2.437829 -1.7857802
4435000 1.719618 -1.789879
4440000 1.8833778 -1.7913024
4445000 2.8038575 -1.7810999
4450000 3.2137613 -1.7823792
4455000 3.0341672 -1.7823586
4460000 1.435097 -1.7917129
4465000 2.2285849 -1.7877476
4470000 2.5227711 -1.7903495
4475000 2.2253275 -1.7866268
4480000 1.9600938 -1.7890916
4485000 2.115728 -1.7882289
4490000 1.652044 -1.785284
4495000 1.9385496 -1.7919618
4500000 2.0001896 -1.7910266
4505000 2.1661606 -1.7914748
4510000 2.4494155 -1.7846876
4515000 2.3579721 -1.7812562
4520000 3.6774835 -1.7771965
4525000 3.7008338 -1.7801806
4530000 3.3081301 -1.774436
4535000 4.26628 -1.7673522
4540000 8.3167688 -1.7541773
4545000 5.6197379 -1.7624642
4550000 6.1855594 -1.7611934
4555000 12.440151 -1.7451995
4560000 19.761318 -1.6964504
4565000 17.012604 -1.7037233
4570000 12.858903 -1.6881892
4575000 17.756687 -1.7204976
4580000 15.205096 -1.6939563
4585000 12.863132 -1.6994148
4590000 13.293395 -1.6893636
4595000 20.844648 -1.6834964
4600000 16.766952 -1.7021099
4605000 18.615164 -1.7184924
4610000 12.254754 -1.7269517
4615000 15.802045 -1.7127749
4620000 15.274458 -1.7113486
4625000 18.179905 -1.721844
4630000 18.760544 -1.7034619
4635000 15.386101 -1.7057854
4640000 13.077186 -1.6908575
4645000 21.417592 -1.7151893
4650000 15.815849 -1.7052035
4655000 18.81731 -1.701144
4660000 16.596256 -1.7123578
4665000 14.399549 -1.7048683
4670000 12.192175 -1.7211074
4675000 9.7506522 -1.7228459
4680000 9.6023299 -1.7438494
4685000 9.0247345 -1.7551415
4690000 5.8501885 -1.7507305
4695000 6.8077907 -1.7635478
4700000 6.8762965 -1.7619755
4705000 8.5271123 -1.7515544
4710000 12.817835 -1.7148114
4715000 10.750359 -1.7197671
4720000 12.872904 -1.7400666
4725000 10.463357 -1.7381104
4730000 10.891889 -1.7412212
4735000 11.71452 -1.7418277
4740000 9.693553 -1.7332994
4745000 9.4870556 -1.7464919
4750000 10.377139 -1.7557643
4755000 10.894339 -1.7398138
4760000 13.371465 -1.7456028
4765000 22.66773 -1.7167365
4770000 13.464434 -1.736803
4775000 13.939874 -1.7215732
4780000 12.394557 -1.7383302
4785000 11.679586 -1.7336845
4790000 10.003978 -1.7486601
4795000 6.7798133 -1.7690648
4800000 7.2269773 -1.7641857
4805000 5.7570864 -1.7662556
4810000 8.0564014 -1.7667706
4815000 7.6174513 -1.7530112
4820000 10.252396 -1.7477483
4825000 7.4615297 -1.7365884
4830000 12.677432 -1.7286274
4835000 12.572599 -1.7449782
4840000 13.935703 -1.7311248
4845000 18.0083 -1.7146998
4850000 12.572694 -1.7174661
4855000 16.83131 -1.7113376
4860000 14.136417 -1.7174535
4865000 14.910441 -1.700808
4870000 13.575013 -1.7218374
4875000 14.550231 -1.7293759
4880000 13.949235 -1.7251616
4885000 9.9244492 -1.7248281
4890000 10.632852 -1.7364655
4895000 11.536719 -1.7173093
4900000 12.333468 -1.7293975
4905000 14.702734 -1.7431109
4910000 10.866071 -1.7322022
4915000 10.401407 -1.7339416
4920000 12.466676 -1.7293936
4925000 12.362443 -1.7261946
4930000 13.209043 -1.7021942
4935000 13.808503 -1.6902973
4940000 16.456798 -1.7040772
4945000 12.765059 -1.6868509
4950000 17.112566 -1.6915885
4955000 14.157714 -1.7185939
4960000 12.70785 -1.7219544
4965000 12.164309 -1.7358491
4970000 11.767392 -1.7391152
4975000 11.839058 -1.7285453
4980000 11.191337 -1.7359163
4985000 12.228484 -1.7356296
4990000 11.904873 -1.7294961
4995000 11.780604 -1.7412613
5000000 13.748716 -1.7210772
