# Step Temp PotEng   (replica 5, downsampled)
0 9.0486565 -1.7950808
5000 9.7173135 -1.7363775
10000 5.0868574 -1.7571847
15000 7.348643 -1.7444808
20000 9.4360907 -1.7627364
25000 11.009767 -1.729727
30000 14.768766 -1.7059047
35000 17.44047 -1.7101023
40000 15.394306 -1.7015924
45000 12.847865 -1.6894038
50000 14.226957 -1.6872449
55000 14.722074 -1.7124349
60000 12.665471 -1.7221561
65000 9.9479572 -1.7248572
70000 14.35969 -1.732709
75000 10.709461 -1.7336479
80000 18.415154 -1.7114802
85000 17.007292 -1.7114518
90000 12.177732 -1.721959
95000 14.77662 -1.7162968
100000 13.298435 -1.7185944
105000 14.078192 -1.7299955
110000 9.815237 -1.7341886
115000 15.124797 -1.7140458
120000 17.838221 -1.6936633
125000 14.203423 -1.6886676
130000 18.763708 -1.6987629
135000 23.550985 -1.65207
140000 22.665967 -1.6880285
145000 19.282241 -1.6748286
150000 25.515595 -1.6736484
155000 25.793215 -1.6604382
160000 22.587709 -1.660576
165000 18.717342 -1.6670237
170000 16.296508 -1.7174666
175000 11.238507 -1.7283113
180000 13.248501 -1.7267711
185000 9.3106642 -1.7403512
190000 8.0111289 -1.7424997
195000 8.8507052 -1.7420296
200000 10.949906 -1.7255373
205000 12.147726 -1.7374549
210000 17.03636 -1.7194217
215000 16.79276 -1.6745962
220000 18.599118 -1.7037615
225000 24.052903 -1.6608414
230000 20.016583 -1.6563675
235000 20.393927 -1.6585735
240000 15.967706 -1.6614064
245000 23.106241 -1.6619319
250000 19.626771 -1.6693508
255000 27.18122 -1.6481428
260000 23.821925 -1.6477991
265000 19.197898 -1.652547
270000 22.926018 -1.6089712
275000 27.895539 -1.6793458
280000 20.067041 -1.6231112
285000 23.427518 -1.6710763
290000 23.672467 -1.6825971
295000 18.505098 -1.6851775
300000 25.359998 -1.6706035
305000 24.284427 -1.6687415
310000 25.953033 -1.6486696
315000 26.197443 -1.6850986
320000 19.457924 -1.6629175
325000 22.213163 -1.6974987
330000 22.635324 -1.6367752
335000 17.690437 -1.6279887
340000 37.677936 -1.5172671
345000 23.362183 -1.5758328
350000 22.593317 -1.5795802
355000 25.22109 -1.6148287
360000 24.669206 -1.6602082
365000 17.44268 -1.6510008
370000 23.546566 -1.5604298
375000 34.161599 -1.592457
380000 31.470657 -1.5466472
385000 25.378142 -1.5710628
390000 38.075719 -1.568999
395000 34.79492 -1.5169131
400000 34.88044 -1.5384355
405000 30.189816 -1.5048644
410000 31.609434 -1.5256012
415000 31.611956 -1.5593253
420000 28.180045 -1.5758011
425000 29.55838 -1.564189
430000 39.084834 -1.5473094
435000 45.452567 -1.4305165
440000 27.255705 -1.4350973
445000 38.782814 -1.45583
450000 38.174045 -1.4348836
455000 36.874883 -1.4134953
460000 34.857853 -1.5182801
465000 32.124156 -1.5463347
470000 23.835927 -1.5752162
475000 34.347406 -1.384526
480000 47.262806 -1.4810866
485000 44.929301 -1.4012677
490000 38.089886 -1.4516921
495000 33.103658 -1.5538371
500000 29.601064 -1.5368181
505000 25.401627 -1.5982869
510000 21.25796 -1.5746907
515000 20.858264 -1.6114337
520000 30.450403 -1.5921868
525000 27.287726 -1.5688743
530000 28.260518 -1.5562572
535000 29.007636 -1.506364
540000 31.917961 -1.5163159
545000 25.006491 -1.6217499
550000 21.583885 -1.6255346
555000 19.472868 -1.6120266
560000 21.367025 -1.6513122
565000 22.904908 -1.6339917
570000 22.442175 -1.5817742
575000 30.313267 -1.5292774
580000 32.781028 -1.5197755
585000 25.428403 -1.6406761
590000 24.707716 -1.6194984
595000 16.761641 -1.6195912
600000 24.447528 -1.6510227
605000 25.242199 -1.6688321
610000 15.226838 -1.6070765
615000 26.481502 -1.6472507
620000 24.576471 -1.638617
625000 21.816254 -1.6373918
630000 24.598843 -1.6178926
635000 31.973465 -1.5588439
640000 22.812526 -1.566448
645000 24.100838 -1.5491342
650000 27.643308 -1.570185
655000 20.755238 -1.6162448
660000 22.819902 -1.5982629
665000 43.504017 -1.3948709
670000 32.466303 -1.454711
675000 32.813804 -1.4771508
680000 42.983867 -1.4590365
685000 39.944597 -1.4103166
690000 43.485545 -1.3586994
695000 31.231554 -1.4329632
700000 47.316963 -1.4003734
705000 48.506881 -1.4123071
710000 39.327357 -1.4595621
715000 34.288245 -1.4382828
720000 46.151334 -1.476944
725000 35.842541 -1.4699736
730000 41.33398 -1.4142813
735000 40.886596 -1.422584
740000 38.530116 -1.4705386
745000 35.72943 -1.326713
750000 40.256689 -1.4725926
755000 44.523872 -1.5114494
760000 30.739752 -1.5434992
765000 37.90167 -1.4700895
770000 42.925154 -1.4201969
775000 39.110113 -1.4450846
780000 43.204393 -1.436081
785000 41.42154 -1.4570717
790000 38.387002 -1.3979299
795000 46.865068 -1.4521354
800000 36.59555 -1.3993081
805000 42.813554 -1.4251599
810000 45.914165 -1.4723543
815000 33.875954 -1.4115041
820000 38.331661 -1.3860469
825000 31.21251 -1.3715154
830000 44.384489 -1.4156834
835000 35.079637 -1.4165921
840000 51.345599 -1.3956819
845000 34.868362 -1.3713336
850000 36.75289 -1.4211842
855000 34.813185 -1.3736393
860000 39.974703 -1.407956
865000 43.983598 -1.4963025
870000 32.839386 -1.4977623
875000 31.264792 -1.5244831
880000 42.492165 -1.4563752
885000 30.290704 -1.4555306
890000 43.221107 -1.4808045
895000 43.319119 -1.4415755
900000 32.550809 -1.4817616
905000 44.312615 -1.482842
910000 30.65726 -1.5507696
915000 31.489953 -1.5032808
920000 24.439271 -1.5725303
925000 38.274163 -1.560714
930000 39.565103 -1.5447438
935000 26.332241 -1.5620656
940000 24.657457 -1.5542356
945000 66.462859 -1.4018458
950000 35.63572 -1.3707503
955000 40.941228 -1.3937117
960000 46.821258 -1.4378747
965000 34.132449 -1.4047834
970000 40.656584 -1.4694291
975000 41.46112 -1.4333704
980000 36.878654 -1.4247932
985000 37.877001 -1.4220016
990000 38.6192 -1.4529412
995000 36.708756 -1.4089012
1000000 26.774961 -1.4636847
1005000 36.252648 -1.4302624
1010000 47.873539 -1.4198514
1015000 43.803581 -1.3892157
1020000 34.973073 -1.3792007
1025000 41.588353 -1.4218632
1030000 43.698848 -1.4092261
1035000 40.485269 -1.3580905
1040000 36.428296 -1.4104831
1045000 42.985521 -1.3959784
1050000 46.25801 -1.3813914
1055000 47.265103 -1.3735506
1060000 43.779987 -1.4353489
1065000 41.469689 -1.4230266
1070000 47.684879 -1.4098597
1075000 36.22767 -1.4301961
1080000 46.077215 -1.3893091
1085000 43.518356 -1.4807505
1090000 46.281381 -1.4645479
1095000 33.438512 -1.4147907
1100000 41.836438 -1.428157
1105000 35.629303 -1.4564058
1110000 37.663353 -1.4640843
1115000 33.642777 -1.4573952
1120000 53.611032 -1.3408202
1125000 36.415781 -1.4341935
1130000 44.981497 -1.4196242
1135000 34.243098 -1.2827754
1140000 40.629161 -1.4295308
1145000 38.103596 -1.4053697
1150000 34.716421 -1.4344167
1155000 41.497074 -1.3359504
1160000 43.467521 -1.424567
1165000 31.141937 -1.5144063
1170000 18.633387 -1.5406677
1175000 32.626395 -1.5037199
1180000 27.592551 -1.5264546
1185000 29.143123 -1.5881575
1190000 25.187009 -1.562984
1195000 23.99943 -1.6372808
1200000 19.911675 -1.6161888
1205000 24.848536 -1.5802554
1210000 35.157878 -1.5531934
1215000 33.843745 -1.5112583
1220000 34.777058 -1.5186489
1225000 30.535593 -1.601828
1230000 24.16505 -1.629945
1235000 22.08715 -1.6420095
1240000 24.441886 -1.5923081
1245000 24.348781 -1.6112973
1250000 15.910905 -1.6297673
1255000 27.769741 -1.6455605
1260000 23.587114 -1.6317992
1265000 15.599213 -1.6188483
1270000 18.541348 -1.6133371
1275000 26.919476 -1.5804944
1280000 21.194698 -1.6187576
1285000 25.275587 -1.6231632
1290000 24.095267 -1.6293283
1295000 22.924018 -1.6240414
1300000 19.746211 -1.6485097
1305000 29.009152 -1.6376567
1310000 18.535217 -1.6229125
1315000 22.928493 -1.5990819
1320000 19.541222 -1.617162
1325000 20.278126 -1.652388
1330000 18.955568 -1.6501109
1335000 25.861265 -1.62815
1340000 24.644459 -1.623681
1345000 34.208955 -1.5546922
1350000 36.1401 -1.5561824
1355000 35.34375 -1.5824995
1360000 23.09424 -1.6282212
1365000 23.89654 -1.5872198
1370000 26.830484 -1.5926451
1375000 28.112794 -1.5840493
1380000 32.141821 -1.4452786
1385000 31.308017 -1.5124187
1390000 35.820119 -1.5128999
1395000 44.308442 -1.4637141
1400000 29.171348 -1.3678643
1405000 34.431457 -1.3903909
1410000 40.578396 -1.4776396
1415000 33.474444 -1.4889095
1420000 43.055013 -1.536142
1425000 39.561437 -1.5631005
1430000 30.703877 -1.5537393
1435000 29.168973 -1.4865671
1440000 44.579505 -1.5108094
1445000 31.7868 -1.46843
1450000 42.180153 -1.4065988
1455000 46.185364 -1.5102065
1460000 41.2066 -1.4564517
1465000 43.636655 -1.4199596
1470000 39.436512 -1.4798969
1475000 43.484569 -1.3891154
1480000 26.809735 -1.3378577
1485000 32.187275 -1.4045089
1490000 41.469832 -1.4158978
1495000 27.770182 -1.4281769
1500000 46.984951 -1.455
1505000 34.714142 -1.4743986
1510000 34.90943 -1.442671
1515000 36.842053 -1.4049738
1520000 34.143761 -1.5170485
1525000 24.409768 -1.5700067
1530000 28.196678 -1.6052321
1535000 32.046694 -1.552097
1540000 29.15409 -1.5942352
1545000 37.2109 -1.524921
1550000 18.648203 -1.600297
1555000 28.240605 -1.5817006
1560000 31.561108 -1.5259404
1565000 37.559974 -1.3797499
1570000 42.19976 -1.3879554
1575000 39.283017 -1.4321573
1580000 44.832446 -1.4584738
1585000 44.497743 -1.4443075
1590000 37.21921 -1.4407378
1595000 40.528617 -1.4638309
1600000 38.564737 -1.3800732
1605000 48.033683 -1.4196355
1610000 37.104914 -1.3752534
1615000 42.164246 -1.4145724
1620000 42.846222 -1.3965482
1625000 36.670978 -1.5137294
1630000 27.914761 -1.4121863
1635000 42.053579 -1.3456537
1640000 38.265253 -1.4420572
1645000 50.087503 -1.4876899
1650000 31.043739 -1.4892474
1655000 28.91195 -1.59123
1660000 26.828277 -1.567824
1665000 28.926652 -1.5303198
1670000 31.099912 -1.5324257
1675000 33.295262 -1.5625425
1680000 30.224286 -1.5124813
1685000 24.04634 -1.5320779
1690000 37.082209 -1.5247492
1695000 25.488102 -1.5470905
1700000 30.546034 -1.5338439
1705000 36.079545 -1.4863244
1710000 33.528166 -1.5283487
1715000 25.535345 -1.5435659
1720000 26.316303 -1.5935432
1725000 26.452003 -1.5498473
1730000 26.868334 -1.5647696
1735000 37.09583 -1.545325
1740000 37.034424 -1.5209308
1745000 27.86513 -1.5782356
1750000 36.31156 -1.4986457
1755000 40.694813 -1.4631779
1760000 41.940813 -1.5111335
1765000 35.722279 -1.483956
1770000 40.697556 -1.4603419
1775000 42.293485 -1.5210717
1780000 37.457222 -1.5798027
1785000 24.870111 -1.5865764
1790000 28.369403 -1.5660375
1795000 29.772909 -1.5803267
1800000 35.335273 -1.5052125
1805000 28.206465 -1.5628256
1810000 30.963357 -1.5837976
1815000 20.814333 -1.5931859
1820000 24.408511 -1.6155772
1825000 35.556396 -1.5889142
1830000 42.690197 -1.5648044
1835000 28.894463 -1.5264269
1840000 30.994598 -1.5067847
1845000 26.21629 -1.5232121
1850000 37.713339 -1.5400055
1855000 39.956922 -1.5564775
1860000 32.779073 -1.5859414
1865000 21.894263 -1.5961642
1870000 24.22355 -1.6403927
1875000 19.40247 -1.6219975
1880000 23.782579 -1.6549527
1885000 22.926188 -1.6344666
1890000 15.777031 -1.5951946
1895000 30.184348 -1.57611
1900000 21.13272 -1.6554847
1905000 18.126794 -1.6045495
1910000 27.591544 -1.5980071
1915000 33.520718 -1.5796763
1920000 23.309305 -1.6099866
1925000 26.276412 -1.6385446
1930000 18.4054 -1.5903554
1935000 24.257501 -1.5972683
1940000 27.965237 -1.5994044
1945000 23.982418 -1.5899067
1950000 18.090793 -1.60388
1955000 21.231596 -1.6010621
1960000 20.839534 -1.633644
1965000 20.36481 -1.6538089
1970000 27.718463 -1.5510349
1975000 29.246348 -1.5590074
1980000 20.200102 -1.5737247
1985000 20.832349 -1.5843308
1990000 24.774893 -1.5826712
1995000 23.019806 -1.5478307
2000000 30.952408 -1.5561338
2005000 22.049978 -1.595952
2010000 21.139138 -1.6044221
2015000 32.577315 -1.5607872
2020000 18.878026 -1.5962015
2025000 33.624744 -1.5686102
2030000 41.298516 -1.5121042
2035000 30.434754 -1.516509
2040000 27.637413 -1.4931723
2045000 39.884581 -1.4067732
2050000 40.716269 -1.4067929
2055000 40.916153 -1.4660971
2060000 28.079667 -1.5094242
2065000 23.810425 -1.5863294
2070000 26.773013 -1.5803117
2075000 21.506853 -1.5897955
2080000 27.418528 -1.6108182
2085000 27.860241 -1.5631526
2090000 22.78119 -1.5812834
2095000 34.062624 -1.5292771
2100000 31.460942 -1.5607106
2105000 24.994645 -1.5568519
2110000 27.66216 -1.4753914
2115000 29.345607 -1.5230543
2120000 42.174896 -1.5156443
2125000 47.23232 -1.3755328
2130000 31.375153 -1.5219766
2135000 36.619481 -1.5524073
2140000 30.387353 -1.4954737
2145000 36.829939 -1.5330423
2150000 36.248605 -1.5291127
2155000 37.804074 -1.5019678
2160000 30.705707 -1.5545493
2165000 38.184457 -1.4920998
2170000 24.253488 -1.5154055
2175000 41.673059 -1.4843671
2180000 44.804841 -1.4925559
2185000 37.766047 -1.5082405
2190000 38.525125 -1.4733988
2195000 37.003898 -1.4594527
2200000 38.2421 -1.465628
2205000 43.085011 -1.4311362
2210000 43.567784 -1.4307771
2215000 28.870846 -1.497254
2220000 29.317129 -1.5310618
2225000 33.339231 -1.4873886
2230000 29.39541 -1.5056022
2235000 28.846563 -1.463325
2240000 39.239367 -1.5774405
2245000 29.079631 -1.5387881
2250000 26.928782 -1.5656424
2255000 30.787708 -1.5384508
2260000 30.85588 -1.5365364
2265000 34.087206 -1.5114483
2270000 38.365297 -1.3816124
2275000 39.545316 -1.4346148
2280000 35.872335 -1.3895369
2285000 28.681807 -1.3961005
2290000 37.707511 -1.4411437
2295000 48.600885 -1.4249045
2300000 41.605943 -1.449665
2305000 36.225114 -1.4478294
2310000 43.348712 -1.4915931
2315000 30.549068 -1.5726528
2320000 36.899991 -1.5663126
2325000 21.606628 -1.5891195
2330000 24.86629 -1.5947179
2335000 33.426721 -1.5817333
2340000 24.40487 -1.5848924
2345000 19.306927 -1.6097934
2350000 17.804388 -1.6021108
2355000 22.348913 -1.6249294
2360000 21.464522 -1.6349723
2365000 23.555723 -1.6184066
2370000 20.959725 -1.580478
2375000 26.79952 -1.5520535
2380000 33.275226 -1.5085891
2385000 26.735445 -1.584254
2390000 24.709792 -1.5114952
2395000 44.531137 -1.4471155
2400000 42.291629 -1.4793572
2405000 31.388009 -1.5246182
2410000 34.049198 -1.5230413
2415000 36.013187 -1.5560285
2420000 25.422515 -1.5959753
2425000 28.158526 -1.5595147
2430000 35.732244 -1.540665
2435000 23.629197 -1.5274177
2440000 29.440094 -1.5218379
2445000 31.755111 -1.5856456
2450000 29.294197 -1.5208487
2455000 31.986865 -1.5359186
2460000 23.083682 -1.5900575
2465000 49.464547 -1.4794507
2470000 40.202651 -1.4269058
2475000 42.987289 -1.4015291
2480000 41.638472 -1.4833306
2485000 27.263597 -1.5388713
2490000 33.679955 -1.4981745
2495000 34.192335 -1.5474242
2500000 39.003986 -1.4911233
2505000 34.44889 -1.5521601
2510000 33.806456 -1.5398315
2515000 33.735234 -1.5548245
2520000 27.416511 -1.5907616
2525000 29.681725 -1.6140583
2530000 23.575485 -1.5697545
2535000 20.905123 -1.6141874
2540000 24.190017 -1.6244322
2545000 22.262557 -1.6108016
2550000 20.75241 -1.651173
2555000 23.289472 -1.6471799
2560000 30.650265 -1.5470038
2565000 25.634758 -1.5524188
2570000 26.277417 -1.5849805
2575000 23.093569 -1.5720306
2580000 33.983132 -1.5058265
2585000 29.286715 -1.5620919
2590000 39.228063 -1.5761323
2595000 16.046946 -1.59713
2600000 24.054744 -1.6171136
2605000 31.470402 -1.5592438
2610000 34.911822 -1.5658974
2615000 26.982855 -1.5305106
2620000 29.196844 -1.5932789
2625000 23.880673 -1.53029
2630000 28.012758 -1.5802655
2635000 34.655014 -1.4779245
2640000 38.601669 -1.4574098
2645000 39.629522 -1.4204901
2650000 44.441638 -1.4710849
2655000 40.733696 -1.4871818
2660000 30.411678 -1.5559959
2665000 27.592278 -1.6006812
2670000 27.885045 -1.571722
2675000 27.670366 -1.5878042
2680000 24.347907 -1.5737639
2685000 32.255662 -1.5663081
2690000 22.669476 -1.5475732
2695000 29.236265 -1.6031307
2700000 21.936404 -1.5306633
2705000 23.862695 -1.5875299
2710000 26.175874 -1.5261922
2715000 26.436037 -1.5717355
2720000 26.487773 -1.5913117
2725000 32.810319 -1.5822232
2730000 22.336315 -1.5592489
2735000 23.895896 -1.592793
2740000 19.201445 -1.5929243
2745000 32.346899 -1.537769
2750000 35.352339 -1.5335014
2755000 25.511265 -1.5593527
2760000 27.824698 -1.5570156
2765000 33.532378 -1.5102343
2770000 30.289308 -1.4879054
2775000 32.193891 -1.4275958
2780000 41.407763 -1.4690762
2785000 45.469696 -1.4182024
2790000 36.015301 -1.4920886
2795000 34.619968 -1.4018389
2800000 29.66785 -1.4027408
2805000 38.040811 -1.4464274
2810000 40.990966 -1.5307601
2815000 35.554259 -1.4871729
2820000 26.813212 -1.5764169
2825000 27.818351 -1.5831777
2830000 28.765394 -1.522329
2835000 22.758883 -1.5512454
2840000 33.456588 -1.555783
2845000 19.335498 -1.6035273
2850000 34.814048 -1.5609434
2855000 41.088321 -1.5174227
2860000 36.68004 -1.4888239
2865000 40.517603 -1.3841512
2870000 46.261856 -1.4891824
2875000 32.798125 -1.5409642
2880000 26.013597 -1.5475982
2885000 37.953711 -1.4412481
2890000 41.550066 -1.4140338
2895000 43.563849 -1.4049729
2900000 39.0527 -1.4732914
2905000 48.514572 -1.4363749
2910000 48.280805 -1.4671167
2915000 30.147656 -1.5341416
2920000 30.753611 -1.5042539
2925000 31.800452 -1.5070976
2930000 33.990672 -1.5519224
2935000 29.277019 -1.53965
2940000 32.243225 -1.5193158
2945000 32.532938 -1.5596104
2950000 42.674874 -1.4865626
2955000 25.402637 -1.557915
2960000 21.215366 -1.6305806
2965000 25.049525 -1.5865177
2970000 24.297072 -1.589179
2975000 25.97732 -1.616721
2980000 26.375892 -1.6141544
2985000 32.702469 -1.6016331
2990000 20.656881 -1.6111418
2995000 19.265501 -1.6645541
3000000 23.074644 -1.6225389
3005000 23.074306 -1.6661711
3010000 20.313982 -1.6325292
3015000 22.617276 -1.6199328
3020000 19.514331 -1.5813595
3025000 28.001917 -1.4904637
3030000 22.068113 -1.5597171
3035000 27.223804 -1.5466279
3040000 24.422035 -1.6132727
3045000 20.143731 -1.6466232
3050000 19.019118 -1.6086204
3055000 25.893416 -1.6275074
3060000 30.845426 -1.609306
3065000 28.317227 -1.5862105
3070000 24.372094 -1.6098719
3075000 25.742819 -1.6221818
3080000 19.439133 -1.625001
3085000 19.76624 -1.6252355
3090000 30.962393 -1.5937721
3095000 34.584426 -1.5805726
3100000 33.321064 -1.4993066
3105000 34.841292 -1.5699559
3110000 28.364552 -1.581923
3115000 21.049729 -1.5975765
3120000 22.338632 -1.5998161
3125000 31.498468 -1.5779313
3130000 27.36465 -1.5717985
3135000 23.507834 -1.6091553
3140000 33.03509 -1.5217746
3145000 27.690562 -1.5127197
3150000 35.175268 -1.535048
3155000 36.77208 -1.590042
3160000 32.610994 -1.5712967
3165000 37.005875 -1.5458031
3170000 28.646197 -1.5953326
3175000 21.900455 -1.5483711
3180000 23.589213 -1.5872814
3185000 20.789432 -1.6085013
3190000 19.352775 -1.5830498
3195000 19.964561 -1.5966132
3200000 21.304381 -1.6343715
3205000 34.112287 -1.5450806
3210000 35.912386 -1.5477908
3215000 21.730927 -1.586731
3220000 29.718222 -1.5435745
3225000 31.284231 -1.5485938
3230000 22.880325 -1.5656758
3235000 24.296078 -1.6164458
3240000 30.093167 -1.5998093
3245000 26.798335 -1.5727372
3250000 29.948167 -1.5061846
3255000 23.782797 -1.5123067
3260000 30.389064 -1.4955273
3265000 20.935495 -1.5712203
3270000 31.767054 -1.5174434
3275000 28.344967 -1.5295274
3280000 36.258927 -1.5172752
3285000 29.402316 -1.5133888
3290000 28.382333 -1.5204521
3295000 30.160306 -1.5604597
3300000 35.983418 -1.5712694
3305000 30.721145 -1.5345915
3310000 33.520387 -1.3620301
3315000 45.780234 -1.4521376
3320000 36.778508 -1.4719588
3325000 34.611739 -1.4450827
3330000 42.69189 -1.3941028
3335000 44.488642 -1.4219767
3340000 29.606184 -1.4477754
3345000 37.009171 -1.4394061
3350000 47.167133 -1.5145455
3355000 45.239157 -1.4537357
3360000 33.713681 -1.4644909
3365000 30.882777 -1.4937079
3370000 33.814677 -1.4996189
3375000 39.878687 -1.4242616
3380000 42.525678 -1.4551789
3385000 35.240796 -1.4619873
3390000 41.044527 -1.4419247
3395000 39.347125 -1.4550125
3400000 26.356218 -1.5259412
3405000 27.55524 -1.5423185
3410000 24.82793 -1.5858194
3415000 39.449558 -1.5848468
3420000 30.510833 -1.5634668
3425000 24.257299 -1.570839
3430000 28.263307 -1.6130193
3435000 30.904207 -1.5168128
3440000 29.174393 -1.6133567
3445000 31.286029 -1.6356606
3450000 21.006466 -1.6334566
3455000 30.115936 -1.6213891
3460000 26.061263 -1.604657
3465000 28.165055 -1.6008944
3470000 25.176897 -1.6004451
3475000 21.233025 -1.5503595
3480000 18.447085 -1.6017108
3485000 32.096655 -1.5585518
3490000 30.724129 -1.533405
3495000 23.06942 -1.6090132
3500000 23.385713 -1.5935995
3505000 26.869086 -1.5910278
3510000 27.845401 -1.6017123
3515000 23.07842 -1.6192075
3520000 21.911757 -1.6423592
3525000 18.400823 -1.6066256
3530000 18.026619 -1.6209639
3535000 27.488446 -1.5698733
3540000 25.814846 -1.6537494
3545000 27.445028 -1.5674678
3550000 22.674522 -1.5916185
3555000 31.090386 -1.6108935
3560000 22.668284 -1.5728277
3565000 32.717389 -1.5377036
3570000 36.771396 -1.5661459
3575000 20.095123 -1.6076876
3580000 29.086374 -1.6430249
3585000 23.261131 -1.6342102
3590000 15.504257 -1.6199253
3595000 24.129771 -1.593019
3600000 29.752204 -1.5781675
3605000 26.822838 -1.5639973
3610000 26.819269 -1.6187572
3615000 26.92042 -1.5956928
3620000 26.532148 -1.6035747
3625000 23.715771 -1.5760422
3630000 37.103368 -1.5710715
3635000 32.126393 -1.5642473
3640000 25.660844 -1.6083818
3645000 18.656504 -1.5993542
3650000 25.372621 -1.6070161
3655000 19.067947 -1.6511547
3660000 28.462174 -1.5933619
3665000 25.634827 -1.6259523
3670000 27.343164 -1.5884939
3675000 20.938273 -1.5411563
3680000 29.029828 -1.5953544
3685000 29.328354 -1.5976597
3690000 24.116397 -1.6405358
3695000 22.076498 -1.6123136
3700000 27.722003 -1.6206922
3705000 25.828261 -1.6090528
3710000 29.472429 -1.5800747
3715000 21.877185 -1.5460066
3720000 27.170713 -1.5812389
3725000 23.73677 -1.5950063
3730000 20.972957 -1.564449
3735000 25.163192 -1.5709137
3740000 22.152826 -1.5749045
3745000 22.110897 -1.5720064
3750000 27.197607 -1.5868881
3755000 25.803481 -1.6151735
3760000 21.929772 -1.5818984
3765000 23.501665 -1.5830431
3770000 30.191642 -1.5900509
3775000 26.229375 -1.6072162
3780000 22.687232 -1.6376828
3785000 24.365046 -1.6141882
3790000 21.947805 -1.6312452
3795000 27.218441 -1.5838473
3800000 30.663051 -1.5352157
3805000 44.445028 -1.4273831
3810000 38.113405 -1.470341
3815000 41.979421 -1.4817491
3820000 51.212806 -1.4108288
3825000 37.329096 -1.5042496
3830000 51.977332 -1.4826075
3835000 43.725341 -1.541802
3840000 33.956697 -1.5261864
3845000 33.774596 -1.5253737
3850000 41.202906 -1.5346838
3855000 18.75843 -1.6073779
3860000 20.504899 -1.6470688
3865000 22.471247 -1.6220744
3870000 23.693518 -1.6431652
3875000 25.509866 -1.6052882
3880000 22.003409 -1.6400398
3885000 35.689621 -1.5222716
3890000 27.840299 -1.6108386
3895000 27.490331 -1.5643164
3900000 24.245742 -1.6416575
3905000 16.47182 -1.6711475
3910000 18.388779 -1.6411937
3915000 25.147757 -1.5986195
3920000 19.569496 -1.6170832
3925000 26.105928 -1.6234502
3930000 20.693496 -1.6438993
3935000 21.478448 -1.610838
3940000 24.956138 -1.6240546
3945000 21.647262 -1.6266432
3950000 21.208587 -1.6261229
3955000 23.885739 -1.6290249
3960000 25.274544 -1.6184584
3965000 20.382884 -1.5980713
3970000 25.160975 -1.6247829
3975000 21.9762 -1.6111108
3980000 21.268431 -1.6369566
3985000 31.072209 -1.6028542
3990000 30.668035 -1.5762944
3995000 25.913209 -1.6131088
4000000 26.746778 -1.6000846
4005000 27.067636 -1.5784129
4010000 20.666745 -1.6161932
4015000 26.652267 -1.6200417
4020000 26.087528 -1.620354
4025000 20.608898 -1.6617129
4030000 17.796761 -1.6129713
4035000 27.673876 -1.5892322
4040000 25.421161 -1.5794733
4045000 30.173587 -1.5864051
4050000 31.944552 -1.5943432
4055000 43.997493 -1.5491118
4060000 34.863741 -1.5656472
4065000 28.950115 -1.5853549
4070000 27.210674 -1.5158187
4075000 41.799807 -1.5025709
4080000 39.66514 -1.4483969
4085000 39.361466 -1.573107
4090000 30.730388 -1.5461469
4095000 21.776541 -1.5850053
4100000 25.043932 -1.596121
4105000 25.053119 -1.6092955
4110000 37.797316 -1.5506677
4115000 50.233404 -1.4665343
4120000 26.991373 -1.5650588
4125000 30.961062 -1.5838517
4130000 19.808133 -1.6338664
4135000 21.133206 -1.6081853
4140000 33.844403 -1.556259
4145000 33.583751 -1.6049998
4150000 21.691583 -1.5875074
4155000 23.736379 -1.6004767
4160000 38.114319 -1.5184271
4165000 34.755782 -1.5489342
4170000 33.827987 -1.513787
4175000 36.269507 -1.5791302
4180000 22.273372 -1.6049545
4185000 27.843779 -1.6040287
4190000 35.999896 -1.5602273
4195000 34.424555 -1.5832488
4200000 31.618495 -1.5738228
4205000 22.296846 -1.5384402
4210000 34.73147 -1.5309358
4215000 26.975017 -1.5799087
4220000 32.234418 -1.5311335
4225000 37.178042 -1.4704617
4230000 33.296485 -1.525772
4235000 32.536025 -1.5459729
4240000 32.618891 -1.5178905
4245000 27.541142 -1.5636345
4250000 33.208978 -1.5997312
4255000 26.060158 -1.5976412
4260000 23.053076 -1.6017479
4265000 25.175981 -1.5669743
4270000 28.863765 -1.5940242
4275000 30.895854 -1.5249781
4280000 27.572124 -1.5846316
4285000 24.279645 -1.6136121
4290000 26.959537 -1.5785389
4295000 26.543216 -1.6027308
4300000 23.56364 -1.6400137
4305000 28.18181 -1.5801191
4310000 19.610975 -1.6276918
4315000 21.542731 -1.5875861
4320000 27.076453 -1.6014381
4325000 18.781764 -1.6441882
4330000 26.195747 -1.6206095
4335000 25.629337 -1.6270259
4340000 27.204311 -1.6204158
4345000 25.144062 -1.5959293
4350000 19.02776 -1.6529311
4355000 22.468173 -1.6447668
4360000 21.289674 -1.5835828
4365000 35.429745 -1.5161885
4370000 20.856268 -1.6191759
4375000 24.989023 -1.5773119
4380000 27.117277 -1.6493304
4385000 23.271636 -1.6215578
4390000 28.208318 -1.5976365
4395000 29.160147 -1.5845984
4400000 23.3945 -1.6098633
4405000 21.004298 -1.6089452
4410000 25.556808 -1.6493887
4415000 17.777215 -1.6202871
4420000 23.203204 -1.6045689
4425000 23.165605 -1.6308332
4430000 19.353052 -1.6413903
4435000 30.363184 -1.6201735
4440000 35.946845 -1.5714114
4445000 34.687832 -1.5204687
4450000 33.845905 -1.4685622
4455000 36.404591 -1.4308066
4460000 35.542331 -1.4551978
4465000 38.148449 -1.3980781
4470000 41.459044 -1.4797388
4475000 43.98638 -1.4231471
4480000 46.571306 -1.4705216
4485000 51.348202 -1.4505979
4490000 44.15552 -1.44633
4495000 40.601562 -1.4103016
4500000 34.457369 -1.457999
4505000 36.34329 -1.3636094
4510000 43.343452 -1.3958676
4515000 53.366094 -1.4393179
4520000 42.29897 -1.4576776
4525000 46.323114 -1.4168386
4530000 38.546645 -1.4082003
4535000 43.120845 -1.4039396
4540000 38.014422 -1.4832826
4545000 39.566273 -1.4698874
4550000 41.579848 -1.3806283
4555000 41.083553 -1.4327551
4560000 32.082222 -1.5055347
4565000 28.694181 -1.5364268
4570000 41.914375 -1.5145203
4575000 32.650661 -1.5543752
4580000 39.55721 -1.5194265
4585000 35.043936 -1.5334539
4590000 39.532226 -1.5050621
4595000 30.758956 -1.5246827
4600000 32.666905 -1.5591729
4605000 32.358884 -1.5933258
4610000 34.900002 -1.5622724
4615000 28.770681 -1.6189929
4620000 19.521754 -1.6386706
4625000 20.471197 -1.6099913
4630000 24.215505 -1.6376365
4635000 27.127842 -1.6152662
4640000 31.569925 -1.6253878
4645000 20.132114 -1.6142161
4650000 22.848774 -1.6251629
4655000 25.041403 -1.6434753
4660000 26.046855 -1.6213621
4665000 21.519275 -1.5600805
4670000 19.738231 -1.6118685
4675000 28.060975 -1.5769952
4680000 40.416879 -1.5185944
4685000 45.466526 -1.4181701
4690000 39.920344 -1.5303972
4695000 33.390881 -1.5853582
4700000 31.297979 -1.5544955
4705000 28.281794 -1.5290321
4710000 37.745606 -1.5248035
4715000 37.031552 -1.5243334
4720000 28.603484 -1.5345495
4725000 36.502323 -1.4755099
4730000 34.025131 -1.556114
4735000 37.969938 -1.5035779
4740000 35.565474 -1.5474569
4745000 43.179879 -1.5591519
4750000 36.930622 -1.5034374
4755000 26.180875 -1.500628
4760000 30.317831 -1.5038669
4765000 32.232394 -1.5561425
4770000 37.712406 -1.5398785
4775000 36.936 -1.5347683
4780000 26.509207 -1.4696087
4785000 27.848339 -1.5419382
4790000 40.167067 -1.4914668
4795000 32.352838 -1.4877881
4800000 32.824319 -1.4381497
4805000 47.251115 -1.5014618
4810000 41.699658 -1.4031092
4815000 38.988249 -1.4201935
4820000 37.724313 -1.4984372
4825000 37.98766 -1.5133577
4830000 40.907842 -1.4660465
4835000 40.128568 -1.4652128
4840000 46.385547 -1.4578284
4845000 37.837766 -1.4075278
4850000 32.64921 -1.3764113
4855000 39.034228 -1.4579235
4860000 47.386477 -1.4284835
4865000 53.710122 -1.4200552
4870000 38.080138 -1.4791422
4875000 43.2537 -1.4698294
4880000 37.652514 -1.4153802
4885000 35.197566 -1.4138076
4890000 37.254309 -1.4058515
4895000 40.722209 -1.4707874
4900000 31.035119 -1.4415937
4905000 26.043954 -1.4732769
4910000 38.628311 -1.5895593
4915000 32.580536 -1.4668101
4920000 36.291179 -1.532351
4925000 25.123751 -1.5537024
4930000 32.503131 -1.4923679
4935000 36.115549 -1.4373793
4940000 50.867981 -1.4862359
4945000 44.823432 -1.4887553
4950000 40.241354 -1.4599766
4955000 36.026152 -1.4814412
4960000 47.401649 -1.5414788
4965000 33.737507 -1.5603526
4970000 38.368213 -1.5532052
4975000 21.928694 -1.5905057
4980000 22.599239 -1.6228547
4985000 30.62649 -1.5436626
4990000 31.5986 -1.5821074
4995000 39.018066 -1.55999
5000000 37.002616 -1.558612
