# Step Temp PotEng   (replica 1, downsampled)
0 2.5796608 -1.7950808
5000 2.6767077 -1.78346
10000 1.9002577 -1.7907464
15000 2.3612492 -1.7841392
20000 2.0051441 -1.7862627
25000 2.0173472 -1.785566
30000 1.5560786 -1.7903249
35000 2.0965917 -1.7899319
40000 1.6555057 -1.7860895
45000 1.7558423 -1.7889158
50000 2.3720257 -1.790323
55000 2.0702542 -1.7879355
60000 1.5149057 -1.7899784
65000 2.0407911 -1.7893401
70000 1.9602183 -1.7903472
75000 2.3736597 -1.7849438
80000 2.1374491 -1.7743488
85000 3.8941246 -1.7729636
90000 6.2261074 -1.768968
95000 6.5390309 -1.7670113
100000 5.2315405 -1.7664982
105000 6.8229884 -1.7444818
110000 9.0501378 -1.7467233
115000 9.3722686 -1.750085
120000 9.3830249 -1.7444582
125000 12.70055 -1.7226046
130000 16.505877 -1.7331986
135000 12.904323 -1.7362021
140000 10.266245 -1.7308764
145000 13.294133 -1.7331664
150000 13.488164 -1.727246
155000 13.96579 -1.7239183
160000 20.178822 -1.7189713
165000 21.207622 -1.6926108
170000 16.834932 -1.6355423
175000 18.32806 -1.6600505
180000 18.375351 -1.6861912
185000 21.176614 -1.6819097
190000 19.216612 -1.6742846
195000 23.199826 -1.688734
200000 25.216162 -1.669429
205000 16.233546 -1.6868483
210000 17.907051 -1.7154091
215000 12.346061 -1.7191076
220000 11.177037 -1.731879
225000 12.355878 -1.7336003
230000 10.189778 -1.7312817
235000 12.337712 -1.721844
240000 10.502535 -1.7510179
245000 7.8302313 -1.7545359
250000 9.3113975 -1.7555984
255000 9.2100777 -1.7511929
260000 7.6071721 -1.7484175
265000 6.0657664 -1.7570856
270000 6.5178701 -1.7545412
275000 7.1686371 -1.7572731
280000 6.8922939 -1.7611907
285000 6.3797572 -1.7626633
290000 4.5657268 -1.7728119
295000 5.8468497 -1.7626867
300000 8.3154487 -1.752412
305000 8.8579669 -1.754855
310000 11.618938 -1.7443814
315000 8.0309212 -1.7444863
320000 10.095211 -1.7413087
325000 7.3839485 -1.7588845
330000 6.5415611 -1.767433
335000 2.609414 -1.7842307
340000 2.2932197 -1.7870286
345000 3.5417392 -1.7799842
350000 3.4661631 -1.780773
355000 3.4687474 -1.780646
360000 4.9761205 -1.7808303
365000 4.298537 -1.7756133
370000 2.9142067 -1.7797881
375000 5.7911281 -1.7731157
380000 6.3736729 -1.7769339
385000 4.351877 -1.7728294
390000 4.7959732 -1.7644425
395000 3.5513848 -1.7818534
400000 3.1713887 -1.7788687
405000 2.4883786 -1.7865939
410000 4.4682268 -1.7788107
415000 3.0813503 -1.7764783
420000 2.7981693 -1.7843541
425000 4.1360393 -1.7777408
430000 4.3593147 -1.7804616
435000 2.8721284 -1.7802627
440000 2.9958407 -1.7826899
445000 2.8377067 -1.7749247
450000 5.2539685 -1.7785494
455000 5.7627519 -1.7727571
460000 5.5951041 -1.7717815
465000 5.1255083 -1.7770082
470000 4.4662575 -1.7748289
475000 4.422573 -1.7880387
480000 3.7180727 -1.7860662
485000 2.0029665 -1.7826736
490000 3.5414698 -1.7773569
495000 3.5945355 -1.7794267
500000 3.4527496 -1.7753183
505000 3.3424269 -1.7776455
510000 3.476559 -1.779455
515000 3.8360469 -1.7754054
520000 3.6181281 -1.769143
525000 6.9514203 -1.7604739
530000 10.439396 -1.7487365
535000 9.9030062 -1.7577673
540000 7.7008115 -1.7386595
545000 12.758891 -1.7210769
550000 11.138764 -1.7225564
555000 10.788135 -1.7320311
560000 12.654252 -1.7296987
565000 11.894371 -1.7258523
570000 15.210864 -1.6861123
575000 19.484271 -1.7091478
580000 17.943433 -1.7171518
585000 18.375661 -1.7034994
590000 15.024519 -1.7301331
595000 13.869623 -1.7155749
600000 19.981614 -1.7064746
605000 10.066803 -1.7298569
610000 12.016015 -1.7387672
615000 17.614146 -1.694444
620000 19.394712 -1.7254141
625000 17.375675 -1.6896926
630000 15.317689 -1.7375852
635000 13.023863 -1.7351395
640000 11.963588 -1.7347491
645000 15.982075 -1.7294167
650000 6.8677367 -1.7596882
655000 5.6635841 -1.7674663
660000 5.7969961 -1.7584961
665000 8.2599074 -1.7651381
670000 4.7738041 -1.7683152
675000 7.4676696 -1.7633187
680000 7.1618938 -1.7671417
685000 7.4927258 -1.7640089
690000 6.1701246 -1.7710026
695000 4.449157 -1.7723125
700000 4.7380982 -1.7726257
705000 6.3448665 -1.7775202
710000 4.9352568 -1.7666054
715000 4.0570032 -1.7697601
720000 5.5784047 -1.7706727
725000 5.5147545 -1.776141
730000 6.2868741 -1.7630044
735000 4.9005188 -1.7710292
740000 6.0229532 -1.768903
745000 5.3235163 -1.7691593
750000 5.7909451 -1.7749849
755000 5.1710204 -1.7689312
760000 4.3213938 -1.7673664
765000 5.0685433 -1.7681307
770000 5.6554462 -1.7640399
775000 5.9785913 -1.7597242
780000 6.5469677 -1.7689577
785000 5.1866349 -1.7721861
790000 5.8714549 -1.7626293
795000 7.3788431 -1.7548877
800000 4.7174595 -1.7752719
805000 4.795842 -1.7645018
810000 5.8409146 -1.7625765
815000 6.277207 -1.7572958
820000 7.8368879 -1.7480139
825000 9.7387136 -1.7342663
830000 13.305979 -1.7385454
835000 10.931058 -1.7369141
840000 18.505323 -1.6935226
845000 13.359041 -1.7380581
850000 11.74931 -1.729656
855000 22.108058 -1.7126256
860000 20.564228 -1.7068506
865000 17.540819 -1.7183892
870000 12.175806 -1.7011712
875000 12.915804 -1.6856679
880000 18.139447 -1.7207103
885000 10.89697 -1.7165575
890000 18.024459 -1.6979141
895000 16.081932 -1.6998967
900000 17.679427 -1.7147662
905000 23.23508 -1.6462574
910000 15.592268 -1.7310669
915000 9.6364619 -1.749074
920000 9.7820305 -1.7537358
925000 8.0186791 -1.7466748
930000 7.4443254 -1.7448326
935000 5.5446675 -1.7612424
940000 5.8036609 -1.7632613
945000 9.7359503 -1.7496029
950000 12.202396 -1.7272834
955000 17.844912 -1.7107449
960000 6.2752526 -1.7625235
965000 5.414171 -1.7774631
970000 4.4083355 -1.7637209
975000 5.5833525 -1.7697668
980000 4.310794 -1.7569448
985000 5.4649672 -1.770191
990000 5.50063 -1.7576798
995000 6.0294374 -1.7627739
1000000 5.3163598 -1.7617473
1005000 4.9502358 -1.7681149
1010000 5.155232 -1.7749967
1015000 4.8789849 -1.7676905
1020000 5.6832379 -1.7585918
1025000 9.8734336 -1.7496379
1030000 8.6814221 -1.7489194
1035000 9.701714 -1.7411269
1040000 6.6797906 -1.7587596
1045000 4.0655018 -1.7685383
1050000 4.2348052 -1.771729
1055000 6.8516549 -1.762086
1060000 4.7807825 -1.7733625
1065000 4.833533 -1.7720214
1070000 4.4222684 -1.7672631
1075000 4.0442051 -1.7740148
1080000 4.7334141 -1.77142
1085000 4.5257606 -1.7766915
1090000 6.8140509 -1.7610737
1095000 9.6619323 -1.7456442
1100000 9.2871803 -1.7564879
1105000 4.9599853 -1.7582498
1110000 5.484801 -1.7707831
1115000 7.5619557 -1.7462201
1120000 12.457966 -1.7317283
1125000 3.947069 -1.7712282
1130000 5.4456959 -1.7720717
1135000 7.6930881 -1.764974
1140000 6.3026935 -1.7728
1145000 8.0008125 -1.7576689
1150000 6.12702 -1.7555444
1155000 6.742592 -1.7565412
1160000 4.7691954 -1.7666553
1165000 3.3084418 -1.7791384
1170000 2.7754187 -1.7784159
1175000 4.4088669 -1.7776051
1180000 5.7245136 -1.766004
1185000 5.7183438 -1.7713904
1190000 4.7773081 -1.77361
1195000 5.3896501 -1.7697341
1200000 4.1417105 -1.7707871
1205000 7.8138646 -1.7626242
1210000 5.5144263 -1.7729696
1215000 3.7270656 -1.7743582
1220000 4.9941752 -1.7668672
1225000 4.1394806 -1.7709708
1230000 6.5860411 -1.7593137
1235000 9.1828845 -1.7435532
1240000 7.4816257 -1.7553883
1245000 8.8603567 -1.7504444
1250000 15.106691 -1.7280307
1255000 9.7621053 -1.7328445
1260000 14.89352 -1.6849593
1265000 19.164943 -1.7049199
1270000 16.904315 -1.6963282
1275000 13.801361 -1.6983692
1280000 13.519559 -1.7173697
1285000 12.745524 -1.7251641
1290000 9.6007338 -1.7437354
1295000 8.6101402 -1.7623839
1300000 5.9125618 -1.7560897
1305000 6.4520319 -1.7659806
1310000 5.1788415 -1.7683652
1315000 3.6798013 -1.7675743
1320000 4.2748204 -1.7675019
1325000 4.2579628 -1.7659335
1330000 5.7529791 -1.7583981
1335000 5.6436245 -1.7635912
1340000 7.2600578 -1.7634422
1345000 7.084107 -1.764262
1350000 5.6490868 -1.763076
1355000 6.8597149 -1.7521636
1360000 7.5820529 -1.7328108
1365000 9.7712363 -1.7345391
1370000 13.542232 -1.7195932
1375000 19.09574 -1.7152168
1380000 14.567004 -1.7389013
1385000 8.6034078 -1.7515372
1390000 10.496024 -1.7485701
1395000 9.8264762 -1.7482951
1400000 14.302406 -1.742944
1405000 11.99404 -1.739004
1410000 14.961185 -1.7210423
1415000 10.913997 -1.7363374
1420000 14.184109 -1.7324599
1425000 10.149012 -1.7183413
1430000 10.906673 -1.7621584
1435000 9.4125989 -1.7552217
1440000 11.266283 -1.7218997
1445000 14.651131 -1.7090786
1450000 19.047475 -1.6853719
1455000 14.621114 -1.6811874
1460000 14.770886 -1.7141595
1465000 17.396443 -1.7180507
1470000 16.246831 -1.7067529
1475000 16.03587 -1.7032053
1480000 16.94244 -1.7088326
1485000 15.841078 -1.6828298
1490000 16.9932 -1.6884295
1495000 13.834808 -1.7020634
1500000 14.442726 -1.7062758
1505000 16.692283 -1.7060858
1510000 15.063191 -1.7079718
1515000 17.254331 -1.6976856
1520000 13.984828 -1.7102578
1525000 15.430393 -1.705567
1530000 16.703927 -1.6795603
1535000 11.461152 -1.7210745
1540000 15.421797 -1.7230325
1545000 13.047171 -1.7392202
1550000 14.963905 -1.7376053
1555000 8.7907747 -1.7531499
1560000 8.7195426 -1.741033
1565000 14.386934 -1.7388978
1570000 11.746697 -1.7501685
1575000 10.700572 -1.7217514
1580000 10.79958 -1.7289861
1585000 12.368733 -1.7282399
1590000 13.263119 -1.7440927
1595000 13.009607 -1.7378787
1600000 10.79356 -1.7351597
1605000 12.349815 -1.6906326
1610000 18.516293 -1.7163276
1615000 16.533647 -1.706432
1620000 15.162133 -1.7045035
1625000 19.508773 -1.7151118
1630000 16.833263 -1.7235929
1635000 15.146232 -1.7042873
1640000 17.790288 -1.7098003
1645000 14.086925 -1.711858
1650000 16.420266 -1.7234149
1655000 15.185911 -1.7155185
1660000 15.359891 -1.7050414
1665000 19.216561 -1.704756
1670000 16.937476 -1.7093198
1675000 13.119681 -1.7346371
1680000 9.0255113 -1.7522931
1685000 8.596088 -1.7580053
1690000 7.0911643 -1.7609531
1695000 6.002954 -1.7633172
1700000 6.2194774 -1.7593875
1705000 6.6981241 -1.7590517
1710000 11.257425 -1.7281243
1715000 12.452311 -1.7147171
1720000 12.556625 -1.7329264
1725000 12.091356 -1.7192301
1730000 18.043468 -1.7059003
1735000 12.009741 -1.7511691
1740000 10.583175 -1.7523595
1745000 7.891978 -1.7343686
1750000 8.6596651 -1.7461086
1755000 9.5953 -1.7413166
1760000 14.760457 -1.7295176
1765000 7.8996996 -1.7481956
1770000 13.879925 -1.7298741
1775000 10.932924 -1.7438031
1780000 11.420908 -1.7261289
1785000 14.039201 -1.7337077
1790000 13.096782 -1.7312445
1795000 10.14336 -1.7263946
1800000 12.565207 -1.7298119
1805000 10.375067 -1.7410492
1810000 9.9242606 -1.7413744
1815000 8.8437373 -1.7453691
1820000 6.8044283 -1.7629335
1825000 5.5822946 -1.7738017
1830000 5.1048037 -1.7711801
1835000 6.3657111 -1.7600985
1840000 6.5634545 -1.7576414
1845000 5.804099 -1.7688751
1850000 6.41447 -1.7613899
1855000 6.4599355 -1.7589225
1860000 5.7192743 -1.7619732
1865000 5.2071855 -1.7672814
1870000 4.8383734 -1.7739059
1875000 6.401864 -1.7603289
1880000 6.6924549 -1.7563312
1885000 5.8050685 -1.7639091
1890000 7.4171345 -1.7619185
1895000 6.2531791 -1.7609067
1900000 5.5354749 -1.7592076
1905000 9.3790037 -1.738249
1910000 13.65652 -1.7327719
1915000 15.165068 -1.7061991
1920000 15.555677 -1.7001882
1925000 20.600626 -1.6997103
1930000 14.963295 -1.6911542
1935000 16.407923 -1.6734164
1940000 16.992836 -1.6724473
1945000 15.942611 -1.7090992
1950000 17.790637 -1.6940119
1955000 16.844494 -1.7205017
1960000 15.169463 -1.7087075
1965000 18.078646 -1.7218112
1970000 13.593985 -1.7344312
1975000 17.310748 -1.7125094
1980000 17.114498 -1.6790985
1985000 12.798479 -1.6963277
1990000 18.325161 -1.7216551
1995000 15.579784 -1.6988506
2000000 15.475552 -1.720136
2005000 14.146632 -1.6904964
2010000 14.624474 -1.7194197
2015000 14.662673 -1.7011493
2020000 15.951297 -1.6984823
2025000 19.890354 -1.7120143
2030000 14.982781 -1.7364986
2035000 8.0311667 -1.7452478
2040000 9.8888633 -1.7023631
2045000 12.840044 -1.7358121
2050000 9.3082951 -1.7491844
2055000 9.7921179 -1.7521361
2060000 9.3964165 -1.7386788
2065000 7.6226611 -1.7330571
2070000 8.9890507 -1.7570814
2075000 8.9830769 -1.756994
2080000 8.3905298 -1.7567615
2085000 13.426202 -1.7328031
2090000 10.635952 -1.7403725
2095000 8.9339119 -1.7412246
2100000 11.560294 -1.7492939
2105000 8.6928043 -1.75155
2110000 8.901207 -1.7572334
2115000 7.4577207 -1.749275
2120000 12.820271 -1.7209148
2125000 15.005421 -1.7459495
2130000 17.175548 -1.6895856
2135000 15.694792 -1.7184778
2140000 17.547491 -1.7040742
2145000 13.781815 -1.6875721
2150000 18.448973 -1.6822931
2155000 17.565484 -1.7040371
2160000 17.537577 -1.716541
2165000 14.923337 -1.7028269
2170000 11.185201 -1.731533
2175000 9.4444751 -1.7546691
2180000 11.468099 -1.7377136
2185000 9.8730525 -1.7331966
2190000 17.189374 -1.6967787
2195000 18.473053 -1.7084537
2200000 16.147277 -1.7151136
2205000 15.998701 -1.7117108
2210000 12.411388 -1.7173654
2215000 10.121641 -1.7356189
2220000 7.1629035 -1.7574937
2225000 7.178916 -1.7579811
2230000 6.0137514 -1.7743378
2235000 5.3569945 -1.7702016
2240000 4.3110746 -1.7769411
2245000 5.5667075 -1.769782
2250000 4.6168047 -1.7694342
2255000 6.2281702 -1.768869
2260000 4.2974909 -1.7747211
2265000 4.0434284 -1.7811196
2270000 3.3253283 -1.7806523
2275000 4.5514821 -1.7741133
2280000 5.18415 -1.773308
2285000 3.3468013 -1.7806538
2290000 4.9267314 -1.7526246
2295000 7.488481 -1.7545505
2300000 5.4272742 -1.7706937
2305000 4.3365006 -1.7800389
2310000 3.4681713 -1.7826847
2315000 4.4398648 -1.7710559
2320000 5.2516344 -1.7724439
2325000 4.0527111 -1.773181
2330000 5.4463576 -1.7737393
2335000 5.4218296 -1.7683171
2340000 6.072976 -1.7716513
2345000 5.3372189 -1.7710467
2350000 4.1708439 -1.7727174
2355000 4.7012051 -1.7688852
2360000 3.4655421 -1.7758661
2365000 5.7478674 -1.7695706
2370000 5.0296325 -1.7710339
2375000 6.7652725 -1.7587534
2380000 5.3823875 -1.7556516
2385000 9.6574579 -1.7514683
2390000 9.0410493 -1.7307203
2395000 10.058931 -1.7451051
2400000 9.3920491 -1.7601187
2405000 6.7922514 -1.7504765
2410000 9.4207319 -1.7367336
2415000 13.5671 -1.7345915
2420000 8.1973082 -1.7499009
2425000 9.0292804 -1.7410226
2430000 5.8342121 -1.7579174
2435000 5.9290814 -1.774433
2440000 5.0350609 -1.7706065
2445000 5.3771606 -1.775167
2450000 3.7950482 -1.7698355
2455000 4.0178116 -1.7775334
2460000 3.3549357 -1.7737749
2465000 2.8721412 -1.7773441
2470000 2.831892 -1.7857695
2475000 4.5543864 -1.7679306
2480000 4.9141714 -1.766153
2485000 4.3848688 -1.7704209
2490000 7.4760986 -1.7666152
2495000 5.155614 -1.766059
2500000 6.9804567 -1.7596863
2505000 10.445604 -1.7453095
2510000 11.054598 -1.7415086
2515000 7.8511345 -1.7565432
2520000 7.4439402 -1.7562389
2525000 6.5377671 -1.7578492
2530000 5.4982307 -1.7576431
2535000 5.4823546 -1.7584963
2540000 5.3241451 -1.7674051
2545000 7.5268883 -1.7617715
2550000 11.503041 -1.7583792
2555000 10.676045 -1.7491981
2560000 13.989716 -1.7341357
2565000 11.057393 -1.7274833
2570000 14.548076 -1.7433647
2575000 12.551358 -1.7267291
2580000 10.718155 -1.7380193
2585000 8.0746986 -1.766778
2590000 7.0287226 -1.767562
2595000 7.8786581 -1.7487787
2600000 5.2623261 -1.7639701
2605000 6.239026 -1.7599959
2610000 5.7532174 -1.7708249
2615000 4.8232194 -1.7684685
2620000 2.87186 -1.7808994
2625000 3.919112 -1.7783541
2630000 3.3195814 -1.7769559
2635000 3.1196938 -1.7759513
2640000 3.0720689 -1.7816296
2645000 5.2533708 -1.7752917
2650000 4.3900352 -1.7750955
2655000 5.1935667 -1.7718501
2660000 5.8988244 -1.773761
2665000 5.2430788 -1.7685935
2670000 4.4298235 -1.7627212
2675000 6.018052 -1.7670439
2680000 5.1420418 -1.7682509
2685000 5.1813304 -1.7686091
2690000 4.8641972 -1.7652247
2695000 4.805576 -1.7754827
2700000 4.2202207 -1.7704131
2705000 4.552608 -1.7728665
2710000 4.6339958 -1.77047
2715000 5.9001356 -1.765414
2720000 3.5205733 -1.7680307
2725000 6.1831529 -1.7537468
2730000 6.8794848 -1.7612906
2735000 6.1234066 -1.769707
2740000 5.0090076 -1.7616353
2745000 8.1516771 -1.7468441
2750000 8.1606307 -1.7576953
2755000 9.3927226 -1.744455
2760000 10.09088 -1.7121771
2765000 11.480908 -1.7316964
2770000 15.200231 -1.7295162
2775000 9.9948099 -1.7397548
2780000 13.596363 -1.7364507
2785000 9.6580043 -1.7378831
2790000 16.183021 -1.7089043
2795000 9.0731855 -1.7459124
2800000 6.1970021 -1.7583478
2805000 10.131741 -1.7438788
2810000 10.410862 -1.744523
2815000 17.700088 -1.6854319
2820000 15.95724 -1.7107556
2825000 15.878093 -1.6833095
2830000 22.956429 -1.7003224
2835000 11.89053 -1.7333935
2840000 10.928558 -1.7231872
2845000 14.218713 -1.7333627
2850000 21.321562 -1.6964936
2855000 21.119011 -1.6835539
2860000 17.106869 -1.7027084
2865000 11.893609 -1.7314339
2870000 13.409064 -1.7029511
2875000 14.527739 -1.7288574
2880000 9.0527248 -1.7493367
2885000 10.337087 -1.7357849
2890000 12.032929 -1.7509975
2895000 6.6967289 -1.7559719
2900000 9.9801389 -1.7480483
2905000 13.844816 -1.69891
2910000 16.372134 -1.7210983
2915000 15.737847 -1.7027368
2920000 11.149877 -1.743225
2925000 10.53155 -1.7245509
2930000 16.358578 -1.6874238
2935000 18.243499 -1.7044794
2940000 14.950911 -1.7164329
2945000 15.541957 -1.7227572
2950000 17.661882 -1.6911236
2955000 12.100322 -1.7057279
2960000 12.228358 -1.7168639
2965000 17.264969 -1.7121336
2970000 11.949186 -1.7318708
2975000 13.552303 -1.6762611
2980000 10.356113 -1.7294741
2985000 13.727175 -1.7135383
2990000 9.8860918 -1.7351212
2995000 10.655324 -1.7083226
3000000 12.392309 -1.7230236
3005000 12.554234 -1.7260649
3010000 11.514655 -1.7326744
3015000 13.67714 -1.7342345
3020000 8.8577157 -1.7441635
3025000 5.8464916 -1.7426613
3030000 5.4539601 -1.7655256
3035000 7.374338 -1.7684279
3040000 7.0225371 -1.7581733
3045000 18.330955 -1.7243029
3050000 9.6452508 -1.7341746
3055000 13.429562 -1.7370909
3060000 10.105865 -1.7676304
3065000 9.8342976 -1.7556394
3070000 9.2458159 -1.7377862
3075000 8.1247754 -1.7544872
3080000 8.5741769 -1.7414373
3085000 8.1749919 -1.7602804
3090000 6.193713 -1.7611846
3095000 5.352512 -1.7642766
3100000 6.2790622 -1.7585042
3105000 5.5188316 -1.7496831
3110000 8.6623698 -1.7421392
3115000 8.9001267 -1.7493182
3120000 8.0364485 -1.7482333
3125000 5.5707347 -1.7580027
3130000 10.052922 -1.7574833
3135000 7.3656368 -1.7574537
3140000 8.9745054 -1.7533467
3145000 10.883679 -1.7530505
3150000 10.587856 -1.7237831
3155000 9.8205157 -1.7454724
3160000 9.0151536 -1.762726
3165000 3.9418607 -1.7746967
3170000 3.6728374 -1.783121
3175000 2.5399674 -1.7828912
3180000 2.3819263 -1.7851478
3185000 2.1598334 -1.7846833
3190000 2.0153492 -1.7883447
3195000 1.8939017 -1.7928494
3200000 2.274023 -1.78611
3205000 1.9122145 -1.7881644
3210000 1.6446481 -1.7899114
3215000 2.0952926 -1.7915247
3220000 2.2695451 -1.791666
3225000 1.9813251 -1.792313
3230000 1.9763138 -1.7883722
3235000 1.9941523 -1.7910108
3240000 2.2668423 -1.7861095
3245000 2.1107212 -1.786257
3250000 2.2164429 -1.7879379
3255000 2.4131097 -1.7863485
3260000 2.3694825 -1.7887838
3265000 1.7347872 -1.7905892
3270000 1.7215878 -1.789065
3275000 1.7134249 -1.7902978
3280000 2.5220141 -1.7889865
3285000 2.2501983 -1.7899144
3290000 2.5752367 -1.7824744
3295000 2.58369 -1.787287
3300000 4.1482954 -1.7781233
3305000 4.1044179 -1.773085
3310000 4.7383976 -1.7758812
3315000 5.3674646 -1.7649687
3320000 4.6404902 -1.7828102
3325000 2.7795847 -1.7840745
3330000 3.8575066 -1.7710944
3335000 3.6522872 -1.7732096
3340000 3.49963 -1.7735239
3345000 3.3737855 -1.7755819
3350000 3.5620541 -1.7752861
3355000 4.8110683 -1.7744184
3360000 6.2464045 -1.7721236
3365000 3.3699152 -1.7714007
3370000 3.9533028 -1.7790732
3375000 2.8065539 -1.776609
3380000 4.7247752 -1.7724187
3385000 4.4014216 -1.7714649
3390000 6.293901 -1.7605062
3395000 4.8336967 -1.7591615
3400000 8.3270899 -1.742381
3405000 13.133523 -1.7228623
3410000 15.304332 -1.7197839
3415000 12.982861 -1.6991101
3420000 15.827009 -1.7150365
3425000 15.382854 -1.7132259
3430000 13.592001 -1.7195205
3435000 17.392612 -1.7042902
3440000 14.703603 -1.7029375
3445000 16.322589 -1.6972186
3450000 12.944245 -1.6866917
3455000 16.846799 -1.7087924
3460000 16.597627 -1.6989023
3465000 17.512429 -1.6960891
3470000 14.676686 -1.711466
3475000 12.984629 -1.725252
3480000 12.540834 -1.6939938
3485000 12.879937 -1.7134669
3490000 10.935974 -1.7369977
3495000 9.7245 -1.7392915
3500000 17.688778 -1.7182044
3505000 15.173295 -1.7382232
3510000 11.531641 -1.7285446
3515000 10.119135 -1.74717
3520000 13.875439 -1.7372331
3525000 10.314847 -1.7363114
3530000 9.9167896 -1.7470165
3535000 9.8381427 -1.7367887
3540000 7.9056868 -1.7447239
3545000 10.683277 -1.7427136
3550000 9.8349299 -1.7455265
3555000 9.9689966 -1.7503051
3560000 13.226462 -1.7351234
3565000 9.7339856 -1.7357357
3570000 10.406245 -1.7375035
3575000 7.4162283 -1.7519829
3580000 10.133326 -1.748998
3585000 9.5792554 -1.7489116
3590000 10.27813 -1.7465016
3595000 5.7771255 -1.7555406
3600000 8.7845123 -1.7482733
3605000 15.502101 -1.7219425
3610000 17.209347 -1.7158603
3615000 16.894973 -1.7047862
3620000 15.157708 -1.7041298
3625000 16.061727 -1.7122247
3630000 12.032184 -1.7078636
3635000 16.790575 -1.710224
3640000 16.281816 -1.6824003
3645000 17.73055 -1.6972601
3650000 15.990194 -1.7147603
3655000 14.723829 -1.7270876
3660000 17.3078 -1.6995713
3665000 17.086615 -1.709795
3670000 12.468967 -1.7150251
3675000 12.900242 -1.7181238
3680000 12.285799 -1.7443037
3685000 10.96291 -1.7347466
3690000 9.5028594 -1.7422073
3695000 6.6560296 -1.7420225
3700000 18.954465 -1.6943282
3705000 16.01979 -1.7146712
3710000 17.279827 -1.7348012
3715000 15.075495 -1.708269
3720000 13.424025 -1.7221345
3725000 11.137056 -1.7268035
3730000 12.603428 -1.7277184
3735000 10.109986 -1.7216439
3740000 9.9490988 -1.7513593
3745000 6.9210226 -1.7648732
3750000 5.7232606 -1.7599624
3755000 5.3907847 -1.7591165
3760000 5.6411331 -1.7694649
3765000 6.8625204 -1.7657187
3770000 8.2708125 -1.7531959
3775000 8.6619956 -1.7492652
3780000 6.5444314 -1.7507351
3785000 12.293166 -1.6815031
3790000 20.630414 -1.6976976
3795000 12.241652 -1.7137098
3800000 15.147687 -1.710583
3805000 16.937763 -1.7060565
3810000 14.374803 -1.7150215
3815000 14.932127 -1.6869067
3820000 19.736905 -1.7050645
3825000 11.885869 -1.7088212
3830000 15.320533 -1.7079149
3835000 15.879538 -1.7191083
3840000 18.685761 -1.6916216
3845000 13.660534 -1.6992449
3850000 20.148567 -1.6929897
3855000 12.007777 -1.7345877
3860000 15.024155 -1.7314178
3865000 11.663549 -1.7485542
3870000 15.969667 -1.7052716
3875000 19.268709 -1.7035404
3880000 14.104522 -1.7087862
3885000 14.881405 -1.7047682
3890000 16.520231 -1.7102383
3895000 16.842779 -1.6916767
3900000 15.075266 -1.7144751
3905000 17.768861 -1.7145522
3910000 20.20075 -1.713766
3915000 14.439757 -1.7155767
3920000 18.956035 -1.718212
3925000 14.689139 -1.6817445
3930000 15.521377 -1.6933625
3935000 17.946898 -1.714826
3940000 16.431802 -1.7086762
3945000 15.983748 -1.7113707
3950000 14.787757 -1.6943804
3955000 16.954895 -1.6985827
3960000 14.415383 -1.7234388
3965000 15.067511 -1.7085645
3970000 13.728691 -1.7310574
3975000 19.554849 -1.6836558
3980000 15.37229 -1.6986558
3985000 17.04731 -1.6960967
3990000 17.440961 -1.7062342
3995000 13.835514 -1.7179952
4000000 15.680356 -1.7027266
4005000 19.766304 -1.7117832
4010000 11.075142 -1.722303
4015000 10.992752 -1.7254121
4020000 11.139741 -1.734009
4025000 10.65478 -1.7434457
4030000 17.053222 -1.6946385
4035000 15.318064 -1.7049386
4040000 15.585357 -1.7193677
4045000 10.605871 -1.6826429
4050000 14.958279 -1.6820541
4055000 17.816198 -1.7039874
4060000 13.460775 -1.7029053
4065000 16.188154 -1.706614
4070000 18.67114 -1.7211566
4075000 14.435255 -1.7187068
4080000 15.326169 -1.7150606
4085000 16.298339 -1.7187703
4090000 12.661754 -1.7089024
4095000 14.118778 -1.7080147
4100000 16.038649 -1.7005174
4105000 15.815141 -1.7275267
4110000 10.991222 -1.7343878
4115000 10.722234 -1.729977
4120000 10.64887 -1.7451206
4125000 7.5274206 -1.7501793
4130000 8.685772 -1.7491934
4135000 8.0770965 -1.7402658
4140000 8.502381 -1.7546868
4145000 13.937015 -1.722706
4150000 15.58436 -1.7139985
4155000 13.317832 -1.7229033
4160000 15.738105 -1.7090541
4165000 13.40995 -1.6882653
4170000 18.232969 -1.7108154
4175000 13.023869 -1.732455
4180000 11.462019 -1.7239544
4185000 12.72334 -1.7233013
4190000 10.503316 -1.7368015
4195000 18.562237 -1.7201152
4200000 10.768024 -1.7263093
4205000 8.7448491 -1.7484905
4210000 9.3891638 -1.7354327
4215000 10.902343 -1.7177396
4220000 11.279648 -1.7363433
4225000 19.334766 -1.7326182
4230000 15.934946 -1.6792421
4235000 13.037512 -1.6972509
4240000 12.655901 -1.6928052
4245000 16.2439 -1.706246
4250000 13.728795 -1.7042841
4255000 12.414736 -1.7313756
4260000 16.09631 -1.7101404
4265000 15.499443 -1.7064035
4270000 11.442078 -1.7240705
4275000 13.209059 -1.7216953
4280000 8.4054618 -1.7257787
4285000 12.053914 -1.7108444
4290000 14.418815 -1.7287415
4295000 8.8890521 -1.7210992
4300000 12.684807 -1.7297325
4305000 15.905977 -1.7020014
4310000 16.081467 -1.7151704
4315000 15.852555 -1.7084607
4320000 17.835576 -1.675384
4325000 17.492337 -1.7086673
4330000 15.958924 -1.7377743
4335000 9.6408876 -1.7471474
4340000 8.2928968 -1.7536294
4345000 10.288842 -1.7433859
4350000 7.2543828 -1.736522
4355000 8.4823819 -1.7461733
4360000 14.71619 -1.7102102
4365000 10.927562 -1.7439974
4370000 13.588516 -1.7449786
4375000 11.827991 -1.7259009
4380000 8.2220741 -1.7498457
4385000 8.680413 -1.7550621
4390000 10.853504 -1.7361185
4395000 8.4957031 -1.7500812
4400000 8.1322148 -1.7466154
4405000 9.8598075 -1.7423755
4410000 12.298504 -1.7211271
4415000 13.944609 -1.7160394
4420000 13.854629 -1.7283659
4425000 10.85446 -1.7374926
4430000 10.393873 -1.7397162
4435000 13.011971 -1.7365085
4440000 13.558036 -1.7236124
4445000 16.208715 -1.7069607
4450000 13.83428 -1.7069387
4455000 7.2917585 -1.7578727
4460000 6.2827561 -1.7493909
4465000 8.7007665 -1.7467585
4470000 7.5157898 -1.743616
4475000 12.283792 -1.7478062
4480000 11.978862 -1.7444973
4485000 11.809395 -1.7300303
4490000 11.511277 -1.7339681
4495000 10.537856 -1.7433677
4500000 12.359238 -1.7342576
4505000 14.423407 -1.7099521
4510000 17.229697 -1.7102824
4515000 12.469098 -1.7143116
4520000 14.935448 -1.7203702
4525000 12.302942 -1.7289505
4530000 15.59751 -1.7301072
4535000 8.6252736 -1.7501921
4540000 8.04701 -1.7497415
4545000 8.2812294 -1.739904
4550000 7.564976 -1.7466383
4555000 7.2119416 -1.7636649
4560000 4.3513239 -1.7714652
4565000 4.4217279 -1.7749651
4570000 3.7470126 -1.7791007
4575000 5.4421324 -1.7723654
4580000 6.1282285 -1.7753944
4585000 4.7244326 -1.7692967
4590000 4.3768404 -1.7720822
4595000 4.4044706 -1.769386
4600000 5.35307 -1.7641203
4605000 3.1387676 -1.7770534
4610000 2.2181003 -1.7837331
4615000 2.5565858 -1.7877233
4620000 2.9165863 -1.7842456
4625000 2.696297 -1.785775
4630000 3.4722035 -1.7849216
4635000 1.9645177 -1.785035
4640000 2.0951156 -1.7846
4645000 1.8459892 -1.7901074
4650000 1.9179552 -1.7907711
4655000 2.2153036 -1.7891756
4660000 2.2605307 -1.7894861
4665000 2.5668096 -1.779587
4670000 2.1760468 -1.790117
4675000 1.8517246 -1.789775
4680000 2.1591718 -1.7882742
4685000 2.2052469 -1.7858669
4690000 3.552366 -1.7782121
4695000 2.6836494 -1.7818386
4700000 3.7835115 -1.7786252
4705000 6.2284679 -1.7708791
4710000 4.3090557 -1.7789522
4715000 4.0429631 -1.7753407
4720000 5.5743785 -1.7696756
4725000 3.7349548 -1.7705673
4730000 4.8186178 -1.7682977
4735000 3.9842655 -1.7767196
4740000 3.3443777 -1.7777998
4745000 3.7308047 -1.7791148
4750000 3.1757059 -1.7786698
4755000 2.990056 -1.7788996
4760000 4.1122479 -1.7758139
4765000 3.1592359 -1.7844641
4770000 2.6352854 -1.7850461
4775000 2.7708092 -1.7867788
4780000 2.6776287 -1.7813112
4785000 2.7752088 -1.7822772
4790000 1.6329204 -1.788084
4795000 1.6964483 -1.7904288
4800000 2.2011527 -1.7893793
4805000 2.2970676 -1.7864235
4810000 2.2001622 -1.7885905
4815000 2.3280861 -1.7857645
4820000 2.0690925 -1.7871385
4825000 2.3866225 -1.7836449
4830000 2.5543752 -1.7854787
4835000 2.1802058 -1.7880839
4840000 1.8121709 -1.7874966
4845000 1.919593 -1.7905195
4850000 1.4436235 -1.7893438
4855000 1.3504682 -1.7889219
4860000 1.6721073 -1.7903625
4865000 1.9356105 -1.7898869
4870000 1.6713405 -1.7878374
4875000 1.6896256 -1.790202
4880000 2.0069548 -1.7894206
4885000 2.278287 -1.7867326
4890000 2.0731627 -1.7880541
4895000 2.211026 -1.7897253
4900000 2.0911072 -1.7839762
4905000 2.1878891 -1.7866508
4910000 2.7342014 -1.7805496
4915000 3.8503035 -1.7749321
4920000 3.7444038 -1.7813625
4925000 6.4950209 -1.7605601
4930000 5.6682486 -1.7684974
4935000 6.6879304 -1.7596116
4940000 7.0739505 -1.7528766
4945000 5.3736355 -1.7715205
4950000 6.8076297 -1.7662524
4955000 5.1381038 -1.7746617
4960000 5.2161193 -1.7775663
4965000 4.9354011 -1.7685269
4970000 5.6181978 -1.7635958
4975000 4.6559463 -1.7643611
4980000 4.805893 -1.7643981
4985000 6.5169523 -1.7733689
4990000 5.5084817 -1.7682975
4995000 3.3366331 -1.7796995
5000000 3.8166706 -1.7796308
