# Step Temp PotEng   (replica 4, downsampled)
0 6.5781351 -1.7950808
5000 6.7671392 -1.7588441
10000 8.95369 -1.7623467
15000 7.4815985 -1.7635989
20000 7.490878 -1.7624913
25000 6.2940945 -1.7548667
30000 7.5649818 -1.7613681
35000 7.0557179 -1.7608335
40000 5.4890418 -1.7693451
45000 8.1692955 -1.7673545
50000 5.972815 -1.760937
55000 7.2014922 -1.7584202
60000 5.6718032 -1.7641424
65000 4.7467632 -1.7663566
70000 5.6760694 -1.7653768
75000 4.5610063 -1.7738115
80000 5.8358662 -1.7703187
85000 3.2238746 -1.7830777
90000 4.1261731 -1.7833253
95000 3.3587981 -1.7806965
100000 4.2477868 -1.7742068
105000 4.9483304 -1.7672065
110000 6.7720174 -1.7598963
115000 4.3815327 -1.7752049
120000 7.2376446 -1.7650457
125000 6.3903892 -1.7593348
130000 9.1041501 -1.767074
135000 6.2225458 -1.7640579
140000 6.785239 -1.7620103
145000 4.9101486 -1.7751284
150000 4.5521667 -1.7680581
155000 6.8667013 -1.7652015
160000 7.3316173 -1.7588956
165000 5.2124107 -1.7773968
170000 3.7437528 -1.7745481
175000 7.5060178 -1.7625165
180000 6.5424185 -1.7699822
185000 6.0007541 -1.7613559
190000 7.7553219 -1.7584465
195000 8.5838145 -1.767102
200000 6.7857454 -1.7582625
205000 5.6199307 -1.7628781
210000 4.6955697 -1.7693583
215000 4.2519592 -1.7714403
220000 3.5129644 -1.7798399
225000 3.5984638 -1.7753785
230000 3.2824201 -1.7761159
235000 3.4348645 -1.783558
240000 4.0894428 -1.7789158
245000 4.9970771 -1.771392
250000 5.243741 -1.7680711
255000 6.3466347 -1.7637873
260000 5.136079 -1.7680368
265000 3.6308796 -1.7681282
270000 5.5564049 -1.762577
275000 4.7307614 -1.7697024
280000 5.0739331 -1.7656224
285000 5.5482051 -1.7703232
290000 6.2361557 -1.7645347
295000 4.5709029 -1.7721981
300000 5.5357447 -1.7697496
305000 4.5636591 -1.7701754
310000 5.5695019 -1.7742885
315000 6.059125 -1.7675348
320000 6.5727232 -1.7637015
325000 11.877114 -1.7473884
330000 7.845005 -1.7440852
335000 8.3742779 -1.7426229
340000 6.4835211 -1.7638069
345000 8.4140422 -1.7694184
350000 5.8103073 -1.7578579
355000 4.3758739 -1.7761676
360000 5.9253741 -1.7743581
365000 7.1661355 -1.7708964
370000 4.8324017 -1.7683353
375000 3.8514168 -1.7794189
380000 3.6174454 -1.7736336
385000 3.9964725 -1.7794226
390000 3.8858945 -1.7799869
395000 4.5723483 -1.7754545
400000 5.9411954 -1.7617674
405000 5.7143307 -1.7600008
410000 6.547683 -1.7669221
415000 4.7403278 -1.7689105
420000 6.4882983 -1.7663759
425000 6.1562976 -1.7561763
430000 10.300145 -1.7372853
435000 15.243139 -1.7281205
440000 17.215946 -1.7124469
445000 15.640156 -1.7145826
450000 20.910626 -1.6927316
455000 14.105861 -1.6918458
460000 13.097411 -1.6945516
465000 21.685456 -1.6940558
470000 17.545086 -1.6574457
475000 7.9774207 -1.7508649
480000 7.4965282 -1.7532663
485000 10.391382 -1.7426813
490000 10.051049 -1.7489642
495000 13.132537 -1.7215037
500000 10.11459 -1.746528
505000 12.440892 -1.7333574
510000 9.8886937 -1.7443721
515000 9.3653285 -1.7414208
520000 17.545965 -1.7077621
525000 16.839142 -1.7172473
530000 19.959979 -1.7199779
535000 14.648285 -1.7000247
540000 16.994508 -1.708112
545000 19.623073 -1.6902436
550000 14.642986 -1.6949151
555000 23.572953 -1.716072
560000 13.728677 -1.6735579
565000 17.051328 -1.7143356
570000 11.055219 -1.7313311
575000 13.513509 -1.7137819
580000 12.001642 -1.7320238
585000 11.772554 -1.7375994
590000 11.022226 -1.7513667
595000 12.22505 -1.7183967
600000 9.8334498 -1.7346244
605000 13.918184 -1.7096114
610000 18.960202 -1.7075056
615000 9.882131 -1.7520299
620000 7.8763715 -1.7454497
625000 10.702701 -1.7454785
630000 7.791927 -1.7518212
635000 8.8829675 -1.7439008
640000 6.5527391 -1.7596672
645000 9.5044415 -1.73896
650000 10.402424 -1.7454627
655000 10.977925 -1.7375921
660000 15.297028 -1.7150825
665000 16.751761 -1.7237767
670000 13.065704 -1.7077081
675000 17.705592 -1.7004105
680000 16.688711 -1.7108508
685000 11.95932 -1.7366576
690000 14.562963 -1.7190102
695000 15.821874 -1.6914884
700000 15.749038 -1.719255
705000 9.5364045 -1.7320678
710000 10.088245 -1.7531411
715000 11.822669 -1.7409214
720000 16.703584 -1.6995352
725000 13.980672 -1.7173446
730000 12.338837 -1.6840129
735000 17.726294 -1.7074242
740000 15.605211 -1.7075362
745000 13.508834 -1.7237141
750000 14.324533 -1.7252849
755000 14.694473 -1.7068517
760000 18.2166 -1.7134815
765000 13.35164 -1.7143571
770000 17.388454 -1.7055621
775000 18.100623 -1.6795777
780000 19.128213 -1.7027247
785000 20.682875 -1.7077428
790000 18.56065 -1.71436
795000 12.858893 -1.7270936
800000 15.408388 -1.724365
805000 20.185965 -1.6953234
810000 19.357707 -1.716382
815000 15.966921 -1.7112517
820000 16.619789 -1.6912689
825000 14.576205 -1.7107943
830000 14.266645 -1.7091966
835000 13.594285 -1.701005
840000 12.095276 -1.7323168
845000 16.520114 -1.7049939
850000 11.910881 -1.6908579
855000 12.070056 -1.7335356
860000 9.142844 -1.749322
865000 8.0073878 -1.7532097
870000 9.2670435 -1.7494936
875000 13.37825 -1.7484979
880000 7.5323309 -1.7545782
885000 10.336988 -1.7306645
890000 8.6855982 -1.7385841
895000 9.3560634 -1.7452989
900000 12.539992 -1.7317067
905000 12.271224 -1.7373791
910000 15.352661 -1.7313775
915000 20.489435 -1.7090075
920000 12.047596 -1.7288236
925000 12.526654 -1.7315636
930000 11.624714 -1.7289872
935000 10.044473 -1.6951281
940000 15.361429 -1.7051809
945000 16.223906 -1.7174513
950000 18.388438 -1.713709
955000 11.309034 -1.7175907
960000 15.756828 -1.7014831
965000 17.301985 -1.7044977
970000 15.570638 -1.6985018
975000 10.949765 -1.7368943
980000 6.7554443 -1.7682146
985000 6.9193769 -1.7674927
990000 3.211727 -1.7728203
995000 3.6708867 -1.7759941
1000000 2.7624109 -1.7776809
1005000 3.7698872 -1.7750878
1010000 2.1858818 -1.7824176
1015000 2.4622334 -1.785631
1020000 2.8707737 -1.7816431
1025000 2.1178373 -1.7888346
1030000 2.3765895 -1.7899864
1035000 1.7030034 -1.7893874
1040000 3.215813 -1.7797784
1045000 7.279379 -1.7670633
1050000 6.3081823 -1.7582052
1055000 9.7337829 -1.7529496
1060000 8.2885786 -1.7419639
1065000 9.5707153 -1.7449897
1070000 6.8152798 -1.7601633
1075000 15.107251 -1.7280996
1080000 7.6536878 -1.747178
1085000 13.613039 -1.7250119
1090000 10.645183 -1.7384629
1095000 10.853668 -1.7355618
1100000 8.8762807 -1.7234688
1105000 13.841809 -1.7322489
1110000 10.243929 -1.7227244
1115000 6.4760957 -1.7574425
1120000 4.8671042 -1.7591096
1125000 8.5719713 -1.7425983
1130000 9.8547421 -1.7602753
1135000 10.666173 -1.745202
1140000 10.309352 -1.7458511
1145000 9.8687876 -1.7564215
1150000 10.161687 -1.7365115
1155000 11.276691 -1.716919
1160000 17.06147 -1.6913968
1165000 15.551241 -1.7220235
1170000 14.162492 -1.7154392
1175000 13.893852 -1.7223579
1180000 9.9732527 -1.7220778
1185000 15.506877 -1.714505
1190000 17.265655 -1.7035541
1195000 17.926239 -1.7047263
1200000 10.856309 -1.7440702
1205000 12.460009 -1.7371646
1210000 15.423174 -1.736524
1215000 9.073057 -1.7347046
1220000 12.17449 -1.7225813
1225000 6.9146269 -1.7634719
1230000 5.0538587 -1.7710446
1235000 4.69677 -1.766429
1240000 4.6433362 -1.7635253
1245000 4.189162 -1.7712682
1250000 5.3329931 -1.7668581
1255000 5.1659165 -1.7660634
1260000 6.0206136 -1.7657557
1265000 7.5591042 -1.7659395
1270000 6.2923368 -1.7609268
1275000 6.9310557 -1.7610732
1280000 5.491823 -1.7609629
1285000 7.908228 -1.7460772
1290000 10.797888 -1.7250545
1295000 13.926527 -1.7427863
1300000 11.297883 -1.7203291
1305000 13.91089 -1.7436639
1310000 10.243448 -1.7451529
1315000 10.215177 -1.7410755
1320000 10.395375 -1.7503265
1325000 7.3821556 -1.7374442
1330000 16.394723 -1.723932
1335000 14.071248 -1.7441724
1340000 12.664655 -1.7235191
1345000 16.403092 -1.7122018
1350000 12.116865 -1.7208031
1355000 17.999012 -1.7049066
1360000 11.338268 -1.7062604
1365000 17.222929 -1.6970586
1370000 14.549152 -1.6940501
1375000 10.237014 -1.7244165
1380000 14.554023 -1.7168449
1385000 17.52004 -1.7130834
1390000 16.145867 -1.7232291
1395000 13.487541 -1.7104571
1400000 16.614766 -1.7058942
1405000 17.388066 -1.7021778
1410000 18.493182 -1.6963574
1415000 19.133647 -1.7069477
1420000 15.801263 -1.6860398
1425000 19.786433 -1.7223076
1430000 14.034033 -1.7084752
1435000 16.592464 -1.7016808
1440000 17.883043 -1.7257121
1445000 11.197532 -1.7235134
1450000 11.185028 -1.7161232
1455000 8.5870079 -1.7418374
1460000 12.178389 -1.7390133
1465000 10.858515 -1.7221161
1470000 7.2459661 -1.7324004
1475000 10.47546 -1.7327559
1480000 14.458809 -1.7234623
1485000 14.569023 -1.7118117
1490000 12.421192 -1.7329471
1495000 10.868289 -1.7197772
1500000 14.706086 -1.7343221
1505000 8.7998998 -1.7479379
1510000 9.7554273 -1.7437874
1515000 9.674707 -1.7514114
1520000 9.1247945 -1.7477453
1525000 6.7970469 -1.752513
1530000 9.4036208 -1.7375339
1535000 7.5702494 -1.7408458
1540000 13.095326 -1.7096657
1545000 15.800287 -1.6929728
1550000 17.679024 -1.6953226
1555000 16.102787 -1.7039799
1560000 11.69966 -1.714058
1565000 9.142235 -1.7503477
1570000 7.3429476 -1.7514257
1575000 9.0036696 -1.7540511
1580000 8.3165763 -1.745182
1585000 8.3205336 -1.747541
1590000 9.130934 -1.7470661
1595000 10.114323 -1.7511711
1600000 7.9016305 -1.7363105
1605000 8.7780636 -1.7478678
1610000 8.7991144 -1.7425854
1615000 7.761274 -1.7549611
1620000 6.2040061 -1.7594873
1625000 4.4338088 -1.7653607
1630000 4.9519444 -1.7671385
1635000 6.0089644 -1.7769673
1640000 3.8390431 -1.7729613
1645000 2.3465894 -1.7806962
1650000 2.8992229 -1.7866691
1655000 2.3628505 -1.7877839
1660000 1.8778034 -1.7860002
1665000 2.2918981 -1.7841449
1670000 2.6831538 -1.7808383
1675000 7.2276005 -1.7620178
1680000 4.5220759 -1.773206
1685000 8.8387567 -1.7600151
1690000 7.2468027 -1.7564661
1695000 13.442263 -1.7417455
1700000 8.3865373 -1.7605263
1705000 9.2771817 -1.7566349
1710000 7.6009394 -1.7498182
1715000 6.1608185 -1.762985
1720000 9.2211005 -1.7488774
1725000 6.6654456 -1.7596988
1730000 7.1743297 -1.7695368
1735000 6.2642504 -1.763231
1740000 6.2352254 -1.7612542
1745000 3.6943324 -1.7778921
1750000 4.485095 -1.769324
1755000 3.3289618 -1.7844317
1760000 3.2335891 -1.7867342
1765000 2.2288536 -1.7845092
1770000 2.2088145 -1.7847178
1775000 2.141783 -1.7871351
1780000 2.1530806 -1.7860094
1785000 2.3820899 -1.7880973
1790000 2.0923709 -1.7921937
1795000 2.2076006 -1.7903532
1800000 1.8320377 -1.7897631
1805000 1.7581113 -1.7871946
1810000 2.4850898 -1.7838863
1815000 2.3713488 -1.78713
1820000 2.132052 -1.786964
1825000 2.2969983 -1.7860447
1830000 1.996878 -1.7898711
1835000 3.1538736 -1.7867401
1840000 4.4080548 -1.779155
1845000 4.4911691 -1.7811682
1850000 3.7349025 -1.7780195
1855000 2.9899382 -1.7811571
1860000 3.3859765 -1.7802602
1865000 3.7342233 -1.7793903
1870000 4.0234024 -1.7755707
1875000 4.4833578 -1.773136
1880000 4.2131484 -1.7798013
1885000 4.4313622 -1.7798342
1890000 2.6539007 -1.7835318
1895000 2.0430737 -1.7878087
1900000 2.3141156 -1.7840097
1905000 3.5172953 -1.7820929
1910000 3.4696186 -1.7791126
1915000 3.4785043 -1.7815069
1920000 3.2979077 -1.7753781
1925000 8.0368181 -1.7662697
1930000 6.2214105 -1.758353
1935000 5.0386568 -1.7665273
1940000 4.9391577 -1.7720859
1945000 5.3465389 -1.7737288
1950000 4.1872497 -1.7720181
1955000 5.6418129 -1.7737082
1960000 3.5513567 -1.7751979
1965000 2.7502413 -1.7767763
1970000 3.4090867 -1.7766116
1975000 3.8523121 -1.7795704
1980000 3.5241904 -1.7775676
1985000 3.0076956 -1.7766965
1990000 4.1365066 -1.7783976
1995000 6.0750082 -1.7726593
2000000 6.4889585 -1.7610525
2005000 6.7857083 -1.7635886
2010000 8.2047736 -1.7556194
2015000 5.8469232 -1.7719519
2020000 5.1182806 -1.7746567
2025000 4.919313 -1.7718519
2030000 4.4017465 -1.7696954
2035000 4.7093576 -1.7669015
2040000 5.3320364 -1.7636921
2045000 9.9071124 -1.7501857
2050000 14.97128 -1.7203647
2055000 10.305415 -1.7274653
2060000 12.821811 -1.7332188
2065000 16.861482 -1.7457726
2070000 13.041091 -1.7156312
2075000 7.9204649 -1.742186
2080000 17.725241 -1.7029236
2085000 16.17906 -1.7083782
2090000 16.261721 -1.7342188
2095000 9.3327704 -1.7379485
2100000 12.88388 -1.7371835
2105000 19.17842 -1.7042025
2110000 17.423574 -1.7014113
2115000 15.139999 -1.7203202
2120000 15.430258 -1.7096481
2125000 18.899009 -1.7182294
2130000 13.621872 -1.7311548
2135000 8.369393 -1.7476851
2140000 11.194667 -1.7284474
2145000 12.619891 -1.7304915
2150000 11.728781 -1.7308404
2155000 16.052002 -1.7324408
2160000 12.743111 -1.7263535
2165000 8.7906966 -1.7312524
2170000 14.323658 -1.7006293
2175000 11.559121 -1.7055504
2180000 15.797091 -1.7170967
2185000 18.857717 -1.7053381
2190000 11.970582 -1.7206224
2195000 10.467164 -1.7477656
2200000 12.96272 -1.7381735
2205000 9.4907671 -1.7555334
2210000 14.024135 -1.7101269
2215000 18.163162 -1.6954569
2220000 15.022491 -1.7085744
2225000 17.749116 -1.6883248
2230000 16.607157 -1.7138572
2235000 14.323624 -1.6924637
2240000 16.641968 -1.709459
2245000 12.999735 -1.7029503
2250000 16.623794 -1.7105297
2255000 17.721657 -1.7122369
2260000 15.434681 -1.6992814
2265000 18.768145 -1.6984346
2270000 11.149659 -1.7208411
2275000 13.610682 -1.6975617
2280000 12.067464 -1.7324868
2285000 10.092285 -1.7492912
2290000 5.196808 -1.7708905
2295000 5.4113976 -1.7716403
2300000 8.9789356 -1.7471544
2305000 10.520996 -1.747859
2310000 7.4295075 -1.7596101
2315000 8.6325422 -1.761173
2320000 8.9396289 -1.7578087
2325000 5.9383975 -1.7545055
2330000 10.383378 -1.742291
2335000 12.171817 -1.7325956
2340000 12.586034 -1.7391546
2345000 10.401723 -1.7296233
2350000 14.488315 -1.7227143
2355000 13.102093 -1.7251257
2360000 12.055782 -1.7328225
2365000 9.1284985 -1.7402873
2370000 8.6636093 -1.7228353
2375000 10.42356 -1.7590492
2380000 8.7166528 -1.7482113
2385000 6.2250478 -1.7627047
2390000 5.4803497 -1.7567999
2395000 4.0671775 -1.7683783
2400000 4.473222 -1.7707178
2405000 3.7574122 -1.7740001
2410000 4.3566406 -1.7783351
2415000 2.1395745 -1.7844722
2420000 2.1440642 -1.7858128
2425000 2.9101087 -1.7906331
2430000 2.092185 -1.7839899
2435000 3.0693412 -1.7799776
2440000 2.6486628 -1.7844926
2445000 4.4905874 -1.7778978
2450000 3.0315473 -1.7777547
2455000 2.6213552 -1.7833939
2460000 2.5931902 -1.7870619
2465000 2.2899932 -1.7850684
2470000 1.9212263 -1.7887553
2475000 2.7998734 -1.7823758
2480000 4.3967007 -1.7758969
2485000 3.5707427 -1.7764436
2490000 5.2971741 -1.7710313
2495000 5.0904869 -1.7642047
2500000 5.0706929 -1.7649756
2505000 4.6946084 -1.7678789
2510000 6.3373459 -1.7759009
2515000 6.3285062 -1.7576557
2520000 8.9570675 -1.7513077
2525000 8.694603 -1.7371574
2530000 9.8420068 -1.7454618
2535000 9.1122479 -1.7532257
2540000 8.3735726 -1.7466075
2545000 10.729597 -1.7527528
2550000 7.1492113 -1.767357
2555000 6.5910949 -1.7606856
2560000 3.5528884 -1.7718288
2565000 5.0300642 -1.7691828
2570000 5.1740151 -1.7686541
2575000 4.5138951 -1.7653163
2580000 4.8344115 -1.7640002
2585000 5.3532264 -1.7670184
2590000 4.5215329 -1.7720767
2595000 4.4233601 -1.7660839
2600000 6.9638888 -1.7541313
2605000 5.5485785 -1.770587
2610000 6.2647525 -1.7657585
2615000 5.5287666 -1.7627001
2620000 7.7514495 -1.7585443
2625000 7.3795839 -1.7594412
2630000 6.0827786 -1.7504771
2635000 7.0703039 -1.7637139
2640000 7.807567 -1.754206
2645000 6.6237786 -1.7591808
2650000 7.7062744 -1.7648107
2655000 6.0165805 -1.7567114
2660000 6.0697056 -1.7644996
2665000 7.7916629 -1.7508237
2670000 9.7405206 -1.7413774
2675000 8.0996626 -1.7528109
2680000 7.2134652 -1.7672428
2685000 5.5191169 -1.7627532
2690000 6.5951246 -1.7571298
2695000 7.2043985 -1.756153
2700000 7.4095388 -1.7611001
2705000 6.9251 -1.7454014
2710000 6.6208156 -1.7628498
2715000 4.0933455 -1.7675576
2720000 7.7522383 -1.7636574
2725000 4.7447299 -1.7691602
2730000 3.0689429 -1.7758331
2735000 3.8792062 -1.7767481
2740000 4.6771599 -1.7684969
2745000 5.7147079 -1.7697
2750000 4.5501573 -1.7711761
2755000 5.4693338 -1.7729932
2760000 5.1536543 -1.7603722
2765000 4.1229453 -1.7811268
2770000 3.0107147 -1.7852838
2775000 3.6666735 -1.7800945
2780000 7.3292704 -1.7597795
2785000 2.7950693 -1.7794759
2790000 2.1727947 -1.7872836
2795000 2.5458127 -1.7825202
2800000 2.1299022 -1.7912713
2805000 1.8657635 -1.7903952
2810000 2.3604321 -1.7860316
2815000 2.5251402 -1.7873733
2820000 2.3673015 -1.7858003
2825000 2.2377328 -1.7841132
2830000 2.3409899 -1.7892738
2835000 1.9283318 -1.7916158
2840000 3.0746992 -1.7774025
2845000 4.1934714 -1.771675
2850000 5.7598683 -1.7539926
2855000 6.7146563 -1.7578705
2860000 4.8146036 -1.7723359
2865000 8.8685307 -1.747212
2870000 10.605632 -1.7542683
2875000 8.327528 -1.7503626
2880000 14.461015 -1.7359868
2885000 11.373038 -1.7368711
2890000 8.0960651 -1.7499659
2895000 10.566517 -1.7453739
2900000 17.683502 -1.7114561
2905000 10.744279 -1.7286274
2910000 14.332755 -1.7267235
2915000 10.984638 -1.7426923
2920000 17.016467 -1.7102328
2925000 15.002335 -1.7041304
2930000 12.425443 -1.7158225
2935000 13.018151 -1.7296056
2940000 8.8848316 -1.7427683
2945000 9.3247647 -1.74322
2950000 8.644943 -1.747927
2955000 9.0751951 -1.7550872
2960000 7.1633623 -1.751529
2965000 13.763927 -1.7316362
2970000 15.608008 -1.7136662
2975000 11.306497 -1.7457397
2980000 7.1674997 -1.7472722
2985000 6.4177025 -1.759452
2990000 10.060063 -1.7623064
2995000 9.1817208 -1.7543127
3000000 9.2671107 -1.7507355
3005000 8.2904463 -1.7391799
3010000 8.4551129 -1.7444965
3015000 8.1188065 -1.7507316
3020000 10.336184 -1.715311
3025000 12.586903 -1.7189443
3030000 12.169832 -1.7239187
3035000 14.603069 -1.7266198
3040000 10.522204 -1.7375098
3045000 8.8170197 -1.7494602
3050000 7.7553591 -1.7584649
3055000 6.7109246 -1.7687158
3060000 10.955625 -1.7272469
3065000 9.1344609 -1.7099422
3070000 14.930198 -1.7294029
3075000 11.272253 -1.745271
3080000 12.448622 -1.7320679
3085000 11.438489 -1.7310408
3090000 16.045586 -1.7028703
3095000 13.09682 -1.7065196
3100000 15.850447 -1.6953721
3105000 12.785929 -1.7319364
3110000 11.21339 -1.7097157
3115000 10.146929 -1.7250422
3120000 10.614 -1.7241177
3125000 17.112433 -1.7284694
3130000 18.904835 -1.6871214
3135000 11.938802 -1.7350105
3140000 11.553675 -1.7346926
3145000 12.264943 -1.7327806
3150000 8.5828733 -1.7433702
3155000 10.692023 -1.718454
3160000 14.742962 -1.7167306
3165000 16.446385 -1.7036404
3170000 12.084421 -1.6949781
3175000 15.241076 -1.6980874
3180000 17.083873 -1.7096318
3185000 19.624284 -1.7084391
3190000 19.159486 -1.6858241
3195000 13.415632 -1.7048108
3200000 13.860685 -1.70453
3205000 9.6711808 -1.7551947
3210000 4.9024299 -1.7582633
3215000 8.1489564 -1.7531969
3220000 6.5861471 -1.7591926
3225000 6.4276736 -1.7666841
3230000 10.908983 -1.7573783
3235000 10.585368 -1.7391233
3240000 9.8808491 -1.7388984
3245000 13.124143 -1.7322735
3250000 13.092712 -1.7365311
3255000 7.2479561 -1.7458152
3260000 7.4030256 -1.750385
3265000 6.2166106 -1.7590885
3270000 8.0519106 -1.7639551
3275000 6.2366268 -1.7546577
3280000 6.8827028 -1.7651657
3285000 7.2042576 -1.7570543
3290000 8.7754065 -1.7507279
3295000 8.4856609 -1.7588184
3300000 9.6307127 -1.7340051
3305000 8.7985242 -1.7425302
3310000 8.9083751 -1.745039
3315000 9.9764821 -1.7105087
3320000 11.529066 -1.7261474
3325000 10.486879 -1.7364202
3330000 13.088575 -1.734144
3335000 10.699989 -1.7350894
3340000 16.992524 -1.6915212
3345000 13.850498 -1.7104275
3350000 15.93082 -1.7124625
3355000 14.955814 -1.7140715
3360000 15.672654 -1.6994113
3365000 16.059166 -1.6939779
3370000 15.541294 -1.6954893
3375000 11.519248 -1.7438212
3380000 14.701175 -1.7188354
3385000 9.285659 -1.7495946
3390000 10.357261 -1.7484697
3395000 11.349605 -1.7523215
3400000 4.7840775 -1.7659392
3405000 5.1803066 -1.7708824
3410000 4.4940157 -1.768902
3415000 6.2736559 -1.7592139
3420000 4.743264 -1.7715195
3425000 7.612794 -1.7622008
3430000 9.4845 -1.7555808
3435000 10.857825 -1.7281657
3440000 8.5189429 -1.7451225
3445000 10.646391 -1.7597338
3450000 6.6458381 -1.7634261
3455000 4.6666992 -1.771055
3460000 4.8257959 -1.7719444
3465000 5.6348402 -1.7608909
3470000 5.1050864 -1.7694583
3475000 4.3667562 -1.7668591
3480000 5.1715709 -1.7652864
3485000 7.9521546 -1.7586872
3490000 8.1307225 -1.7388296
3495000 8.546455 -1.7501706
3500000 12.634869 -1.7369815
3505000 23.280762 -1.7073932
3510000 15.439076 -1.7168424
3515000 17.950976 -1.7021048
3520000 16.850217 -1.7255446
3525000 14.367468 -1.6994667
3530000 15.96023 -1.6977638
3535000 20.19358 -1.7192274
3540000 13.951392 -1.6953271
3545000 17.392009 -1.7174917
3550000 12.929752 -1.7121995
3555000 20.311964 -1.7030302
3560000 13.136051 -1.6979363
3565000 14.471094 -1.6829503
3570000 13.72948 -1.7028934
3575000 15.909157 -1.7131949
3580000 16.428775 -1.7087262
3585000 14.028205 -1.6835512
3590000 15.181986 -1.7219442
3595000 9.6948215 -1.7382441
3600000 13.138609 -1.729837
3605000 8.748131 -1.7503504
3610000 8.7610769 -1.7486632
3615000 8.0427691 -1.7392114
3620000 11.553721 -1.7190868
3625000 11.924048 -1.7460494
3630000 8.6519839 -1.7522519
3635000 8.5454416 -1.7323313
3640000 7.115803 -1.7643176
3645000 4.2297506 -1.7673134
3650000 10.992856 -1.7419202
3655000 7.8623723 -1.7478475
3660000 7.0334884 -1.7440585
3665000 12.611137 -1.7338442
3670000 14.649602 -1.7299113
3675000 10.370253 -1.7343821
3680000 14.774298 -1.7040816
3685000 14.084032 -1.7079933
3690000 15.447063 -1.7094875
3695000 15.058263 -1.7096743
3700000 13.171106 -1.7341003
3705000 13.232476 -1.7232544
3710000 14.418767 -1.7296174
3715000 7.982993 -1.7382585
3720000 7.2070741 -1.7608525
3725000 7.4874717 -1.7520018
3730000 7.4974574 -1.7343998
3735000 4.8389671 -1.7574596
3740000 7.0360048 -1.7654117
3745000 9.2864449 -1.7392689
3750000 7.7067553 -1.7466531
3755000 9.5998961 -1.7463801
3760000 9.2754349 -1.7522578
3765000 7.6077206 -1.7326826
3770000 6.4569974 -1.7575694
3775000 5.010367 -1.7700401
3780000 5.3969909 -1.7721391
3785000 3.8089783 -1.7786965
3790000 4.7797592 -1.7790387
3795000 3.9231112 -1.7760187
3800000 5.5391251 -1.7664634
3805000 5.304356 -1.7701662
3810000 5.3490652 -1.7697862
3815000 5.4064256 -1.7718338
3820000 6.6005255 -1.764025
3825000 5.9115457 -1.7741115
3830000 5.4434295 -1.7711177
3835000 3.7099824 -1.7770359
3840000 6.0185048 -1.7771003
3845000 5.6010811 -1.7690594
3850000 4.2919821 -1.7700211
3855000 4.2886975 -1.7638785
3860000 5.4825132 -1.7733929
3865000 3.7026757 -1.7792207
3870000 3.4169026 -1.7748342
3875000 4.401504 -1.7672174
3880000 5.5088289 -1.7694112
3885000 5.412351 -1.7691365
3890000 5.2913326 -1.7636402
3895000 5.4770029 -1.7657786
3900000 4.5243727 -1.7747411
3905000 3.9662283 -1.7760699
3910000 3.6395069 -1.7753098
3915000 2.7621229 -1.7719423
3920000 3.7808421 -1.7821927
3925000 3.3500603 -1.7801212
3930000 3.025026 -1.7792457
3935000 3.4859016 -1.7740048
3940000 4.1572781 -1.7765605
3945000 2.3553284 -1.7876234
3950000 2.0993791 -1.7888244
3955000 2.6900052 -1.783478
3960000 1.8845336 -1.7907173
3965000 1.8075443 -1.7888416
3970000 2.1421701 -1.7891014
3975000 3.0266843 -1.785132
3980000 3.4979765 -1.7817931
3985000 3.4115892 -1.781338
3990000 3.9856055 -1.7811325
3995000 4.0258606 -1.7835383
4000000 3.6106098 -1.7791786
4005000 3.5490966 -1.7828387
4010000 4.3389637 -1.7839012
4015000 3.729334 -1.7774131
4020000 3.3561298 -1.7831335
4025000 3.1064692 -1.7833531
4030000 4.1916354 -1.7744696
4035000 3.831006 -1.7761549
4040000 3.7334385 -1.7805696
4045000 4.3527014 -1.7791322
4050000 3.5906343 -1.7755422
4055000 3.0615074 -1.7781203
4060000 2.9552798 -1.7775287
4065000 3.2117592 -1.7838201
4070000 2.1709153 -1.7810641
4075000 2.0185646 -1.7882382
4080000 1.7985015 -1.7896096
4085000 2.025149 -1.7897539
4090000 1.8782148 -1.787379
4095000 1.589573 -1.7851049
4100000 1.6314773 -1.7865913
4105000 2.6886242 -1.7868716
4110000 2.5137843 -1.7857987
4115000 2.0620679 -1.7935988
4120000 2.0464731 -1.7930884
4125000 2.1501049 -1.7868514
4130000 2.220017 -1.7873904
4135000 2.200328 -1.7901271
4140000 2.1865526 -1.7890492
4145000 1.9450077 -1.7878363
4150000 2.3361938 -1.786301
4155000 1.8752006 -1.7899952
4160000 1.9878494 -1.786839
4165000 3.3229346 -1.7846448
4170000 2.8438724 -1.7826422
4175000 2.0920386 -1.7896921
4180000 1.7983168 -1.789022
4185000 2.1909613 -1.7907963
4190000 1.9814767 -1.7875918
4195000 2.0027184 -1.7924092
4200000 1.5409564 -1.7896066
4205000 1.8537355 -1.7891683
4210000 1.7908376 -1.7893116
4215000 2.6768972 -1.7822876
4220000 2.8345976 -1.7825319
4225000 1.812162 -1.7850252
4230000 2.9572995 -1.7822579
4235000 2.9393628 -1.7866992
4240000 2.4844326 -1.7877204
4245000 2.8815939 -1.7753235
4250000 3.0927067 -1.7768356
4255000 3.6641602 -1.7782205
4260000 3.7979574 -1.7785565
4265000 3.3212703 -1.7724699
4270000 3.2409279 -1.7747702
4275000 3.0117098 -1.7769421
4280000 3.3502796 -1.7800737
4285000 2.9655861 -1.7789951
4290000 4.0488807 -1.7683191
4295000 4.4384713 -1.7749716
4300000 4.5365109 -1.7744733
4305000 4.9776387 -1.768222
4310000 3.7947305 -1.7782928
4315000 5.0914435 -1.7726064
4320000 5.8097497 -1.770546
4325000 5.1189797 -1.7692994
4330000 4.0952367 -1.7721746
4335000 4.8202634 -1.768705
4340000 4.1232191 -1.7658094
4345000 6.8805157 -1.7667786
4350000 8.0587568 -1.7609861
4355000 7.0342136 -1.7553952
4360000 5.4832632 -1.7526514
4365000 6.440314 -1.7568302
4370000 7.778915 -1.7608984
4375000 4.9714001 -1.7661159
4380000 6.1560659 -1.7720266
4385000 7.1046565 -1.7660983
4390000 7.5376517 -1.7557669
4395000 7.0633815 -1.7665579
4400000 7.7598778 -1.7605049
4405000 4.4786602 -1.7692257
4410000 4.215907 -1.7671242
4415000 5.2384246 -1.7719651
4420000 5.4405207 -1.7640458
4425000 7.9137911 -1.7658878
4430000 6.2688751 -1.7674302
4435000 6.1159081 -1.7709359
4440000 5.0540949 -1.7754379
4445000 4.8642032 -1.7773848
4450000 3.6220827 -1.7737971
4455000 5.9050301 -1.7671764
4460000 4.9731114 -1.7723591
4465000 4.1494837 -1.7795739
4470000 3.3216941 -1.7760541
4475000 3.1178889 -1.7750106
4480000 7.4008374 -1.7555918
4485000 5.362802 -1.7534705
4490000 6.797385 -1.7454802
4495000 11.426314 -1.7542464
4500000 9.9448892 -1.7366145
4505000 9.1310871 -1.7396211
4510000 6.3092925 -1.7645199
4515000 5.9049555 -1.7712595
4520000 4.614747 -1.7702727
4525000 6.81516 -1.7672295
4530000 6.6225478 -1.759063
4535000 7.8938763 -1.755522
4540000 4.8947782 -1.7734529
4545000 5.741196 -1.768991
4550000 4.396909 -1.7720982
4555000 4.3735428 -1.7701791
4560000 7.4561136 -1.7593135
4565000 6.7200459 -1.7604322
4570000 7.0202564 -1.7648221
4575000 8.6798867 -1.757012
4580000 5.6986861 -1.7588221
4585000 6.246272 -1.7647852
4590000 6.2832062 -1.7644285
4595000 6.8995882 -1.7504458
4600000 6.5387673 -1.7623742
4605000 6.309946 -1.7570431
4610000 5.654413 -1.7593674
4615000 6.2716007 -1.7738971
4620000 5.256101 -1.766888
4625000 5.3309826 -1.7728456
4630000 4.6195024 -1.7658491
4635000 4.1113772 -1.7743281
4640000 4.8537646 -1.7667839
4645000 8.0256983 -1.7592293
4650000 5.9384033 -1.7648433
4655000 7.1208774 -1.7645882
4660000 4.939662 -1.7708759
4665000 5.1748345 -1.7758057
4670000 7.4599357 -1.7598698
4675000 6.1094695 -1.7551654
4680000 6.9135994 -1.7570349
4685000 6.4062016 -1.7554109
4690000 7.8179516 -1.7456528
4695000 9.7557866 -1.7500332
4700000 7.6374834 -1.757421
4705000 6.2013094 -1.763989
4710000 8.113257 -1.7674194
4715000 5.8842812 -1.7647011
4720000 7.7320953 -1.7663348
4725000 8.5257539 -1.7465181
4730000 10.491712 -1.7456649
4735000 9.7508444 -1.7600837
4740000 13.149538 -1.7250722
4745000 17.468042 -1.7233996
4750000 14.225756 -1.7248821
4755000 15.348229 -1.7046896
4760000 16.548511 -1.7091266
4765000 11.464765 -1.7308625
4770000 11.183287 -1.700674
4775000 17.706896 -1.7128589
4780000 18.286961 -1.7187225
4785000 17.45809 -1.6983451
4790000 17.971997 -1.6969106
4795000 14.483871 -1.7075054
4800000 10.796265 -1.7126682
4805000 12.161626 -1.721581
4810000 13.778212 -1.7180374
4815000 12.71601 -1.7463997
4820000 12.896494 -1.695986
4825000 17.014571 -1.7148492
4830000 15.526738 -1.7080502
4835000 16.591653 -1.6824903
4840000 11.900126 -1.7168336
4845000 12.188245 -1.7380698
4850000 10.632347 -1.7538645
4855000 11.177125 -1.7443473
4860000 8.1779553 -1.7568206
4865000 8.4357925 -1.7502607
4870000 9.3262891 -1.7473422
4875000 8.4736952 -1.7498504
4880000 14.27676 -1.7523458
4885000 9.1475374 -1.7495237
4890000 6.3803261 -1.7658466
4895000 6.1762794 -1.7639894
4900000 6.4371741 -1.7662179
4905000 5.8270236 -1.7703389
4910000 6.2268376 -1.770218
4915000 6.3407047 -1.756619
4920000 4.6239993 -1.7751434
4925000 4.0991223 -1.7783745
4930000 4.1725769 -1.7806933
4935000 4.1130317 -1.7777989
4940000 3.4605878 -1.7805556
4945000 3.1184204 -1.7789655
4950000 2.6527216 -1.7826941
4955000 3.5655766 -1.7821484
4960000 3.8040013 -1.7790768
4965000 3.8719018 -1.7773158
4970000 3.8993035 -1.7754168
4975000 1.8159668 -1.7872683
4980000 2.3977013 -1.7908438
4985000 3.0649576 -1.7921714
4990000 2.6849569 -1.7849838
4995000 1.8021094 -1.7854658
5000000 2.6808932 -1.7901958
