# Step Temp PotEng   (replica 2, downsampled)
0 3.6115252 -1.7950808
5000 3.8308821 -1.7769262
10000 3.451117 -1.7872705
15000 4.5396267 -1.7756099
20000 4.5292756 -1.7760859
25000 4.7940027 -1.7699409
30000 5.5729477 -1.7723805
35000 4.0250156 -1.7711045
40000 4.6723583 -1.7719541
45000 4.5779029 -1.7773864
50000 4.3582762 -1.7769441
55000 4.1557398 -1.7789009
60000 2.7423098 -1.7826241
65000 2.6462565 -1.7780733
70000 3.9145877 -1.782615
75000 2.8600583 -1.7795674
80000 1.9158886 -1.7883159
85000 1.9993548 -1.7896054
90000 2.5331778 -1.7897472
95000 1.968949 -1.7846858
100000 2.6649091 -1.7802033
105000 2.7900139 -1.7795681
110000 3.6826992 -1.7799103
115000 3.3923088 -1.7777716
120000 2.7513445 -1.7847839
125000 2.9893023 -1.7854492
130000 2.5787643 -1.7834739
135000 3.0546745 -1.7866893
140000 2.4881666 -1.7838513
145000 3.4639527 -1.7833233
150000 1.9607515 -1.7862773
155000 1.6048816 -1.7898977
160000 2.0118587 -1.787102
165000 2.1901768 -1.7861264
170000 2.4681751 -1.7812599
175000 1.9678674 -1.7886323
180000 2.3158449 -1.7864658
185000 2.3830696 -1.7859435
190000 2.8332586 -1.7824794
195000 1.7433841 -1.7893529
200000 2.0476516 -1.7886599
205000 2.2010822 -1.7864409
210000 1.7847636 -1.7896146
215000 2.1433181 -1.7869343
220000 2.7291239 -1.7835612
225000 3.0497898 -1.7791258
230000 3.0454998 -1.7837979
235000 2.1653547 -1.7915421
240000 2.4090555 -1.7879659
245000 2.3938751 -1.7842031
250000 3.7186052 -1.7814504
255000 3.2953952 -1.7790686
260000 1.9271915 -1.7861326
265000 1.9568117 -1.7901806
270000 2.0076645 -1.7870466
275000 2.5546432 -1.7866898
280000 3.1035153 -1.7845393
285000 1.9046823 -1.7887114
290000 2.3423273 -1.7892685
295000 2.1239358 -1.7881723
300000 2.1468731 -1.7930324
305000 3.6263819 -1.7874024
310000 2.0801539 -1.789255
315000 2.9256674 -1.7874879
320000 3.2353005 -1.7877042
325000 2.9564999 -1.7857874
330000 2.5729906 -1.7866686
335000 3.8612897 -1.7780047
340000 2.7363586 -1.7816454
345000 3.0374238 -1.7850398
350000 2.2357464 -1.785821
355000 2.1932524 -1.7864099
360000 2.309124 -1.7852603
365000 2.8863222 -1.7834219
370000 2.4416635 -1.7859149
375000 2.3920791 -1.785535
380000 2.5785764 -1.7869211
385000 1.8429932 -1.7872513
390000 2.2787646 -1.7889725
395000 1.8736984 -1.7885948
400000 1.983372 -1.7878129
405000 1.9021105 -1.7898131
410000 1.8336541 -1.7878513
415000 2.0621853 -1.7894402
420000 1.6402983 -1.786337
425000 2.5999835 -1.7835819
430000 2.5915351 -1.7845215
435000 2.2022257 -1.7854261
440000 1.8455219 -1.7897805
445000 1.9483047 -1.7895395
450000 1.8945291 -1.7895885
455000 1.9293344 -1.7884394
460000 1.9938851 -1.7884625
465000 1.601055 -1.7867183
470000 1.8494563 -1.7899545
475000 1.6177915 -1.7890784
480000 1.576155 -1.7900473
485000 2.4504116 -1.7911104
490000 1.7674654 -1.7873457
495000 2.797838 -1.7841567
500000 2.5037604 -1.7894221
505000 1.7741572 -1.7884807
510000 1.5768042 -1.7890991
515000 1.8060806 -1.7892416
520000 1.8071397 -1.7891931
525000 1.6757491 -1.7910335
530000 2.1410923 -1.7908151
535000 1.8117147 -1.7919132
540000 2.0943422 -1.7890897
545000 1.964394 -1.7904744
550000 1.8539179 -1.788813
555000 1.8626674 -1.7916025
560000 2.7746371 -1.7858738
565000 2.4901652 -1.7875273
570000 1.9191596 -1.7887428
575000 2.163788 -1.7872867
580000 2.169164 -1.7889616
585000 1.7439712 -1.7897782
590000 2.4474408 -1.7904885
595000 1.5296504 -1.7893676
600000 2.0018691 -1.7889514
605000 2.2725663 -1.7879748
610000 2.7704826 -1.7821223
615000 2.0464199 -1.7856673
620000 2.4993036 -1.7862008
625000 2.7043612 -1.7843731
630000 1.9776346 -1.7903696
635000 1.7755899 -1.7882998
640000 2.2180513 -1.7919695
645000 2.051747 -1.7888091
650000 1.7187617 -1.7860126
655000 1.7192205 -1.7865519
660000 2.1356471 -1.787214
665000 1.896518 -1.7885176
670000 1.6289438 -1.7886406
675000 1.9102691 -1.7895029
680000 1.9509703 -1.7931959
685000 2.1489784 -1.7907912
690000 2.1361164 -1.786424
695000 2.4935734 -1.7855157
700000 4.048813 -1.7798336
705000 3.1178009 -1.7791881
710000 1.9276156 -1.7861181
715000 2.0419009 -1.7890386
720000 1.740792 -1.7823374
725000 3.4189052 -1.7827543
730000 2.2801773 -1.7812728
735000 2.5141329 -1.7843705
740000 2.149634 -1.7838531
745000 2.4340299 -1.7833036
750000 2.2347754 -1.7859467
755000 2.6440239 -1.7777526
760000 3.3090297 -1.7796759
765000 3.7716259 -1.774699
770000 4.032769 -1.781525
775000 3.6268157 -1.7791307
780000 3.9674074 -1.7715095
785000 5.9437002 -1.764669
790000 5.9218941 -1.774661
795000 4.1079774 -1.7685179
800000 6.3142777 -1.767467
805000 5.9971304 -1.7658127
810000 4.5463853 -1.7731574
815000 3.9551856 -1.7741651
820000 4.7706177 -1.7713812
825000 2.682354 -1.7805196
830000 3.5947378 -1.7833268
835000 4.4631277 -1.7775378
840000 3.0390937 -1.7791242
845000 3.2577031 -1.7786215
850000 3.7012329 -1.7808404
855000 3.9030523 -1.7786811
860000 2.193568 -1.7827805
865000 2.8957131 -1.7881497
870000 2.370007 -1.7843965
875000 1.8995701 -1.7893872
880000 2.0227396 -1.7866343
885000 3.2540532 -1.777455
890000 5.2650794 -1.7702239
895000 5.8103523 -1.7700823
900000 5.3970961 -1.7703204
905000 4.4349201 -1.7676756
910000 4.0579265 -1.7743974
915000 3.9555356 -1.772718
920000 3.918359 -1.7685185
925000 6.4614139 -1.7712195
930000 5.7119079 -1.7671575
935000 5.374564 -1.7732729
940000 4.0446335 -1.7774665
945000 3.31714 -1.7806123
950000 3.6034794 -1.7767089
955000 3.1124478 -1.7800427
960000 3.5541691 -1.7739893
965000 2.616057 -1.7843092
970000 2.4116937 -1.7817398
975000 2.9134786 -1.7816182
980000 2.6752675 -1.7802132
985000 2.3739265 -1.7841046
990000 3.2839974 -1.7872311
995000 1.5652859 -1.7876371
1000000 2.3311115 -1.783541
1005000 2.939129 -1.7861147
1010000 3.8884586 -1.7802825
1015000 3.751345 -1.7776283
1020000 3.5339631 -1.7767429
1025000 3.0607557 -1.7792266
1030000 3.3101926 -1.7778674
1035000 2.6779905 -1.7828858
1040000 2.3400615 -1.7855505
1045000 1.8048223 -1.7893756
1050000 1.5648142 -1.7923087
1055000 2.0923905 -1.7876902
1060000 2.8835616 -1.7801533
1065000 2.591421 -1.7849151
1070000 3.1734336 -1.7859927
1075000 1.8741023 -1.7871814
1080000 2.5075513 -1.7868387
1085000 1.9318966 -1.7870507
1090000 2.5397249 -1.7866591
1095000 2.2031941 -1.7860347
1100000 1.6829313 -1.7819443
1105000 3.4906925 -1.7794594
1110000 1.6684885 -1.7867303
1115000 2.8724705 -1.7880894
1120000 1.907338 -1.7873632
1125000 1.987205 -1.7875951
1130000 2.3343562 -1.7887189
1135000 2.0743215 -1.7891885
1140000 1.927346 -1.7862832
1145000 1.7356758 -1.7904191
1150000 1.9405216 -1.7884078
1155000 1.878555 -1.7881238
1160000 2.0720798 -1.7872063
1165000 2.0986955 -1.7911216
1170000 3.1091692 -1.7850532
1175000 2.0456403 -1.786178
1180000 2.1872426 -1.7860128
1185000 2.0870344 -1.7877763
1190000 1.9040918 -1.7894944
1195000 1.9604362 -1.7894378
1200000 1.9162749 -1.7894214
1205000 1.4944347 -1.7886337
1210000 1.7458374 -1.789576
1215000 2.0522105 -1.7898667
1220000 1.7698712 -1.7925225
1225000 2.6537431 -1.7852698
1230000 2.1130622 -1.7862342
1235000 1.7813265 -1.7897513
1240000 1.7917147 -1.7914737
1245000 1.9083902 -1.7869501
1250000 2.9166397 -1.7842754
1255000 1.9454789 -1.7888624
1260000 1.9016927 -1.7872841
1265000 2.1318657 -1.7918623
1270000 1.9975396 -1.7902622
1275000 1.9125746 -1.7883722
1280000 2.0717699 -1.7879192
1285000 2.12084 -1.7889066
1290000 2.6058828 -1.7830949
1295000 2.2743269 -1.7890602
1300000 2.0822359 -1.7881953
1305000 1.9031352 -1.7889525
1310000 1.7202941 -1.7883189
1315000 1.7760013 -1.7892373
1320000 1.9642934 -1.7885505
1325000 2.639288 -1.7858641
1330000 2.3682706 -1.7846476
1335000 3.5377379 -1.7791674
1340000 4.2882422 -1.7798883
1345000 3.1869424 -1.7774095
1350000 6.2208168 -1.7776574
1355000 6.0122818 -1.7740067
1360000 3.6176088 -1.7764377
1365000 2.9894813 -1.7880379
1370000 2.3273943 -1.789914
1375000 1.7848553 -1.7901951
1380000 2.5334556 -1.7900976
1385000 1.9849254 -1.7926103
1390000 1.766004 -1.7877788
1395000 1.9487076 -1.7896168
1400000 1.9944479 -1.7890041
1405000 2.9570878 -1.7838332
1410000 2.400328 -1.7850517
1415000 2.6787659 -1.7815435
1420000 2.3689134 -1.7832374
1425000 2.1253131 -1.789816
1430000 2.0357452 -1.7853519
1435000 2.5140452 -1.7855876
1440000 2.8443662 -1.7864524
1445000 2.1821576 -1.7847152
1450000 2.3143879 -1.7851224
1455000 4.5500525 -1.771756
1460000 5.6961973 -1.7553022
1465000 6.756024 -1.7574774
1470000 7.2000902 -1.7583831
1475000 6.0226969 -1.7557466
1480000 5.1010191 -1.7598739
1485000 7.5085239 -1.7462152
1490000 7.8413938 -1.7456984
1495000 7.5488188 -1.7450384
1500000 11.151521 -1.7461488
1505000 12.735304 -1.737238
1510000 11.222928 -1.7288057
1515000 11.919931 -1.737176
1520000 12.97151 -1.7339315
1525000 13.851799 -1.7161326
1530000 12.084282 -1.7221843
1535000 14.214429 -1.7116834
1540000 9.1257576 -1.7524144
1545000 8.3068543 -1.7484471
1550000 9.3500665 -1.7575094
1555000 10.976457 -1.7235279
1560000 17.049903 -1.7043903
1565000 13.904758 -1.7142825
1570000 16.948632 -1.7221982
1575000 13.636639 -1.7026962
1580000 15.957623 -1.7218335
1585000 12.642597 -1.7031932
1590000 20.692538 -1.6892132
1595000 12.390838 -1.7119068
1600000 16.808295 -1.692316
1605000 11.245057 -1.7325334
1610000 9.8986138 -1.7257476
1615000 12.296889 -1.7246749
1620000 12.341482 -1.7391858
1625000 11.750035 -1.7507874
1630000 6.9301844 -1.754206
1635000 6.0745166 -1.7690454
1640000 6.7782668 -1.7627026
1645000 8.923112 -1.7547645
1650000 5.4684182 -1.7650158
1655000 6.7348311 -1.7639599
1660000 6.7752542 -1.7623314
1665000 6.5672378 -1.766129
1670000 6.5584748 -1.7562783
1675000 8.7331595 -1.7478525
1680000 12.382333 -1.7143068
1685000 12.064065 -1.7187511
1690000 15.856514 -1.7003
1695000 18.374301 -1.7089415
1700000 14.411159 -1.702516
1705000 15.922019 -1.7252199
1710000 13.673064 -1.6991153
1715000 20.003829 -1.6955246
1720000 13.851079 -1.7184392
1725000 15.837538 -1.6932112
1730000 13.954734 -1.7341807
1735000 19.81152 -1.7147302
1740000 15.048136 -1.7109121
1745000 17.217345 -1.7193957
1750000 15.894739 -1.6704636
1755000 9.8256211 -1.7280988
1760000 9.6894723 -1.7328965
1765000 8.9100686 -1.7252022
1770000 11.549767 -1.7438694
1775000 11.607988 -1.7440687
1780000 8.2246559 -1.7427456
1785000 9.0218424 -1.7525623
1790000 7.3068762 -1.7408142
1795000 10.136768 -1.7485743
1800000 8.6972054 -1.7396358
1805000 9.7000765 -1.7457777
1810000 11.549107 -1.7335677
1815000 16.25525 -1.6849759
1820000 14.976489 -1.6950615
1825000 15.591467 -1.7081666
1830000 10.049995 -1.7376933
1835000 12.009476 -1.7276297
1840000 10.934135 -1.7350642
1845000 15.988655 -1.7035762
1850000 16.900591 -1.7058973
1855000 16.842077 -1.7133055
1860000 14.447724 -1.7050255
1865000 10.912586 -1.7376648
1870000 13.42343 -1.7304074
1875000 10.29452 -1.729089
1880000 17.955864 -1.7087025
1885000 16.076818 -1.690298
1890000 12.815346 -1.7178653
1895000 12.167459 -1.7423374
1900000 12.216212 -1.7348375
1905000 10.245989 -1.7326415
1910000 16.231442 -1.7171985
1915000 11.578625 -1.7416686
1920000 12.441265 -1.7139991
1925000 12.305127 -1.7349911
1930000 13.030051 -1.7380589
1935000 11.116062 -1.734992
1940000 10.919603 -1.7366883
1945000 13.137773 -1.7283086
1950000 14.021104 -1.7363318
1955000 13.663162 -1.7377008
1960000 10.90718 -1.7304306
1965000 9.9753282 -1.7362994
1970000 6.0734112 -1.7414691
1975000 7.582151 -1.7470094
1980000 11.457518 -1.7448453
1985000 9.7157129 -1.7566988
1990000 7.2214603 -1.7368983
1995000 10.428521 -1.7487465
2000000 6.6463969 -1.7480043
2005000 7.0594544 -1.7481223
2010000 11.818106 -1.7367087
2015000 13.350219 -1.724433
2020000 11.187788 -1.7303473
2025000 9.7236366 -1.7428615
2030000 8.8131797 -1.7586781
2035000 6.5529941 -1.7655653
2040000 6.8115926 -1.7686337
2045000 4.8834392 -1.7770994
2050000 5.0679803 -1.7684049
2055000 5.4900113 -1.7666877
2060000 5.1064404 -1.7692254
2065000 7.2272956 -1.7598405
2070000 5.7036852 -1.7573403
2075000 8.6082472 -1.7623509
2080000 7.7730843 -1.7647062
2085000 8.9853594 -1.7666304
2090000 6.9820932 -1.7637485
2095000 6.4780154 -1.762563
2100000 6.7650648 -1.7543043
2105000 6.2302757 -1.758398
2110000 6.5825142 -1.7577322
2115000 5.4339571 -1.7667566
2120000 7.6952477 -1.7599314
2125000 4.2021313 -1.7733783
2130000 4.7996886 -1.7699605
2135000 6.3315199 -1.7629088
2140000 4.7698002 -1.769024
2145000 6.1527045 -1.7638254
2150000 7.7083949 -1.7635251
2155000 7.3765006 -1.7671927
2160000 6.4432766 -1.7558683
2165000 5.7958025 -1.7587211
2170000 6.2164423 -1.7636654
2175000 9.7439503 -1.7308796
2180000 9.8508279 -1.7488315
2185000 9.3070093 -1.7458005
2190000 7.9146351 -1.7559143
2195000 7.6574036 -1.7452795
2200000 9.3702553 -1.7369634
2205000 11.3878 -1.7296577
2210000 8.7012882 -1.745217
2215000 9.753881 -1.7231469
2220000 14.970595 -1.7223742
2225000 9.1482013 -1.7480474
2230000 13.95983 -1.7368449
2235000 9.3511291 -1.7360673
2240000 10.17549 -1.748884
2245000 13.01434 -1.7415335
2250000 8.2443299 -1.7476899
2255000 9.3276246 -1.7377605
2260000 9.0062222 -1.7545896
2265000 11.992231 -1.7247094
2270000 9.8491352 -1.7116249
2275000 11.37491 -1.7304825
2280000 16.909681 -1.7153007
2285000 14.791197 -1.7466398
2290000 14.18839 -1.7197432
2295000 17.27135 -1.7170177
2300000 15.864278 -1.6937926
2305000 15.101317 -1.7080743
2310000 19.932511 -1.6908206
2315000 14.706981 -1.7166567
2320000 14.875556 -1.7154557
2325000 18.063944 -1.7102964
2330000 11.451624 -1.7516675
2335000 8.8171507 -1.7549649
2340000 9.9904618 -1.751715
2345000 8.671027 -1.7524335
2350000 10.499935 -1.7514978
2355000 10.224881 -1.7484863
2360000 10.183738 -1.7574468
2365000 12.257681 -1.7230105
2370000 10.380878 -1.7354949
2375000 12.441186 -1.7170608
2380000 14.238638 -1.7139907
2385000 12.887283 -1.7261781
2390000 9.5018831 -1.736511
2395000 15.151104 -1.7295965
2400000 10.25611 -1.7329676
2405000 15.951182 -1.7135191
2410000 17.39019 -1.6969317
2415000 17.449545 -1.7087167
2420000 15.032052 -1.7006616
2425000 19.585427 -1.6985006
2430000 20.04554 -1.7072616
2435000 14.878918 -1.7157356
2440000 17.823275 -1.6965949
2445000 17.683383 -1.6821643
2450000 17.597381 -1.7033266
2455000 14.491908 -1.7042897
2460000 14.763184 -1.7104432
2465000 18.779087 -1.7258195
2470000 18.578796 -1.7096824
2475000 13.828673 -1.7209359
2480000 8.3431444 -1.7436824
2485000 11.39473 -1.7466836
2490000 7.6272359 -1.7590709
2495000 8.1086924 -1.7467219
2500000 10.488306 -1.7418955
2505000 7.180069 -1.7670623
2510000 6.7079588 -1.7665799
2515000 3.7061772 -1.7828345
2520000 3.8863977 -1.7838322
2525000 3.4013385 -1.7765866
2530000 3.6000488 -1.7822088
2535000 2.9256853 -1.7818394
2540000 4.2024085 -1.7822619
2545000 3.5822078 -1.7698982
2550000 4.4380212 -1.7683343
2555000 4.8705734 -1.7671108
2560000 4.8632682 -1.7653217
2565000 6.6893473 -1.7564297
2570000 7.2828122 -1.7643674
2575000 6.0969841 -1.7570665
2580000 6.4424656 -1.7462905
2585000 11.308655 -1.7470281
2590000 8.6436463 -1.7563727
2595000 7.8505837 -1.7648725
2600000 10.849984 -1.7426847
2605000 19.512192 -1.7079799
2610000 14.036649 -1.694362
2615000 17.711633 -1.7091694
2620000 14.397801 -1.7083128
2625000 11.729819 -1.7336468
2630000 8.7873289 -1.7399926
2635000 10.123807 -1.7432523
2640000 13.001097 -1.7366424
2645000 9.470502 -1.7278058
2650000 12.972235 -1.7372708
2655000 11.794287 -1.7154173
2660000 12.113997 -1.7353322
2665000 12.586626 -1.7438684
2670000 13.027801 -1.7355204
2675000 12.945913 -1.7148529
2680000 15.408087 -1.712164
2685000 9.3480682 -1.7316165
2690000 10.4773 -1.745411
2695000 13.598105 -1.7240735
2700000 11.319528 -1.7157594
2705000 11.581569 -1.7441103
2710000 14.648594 -1.7198464
2715000 12.281807 -1.7118744
2720000 17.021568 -1.717524
2725000 17.127249 -1.6785723
2730000 10.642784 -1.7389964
2735000 7.8776857 -1.741484
2740000 9.9339251 -1.7604978
2745000 6.2003156 -1.7617967
2750000 5.4216966 -1.7602636
2755000 6.4157964 -1.7621611
2760000 4.9633915 -1.7588021
2765000 6.5343004 -1.7575636
2770000 6.2762183 -1.7718189
2775000 5.7013208 -1.7681521
2780000 5.0148736 -1.7665566
2785000 5.9481077 -1.7661346
2790000 5.0172164 -1.7765025
2795000 5.9052432 -1.7670459
2800000 5.9346801 -1.7651598
2805000 4.4752088 -1.774832
2810000 5.7516311 -1.7733827
2815000 6.2386529 -1.7679335
2820000 6.406036 -1.7647514
2825000 5.4964201 -1.7631573
2830000 7.026902 -1.7656322
2835000 7.5325224 -1.7527659
2840000 7.0465374 -1.737718
2845000 7.0932774 -1.7505229
2850000 4.8049203 -1.7673607
2855000 5.4019752 -1.7777068
2860000 6.4290479 -1.7578983
2865000 5.6585181 -1.7721656
2870000 4.2514613 -1.7773661
2875000 5.7032344 -1.7719658
2880000 7.5577343 -1.76103
2885000 5.9125412 -1.7705895
2890000 5.1430823 -1.7733279
2895000 2.5711571 -1.7798835
2900000 3.0051754 -1.7869994
2905000 2.536113 -1.7838267
2910000 2.1472297 -1.7864773
2915000 1.9193266 -1.7888499
2920000 2.1490003 -1.7891063
2925000 2.4430274 -1.7881293
2930000 1.9756038 -1.7898343
2935000 1.6571241 -1.7876519
2940000 2.7062268 -1.787244
2945000 2.4720448 -1.7882482
2950000 2.5803948 -1.790327
2955000 2.2520561 -1.7901577
2960000 2.2889981 -1.7906508
2965000 2.7268179 -1.7873497
2970000 1.8987917 -1.78884
2975000 2.3855396 -1.7894262
2980000 2.0132211 -1.7887434
2985000 1.9587614 -1.7872273
2990000 2.1726858 -1.785161
2995000 1.6721496 -1.7868187
3000000 1.712161 -1.7885464
3005000 1.9763502 -1.7864332
3010000 1.7933849 -1.787431
3015000 1.329015 -1.7884227
3020000 2.7608185 -1.7859258
3025000 2.3357264 -1.7866773
3030000 1.8545695 -1.7812197
3035000 2.6445102 -1.7799972
3040000 2.0532619 -1.7904149
3045000 1.7552094 -1.7908242
3050000 1.9729371 -1.7884968
3055000 2.0485236 -1.7878506
3060000 2.0354861 -1.7903545
3065000 2.1040396 -1.7892569
3070000 2.0396291 -1.7911867
3075000 2.4127749 -1.7881952
3080000 2.3486051 -1.7904487
3085000 2.0138756 -1.7896651
3090000 1.7328537 -1.7903221
3095000 2.1299116 -1.7907002
3100000 2.525471 -1.7887732
3105000 2.0031684 -1.7877704
3110000 2.5842229 -1.7816308
3115000 2.8280447 -1.7864992
3120000 3.5831677 -1.7764892
3125000 3.6018528 -1.7770377
3130000 3.4460339 -1.7746897
3135000 3.4331864 -1.7774634
3140000 2.4566735 -1.784999
3145000 1.9575223 -1.7881047
3150000 2.2435096 -1.7925945
3155000 1.6208595 -1.7900808
3160000 1.9885003 -1.7894256
3165000 2.2920092 -1.7808631
3170000 2.3333171 -1.7798362
3175000 4.7121545 -1.7791925
3180000 3.6549617 -1.7731567
3185000 3.7949112 -1.7823271
3190000 4.7328002 -1.7713186
3195000 6.247607 -1.7576699
3200000 7.983325 -1.7644147
3205000 7.1646772 -1.7562537
3210000 13.071996 -1.7429185
3215000 10.168218 -1.7460801
3220000 8.4057309 -1.7512983
3225000 9.9693936 -1.7520201
3230000 6.6337954 -1.7585049
3235000 6.5670272 -1.7599226
3240000 4.9574508 -1.7582465
3245000 8.9438852 -1.7389168
3250000 8.3495495 -1.7529616
3255000 11.876823 -1.7265051
3260000 13.066544 -1.7358782
3265000 11.218496 -1.7239814
3270000 13.514499 -1.7238841
3275000 7.4120214 -1.7416741
3280000 10.463731 -1.7423447
3285000 12.368742 -1.7295675
3290000 14.767131 -1.7354258
3295000 12.092151 -1.7257997
3300000 13.366688 -1.7304928
3305000 13.748649 -1.7206105
3310000 10.981153 -1.7360445
3315000 8.5817519 -1.7442553
3320000 10.489373 -1.7328343
3325000 7.2045655 -1.743452
3330000 8.7634888 -1.7520065
3335000 9.4662149 -1.7492363
3340000 10.179242 -1.7491303
3345000 15.01762 -1.7290096
3350000 9.2046756 -1.7522716
3355000 8.5443437 -1.7547589
3360000 7.2933866 -1.735703
3365000 8.6118602 -1.7595797
3370000 4.8163411 -1.7667792
3375000 7.1756192 -1.7655745
3380000 6.3468418 -1.761004
3385000 8.6180593 -1.7562875
3390000 5.0356804 -1.7685534
3395000 5.3400062 -1.7705135
3400000 6.009895 -1.757049
3405000 7.3587871 -1.7625838
3410000 8.0949717 -1.7652416
3415000 4.3500237 -1.774783
3420000 3.2913731 -1.780889
3425000 2.8723092 -1.7863753
3430000 1.9437 -1.7898665
3435000 1.6277189 -1.7893619
3440000 2.401856 -1.7815371
3445000 2.7685753 -1.7842426
3450000 1.7813633 -1.7876134
3455000 2.1738392 -1.7897815
3460000 1.810982 -1.7865057
3465000 3.2384391 -1.7858857
3470000 2.595441 -1.7816913
3475000 2.8568658 -1.7853865
3480000 2.0201628 -1.7890255
3485000 2.2540239 -1.7884354
3490000 2.2748286 -1.7851903
3495000 1.9383875 -1.7897854
3500000 1.4254732 -1.7854192
3505000 2.6885745 -1.7777531
3510000 2.1786154 -1.7826211
3515000 2.2273424 -1.7867249
3520000 2.0491749 -1.783457
3525000 3.2558108 -1.7792427
3530000 5.2895291 -1.7726109
3535000 4.1864333 -1.760559
3540000 7.6509279 -1.7598208
3545000 6.3983833 -1.7555618
3550000 8.6645205 -1.7593068
3555000 6.3711799 -1.761263
3560000 6.2023673 -1.7737163
3565000 5.094383 -1.7697163
3570000 3.215601 -1.7781322
3575000 3.1826485 -1.7799346
3580000 3.5262721 -1.7759671
3585000 3.5643652 -1.7803568
3590000 5.1477662 -1.7793472
3595000 3.122674 -1.7812434
3600000 3.3195274 -1.7771209
3605000 2.6223005 -1.7866507
3610000 2.1686772 -1.7890633
3615000 2.8154474 -1.7907143
3620000 2.4414813 -1.7848091
3625000 2.5873642 -1.7814909
3630000 3.4758704 -1.7743194
3635000 5.6938169 -1.7732037
3640000 4.7415263 -1.7652052
3645000 4.4438475 -1.7755895
3650000 3.1103418 -1.7759327
3655000 3.7946737 -1.7810779
3660000 2.995873 -1.779243
3665000 3.8928871 -1.7812723
3670000 5.869257 -1.7745797
3675000 4.705695 -1.7678996
3680000 6.3595173 -1.7675362
3685000 4.8460613 -1.7697392
3690000 5.0272622 -1.7734945
3695000 6.1991561 -1.760608
3700000 5.0384526 -1.7684002
3705000 5.7167865 -1.7766792
3710000 5.2663392 -1.7720028
3715000 5.7443612 -1.7765097
3720000 5.0711144 -1.7728064
3725000 5.8806402 -1.7715117
3730000 4.5477767 -1.7712098
3735000 4.0610575 -1.7738402
3740000 4.9614558 -1.7717961
3745000 5.0401464 -1.7725875
3750000 5.1602903 -1.7712836
3755000 4.5765856 -1.771821
3760000 4.2131904 -1.7700001
3765000 5.1428798 -1.771076
3770000 4.5327308 -1.770167
3775000 5.3804373 -1.7540394
3780000 5.9673783 -1.7666425
3785000 11.228765 -1.7486077
3790000 6.6871318 -1.7470494
3795000 8.4020771 -1.7450219
3800000 10.53727 -1.747627
3805000 8.1977674 -1.7410234
3810000 9.9681481 -1.7247977
3815000 11.680116 -1.7154836
3820000 13.989015 -1.7285479
3825000 11.958258 -1.7247105
3830000 9.4023293 -1.7475923
3835000 8.7453242 -1.7575454
3840000 10.785675 -1.7302346
3845000 11.143854 -1.728154
3850000 12.085186 -1.7345673
3855000 13.026618 -1.686716
3860000 11.91061 -1.6953413
3865000 14.620451 -1.6867641
3870000 13.987386 -1.7424982
3875000 12.016896 -1.7219498
3880000 9.9941843 -1.7414567
3885000 12.282616 -1.7235073
3890000 14.126522 -1.7411109
3895000 9.0652954 -1.7478656
3900000 9.8212773 -1.751797
3905000 10.596163 -1.7285376
3910000 14.282864 -1.7334932
3915000 13.551896 -1.7181884
3920000 12.40384 -1.7099357
3925000 10.890925 -1.7288484
3930000 13.08597 -1.7313876
3935000 11.711235 -1.7373192
3940000 7.5175587 -1.730413
3945000 8.6991437 -1.7297456
3950000 8.3151313 -1.7403509
3955000 9.1497221 -1.7452148
3960000 10.351763 -1.7452765
3965000 11.151495 -1.751167
3970000 15.241944 -1.698733
3975000 12.437998 -1.7414574
3980000 11.08076 -1.739273
3985000 12.85245 -1.7414218
3990000 11.83928 -1.7208251
3995000 9.9041742 -1.7402666
4000000 9.4303284 -1.7231462
4005000 6.9581349 -1.7469741
4010000 7.741246 -1.7496951
4015000 10.157349 -1.746979
4020000 8.1790365 -1.7557036
4025000 7.3773229 -1.7411453
4030000 8.1142716 -1.741767
4035000 12.288927 -1.7116151
4040000 11.326105 -1.7229675
4045000 9.0331103 -1.7089463
4050000 12.79654 -1.7193863
4055000 13.174371 -1.7074474
4060000 9.5640204 -1.7294385
4065000 9.6734988 -1.7351733
4070000 10.827753 -1.7478666
4075000 10.762419 -1.7370233
4080000 7.0646182 -1.7529252
4085000 10.879868 -1.7443426
4090000 9.1698958 -1.751666
4095000 7.247676 -1.7416559
4100000 9.8255651 -1.7286336
4105000 11.158267 -1.7351945
4110000 15.487017 -1.6922396
4115000 14.47073 -1.7155137
4120000 12.379986 -1.7251179
4125000 14.18754 -1.7301545
4130000 10.776075 -1.7196372
4135000 13.009864 -1.7242088
4140000 14.991754 -1.7017791
4145000 13.361124 -1.7381882
4150000 14.470364 -1.7336696
4155000 13.461556 -1.7280579
4160000 12.101829 -1.7212874
4165000 12.522783 -1.7145315
4170000 12.248457 -1.7321917
4175000 13.610324 -1.7058199
4180000 13.540819 -1.7087005
4185000 17.278593 -1.6895426
4190000 15.696583 -1.7070825
4195000 16.559623 -1.7044543
4200000 11.962237 -1.7046692
4205000 17.720754 -1.6906099
4210000 14.879169 -1.7247259
4215000 20.586526 -1.6455664
4220000 13.739813 -1.7306026
4225000 13.749837 -1.7287387
4230000 8.7243631 -1.7494537
4235000 8.4323574 -1.7577905
4240000 7.059547 -1.764873
4245000 7.8496241 -1.7591237
4250000 6.8332222 -1.7454898
4255000 4.9925342 -1.753315
4260000 6.4066653 -1.760345
4265000 4.7504317 -1.7738383
4270000 5.0447764 -1.7704014
4275000 4.0923684 -1.7729609
4280000 5.319452 -1.7673772
4285000 4.8319005 -1.77257
4290000 5.7895783 -1.7664681
4295000 3.6303291 -1.7633598
4300000 5.2368536 -1.7698339
4305000 3.8085856 -1.7769088
4310000 3.9694069 -1.7797961
4315000 3.7399606 -1.7746327
4320000 2.657867 -1.7824334
4325000 1.4655376 -1.7914687
4330000 2.1644133 -1.7883168
4335000 2.9538655 -1.7846452
4340000 3.3673382 -1.7766927
4345000 3.5548192 -1.7714698
4350000 3.2900794 -1.778048
4355000 3.6368766 -1.773916
4360000 4.1606839 -1.7747916
4365000 3.3875109 -1.7808512
4370000 4.1149513 -1.7810807
4375000 3.4287545 -1.7832719
4380000 3.2115057 -1.7780194
4385000 4.1071311 -1.782879
4390000 3.6700917 -1.7767069
4395000 3.5322827 -1.7782985
4400000 3.3475688 -1.7748709
4405000 3.9346601 -1.7775847
4410000 3.9265407 -1.7770303
4415000 3.6088361 -1.7757118
4420000 3.4591906 -1.7744413
4425000 2.9013821 -1.7776602
4430000 3.0916696 -1.7795177
4435000 4.1074775 -1.7836893
4440000 3.072071 -1.7858917
4445000 2.1288257 -1.7909551
4450000 1.9887588 -1.7916754
4455000 1.9598741 -1.7882946
4460000 2.3256724 -1.7839513
4465000 2.6682386 -1.7812462
4470000 3.4519526 -1.7816435
4475000 2.5341336 -1.7843893
4480000 1.9582281 -1.785902
4485000 3.176834 -1.785127
4490000 2.5418629 -1.7829348
4495000 3.2058988 -1.7860362
4500000 2.3203203 -1.7828712
4505000 3.4858952 -1.7853467
4510000 1.6262455 -1.7871963
4515000 1.7435015 -1.786236
4520000 2.2951162 -1.7880081
4525000 1.9865059 -1.7919378
4530000 1.8599474 -1.7899433
4535000 2.3077833 -1.7909349
4540000 1.8315027 -1.7886483
4545000 2.3541945 -1.787848
4550000 2.5475805 -1.7864643
4555000 2.2442976 -1.7861417
4560000 1.9178202 -1.7907838
4565000 2.0977292 -1.7866139
4570000 2.7711234 -1.7845
4575000 2.7302509 -1.7845593
4580000 1.7545602 -1.7853616
4585000 4.0501106 -1.7775452
4590000 3.0993671 -1.7797429
4595000 3.4267765 -1.7820444
4600000 4.1826372 -1.7760398
4605000 3.3190786 -1.7657635
4610000 5.6149254 -1.767961
4615000 6.1752693 -1.7588056
4620000 7.2072273 -1.7600364
4625000 6.033116 -1.7680491
4630000 8.6686056 -1.7629806
4635000 8.9989963 -1.7392526
4640000 11.700834 -1.7356029
4645000 9.4799645 -1.7304378
4650000 10.223101 -1.7445977
4655000 8.1718961 -1.7375508
4660000 11.079126 -1.7345985
4665000 10.102631 -1.7273741
4670000 17.200819 -1.6844094
4675000 16.790911 -1.6905053
4680000 17.211387 -1.7141492
4685000 15.35883 -1.7040883
4690000 14.655968 -1.6988993
4695000 14.771221 -1.7138271
4700000 16.282085 -1.7240828
4705000 10.707102 -1.7366011
4710000 8.7438085 -1.7428053
4715000 9.0317943 -1.745394
4720000 7.734366 -1.7514162
4725000 7.0396022 -1.7596201
4730000 7.6454179 -1.7547256
4735000 6.3240375 -1.7665976
4740000 8.0011479 -1.7601937
4745000 4.8434396 -1.7644969
4750000 5.156386 -1.7636446
4755000 6.2771009 -1.7726312
4760000 5.6225826 -1.7689013
4765000 6.5294122 -1.762099
4770000 7.159463 -1.7622533
4775000 4.9374967 -1.7631558
4780000 3.206599 -1.7771862
4785000 4.1834656 -1.7772313
4790000 4.4376702 -1.7731862
4795000 4.5895971 -1.7679354
4800000 6.0962973 -1.7747591
4805000 5.5443066 -1.7662549
4810000 4.7048684 -1.7692651
4815000 3.6161707 -1.7767569
4820000 4.3743235 -1.7796852
4825000 2.4397587 -1.7863616
4830000 1.5550085 -1.7891372
4835000 2.3050195 -1.7828947
4840000 3.4216844 -1.7831236
4845000 3.4102667 -1.7739235
4850000 2.0349981 -1.7858704
4855000 3.0859867 -1.7848671
4860000 2.6599756 -1.7834521
4865000 3.0744713 -1.7843872
4870000 4.7046956 -1.7789454
4875000 2.9375357 -1.7813706
4880000 2.2541632 -1.7842001
4885000 3.1314145 -1.7858838
4890000 2.3299754 -1.7872206
4895000 3.4061721 -1.7806907
4900000 2.4525132 -1.7875156
4905000 1.6304185 -1.7867926
4910000 2.0954555 -1.7902914
4915000 2.2191522 -1.7894824
4920000 2.0819686 -1.7811157
4925000 2.7931464 -1.785508
4930000 2.4015391 -1.7880317
4935000 2.5867514 -1.7832837
4940000 2.5821306 -1.7809841
4945000 2.9599137 -1.7813732
4950000 2.3584506 -1.782107
4955000 2.6638239 -1.7835301
4960000 2.6496035 -1.782273
4965000 2.6070038 -1.7852753
4970000 2.0968307 -1.7816663
4975000 3.3482124 -1.7766164
4980000 2.4187859 -1.7831998
4985000 2.5232695 -1.7850113
4990000 1.8629383 -1.788959
4995000 2.5764165 -1.783489
5000000 2.5933992 -1.7842221
