# Step Temp PotEng   (replica 7, downsampled)
0 15.874836 -1.7950808
5000 12.428843 -1.7278718
10000 10.753161 -1.7367645
15000 12.45178 -1.7335357
20000 17.550983 -1.7205298
25000 17.027895 -1.7124647
30000 12.646203 -1.7293256
35000 12.447963 -1.7438478
40000 10.275288 -1.7275177
45000 8.9885936 -1.7327972
50000 11.637475 -1.7482848
55000 9.8337783 -1.7278682
60000 15.33295 -1.722355
65000 12.612224 -1.7129492
70000 17.779232 -1.7020359
75000 17.582694 -1.699238
80000 21.696841 -1.6581592
85000 23.05167 -1.6712281
90000 20.893122 -1.63011
95000 24.638793 -1.6524
100000 20.926024 -1.6719202
105000 18.215762 -1.5701698
110000 24.380168 -1.6595706
115000 22.279124 -1.6465748
120000 21.331416 -1.6516653
125000 22.490245 -1.6544182
130000 20.745052 -1.6634132
135000 16.854858 -1.7090348
140000 14.454294 -1.7233278
145000 19.343968 -1.6962244
150000 11.502018 -1.7095475
155000 19.483167 -1.7215626
160000 12.243947 -1.7310714
165000 11.983889 -1.7285687
170000 10.465538 -1.7231468
175000 15.769351 -1.7031681
180000 13.942928 -1.7196698
185000 19.080724 -1.7211615
190000 13.361445 -1.6943471
195000 10.700781 -1.7398092
200000 9.7290302 -1.7496975
205000 8.8544153 -1.7502785
210000 9.9839826 -1.757666
215000 8.9996341 -1.750487
220000 10.767891 -1.7436137
225000 8.2131109 -1.7456381
230000 10.126083 -1.7504868
235000 10.197285 -1.7447333
240000 11.927782 -1.739231
245000 12.857853 -1.7301319
250000 9.9085159 -1.7112889
255000 10.104423 -1.7437542
260000 17.603062 -1.6818207
265000 11.799108 -1.7243856
270000 13.186953 -1.7257544
275000 11.283137 -1.7174859
280000 7.7377069 -1.7416511
285000 12.031816 -1.7265953
290000 12.121761 -1.7368406
295000 15.023506 -1.7212792
300000 11.182008 -1.73973
305000 18.461277 -1.6944632
310000 18.237835 -1.7038503
315000 18.359542 -1.7018787
320000 11.560025 -1.7300802
325000 15.643307 -1.7124748
330000 14.116338 -1.688158
335000 12.516177 -1.7357419
340000 10.770217 -1.7463551
345000 16.074332 -1.7343059
350000 7.6716178 -1.7525778
355000 7.8094898 -1.7418158
360000 8.4889552 -1.7453148
365000 9.5363065 -1.7505097
370000 12.143104 -1.7310385
375000 9.934859 -1.7279421
380000 10.861309 -1.7540478
385000 7.9436134 -1.7435113
390000 10.847804 -1.7584166
395000 15.005667 -1.7393045
400000 8.4009999 -1.7518669
405000 10.431858 -1.7526177
410000 9.017881 -1.7313912
415000 10.105504 -1.7543828
420000 7.4244433 -1.742161
425000 10.95124 -1.7511307
430000 5.590603 -1.7576434
435000 6.4311483 -1.7635312
440000 8.7784998 -1.7587929
445000 6.385574 -1.7678332
450000 9.255446 -1.7489571
455000 5.7064915 -1.7537296
460000 7.2724171 -1.7594902
465000 6.5577237 -1.7599629
470000 7.1102487 -1.7608367
475000 5.9736022 -1.7611787
480000 5.9670014 -1.755713
485000 5.774767 -1.7549023
490000 4.6354049 -1.7710151
495000 5.7602557 -1.7651525
500000 4.9305245 -1.7721764
505000 7.8588103 -1.7544439
510000 6.1697994 -1.7606998
515000 5.0962845 -1.7645114
520000 11.018166 -1.7552152
525000 5.7581365 -1.7652454
530000 4.9874199 -1.7629118
535000 4.4391071 -1.7719071
540000 4.5651898 -1.7752055
545000 3.7932997 -1.7685498
550000 4.4679536 -1.7733969
555000 6.6672771 -1.7559833
560000 6.7381554 -1.7724623
565000 6.269343 -1.7631245
570000 3.8808212 -1.7705093
575000 4.5229509 -1.7695697
580000 4.6288735 -1.7682914
585000 6.4930712 -1.7655286
590000 7.4152291 -1.7694404
595000 6.1322987 -1.7644722
600000 7.4245096 -1.7587768
605000 4.1115496 -1.7682771
610000 4.8926181 -1.7717717
615000 3.2879233 -1.7805585
620000 3.5534667 -1.7710977
625000 3.6755837 -1.7789944
630000 5.4530742 -1.7779765
635000 5.3278095 -1.7749862
640000 2.9916588 -1.77183
645000 3.2513027 -1.7806992
650000 2.299089 -1.7841504
655000 3.6421691 -1.7788482
660000 3.688793 -1.7804034
665000 3.556678 -1.7756181
670000 2.5820248 -1.782683
675000 4.1266308 -1.7765338
680000 5.7740129 -1.7716011
685000 4.4041991 -1.7701813
690000 3.5584963 -1.778619
695000 3.898767 -1.7772039
700000 2.1258588 -1.783543
705000 2.2917451 -1.7864322
710000 3.3697217 -1.7770235
715000 4.0251878 -1.7756763
720000 5.0904389 -1.7710225
725000 6.3820819 -1.7588087
730000 10.294907 -1.7503638
735000 11.339169 -1.7311404
740000 8.4201196 -1.7497659
745000 8.0877488 -1.7476277
750000 9.9618198 -1.749894
755000 10.684313 -1.750818
760000 8.1216316 -1.749235
765000 9.0387128 -1.7427084
770000 8.023478 -1.7506708
775000 9.2569949 -1.7521024
780000 8.3548444 -1.7382315
785000 6.7091796 -1.7416813
790000 9.4653384 -1.7641671
795000 6.5170816 -1.7380155
800000 13.478151 -1.7395424
805000 12.423747 -1.7199999
810000 10.607536 -1.7317854
815000 6.9471368 -1.7583832
820000 7.2843046 -1.7628939
825000 7.1214246 -1.7615217
830000 5.3455756 -1.7580183
835000 5.7083537 -1.7632921
840000 5.9697001 -1.7534457
845000 4.9099625 -1.7631794
850000 10.781147 -1.7465101
855000 9.2874799 -1.7519654
860000 10.973708 -1.7315545
865000 9.8237196 -1.7257557
870000 13.6624 -1.7311912
875000 9.3396615 -1.7200637
880000 13.3281 -1.7428958
885000 16.840651 -1.7103465
890000 11.694762 -1.7325713
895000 13.381494 -1.7497845
900000 8.6539445 -1.7466613
905000 7.6691787 -1.7456219
910000 7.8508503 -1.741397
915000 11.773319 -1.7321711
920000 12.335819 -1.716395
925000 16.810475 -1.7136591
930000 17.339256 -1.7293166
935000 12.969278 -1.7309151
940000 9.894665 -1.7479008
945000 7.3322236 -1.7609453
950000 6.9351585 -1.7524755
955000 6.8165828 -1.7524138
960000 6.0158895 -1.7601005
965000 7.1736836 -1.7588584
970000 6.7283125 -1.7676478
975000 13.433925 -1.6980974
980000 16.53604 -1.7177085
985000 9.5157159 -1.7413678
990000 9.8092789 -1.731675
995000 6.9250237 -1.7556347
1000000 10.324351 -1.743874
1005000 15.846497 -1.7349647
1010000 10.887643 -1.743649
1015000 13.800028 -1.7185355
1020000 11.988946 -1.7198024
1025000 14.664393 -1.7413493
1030000 12.401628 -1.7322657
1035000 11.434502 -1.7212406
1040000 15.671031 -1.7213683
1045000 16.825665 -1.7116805
1050000 17.420999 -1.7080888
1055000 16.359574 -1.7182183
1060000 11.669707 -1.7368651
1065000 11.8177 -1.7396871
1070000 13.024859 -1.7367447
1075000 10.47742 -1.7425299
1080000 12.618456 -1.724014
1085000 9.5896777 -1.7404018
1090000 8.2004877 -1.7606681
1095000 7.9908728 -1.7594959
1100000 6.8424408 -1.75421
1105000 8.3910335 -1.7632848
1110000 10.416481 -1.751104
1115000 11.609628 -1.7143593
1120000 7.9537803 -1.749724
1125000 12.401228 -1.7314582
1130000 14.178437 -1.7325855
1135000 13.626449 -1.7281746
1140000 9.6496696 -1.7292201
1145000 12.720729 -1.7357412
1150000 19.603372 -1.710161
1155000 14.569499 -1.7117699
1160000 6.4584858 -1.7525075
1165000 11.86734 -1.7284783
1170000 10.504636 -1.7391008
1175000 15.505708 -1.7152532
1180000 13.228969 -1.7139949
1185000 10.825591 -1.7385792
1190000 11.945938 -1.7267916
1195000 12.643977 -1.7273266
1200000 16.238451 -1.7172695
1205000 18.240308 -1.6916259
1210000 14.146567 -1.709267
1215000 17.59773 -1.708249
1220000 15.050657 -1.6756343
1225000 13.359356 -1.7262182
1230000 15.123356 -1.6929441
1235000 18.299976 -1.7152273
1240000 18.894503 -1.6986907
1245000 17.654104 -1.6934456
1250000 19.768413 -1.7015761
1255000 15.265844 -1.6767232
1260000 9.2876296 -1.7444012
1265000 8.2871968 -1.7481302
1270000 10.832374 -1.7512331
1275000 11.016462 -1.7512219
1280000 8.358959 -1.743624
1285000 7.9311458 -1.765838
1290000 5.693478 -1.7605371
1295000 7.3851882 -1.7634844
1300000 11.422569 -1.7442172
1305000 6.7772326 -1.7394634
1310000 13.648727 -1.7344885
1315000 12.656879 -1.7333093
1320000 14.029331 -1.7346326
1325000 11.242905 -1.7248806
1330000 14.428671 -1.7042221
1335000 17.769733 -1.7032389
1340000 17.397026 -1.707564
1345000 12.48467 -1.7283662
1350000 10.818896 -1.7507732
1355000 14.230377 -1.7313029
1360000 12.750023 -1.7332439
1365000 8.9532479 -1.7465652
1370000 7.6977196 -1.7493666
1375000 9.873747 -1.7346014
1380000 7.6832822 -1.7476441
1385000 12.773021 -1.7212973
1390000 11.946309 -1.7384895
1395000 12.425135 -1.7264414
1400000 6.0433671 -1.762217
1405000 6.8937417 -1.7708048
1410000 5.4270406 -1.7624141
1415000 10.888891 -1.7395267
1420000 9.9072726 -1.7429108
1425000 5.3145889 -1.7723959
1430000 5.0189447 -1.7640422
1435000 7.5812996 -1.7504799
1440000 6.6775064 -1.7635547
1445000 7.1622301 -1.7593537
1450000 8.1150083 -1.7597501
1455000 8.0496781 -1.7308976
1460000 9.7157546 -1.7453249
1465000 10.202758 -1.7543525
1470000 11.327538 -1.7423116
1475000 10.393399 -1.7453409
1480000 9.6995075 -1.7504985
1485000 5.7954163 -1.7614847
1490000 5.3701041 -1.7559219
1495000 6.9635917 -1.7620391
1500000 4.3820609 -1.7713353
1505000 3.2838664 -1.7838499
1510000 3.7710687 -1.7828003
1515000 4.3160716 -1.779343
1520000 4.0627482 -1.7703147
1525000 2.0861067 -1.7874131
1530000 1.9021644 -1.7893386
1535000 2.2815981 -1.786048
1540000 2.3197747 -1.7902638
1545000 2.2636811 -1.7889558
1550000 2.3062229 -1.7843444
1555000 1.8009488 -1.7892673
1560000 1.5698902 -1.7916969
1565000 2.1762739 -1.7897782
1570000 2.7821691 -1.7831198
1575000 1.7801031 -1.7882855
1580000 1.8698362 -1.7862912
1585000 2.5203529 -1.7870623
1590000 3.0836302 -1.7856838
1595000 2.7573241 -1.7854487
1600000 2.5400374 -1.7851386
1605000 2.4605975 -1.7891314
1610000 2.1538767 -1.7912852
1615000 1.9328661 -1.7891974
1620000 1.9107299 -1.7859409
1625000 2.7046691 -1.7853467
1630000 1.7900304 -1.7892669
1635000 1.6691245 -1.7891661
1640000 1.7439328 -1.7902551
1645000 1.9899039 -1.7913478
1650000 2.2874306 -1.7902271
1655000 2.9258859 -1.7890659
1660000 2.435167 -1.7885072
1665000 1.7647156 -1.789201
1670000 2.2572036 -1.7913482
1675000 2.0555247 -1.7885949
1680000 2.4466022 -1.7882357
1685000 2.6981948 -1.7852459
1690000 2.4751798 -1.7814995
1695000 4.5929637 -1.7762772
1700000 2.5379763 -1.7824487
1705000 2.1265158 -1.7843924
1710000 3.463246 -1.7802238
1715000 3.3442045 -1.7792274
1720000 3.3734644 -1.7765203
1725000 3.8415825 -1.7671839
1730000 5.1634592 -1.7732358
1735000 4.7408649 -1.7727754
1740000 5.5339502 -1.7757105
1745000 7.9289822 -1.7612566
1750000 6.1225828 -1.7628188
1755000 4.5413965 -1.7686
1760000 7.0955832 -1.7703601
1765000 4.5877986 -1.7717081
1770000 6.0216412 -1.7636332
1775000 5.9576593 -1.772056
1780000 4.1305124 -1.7787511
1785000 3.8282884 -1.778898
1790000 4.5234134 -1.7761407
1795000 5.0844376 -1.7744271
1800000 4.1160057 -1.7689836
1805000 5.162156 -1.7705493
1810000 4.6898828 -1.7709341
1815000 5.0713599 -1.777402
1820000 6.6250677 -1.7682561
1825000 6.9231312 -1.7702894
1830000 5.147543 -1.760692
1835000 4.8426486 -1.776253
1840000 5.2117837 -1.7710932
1845000 5.3643199 -1.7758171
1850000 5.1695166 -1.7673447
1855000 5.772687 -1.7678882
1860000 5.370535 -1.7725957
1865000 4.6766018 -1.7703834
1870000 5.1042582 -1.7619075
1875000 4.3688621 -1.7712338
1880000 3.4917198 -1.771121
1885000 5.019382 -1.7667079
1890000 5.4233332 -1.7671632
1895000 4.848599 -1.7729664
1900000 5.290574 -1.7716858
1905000 5.4327041 -1.7679662
1910000 5.4763512 -1.7648527
1915000 5.787408 -1.7650576
1920000 4.9801585 -1.7686686
1925000 2.4011982 -1.786213
1930000 1.8888869 -1.7902139
1935000 2.9217594 -1.7891876
1940000 1.7374437 -1.7851784
1945000 1.7727704 -1.7803511
1950000 3.0890221 -1.7757741
1955000 2.1607333 -1.7850632
1960000 1.6943068 -1.787777
1965000 2.273366 -1.7908913
1970000 2.0402536 -1.7887626
1975000 2.1819635 -1.7855432
1980000 3.3432064 -1.7857681
1985000 3.0682994 -1.7844341
1990000 2.2657152 -1.7854925
1995000 2.4880177 -1.7862371
2000000 2.3258231 -1.7813987
2005000 1.701721 -1.7872834
2010000 1.8171422 -1.7907002
2015000 1.5044702 -1.7886385
2020000 1.7897824 -1.7908149
2025000 2.2049531 -1.7908585
2030000 2.3042636 -1.7892582
2035000 2.1540422 -1.7878227
2040000 1.9879302 -1.788245
2045000 1.8568024 -1.7879866
2050000 4.620198 -1.7763548
2055000 2.3180322 -1.7875341
2060000 2.7184279 -1.785287
2065000 3.0880781 -1.7881364
2070000 4.7410661 -1.7817265
2075000 4.8965179 -1.7762719
2080000 4.9947431 -1.7716722
2085000 5.9699354 -1.7706724
2090000 4.0650429 -1.7766923
2095000 5.172275 -1.7747954
2100000 3.2063859 -1.7739234
2105000 2.319984 -1.7867555
2110000 1.6642999 -1.7876633
2115000 2.3363348 -1.7908324
2120000 2.9344786 -1.786672
2125000 4.2686881 -1.7831116
2130000 3.1929409 -1.7839957
2135000 3.4161556 -1.7829211
2140000 3.7155234 -1.7837663
2145000 2.8101164 -1.7821612
2150000 4.0849912 -1.7821296
2155000 4.7486151 -1.7726654
2160000 6.000555 -1.7728262
2165000 6.0272684 -1.7665725
2170000 4.9519359 -1.7705058
2175000 7.1600283 -1.7630635
2180000 8.9385604 -1.7630499
2185000 4.582263 -1.7624171
2190000 5.8331407 -1.7663945
2195000 7.620159 -1.7543647
2200000 7.2471614 -1.7650374
2205000 4.7871953 -1.7674014
2210000 6.0772726 -1.7664935
2215000 6.5573656 -1.7624413
2220000 8.3704824 -1.7429672
2225000 11.035721 -1.7049028
2230000 10.28322 -1.7345241
2235000 14.871418 -1.7185209
2240000 12.69528 -1.7283357
2245000 7.4323091 -1.7478812
2250000 12.00307 -1.7140294
2255000 15.120845 -1.7188147
2260000 12.828952 -1.7255977
2265000 8.8296043 -1.7370881
2270000 7.4281285 -1.7636961
2275000 4.9998572 -1.7745111
2280000 4.2318616 -1.7745702
2285000 5.417187 -1.7719974
2290000 3.6531029 -1.7774862
2295000 3.9601643 -1.7797308
2300000 3.0033944 -1.7773644
2305000 6.8780965 -1.7712316
2310000 5.0801347 -1.7724591
2315000 3.7765985 -1.775202
2320000 4.0574975 -1.778713
2325000 2.6190489 -1.7882354
2330000 2.4541367 -1.7852867
2335000 2.0867954 -1.789485
2340000 2.2614981 -1.7870425
2345000 2.3946331 -1.7823136
2350000 2.3108876 -1.7878669
2355000 2.0096204 -1.7878299
2360000 2.1373082 -1.7863016
2365000 2.5118551 -1.7842561
2370000 2.9398638 -1.7856447
2375000 2.5390526 -1.7815489
2380000 1.6578809 -1.7869707
2385000 1.4744674 -1.7869062
2390000 2.1369205 -1.7920207
2395000 2.1768261 -1.7888715
2400000 2.0017845 -1.787108
2405000 2.0340227 -1.7900208
2410000 2.8357011 -1.7837149
2415000 3.4936876 -1.777526
2420000 3.2600822 -1.775135
2425000 4.9799697 -1.7727488
2430000 4.1060771 -1.7700028
2435000 2.62088 -1.7855645
2440000 2.5108634 -1.7844405
2445000 2.6944986 -1.7884791
2450000 2.2890357 -1.7861783
2455000 5.024745 -1.7707281
2460000 5.4706488 -1.7695814
2465000 5.0939768 -1.761142
2470000 5.1579263 -1.7653181
2475000 3.3382089 -1.778589
2480000 2.1245993 -1.7828366
2485000 2.0954827 -1.7859322
2490000 1.7745254 -1.7854887
2495000 2.1502217 -1.7877343
2500000 3.1838945 -1.7883825
2505000 1.3167671 -1.789625
2510000 1.8934049 -1.7841965
2515000 1.55177 -1.7917084
2520000 2.1648236 -1.7938602
2525000 1.4651333 -1.7891591
2530000 2.8035918 -1.7867903
2535000 2.3424609 -1.7867441
2540000 2.3345602 -1.7849162
2545000 2.5066534 -1.7842335
2550000 2.3840042 -1.7856443
2555000 2.3016576 -1.7866518
2560000 2.3741801 -1.7821526
2565000 3.2735026 -1.7831402
2570000 3.0930682 -1.7854355
2575000 3.2239596 -1.7857279
2580000 2.1986114 -1.7851958
2585000 1.8294867 -1.7863519
2590000 1.8688629 -1.787328
2595000 1.912248 -1.7890204
2600000 2.0187777 -1.7855512
2605000 2.4809748 -1.7929195
2610000 2.1072162 -1.7875279
2615000 2.0425471 -1.7870739
2620000 1.9921025 -1.790705
2625000 2.0597231 -1.7906825
2630000 2.4177035 -1.7873996
2635000 2.5159084 -1.7836281
2640000 2.3643099 -1.7844215
2645000 3.4625931 -1.7766337
2650000 3.766757 -1.7791083
2655000 4.1713041 -1.7752181
2660000 3.2632031 -1.774889
2665000 3.7944521 -1.7771752
2670000 2.7095878 -1.7850612
2675000 1.8882818 -1.7858029
2680000 3.1683588 -1.7804932
2685000 4.8629998 -1.7743097
2690000 3.5061379 -1.7785105
2695000 3.5517996 -1.7791043
2700000 2.9964493 -1.7754589
2705000 3.4329072 -1.7757955
2710000 3.315674 -1.7791824
2715000 3.7456781 -1.7820306
2720000 2.7447339 -1.7807745
2725000 3.6492189 -1.7808131
2730000 3.8820693 -1.7775148
2735000 6.1823547 -1.77017
2740000 3.0983967 -1.780418
2745000 2.5455435 -1.7879273
2750000 2.7648558 -1.7853644
2755000 2.2295519 -1.785346
2760000 2.8739629 -1.7833776
2765000 3.0766935 -1.7854397
2770000 3.4831092 -1.7820284
2775000 2.7989834 -1.7853389
2780000 2.7986277 -1.7848357
2785000 2.3539414 -1.7903776
2790000 3.8625466 -1.7793127
2795000 4.3040507 -1.7784938
2800000 2.5097692 -1.7785426
2805000 3.9319684 -1.7801902
2810000 3.3158998 -1.7743516
2815000 3.7206083 -1.7763253
2820000 3.5427173 -1.7782329
2825000 5.5473272 -1.7730573
2830000 5.2618861 -1.7682576
2835000 2.9346392 -1.7719843
2840000 5.0881496 -1.7723145
2845000 3.7676741 -1.7819704
2850000 3.8525358 -1.7796059
2855000 3.2952768 -1.7815055
2860000 3.44676 -1.7824132
2865000 3.4526984 -1.7770376
2870000 5.1581956 -1.7780635
2875000 3.9747537 -1.7767388
2880000 4.4292002 -1.7797931
2885000 3.2170948 -1.7768179
2890000 2.6012033 -1.7868472
2895000 2.5124377 -1.7851758
2900000 2.1949066 -1.7878642
2905000 2.5426638 -1.7891318
2910000 2.4462621 -1.7860663
2915000 2.2893233 -1.7834832
2920000 2.5871936 -1.7790132
2925000 3.2356661 -1.7858877
2930000 2.5599718 -1.78034
2935000 2.5216215 -1.7859194
2940000 2.1514963 -1.7922774
2945000 2.1994203 -1.7902687
2950000 2.0013244 -1.7904214
2955000 2.4334448 -1.7858125
2960000 2.1755764 -1.7894504
2965000 2.741001 -1.7885785
2970000 3.2267544 -1.7828346
2975000 2.8928726 -1.7842916
2980000 2.4969413 -1.7832602
2985000 2.3936936 -1.7831078
2990000 2.5667452 -1.78623
2995000 2.8235698 -1.7788011
3000000 2.6033109 -1.7854271
3005000 3.0904641 -1.7866012
3010000 3.499988 -1.7783083
3015000 3.461753 -1.7801968
3020000 3.6674515 -1.7794
3025000 3.8619379 -1.773298
3030000 4.0756675 -1.776422
3035000 4.027656 -1.7785994
3040000 3.6648154 -1.778338
3045000 2.8805205 -1.7826952
3050000 3.4607981 -1.7806546
3055000 4.5543399 -1.7711226
3060000 3.8116552 -1.776806
3065000 2.4815017 -1.7835451
3070000 2.8002176 -1.7848076
3075000 1.9867794 -1.7870882
3080000 3.1009286 -1.785919
3085000 2.6988356 -1.7889104
3090000 2.7093173 -1.7857901
3095000 2.4241504 -1.7868907
3100000 2.6952644 -1.7843223
3105000 2.2600574 -1.7891498
3110000 2.0741923 -1.7889069
3115000 1.5074575 -1.7900964
3120000 2.0575735 -1.7912149
3125000 1.4767829 -1.7911157
3130000 2.5728446 -1.7847537
3135000 1.4036633 -1.7875351
3140000 1.8919099 -1.7917477
3145000 2.4839705 -1.7888418
3150000 2.0621716 -1.7834266
3155000 3.4658392 -1.7740658
3160000 3.780362 -1.7819182
3165000 5.5243371 -1.7701871
3170000 7.0710561 -1.764018
3175000 7.0616634 -1.7540571
3180000 5.3785929 -1.7636347
3185000 14.475362 -1.7220061
3190000 12.639308 -1.7234969
3195000 9.5647892 -1.7391859
3200000 21.554114 -1.7070365
3205000 14.743516 -1.7125006
3210000 14.993202 -1.7071379
3215000 12.993982 -1.7257105
3220000 13.911004 -1.7022125
3225000 14.782398 -1.6985467
3230000 19.722027 -1.7100346
3235000 15.429263 -1.6861778
3240000 14.88462 -1.6943894
3245000 15.585998 -1.7100976
3250000 18.404369 -1.6919737
3255000 12.531651 -1.687948
3260000 17.609698 -1.706606
3265000 19.380552 -1.7063314
3270000 17.597344 -1.7133048
3275000 19.213778 -1.7355522
3280000 12.827241 -1.6929986
3285000 14.978474 -1.711761
3290000 16.213257 -1.6955802
3295000 17.363913 -1.682853
3300000 15.805523 -1.6993876
3305000 12.991655 -1.7268736
3310000 19.379627 -1.7058945
3315000 16.088034 -1.7177983
3320000 22.843607 -1.6982021
3325000 19.049352 -1.694096
3330000 13.201238 -1.7087027
3335000 11.793407 -1.7007195
3340000 12.389369 -1.744676
3345000 6.5006145 -1.7583446
3350000 6.4123823 -1.7582803
3355000 4.4124671 -1.7759493
3360000 4.1677502 -1.7820699
3365000 5.1224333 -1.7699827
3370000 6.1998324 -1.7686077
3375000 4.9956843 -1.7762229
3380000 2.8691159 -1.784668
3385000 1.7639606 -1.7895068
3390000 1.6611954 -1.7867638
3395000 1.914708 -1.78453
3400000 1.8761392 -1.7875661
3405000 2.561422 -1.7850248
3410000 3.9712986 -1.776747
3415000 4.0215939 -1.7703972
3420000 7.4701941 -1.7639854
3425000 6.78277 -1.743933
3430000 6.2040013 -1.7615466
3435000 6.6911714 -1.7653351
3440000 6.7400604 -1.7637386
3445000 4.3981258 -1.7646665
3450000 4.6488004 -1.7741734
3455000 4.5619089 -1.7613473
3460000 6.8180794 -1.7711252
3465000 6.0731173 -1.772357
3470000 6.1801555 -1.7520142
3475000 6.9812945 -1.7636704
3480000 5.2260509 -1.7727965
3485000 4.8148552 -1.7727568
3490000 4.6171604 -1.7710079
3495000 2.8558174 -1.7787499
3500000 3.3134599 -1.7790416
3505000 2.7858092 -1.7862668
3510000 3.1489169 -1.7823382
3515000 4.3746939 -1.7800819
3520000 2.9550401 -1.7818244
3525000 2.7830221 -1.7861394
3530000 3.1542301 -1.783234
3535000 1.9955669 -1.7893806
3540000 1.7193685 -1.7892881
3545000 2.1307154 -1.7911703
3550000 2.3869033 -1.7908484
3555000 2.0536519 -1.7890146
3560000 1.8931761 -1.7880038
3565000 2.0622601 -1.7884507
3570000 2.2647907 -1.7911403
3575000 1.4449053 -1.7882238
3580000 2.7682239 -1.785659
3585000 2.1851078 -1.783959
3590000 2.6421925 -1.7859159
3595000 2.2225806 -1.7840983
3600000 2.8829167 -1.7835541
3605000 4.246512 -1.7796405
3610000 4.3297338 -1.77518
3615000 4.8006779 -1.7753663
3620000 4.6055481 -1.7730223
3625000 4.77226 -1.7664574
3630000 5.8840798 -1.7553607
3635000 6.8334216 -1.7656165
3640000 8.5679569 -1.7512977
3645000 9.2223762 -1.7336419
3650000 10.663239 -1.7305538
3655000 14.218099 -1.7413001
3660000 11.095233 -1.7117573
3665000 10.044795 -1.7551774
3670000 7.3232243 -1.7540366
3675000 8.75732 -1.7407478
3680000 9.6802962 -1.7638865
3685000 6.6989074 -1.7641951
3690000 5.7476015 -1.7609642
3695000 6.8712818 -1.7469015
3700000 8.7390889 -1.7457906
3705000 10.720454 -1.749645
3710000 6.4276303 -1.762048
3715000 5.3832473 -1.7617096
3720000 8.1768691 -1.7531216
3725000 7.6170969 -1.7612851
3730000 7.1605493 -1.7649368
3735000 11.03983 -1.7579228
3740000 10.154665 -1.7343655
3745000 10.235406 -1.7404976
3750000 12.207408 -1.7461913
3755000 13.675733 -1.7275733
3760000 11.225071 -1.7404824
3765000 15.691049 -1.7083118
3770000 13.874937 -1.7090669
3775000 15.472087 -1.710017
3780000 18.404691 -1.6996496
3785000 13.225265 -1.7345491
3790000 12.271659 -1.7384053
3795000 12.478013 -1.7496532
3800000 9.4588191 -1.7356732
3805000 9.7336835 -1.7167896
3810000 8.9349102 -1.7489656
3815000 7.4795482 -1.7481639
3820000 9.6445069 -1.7493315
3825000 7.9556787 -1.7464121
3830000 13.036517 -1.7301034
3835000 12.22482 -1.723182
3840000 9.0882157 -1.7476883
3845000 8.4435915 -1.756309
3850000 11.910047 -1.7549161
3855000 8.7699316 -1.7442413
3860000 8.8091546 -1.7447103
3865000 8.9496318 -1.7354816
3870000 7.6703462 -1.7487516
3875000 9.6547619 -1.7438189
3880000 11.614561 -1.7522485
3885000 11.127251 -1.7527231
3890000 9.2962943 -1.7426822
3895000 14.339062 -1.7352226
3900000 13.877812 -1.7428175
3905000 8.746221 -1.7523618
3910000 9.2723624 -1.744862
3915000 8.520889 -1.7366015
3920000 7.6996363 -1.748735
3925000 8.6783141 -1.7442669
3930000 4.2655621 -1.7649317
3935000 9.7810019 -1.7517531
3940000 10.50852 -1.7304196
3945000 13.774569 -1.7248424
3950000 13.786686 -1.7270376
3955000 8.5752112 -1.7396899
3960000 8.5552374 -1.7449305
3965000 10.693582 -1.7162174
3970000 9.3624322 -1.7482583
3975000 7.6154405 -1.7583027
3980000 5.7593758 -1.7586265
3985000 10.178021 -1.7561013
3990000 9.2438116 -1.7531842
3995000 10.455603 -1.7248842
4000000 9.2979336 -1.7502508
4005000 12.369033 -1.7349506
4010000 15.217696 -1.7042067
4015000 16.712101 -1.695739
4020000 15.13293 -1.6984864
4025000 19.621348 -1.707899
4030000 10.498544 -1.7211934
4035000 9.5058225 -1.7406322
4040000 6.4464696 -1.741716
4045000 10.866106 -1.7423879
4050000 10.986665 -1.7407064
4055000 9.3324378 -1.7489864
4060000 9.3313148 -1.7410672
4065000 9.7931693 -1.7470099
4070000 9.0859806 -1.7459117
4075000 7.611745 -1.7431186
4080000 12.732011 -1.7304588
4085000 11.632806 -1.7340745
4090000 11.123351 -1.7336923
4095000 10.56157 -1.7303229
4100000 8.7511818 -1.7487033
4105000 7.8463669 -1.7568274
4110000 8.6643408 -1.7567512
4115000 10.087974 -1.7385208
4120000 9.6745563 -1.7476868
4125000 17.46179 -1.7022103
4130000 16.442657 -1.7255992
4135000 15.67846 -1.7120854
4140000 12.688087 -1.7278139
4145000 8.1032901 -1.7532751
4150000 5.5618983 -1.7672725
4155000 7.0761511 -1.7514067
4160000 11.148807 -1.737618
4165000 9.8646858 -1.7587438
4170000 5.6928851 -1.7553127
4175000 5.7211923 -1.762886
4180000 4.2739905 -1.7663705
4185000 5.0953652 -1.7685793
4190000 7.430169 -1.7585467
4195000 6.9898774 -1.7547665
4200000 8.8316821 -1.7443976
4205000 11.827549 -1.7243955
4210000 9.8601779 -1.7299341
4215000 8.672004 -1.7530779
4220000 9.4841935 -1.7357084
4225000 8.3974659 -1.7518685
4230000 9.4413721 -1.7458381
4235000 10.72004 -1.713076
4240000 11.120921 -1.7463245
4245000 13.391838 -1.7358859
4250000 12.455166 -1.7371427
4255000 15.139265 -1.7146199
4260000 10.921702 -1.7220314
4265000 12.101078 -1.7420216
4270000 7.9220531 -1.7451305
4275000 10.245482 -1.7540048
4280000 10.037074 -1.7370329
4285000 8.9659101 -1.7341424
4290000 8.9682999 -1.7486562
4295000 10.371906 -1.732231
4300000 6.9533233 -1.7507243
4305000 9.4829145 -1.7317403
4310000 7.63622 -1.732381
4315000 7.7642385 -1.76169
4320000 3.9676607 -1.7733336
4325000 6.0799043 -1.7574868
4330000 6.5596749 -1.7668929
4335000 5.9223707 -1.7637148
4340000 6.0359052 -1.7662223
4345000 5.2488702 -1.7721712
4350000 5.5385554 -1.7704275
4355000 4.4725685 -1.7737965
4360000 4.8237535 -1.7687328
4365000 6.7833779 -1.7735097
4370000 4.3986637 -1.7706547
4375000 5.393388 -1.7642495
4380000 4.9972041 -1.7697088
4385000 4.4923698 -1.7698156
4390000 4.0389748 -1.7730721
4395000 5.8584332 -1.7684868
4400000 5.5349726 -1.7649248
4405000 6.3880462 -1.7658412
4410000 6.9123386 -1.7574827
4415000 6.1474058 -1.7624885
4420000 6.4642857 -1.7680105
4425000 4.8495417 -1.7707316
4430000 6.8977148 -1.758749
4435000 5.504266 -1.7576594
4440000 8.2682897 -1.7713002
4445000 7.3125998 -1.7601257
4450000 8.5096124 -1.7566141
4455000 12.319287 -1.7270241
4460000 15.792228 -1.7067481
4465000 16.367795 -1.7236196
4470000 15.375267 -1.717714
4475000 14.369153 -1.7177206
4480000 14.780283 -1.7075648
4485000 15.862162 -1.6893271
4490000 17.374904 -1.7054321
4495000 16.451623 -1.7015424
4500000 14.763604 -1.699786
4505000 10.639662 -1.7251862
4510000 8.4276987 -1.7375678
4515000 14.996976 -1.697175
4520000 17.920909 -1.6975989
4525000 16.985392 -1.703301
4530000 15.799459 -1.7121721
4535000 19.1966 -1.725982
4540000 14.681179 -1.716942
4545000 13.843732 -1.6911967
4550000 15.685039 -1.6977892
4555000 10.412457 -1.7483017
4560000 7.6023912 -1.7534577
4565000 9.4618318 -1.738919
4570000 8.5821392 -1.7413512
4575000 4.7638013 -1.7669298
4580000 9.1159083 -1.7436729
4585000 7.3796849 -1.7588224
4590000 13.173319 -1.7411101
4595000 9.6062152 -1.7468484
4600000 9.2380943 -1.7383119
4605000 6.7182049 -1.7515102
4610000 9.5103093 -1.7581725
4615000 10.876437 -1.752146
4620000 12.237465 -1.740732
4625000 6.7132429 -1.7476098
4630000 9.3642027 -1.7510021
4635000 7.1481596 -1.7665171
4640000 5.4415842 -1.7654868
4645000 3.184778 -1.7766129
4650000 4.0788166 -1.7741823
4655000 3.8235061 -1.7753134
4660000 6.1336614 -1.7578635
4665000 6.3786924 -1.7618357
4670000 5.2036795 -1.7677568
4675000 5.1810531 -1.7661058
4680000 4.8176856 -1.7664392
4685000 5.1003902 -1.7656724
4690000 4.9237837 -1.7678441
4695000 5.1982162 -1.7628923
4700000 4.0984848 -1.7666992
4705000 3.6538822 -1.7752104
4710000 4.8936076 -1.7726167
4715000 3.4213211 -1.7745214
4720000 3.3259739 -1.7748427
4725000 3.3797804 -1.7774705
4730000 3.3931368 -1.7810348
4735000 5.2374661 -1.7656257
4740000 4.4294089 -1.7674708
4745000 8.2436982 -1.7523397
4750000 7.0465519 -1.7599204
4755000 5.9545141 -1.765881
4760000 6.5025924 -1.7701122
4765000 4.5794846 -1.7709095
4770000 5.198034 -1.7671413
4775000 6.9210585 -1.7627542
4780000 7.5215931 -1.762845
4785000 6.9287947 -1.7626098
4790000 5.7271756 -1.768953
4795000 8.4308095 -1.753249
4800000 9.1430002 -1.7504517
4805000 8.1671764 -1.7454791
4810000 13.608099 -1.7465217
4815000 10.524285 -1.7249912
4820000 11.852557 -1.73167
4825000 13.950959 -1.7279422
4830000 6.9238191 -1.7607592
4835000 7.4675503 -1.7587249
4840000 8.6533572 -1.7519818
4845000 7.9123307 -1.7489034
4850000 9.1182678 -1.7259911
4855000 9.6072425 -1.7253643
4860000 11.611567 -1.7173242
4865000 11.926465 -1.7476747
4870000 17.753784 -1.7071306
4875000 16.164647 -1.7198232
4880000 14.637363 -1.708556
4885000 16.666373 -1.6983139
4890000 17.117451 -1.7048198
4895000 13.325416 -1.7035469
4900000 16.711974 -1.7177927
4905000 14.832137 -1.7153907
4910000 11.858707 -1.6703734
4915000 17.090094 -1.7040533
4920000 17.738005 -1.7124548
4925000 14.57842 -1.715641
4930000 10.502094 -1.7374416
4935000 12.46219 -1.7309965
4940000 9.6184301 -1.7221057
4945000 10.395583 -1.7249879
4950000 10.779587 -1.7459444
4955000 14.332782 -1.7347189
4960000 16.659494 -1.7133542
4965000 16.952677 -1.6740526
4970000 12.674343 -1.7043605
4975000 16.23814 -1.6956858
4980000 16.123606 -1.6982689
4985000 17.441957 -1.6984446
4990000 14.458207 -1.717044
4995000 18.460237 -1.7043996
5000000 17.125862 -1.7119875
