# Step Temp PotEng   (replica 3, downsampled)
0 4.9608862 -1.7950808
5000 5.3414451 -1.768036
10000 5.3402647 -1.7774579
15000 3.4430571 -1.7772735
20000 3.4304992 -1.7834027
25000 3.1535424 -1.7812887
30000 3.9802741 -1.7835667
35000 4.2495946 -1.7797076
40000 3.3851563 -1.777822
45000 2.8497035 -1.775299
50000 4.6172557 -1.7720812
55000 6.1485582 -1.7703517
60000 4.8256885 -1.7697525
65000 6.9572007 -1.7601254
70000 7.2603042 -1.7496409
75000 9.8158389 -1.7479379
80000 9.5751477 -1.7475893
85000 5.9767738 -1.7626924
90000 5.8907826 -1.7636856
95000 3.7115582 -1.77293
100000 3.5105517 -1.7815851
105000 2.4629209 -1.7824721
110000 2.3265582 -1.7891138
115000 1.4797161 -1.7891996
120000 4.1997557 -1.7780059
125000 4.0062422 -1.7756884
130000 4.3819475 -1.7762383
135000 3.5868545 -1.778365
140000 4.0368782 -1.7766423
145000 1.9946507 -1.783801
150000 3.413284 -1.7808428
155000 4.4286416 -1.782655
160000 3.1393088 -1.7813076
165000 3.7453871 -1.775489
170000 5.5143925 -1.7782193
175000 2.7856987 -1.7802025
180000 4.9896237 -1.7727445
185000 4.2493765 -1.7690835
190000 4.9013529 -1.7674623
195000 4.1378109 -1.7678637
200000 5.1962945 -1.7683627
205000 4.6074697 -1.7621823
210000 6.0933812 -1.7603258
215000 8.5106546 -1.7618255
220000 7.3451236 -1.768793
225000 7.0118207 -1.7658753
230000 5.7572484 -1.7661928
235000 6.3766103 -1.7616971
240000 6.3681732 -1.7738428
245000 5.0849686 -1.7612805
250000 5.8194941 -1.7641402
255000 4.4958804 -1.7639646
260000 5.0895385 -1.7572319
265000 9.8572215 -1.7559394
270000 9.2036637 -1.7451501
275000 9.2852198 -1.7461309
280000 10.895632 -1.7394736
285000 7.061829 -1.7346584
290000 8.5248832 -1.749359
295000 8.6753917 -1.7441555
300000 8.6752535 -1.7488513
305000 6.5315356 -1.7565001
310000 6.9708697 -1.7602908
315000 6.3685421 -1.7611048
320000 3.6718588 -1.7807243
325000 3.3401925 -1.7825346
330000 3.6415806 -1.7760267
335000 6.7014886 -1.7570039
340000 8.2390866 -1.7532969
345000 10.275538 -1.7353043
350000 10.042139 -1.7443914
355000 20.771756 -1.6878145
360000 19.856387 -1.7062091
365000 16.510154 -1.7122122
370000 17.366165 -1.7034685
375000 16.052036 -1.6942107
380000 16.179861 -1.70336
385000 13.758435 -1.716608
390000 17.657415 -1.6938466
395000 15.685413 -1.6914171
400000 19.179718 -1.6977698
405000 16.266194 -1.7116562
410000 15.287088 -1.6876661
415000 15.30661 -1.6725124
420000 12.892757 -1.7252169
425000 12.075864 -1.7337838
430000 10.019195 -1.7450714
435000 9.9290546 -1.7511367
440000 9.8286796 -1.7440717
445000 9.6371502 -1.7517911
450000 9.1923113 -1.741802
455000 9.142499 -1.7574444
460000 8.1359566 -1.7457447
465000 10.525079 -1.7563367
470000 8.0865897 -1.7603962
475000 11.398979 -1.7314377
480000 12.602082 -1.7315346
485000 12.231904 -1.727438
490000 15.824588 -1.7538806
495000 10.369018 -1.7311751
500000 12.347718 -1.7305992
505000 9.0078067 -1.7515546
510000 10.312093 -1.734009
515000 12.758563 -1.7369216
520000 5.9596115 -1.7560283
525000 11.386211 -1.7579137
530000 6.5632895 -1.760074
535000 6.5756474 -1.7616694
540000 5.9105097 -1.7552411
545000 5.8378774 -1.759092
550000 6.954376 -1.7605293
555000 5.551337 -1.7602802
560000 3.273227 -1.7796369
565000 5.1110873 -1.7634034
570000 6.6524301 -1.7627982
575000 5.864934 -1.7622878
580000 7.0994655 -1.7596669
585000 7.279761 -1.7675657
590000 5.6024452 -1.7703561
595000 5.0988284 -1.7642925
600000 4.8844689 -1.7708864
605000 6.2973631 -1.7639145
610000 10.612088 -1.7482039
615000 5.5583516 -1.770957
620000 4.8857971 -1.7658733
625000 4.6763068 -1.7653144
630000 3.0841289 -1.7701502
635000 3.6727127 -1.7759989
640000 4.6368835 -1.763641
645000 5.5322075 -1.7677041
650000 7.8982611 -1.7393825
655000 19.973459 -1.7096396
660000 12.24899 -1.7427292
665000 10.782959 -1.7368958
670000 13.507848 -1.7325182
675000 12.6947 -1.7381526
680000 11.108223 -1.7296655
685000 11.643298 -1.6991576
690000 18.10049 -1.7229493
695000 12.399527 -1.7430733
700000 15.624475 -1.7085596
705000 15.007976 -1.7158793
710000 18.753978 -1.6951954
715000 19.005304 -1.6978374
720000 11.465757 -1.7396567
725000 11.827089 -1.7348809
730000 11.842394 -1.7354294
735000 7.2158412 -1.7552201
740000 4.2354094 -1.7696707
745000 7.9068415 -1.7668783
750000 8.082173 -1.7687397
755000 7.0056812 -1.7543525
760000 6.9875211 -1.7607657
765000 6.2850435 -1.7639751
770000 3.9550145 -1.7717838
775000 5.8063581 -1.7687482
780000 3.0912065 -1.7814623
785000 3.7886824 -1.778447
790000 4.358959 -1.7789018
795000 3.6327315 -1.7795931
800000 3.286561 -1.779517
805000 3.4535429 -1.774852
810000 4.1521289 -1.7778331
815000 2.9672995 -1.7816664
820000 3.9106866 -1.7729167
825000 5.9530492 -1.7681062
830000 4.983242 -1.7672596
835000 6.0757413 -1.7704751
840000 5.8903812 -1.771012
845000 4.8476955 -1.7687663
850000 5.8844665 -1.7643347
855000 4.9653212 -1.7700017
860000 4.3349643 -1.7792014
865000 3.8451378 -1.7763752
870000 4.5547077 -1.7761758
875000 8.694442 -1.7564295
880000 6.2928756 -1.7598264
885000 5.6287527 -1.7535456
890000 8.2700059 -1.7652187
895000 6.6649665 -1.7675894
900000 5.5903618 -1.7663596
905000 5.5835047 -1.7536834
910000 5.2666344 -1.7530305
915000 5.8959283 -1.7613629
920000 6.6182289 -1.7632122
925000 6.56038 -1.756743
930000 7.0302322 -1.7602514
935000 7.6861661 -1.7494799
940000 13.451635 -1.7284507
945000 11.839755 -1.7343814
950000 7.6913206 -1.7456445
955000 8.83587 -1.7463776
960000 14.071302 -1.7314988
965000 8.2252135 -1.7538976
970000 8.7437392 -1.7407454
975000 5.9844414 -1.7580503
980000 6.9886658 -1.7515116
985000 14.034508 -1.7232204
990000 12.722706 -1.7354131
995000 14.362769 -1.7201354
1000000 11.430256 -1.7411431
1005000 10.816439 -1.7613693
1010000 5.8298306 -1.7617296
1015000 6.6725044 -1.7456734
1020000 3.763915 -1.7671061
1025000 5.0047041 -1.7672727
1030000 5.4433436 -1.766267
1035000 5.4791648 -1.7608816
1040000 10.124931 -1.7490968
1045000 9.5927183 -1.7451826
1050000 9.5899889 -1.7438083
1055000 4.6895659 -1.7720651
1060000 6.0882301 -1.763429
1065000 5.2795238 -1.7638321
1070000 9.7838046 -1.7424447
1075000 8.421099 -1.7687983
1080000 6.7835284 -1.7643679
1085000 7.9065633 -1.7634691
1090000 6.4715941 -1.7691983
1095000 4.4614441 -1.762798
1100000 5.4899083 -1.7721576
1105000 4.2547885 -1.7628116
1110000 4.3222044 -1.769089
1115000 5.1500366 -1.7709155
1120000 4.5460279 -1.771828
1125000 5.9784125 -1.7558397
1130000 8.429006 -1.7600512
1135000 4.8963536 -1.7683971
1140000 3.6373967 -1.7783332
1145000 2.6883302 -1.7867568
1150000 2.2967606 -1.7845999
1155000 2.9707414 -1.7791427
1160000 3.8812484 -1.7771835
1165000 4.8197942 -1.7748327
1170000 5.4517825 -1.7734167
1175000 4.6043043 -1.771255
1180000 3.8920846 -1.7804585
1185000 3.2879367 -1.7824573
1190000 3.5220714 -1.7795581
1195000 3.0643284 -1.7866373
1200000 2.189453 -1.788833
1205000 2.940678 -1.7827144
1210000 3.0832452 -1.7812428
1215000 3.619901 -1.7781661
1220000 2.8488717 -1.7857141
1225000 2.2670885 -1.7860055
1230000 1.3885411 -1.7878185
1235000 2.7156018 -1.7856644
1240000 2.680751 -1.7864313
1245000 1.8505208 -1.7877194
1250000 1.8433613 -1.7914646
1255000 1.9196517 -1.7899298
1260000 2.3337129 -1.7862807
1265000 3.5982072 -1.77932
1270000 3.5856351 -1.7799767
1275000 3.650532 -1.7831301
1280000 2.1110906 -1.7840341
1285000 2.8279768 -1.7856512
1290000 1.8078302 -1.7850746
1295000 2.862667 -1.7872514
1300000 3.3364744 -1.7847734
1305000 2.4698908 -1.7802484
1310000 3.5666283 -1.7796164
1315000 3.0892956 -1.7810971
1320000 4.4702485 -1.7814168
1325000 3.6165211 -1.780463
1330000 4.7087762 -1.7772323
1335000 2.4794936 -1.7882549
1340000 2.3166778 -1.789397
1345000 2.0136582 -1.7893538
1350000 2.1293803 -1.7867323
1355000 2.8239437 -1.7842449
1360000 4.9620926 -1.7706612
1365000 4.7675295 -1.7674274
1370000 4.8344369 -1.7685936
1375000 3.7853514 -1.7785098
1380000 3.0533092 -1.7807578
1385000 2.6963861 -1.7848391
1390000 2.9444088 -1.7858647
1395000 2.8440642 -1.7827221
1400000 4.7084978 -1.7773262
1405000 4.5543042 -1.7818682
1410000 3.6253218 -1.7744422
1415000 2.9363904 -1.777102
1420000 4.8254014 -1.780206
1425000 7.0462246 -1.7660348
1430000 7.6264278 -1.7643077
1435000 4.7519924 -1.7686422
1440000 5.0700407 -1.7639565
1445000 5.6212018 -1.7697128
1450000 3.9551429 -1.7704643
1455000 4.189634 -1.7782024
1460000 4.251811 -1.7724192
1465000 5.2575843 -1.770794
1470000 3.964254 -1.7772579
1475000 4.9235576 -1.7695718
1480000 5.4110407 -1.7717625
1485000 5.1988897 -1.7705157
1490000 5.7967804 -1.7728916
1495000 2.6384998 -1.7744322
1500000 4.2024281 -1.775955
1505000 6.0645863 -1.7738137
1510000 5.6648144 -1.7564775
1515000 5.5408321 -1.7582316
1520000 5.9028163 -1.7532957
1525000 7.0559434 -1.7619633
1530000 6.3475238 -1.7642167
1535000 7.7920904 -1.7658321
1540000 5.1180721 -1.7596309
1545000 5.0501636 -1.7683816
1550000 3.7849128 -1.7763042
1555000 2.354076 -1.7743883
1560000 3.648964 -1.7716656
1565000 2.4427715 -1.784844
1570000 2.0215713 -1.7893186
1575000 2.6109704 -1.7855632
1580000 2.7118112 -1.7831236
1585000 2.4303811 -1.7840702
1590000 1.8003983 -1.7868507
1595000 1.9406417 -1.7876912
1600000 2.1751121 -1.7891056
1605000 1.7749621 -1.7873805
1610000 1.9323707 -1.7835978
1615000 2.3099711 -1.779674
1620000 2.8654611 -1.7848938
1625000 3.1743762 -1.7801075
1630000 4.6105567 -1.780087
1635000 2.4837333 -1.7842625
1640000 3.3423289 -1.7894166
1645000 3.7071141 -1.7776221
1650000 3.3106849 -1.7766899
1655000 2.9924356 -1.7789476
1660000 3.8747764 -1.7773382
1665000 3.5216727 -1.7867241
1670000 2.6862445 -1.7822308
1675000 2.2265958 -1.7856762
1680000 2.6418048 -1.7893994
1685000 2.2643532 -1.7896632
1690000 1.8276272 -1.7910307
1695000 2.1721479 -1.7885921
1700000 2.2511725 -1.7880705
1705000 1.8764278 -1.7885206
1710000 1.7235103 -1.7875445
1715000 2.0350702 -1.7879881
1720000 2.2555882 -1.7903583
1725000 1.7210217 -1.7885275
1730000 2.154912 -1.7865967
1735000 2.2829433 -1.7891558
1740000 1.722399 -1.7866535
1745000 2.1774955 -1.7885815
1750000 1.834633 -1.787828
1755000 2.143662 -1.7884691
1760000 1.9098514 -1.7871266
1765000 1.6956459 -1.7898139
1770000 2.0625261 -1.7897559
1775000 1.8876411 -1.788079
1780000 2.7872598 -1.7876053
1785000 3.0630566 -1.7828945
1790000 2.3732751 -1.7884935
1795000 2.2281784 -1.7854487
1800000 2.760924 -1.7842825
1805000 3.2851026 -1.7784765
1810000 3.1713678 -1.7830457
1815000 3.7748755 -1.781534
1820000 2.9808496 -1.7763966
1825000 4.1050777 -1.7804802
1830000 3.3159265 -1.7802944
1835000 3.9699784 -1.7779192
1840000 2.5326504 -1.7826287
1845000 2.9509469 -1.7836601
1850000 2.868279 -1.784382
1855000 2.2808802 -1.7850409
1860000 2.287445 -1.7853995
1865000 2.5382656 -1.7852979
1870000 1.8684442 -1.7870918
1875000 2.7782995 -1.7845576
1880000 2.3980643 -1.7833456
1885000 2.9838224 -1.7803133
1890000 3.8965843 -1.7821813
1895000 4.0953528 -1.7773341
1900000 3.4944623 -1.7784505
1905000 2.0854319 -1.7904642
1910000 2.0492226 -1.7886915
1915000 2.3451125 -1.7879952
1920000 1.6756977 -1.7873559
1925000 2.0531389 -1.7895005
1930000 2.1988465 -1.7862014
1935000 2.9299995 -1.7851525
1940000 2.9705919 -1.7865154
1945000 1.8286888 -1.7924922
1950000 1.7557637 -1.7879116
1955000 1.6100672 -1.7913487
1960000 2.8650947 -1.7816978
1965000 3.076547 -1.7877812
1970000 2.1775029 -1.7828255
1975000 1.7498133 -1.7868659
1980000 2.0785092 -1.7879609
1985000 2.1674734 -1.7875659
1990000 1.8052298 -1.7897941
1995000 1.8683225 -1.7883252
2000000 2.0133495 -1.7885265
2005000 2.3574332 -1.7860505
2010000 2.3534809 -1.7818746
2015000 5.1847407 -1.7789219
2020000 2.9058379 -1.7756263
2025000 3.2396403 -1.7805003
2030000 3.4279309 -1.7827569
2035000 3.3155999 -1.7806269
2040000 3.7546459 -1.7826851
2045000 2.1796356 -1.7896787
2050000 2.0408486 -1.7896346
2055000 2.2540692 -1.7863177
2060000 2.2006961 -1.7910549
2065000 1.9792575 -1.7899437
2070000 1.7373267 -1.7898579
2075000 1.5215711 -1.7909779
2080000 1.988028 -1.7900697
2085000 1.9921211 -1.786104
2090000 2.5007134 -1.7850009
2095000 2.3547545 -1.7864668
2100000 2.342136 -1.7843926
2105000 3.5805973 -1.7812067
2110000 3.2090635 -1.7833011
2115000 4.0119339 -1.7797276
2120000 3.5497344 -1.7857913
2125000 2.7907562 -1.7880344
2130000 2.6230869 -1.7845731
2135000 3.4605583 -1.7875662
2140000 2.5364786 -1.784173
2145000 2.7737734 -1.7858559
2150000 1.9860897 -1.7898515
2155000 1.7364234 -1.7880094
2160000 1.7073541 -1.7882466
2165000 2.1741982 -1.7863387
2170000 1.8760539 -1.7879214
2175000 2.1059395 -1.7896322
2180000 1.6160794 -1.7897683
2185000 1.9157873 -1.7888834
2190000 2.640079 -1.786838
2195000 2.5451567 -1.7874711
2200000 1.9963442 -1.7817023
2205000 2.5208707 -1.7798397
2210000 2.3298672 -1.7829276
2215000 2.4565947 -1.7862597
2220000 2.2690629 -1.7835713
2225000 3.1075917 -1.7833049
2230000 1.9787483 -1.7867469
2235000 1.9553302 -1.7904016
2240000 1.7407106 -1.7889367
2245000 2.8054082 -1.7861168
2250000 2.4689427 -1.7877103
2255000 2.4973571 -1.7845773
2260000 2.6009234 -1.7879376
2265000 3.3630665 -1.7860496
2270000 3.1956596 -1.7885577
2275000 2.3300531 -1.7869035
2280000 3.1361487 -1.7869822
2285000 2.4013306 -1.7855251
2290000 2.0735494 -1.78926
2295000 1.4800503 -1.7898283
2300000 1.9377915 -1.789476
2305000 2.4181985 -1.785069
2310000 2.3681055 -1.780735
2315000 3.2566106 -1.7847208
2320000 2.3371711 -1.785082
2325000 1.6447638 -1.789083
2330000 2.0794849 -1.788602
2335000 2.4044779 -1.7827029
2340000 2.4444476 -1.7877845
2345000 1.7874716 -1.787961
2350000 2.245017 -1.7875708
2355000 2.8789436 -1.785358
2360000 2.1609495 -1.7901185
2365000 2.0875861 -1.787993
2370000 1.884676 -1.7894717
2375000 2.1531293 -1.7889296
2380000 2.1116628 -1.7896009
2385000 2.6309516 -1.7840355
2390000 2.0383211 -1.781977
2395000 2.6825925 -1.7868383
2400000 2.785767 -1.7840573
2405000 2.5892824 -1.784458
2410000 5.6756307 -1.7698088
2415000 5.2032463 -1.7651228
2420000 6.7212414 -1.7569399
2425000 6.5440903 -1.7492067
2430000 8.8185704 -1.7405736
2435000 8.6933984 -1.7451383
2440000 10.691978 -1.7223018
2445000 13.307521 -1.7400865
2450000 10.674841 -1.7215825
2455000 11.647697 -1.7209431
2460000 14.653659 -1.7434872
2465000 12.115406 -1.7319471
2470000 11.445794 -1.7193395
2475000 18.204313 -1.6934126
2480000 19.270985 -1.7141989
2485000 12.973449 -1.7278586
2490000 13.90161 -1.7224039
2495000 12.826307 -1.7438392
2500000 17.087792 -1.7181807
2505000 18.480244 -1.6959581
2510000 13.611067 -1.7286707
2515000 20.200584 -1.7035614
2520000 15.255772 -1.7021781
2525000 16.264305 -1.703201
2530000 15.706155 -1.707744
2535000 15.107199 -1.7029907
2540000 15.21852 -1.7070227
2545000 15.303959 -1.7088078
2550000 10.759149 -1.7263772
2555000 12.658221 -1.7348401
2560000 9.0830632 -1.7429806
2565000 8.3932739 -1.7426581
2570000 10.519975 -1.7469813
2575000 9.7284123 -1.7470671
2580000 15.100145 -1.7029537
2585000 14.147835 -1.7045357
2590000 19.668323 -1.7185473
2595000 17.263181 -1.7229131
2600000 21.365574 -1.7040041
2605000 13.464696 -1.7445003
2610000 10.954526 -1.7383986
2615000 7.2133067 -1.7453628
2620000 6.9225973 -1.753712
2625000 7.1750013 -1.7485778
2630000 10.983521 -1.723287
2635000 11.413489 -1.7308904
2640000 7.6019663 -1.7429263
2645000 10.270881 -1.7503604
2650000 8.3125457 -1.7396014
2655000 11.420261 -1.7372124
2660000 7.6172178 -1.7528589
2665000 6.398977 -1.7649759
2670000 7.148282 -1.7639503
2675000 7.3774127 -1.7494676
2680000 9.3723633 -1.7460611
2685000 6.8639304 -1.7526792
2690000 13.665581 -1.7207007
2695000 15.162417 -1.6999985
2700000 16.312852 -1.7128257
2705000 18.164612 -1.7162206
2710000 15.685926 -1.715164
2715000 10.1285 -1.7225033
2720000 10.696699 -1.7276173
2725000 11.903042 -1.7324587
2730000 12.42906 -1.6952743
2735000 17.144194 -1.709654
2740000 10.081342 -1.7412956
2745000 14.610108 -1.7384482
2750000 12.880433 -1.7121132
2755000 13.398842 -1.7213651
2760000 8.9870608 -1.7477817
2765000 8.2544619 -1.7455084
2770000 8.3501478 -1.7565388
2775000 12.950632 -1.7257252
2780000 8.5412413 -1.7480391
2785000 9.3231011 -1.7542178
2790000 8.5658119 -1.7454027
2795000 8.0331979 -1.7584626
2800000 9.2530196 -1.747349
2805000 7.0933 -1.757375
2810000 5.5824051 -1.7616191
2815000 4.6246128 -1.7614433
2820000 4.3586762 -1.7656551
2825000 3.6785472 -1.7736918
2830000 2.5630803 -1.7811778
2835000 2.1674845 -1.7852293
2840000 1.8122934 -1.7916809
2845000 2.0857112 -1.7897778
2850000 1.9710384 -1.7908931
2855000 2.2959767 -1.7848847
2860000 2.2940038 -1.7868803
2865000 1.9317852 -1.7851578
2870000 2.4244638 -1.78718
2875000 2.324358 -1.7855881
2880000 3.593867 -1.7851964
2885000 2.2521958 -1.7886189
2890000 3.7404175 -1.7765016
2895000 4.5542553 -1.7697764
2900000 4.6408451 -1.7721196
2905000 5.0604219 -1.7749996
2910000 4.3772285 -1.7675536
2915000 3.8680348 -1.7799911
2920000 4.0725303 -1.7754459
2925000 3.2119428 -1.7814477
2930000 2.3945282 -1.7882611
2935000 3.8927736 -1.7795725
2940000 3.1453918 -1.7822824
2945000 6.508758 -1.7688721
2950000 3.6406815 -1.7798062
2955000 3.3421436 -1.7805352
2960000 2.9694154 -1.7808869
2965000 3.3208141 -1.776147
2970000 4.5385117 -1.7792511
2975000 4.6959558 -1.7650593
2980000 5.8314928 -1.7607328
2985000 10.01261 -1.7543674
2990000 4.8283582 -1.7589128
2995000 6.4821501 -1.7702179
3000000 7.0285429 -1.7668911
3005000 5.1577959 -1.7747575
3010000 4.6194609 -1.7682502
3015000 4.7008439 -1.7689329
3020000 5.0959343 -1.7716527
3025000 4.7494166 -1.7699046
3030000 8.924753 -1.7569255
3035000 8.3078479 -1.7423712
3040000 12.196753 -1.7548232
3045000 6.2549485 -1.7636233
3050000 7.0009276 -1.7570424
3055000 8.4014952 -1.7467469
3060000 7.6059892 -1.7601727
3065000 7.3936964 -1.7613413
3070000 6.912252 -1.7657731
3075000 4.7918552 -1.7657919
3080000 8.3312478 -1.7592177
3085000 6.3777714 -1.7426446
3090000 8.6661946 -1.741079
3095000 9.1875792 -1.7466545
3100000 7.8940964 -1.7509657
3105000 10.497188 -1.7522637
3110000 7.0971748 -1.7606809
3115000 5.590062 -1.7643372
3120000 5.0910387 -1.7625608
3125000 5.7455219 -1.7638787
3130000 4.8668081 -1.766275
3135000 4.5053809 -1.7715209
3140000 5.3376661 -1.7733255
3145000 5.2107573 -1.7699826
3150000 7.3052766 -1.7659605
3155000 4.7452534 -1.7687967
3160000 5.9986234 -1.769774
3165000 5.9941937 -1.7515641
3170000 5.7837646 -1.76646
3175000 4.443145 -1.759992
3180000 5.0020177 -1.7640054
3185000 4.7539048 -1.7628032
3190000 2.4148896 -1.7742512
3195000 2.7648225 -1.7761249
3200000 3.73894 -1.7746401
3205000 5.3048401 -1.7770339
3210000 5.1072869 -1.7711254
3215000 4.4271887 -1.7702657
3220000 4.7857395 -1.7672061
3225000 5.3028296 -1.7717863
3230000 4.7515265 -1.7741932
3235000 4.2790852 -1.7715793
3240000 4.4529081 -1.7762453
3245000 4.5482454 -1.7703806
3250000 4.8965026 -1.7679249
3255000 3.2832844 -1.7780862
3260000 2.9924613 -1.7851196
3265000 2.7798265 -1.7862328
3270000 2.6017711 -1.782196
3275000 2.4717179 -1.7838715
3280000 2.6301601 -1.7841305
3285000 2.7629414 -1.782823
3290000 1.9977935 -1.7848033
3295000 2.4461036 -1.7879159
3300000 2.560193 -1.7857317
3305000 3.6328211 -1.7733471
3310000 4.2373841 -1.7789696
3315000 3.5147931 -1.7720937
3320000 4.9548571 -1.7680854
3325000 4.5882829 -1.7696554
3330000 4.0844422 -1.7736772
3335000 4.7552119 -1.7733514
3340000 5.0895289 -1.7682946
3345000 10.519801 -1.7380737
3350000 11.777109 -1.7275456
3355000 9.6866356 -1.7391302
3360000 10.760514 -1.7342324
3365000 12.201257 -1.7157214
3370000 13.284881 -1.7296981
3375000 14.418575 -1.7056097
3380000 12.700315 -1.7013297
3385000 15.058392 -1.7152733
3390000 18.484901 -1.721276
3395000 12.270018 -1.6780045
3400000 15.527409 -1.6937864
3405000 20.499294 -1.7008785
3410000 15.365124 -1.7337293
3415000 9.6028361 -1.7286125
3420000 11.808313 -1.7386552
3425000 10.766612 -1.7300755
3430000 12.482377 -1.7101914
3435000 10.57371 -1.747188
3440000 9.2942452 -1.7330209
3445000 11.069388 -1.7318882
3450000 10.906108 -1.7345322
3455000 10.066099 -1.7177384
3460000 12.560683 -1.7399429
3465000 14.4333 -1.7328882
3470000 11.415105 -1.7078931
3475000 15.588237 -1.6866176
3480000 12.461363 -1.7421281
3485000 9.4661944 -1.731854
3490000 12.234002 -1.6851091
3495000 14.909888 -1.7160516
3500000 7.4794365 -1.7488106
3505000 9.1783315 -1.7565238
3510000 7.9960638 -1.7483229
3515000 9.1431404 -1.7591936
3520000 7.7251977 -1.7432943
3525000 13.528038 -1.7170826
3530000 14.967394 -1.7414234
3535000 14.065847 -1.7192647
3540000 12.43273 -1.7273223
3545000 11.564205 -1.7412166
3550000 13.480109 -1.7314946
3555000 11.053854 -1.7471078
3560000 10.23222 -1.7406967
3565000 11.875526 -1.7301357
3570000 11.477514 -1.7161634
3575000 14.281468 -1.7172515
3580000 9.4586711 -1.7310451
3585000 11.674882 -1.7344643
3590000 13.901245 -1.7326225
3595000 16.226545 -1.7238925
3600000 16.240413 -1.70098
3605000 8.8805484 -1.7372999
3610000 13.047131 -1.731751
3615000 11.83631 -1.7192345
3620000 8.6341803 -1.7563945
3625000 10.811985 -1.7461487
3630000 16.371143 -1.7300034
3635000 12.86961 -1.7398405
3640000 15.039246 -1.7255945
3645000 7.7923313 -1.7515207
3650000 6.2283199 -1.7541311
3655000 7.1829341 -1.7622214
3660000 4.5214239 -1.7726348
3665000 3.5968543 -1.7652754
3670000 3.2732993 -1.7780667
3675000 3.808387 -1.7782647
3680000 4.1193533 -1.7842221
3685000 3.8063447 -1.7805954
3690000 3.1111055 -1.780299
3695000 3.1591434 -1.7771842
3700000 4.3694292 -1.7771573
3705000 3.5716685 -1.7817673
3710000 3.7536169 -1.7799146
3715000 3.0726931 -1.7784397
3720000 2.5689603 -1.7769257
3725000 2.7789559 -1.7748475
3730000 3.6470413 -1.779306
3735000 4.1183136 -1.779836
3740000 3.6053793 -1.7820849
3745000 4.0114445 -1.7787144
3750000 3.4449245 -1.7841813
3755000 4.1913995 -1.7814407
3760000 3.6970776 -1.7791262
3765000 4.1104875 -1.7802789
3770000 3.2731305 -1.7814313
3775000 3.6042455 -1.7820015
3780000 3.8769519 -1.777112
3785000 5.5853061 -1.7692253
3790000 5.4875555 -1.7700875
3795000 5.3787111 -1.7608983
3800000 3.2502253 -1.7812411
3805000 3.5412899 -1.7767694
3810000 3.5048862 -1.7855775
3815000 2.1837289 -1.7834075
3820000 2.1422252 -1.789169
3825000 2.2889583 -1.7874012
3830000 2.0806504 -1.7913009
3835000 1.9314655 -1.7914872
3840000 3.3998475 -1.786735
3845000 2.938758 -1.783683
3850000 2.4082638 -1.7830398
3855000 2.6175118 -1.7828752
3860000 2.1174364 -1.7898065
3865000 2.4854762 -1.7855142
3870000 2.3881018 -1.7844664
3875000 2.869298 -1.7806341
3880000 3.7123693 -1.7801221
3885000 4.2060541 -1.7735609
3890000 3.5259799 -1.7779344
3895000 3.9688798 -1.7701976
3900000 4.1375327 -1.7675248
3905000 4.6175881 -1.7667769
3910000 5.1834677 -1.770196
3915000 5.4133364 -1.7706976
3920000 5.9515115 -1.7715655
3925000 5.4915725 -1.7748344
3930000 8.8660973 -1.7656096
3935000 6.2402208 -1.7724509
3940000 5.3829717 -1.7689031
3945000 6.6603178 -1.7747568
3950000 6.4082959 -1.7609577
3955000 5.7451252 -1.7810328
3960000 4.8480079 -1.7723353
3965000 5.8300373 -1.7722081
3970000 3.7093016 -1.7694648
3975000 4.3827117 -1.7635589
3980000 4.2593162 -1.7658442
3985000 5.6180313 -1.76849
3990000 4.9022963 -1.7702344
3995000 4.2529233 -1.7713145
4000000 4.6902687 -1.7689764
4005000 5.9558188 -1.760498
4010000 4.0308485 -1.7726374
4015000 4.8041556 -1.774299
4020000 6.6495974 -1.7700703
4025000 4.7173557 -1.7692575
4030000 4.7417656 -1.7688981
4035000 4.8158741 -1.7671222
4040000 6.6048487 -1.7650685
4045000 6.3814818 -1.7555171
4050000 7.3109097 -1.7641775
4055000 6.2067126 -1.7568976
4060000 6.4998259 -1.7558536
4065000 7.0163816 -1.7573156
4070000 6.7041311 -1.7552554
4075000 5.6759238 -1.7599805
4080000 7.1551377 -1.7634932
4085000 5.7756492 -1.7630018
4090000 5.8643471 -1.7567852
4095000 7.8179628 -1.7647018
4100000 7.5436624 -1.7712111
4105000 8.0814128 -1.7653772
4110000 5.532361 -1.7605199
4115000 6.2066551 -1.7662913
4120000 6.0016933 -1.7674355
4125000 4.749933 -1.7727657
4130000 6.4439867 -1.770483
4135000 7.4529141 -1.760738
4140000 6.5080693 -1.7622151
4145000 7.1242561 -1.7565926
4150000 10.479473 -1.748678
4155000 7.0656016 -1.762593
4160000 4.8510727 -1.767492
4165000 5.3569491 -1.7610498
4170000 6.9969635 -1.7427037
4175000 8.5411088 -1.7552132
4180000 9.622675 -1.7418567
4185000 9.6385759 -1.7538019
4190000 6.4175197 -1.7459046
4195000 8.6527297 -1.7593181
4200000 5.3017187 -1.7659594
4205000 7.8899018 -1.7563542
4210000 5.618686 -1.7647118
4215000 6.8202334 -1.7673763
4220000 6.1992946 -1.7612302
4225000 4.8830215 -1.7766065
4230000 5.0256781 -1.7725171
4235000 5.3159144 -1.7721999
4240000 4.2251522 -1.7726198
4245000 6.0889909 -1.7781776
4250000 5.0695496 -1.7715688
4255000 4.3605751 -1.7715543
4260000 4.7537842 -1.7706319
4265000 5.4669196 -1.7636105
4270000 5.3763825 -1.7629959
4275000 8.1805489 -1.7581604
4280000 6.4837293 -1.7615904
4285000 5.9000451 -1.7669016
4290000 5.8931623 -1.7693903
4295000 5.8486349 -1.7689971
4300000 4.9637374 -1.765445
4305000 5.9805145 -1.7709219
4310000 6.5135499 -1.765391
4315000 9.3983156 -1.751872
4320000 9.5292666 -1.7521298
4325000 10.686754 -1.7369635
4330000 14.126985 -1.7085179
4335000 16.397788 -1.7262027
4340000 15.804421 -1.6938767
4345000 18.315223 -1.7113363
4350000 11.194738 -1.7371974
4355000 13.308915 -1.73476
4360000 10.541213 -1.7417649
4365000 10.064627 -1.749812
4370000 7.9134822 -1.7529566
4375000 8.6208793 -1.7485388
4380000 11.307928 -1.7380162
4385000 12.865525 -1.7107319
4390000 16.179857 -1.6949307
4395000 12.381892 -1.7398718
4400000 15.642409 -1.7077351
4405000 13.844985 -1.7112439
4410000 15.538102 -1.6882585
4415000 15.276564 -1.7150185
4420000 17.75218 -1.7134647
4425000 18.907832 -1.7215997
4430000 15.872661 -1.6978582
4435000 19.947276 -1.7374425
4440000 16.895882 -1.7271675
4445000 10.177675 -1.7464241
4450000 8.7714211 -1.7623972
4455000 7.0726865 -1.7676651
4460000 6.9958604 -1.7619793
4465000 6.5647644 -1.7641936
4470000 6.6522528 -1.7581304
4475000 4.6027724 -1.7634086
4480000 3.4393663 -1.7769879
4485000 4.3223328 -1.7722703
4490000 4.6311688 -1.7741927
4495000 4.6653551 -1.767428
4500000 2.7733206 -1.7792717
4505000 3.7207132 -1.7773647
4510000 2.8509466 -1.7744156
4515000 5.6333408 -1.7666043
4520000 7.7960948 -1.7674881
4525000 9.2171076 -1.745313
4530000 4.5456783 -1.7734236
4535000 2.0808763 -1.7873163
4540000 2.454497 -1.7865223
4545000 2.579177 -1.7839268
4550000 2.1448281 -1.7909573
4555000 2.6330362 -1.7805439
4560000 2.7364312 -1.7847342
4565000 2.4365292 -1.7836175
4570000 2.0097476 -1.789531
4575000 2.050981 -1.7910463
4580000 2.1729405 -1.7868093
4585000 1.9446129 -1.788018
4590000 2.0933754 -1.7897107
4595000 1.2714969 -1.7880991
4600000 2.1294432 -1.7845887
4605000 2.6044739 -1.7815765
4610000 3.8514639 -1.7771961
4615000 3.3567429 -1.7791485
4620000 3.3297267 -1.7827851
4625000 3.2811475 -1.7816552
4630000 2.5824871 -1.7815241
4635000 3.4788455 -1.779243
4640000 3.9710429 -1.781608
4645000 4.835012 -1.7678264
4650000 4.6674414 -1.7715798
4655000 3.5649835 -1.7793533
4660000 3.130085 -1.7764771
4665000 2.8406753 -1.7758288
4670000 2.6772905 -1.7870041
4675000 2.7162594 -1.7851867
4680000 2.4589912 -1.7867455
4685000 2.2413847 -1.7910134
4690000 1.7363954 -1.7884448
4695000 2.7372103 -1.7852814
4700000 2.5079189 -1.785523
4705000 2.661487 -1.7863874
4710000 2.3494266 -1.7838898
4715000 3.058439 -1.7866759
4720000 1.8818261 -1.7867538
4725000 1.950863 -1.789018
4730000 1.957023 -1.7896985
4735000 1.9669897 -1.787674
4740000 2.0543857 -1.7813049
4745000 2.2933739 -1.7812255
4750000 2.4863889 -1.7855123
4755000 2.5181518 -1.785191
4760000 3.1197892 -1.7842765
4765000 1.6848937 -1.7848231
4770000 3.1982097 -1.779968
4775000 3.886848 -1.7797376
4780000 5.8520923 -1.7645277
4785000 3.8261663 -1.7722481
4790000 3.118926 -1.7852286
4795000 3.8921827 -1.7819931
4800000 4.0204754 -1.7783568
4805000 3.6098096 -1.7775681
4810000 4.0824246 -1.7787514
4815000 4.4602243 -1.7773029
4820000 4.0020417 -1.7753043
4825000 5.2110644 -1.769355
4830000 3.7053872 -1.777084
4835000 3.3602887 -1.7769589
4840000 2.3752737 -1.7855063
4845000 2.2617427 -1.7826927
4850000 3.0231822 -1.7822169
4855000 3.0234983 -1.7804404
4860000 4.1621046 -1.7784939
4865000 3.464401 -1.7849572
4870000 2.3276239 -1.7850049
4875000 2.1494368 -1.7875221
4880000 3.1660335 -1.7739513
4885000 2.9422049 -1.7726069
4890000 3.1909921 -1.7770445
4895000 2.3918133 -1.7839456
4900000 3.2408204 -1.7822547
4905000 3.6554454 -1.7797771
4910000 3.55951 -1.7867535
4915000 1.5644015 -1.7817412
4920000 1.9951499 -1.7893475
4925000 1.9388885 -1.791312
4930000 1.9921536 -1.7871394
4935000 2.0163575 -1.7909635
4940000 2.0173596 -1.7872968
4945000 1.8118966 -1.7921687
4950000 2.3095932 -1.7878455
4955000 2.4000775 -1.7887572
4960000 1.8706041 -1.7861341
4965000 1.9626259 -1.7880053
4970000 1.890814 -1.7879232
4975000 2.3706211 -1.7857814
4980000 2.8058901 -1.7815745
4985000 4.5038258 -1.7818636
4990000 4.2871617 -1.7799328
4995000 3.8557865 -1.7738168
5000000 4.6791469 -1.7679728
