# Step Temp PotEng   (replica 9, downsampled)
0 26.620115 -1.7950808
5000 35.753759 -1.564187
10000 22.606675 -1.5801643
15000 31.252795 -1.5171245
20000 50.942956 -1.4783873
25000 50.082105 -1.3377139
30000 41.27134 -1.4363943
35000 32.459384 -1.4765716
40000 33.568581 -1.4002718
45000 41.488666 -1.4853389
50000 42.592038 -1.4689531
55000 34.145431 -1.4499953
60000 41.874307 -1.4600595
65000 55.000239 -1.4762432
70000 50.922198 -1.4534858
75000 33.624675 -1.3623413
80000 46.968016 -1.5195894
85000 34.038633 -1.4826681
90000 28.012085 -1.5150524
95000 27.381997 -1.5669604
100000 28.903847 -1.587101
105000 24.052122 -1.611704
110000 25.672493 -1.5772426
115000 24.117404 -1.6159824
120000 25.721595 -1.5748466
125000 24.799902 -1.6316422
130000 32.052771 -1.5020233
135000 34.70468 -1.5623696
140000 29.768828 -1.5358037
145000 31.229877 -1.5473859
150000 31.728991 -1.5360415
155000 28.927163 -1.5364682
160000 44.336082 -1.4383873
165000 41.346384 -1.4233244
170000 42.44834 -1.476951
175000 26.367418 -1.5762027
180000 26.915414 -1.5536272
185000 34.170337 -1.5775166
190000 30.363404 -1.6043781
195000 32.111961 -1.5232005
200000 23.44154 -1.5234304
205000 32.976392 -1.5015229
210000 41.664778 -1.5095231
215000 44.614744 -1.4376485
220000 31.250443 -1.4928347
225000 25.925082 -1.6103698
230000 33.123734 -1.5882321
235000 37.980956 -1.5280565
240000 25.701149 -1.5811909
245000 30.051731 -1.5736448
250000 26.078564 -1.6098956
255000 22.443986 -1.5976137
260000 25.057886 -1.5903106
265000 21.782187 -1.5970766
270000 23.672387 -1.5674829
275000 26.36812 -1.5877942
280000 26.410347 -1.5705592
285000 28.146246 -1.5985289
290000 28.376118 -1.5946311
295000 21.895558 -1.5647973
300000 25.543527 -1.5651097
305000 31.308565 -1.6025233
310000 30.463575 -1.590355
315000 25.048596 -1.5844108
320000 25.860707 -1.564916
325000 26.204881 -1.5833951
330000 25.145022 -1.5469166
335000 30.231899 -1.5947392
340000 28.582435 -1.616449
345000 18.531914 -1.6035343
350000 21.273462 -1.6048708
355000 26.639716 -1.5894978
360000 24.367072 -1.5690903
365000 25.292486 -1.5598706
370000 25.988705 -1.6092209
375000 21.209882 -1.6209431
380000 22.199215 -1.6179687
385000 28.795987 -1.6427268
390000 23.26557 -1.6168111
395000 18.273022 -1.6327754
400000 26.822384 -1.6066475
405000 27.936864 -1.5854812
410000 27.996975 -1.5833406
415000 38.461259 -1.5024828
420000 34.622523 -1.5277164
425000 36.320556 -1.5374303
430000 31.226139 -1.5919834
435000 21.521731 -1.6336002
440000 29.735614 -1.5489542
445000 33.192154 -1.5462502
450000 32.057298 -1.5806374
455000 27.09446 -1.5593138
460000 17.173258 -1.5437022
465000 27.243704 -1.6036224
470000 31.818799 -1.5797323
475000 24.709388 -1.5886938
480000 25.488422 -1.6114584
485000 26.374167 -1.6008309
490000 29.281758 -1.5915527
495000 27.135198 -1.5874933
500000 28.219218 -1.5778201
505000 34.590271 -1.5416214
510000 34.082724 -1.5453694
515000 35.3255 -1.5568
520000 33.816125 -1.5631638
525000 23.295392 -1.5603155
530000 28.407885 -1.6076428
535000 29.122195 -1.6141596
540000 27.472084 -1.6118626
545000 27.908361 -1.5285907
550000 30.995148 -1.5570739
555000 30.586399 -1.6018038
560000 23.531305 -1.5431864
565000 42.590077 -1.5340376
570000 27.282511 -1.5928413
575000 19.648742 -1.6190978
580000 25.340762 -1.570284
585000 33.947456 -1.5276522
590000 33.015341 -1.5558312
595000 23.657064 -1.5923372
600000 22.895945 -1.6175331
605000 37.143233 -1.5410405
610000 32.586965 -1.5141498
615000 25.533455 -1.6057982
620000 29.413798 -1.6138457
625000 33.133374 -1.5573764
630000 34.57598 -1.5578764
635000 36.478228 -1.520806
640000 31.652638 -1.5750512
645000 38.16848 -1.5434277
650000 23.094452 -1.5980374
655000 47.883075 -1.4820135
660000 32.464719 -1.554025
665000 25.621411 -1.5828338
670000 42.463775 -1.5622057
675000 28.735547 -1.5429162
680000 33.837772 -1.5267018
685000 29.071 -1.5971993
690000 22.431678 -1.5976853
695000 34.30987 -1.6117573
700000 30.646781 -1.5855067
705000 25.73825 -1.5763162
710000 34.113393 -1.6067198
715000 31.392508 -1.5605998
720000 25.611326 -1.5377905
725000 34.879813 -1.5216198
730000 40.376822 -1.5763447
735000 27.797014 -1.5667291
740000 29.161548 -1.5884513
745000 28.734099 -1.5359382
750000 37.725095 -1.5235245
755000 34.545375 -1.5526198
760000 31.343996 -1.5469409
765000 32.916288 -1.5720421
770000 26.496446 -1.5555648
775000 25.354717 -1.6105063
780000 25.008732 -1.5782404
785000 24.923686 -1.625381
790000 29.02482 -1.5754356
795000 20.416324 -1.6053827
800000 20.435539 -1.6171345
805000 24.502682 -1.625439
810000 30.136014 -1.604013
815000 22.818145 -1.5751347
820000 33.982278 -1.5713473
825000 24.376563 -1.6112509
830000 22.506283 -1.5878723
835000 30.591038 -1.5622063
840000 27.062501 -1.5252617
845000 35.085271 -1.5406102
850000 22.206627 -1.5574636
855000 18.635281 -1.6006306
860000 32.191029 -1.4951782
865000 35.617766 -1.4305725
870000 40.61164 -1.4021076
875000 42.530306 -1.399089
880000 30.633347 -1.4708047
885000 36.215246 -1.4959801
890000 38.801024 -1.5177952
895000 32.358819 -1.4978845
900000 32.077623 -1.5272611
905000 29.563544 -1.5207617
910000 32.218933 -1.4373313
915000 40.443593 -1.4197759
920000 40.519213 -1.3964587
925000 37.29954 -1.4653303
930000 49.748498 -1.3673415
935000 32.738528 -1.4174526
940000 36.110978 -1.4776581
945000 33.316981 -1.533002
950000 31.938047 -1.5460156
955000 30.272217 -1.5403703
960000 29.277587 -1.5161966
965000 32.724663 -1.5743283
970000 29.76401 -1.5466458
975000 29.941423 -1.5647742
980000 32.458267 -1.5336393
985000 29.962836 -1.4945297
990000 32.127406 -1.5198111
995000 27.191233 -1.6029249
1000000 30.255802 -1.5786243
1005000 35.163951 -1.6026883
1010000 20.134623 -1.5958144
1015000 25.229398 -1.5834339
1020000 16.83697 -1.6352383
1025000 23.350922 -1.6089551
1030000 29.018088 -1.6074996
1035000 26.675794 -1.6106953
1040000 28.550739 -1.5752253
1045000 23.686336 -1.5841024
1050000 20.063346 -1.5734317
1055000 24.27001 -1.6332639
1060000 20.898558 -1.6002603
1065000 19.82613 -1.6128134
1070000 23.130227 -1.6504146
1075000 34.905371 -1.5665435
1080000 25.018184 -1.640282
1085000 20.687081 -1.6385729
1090000 29.653018 -1.6493608
1095000 24.273474 -1.629525
1100000 19.487762 -1.6179961
1105000 19.870608 -1.6005415
1110000 23.656058 -1.6177526
1115000 20.953914 -1.6176153
1120000 26.756506 -1.5683782
1125000 23.129168 -1.6448841
1130000 23.521321 -1.6691677
1135000 30.251902 -1.5773488
1140000 26.702033 -1.5691912
1145000 24.727071 -1.6058211
1150000 29.532702 -1.5821158
1155000 23.376844 -1.5807528
1160000 26.597893 -1.593898
1165000 31.019522 -1.5420046
1170000 26.211942 -1.5381826
1175000 21.924635 -1.5741643
1180000 25.152104 -1.5898894
1185000 39.116318 -1.5564884
1190000 35.037925 -1.5010907
1195000 28.611237 -1.5440736
1200000 25.502781 -1.6042127
1205000 20.914425 -1.6352626
1210000 18.724972 -1.6142604
1215000 21.605044 -1.6076864
1220000 25.158379 -1.612957
1225000 21.330781 -1.6229752
1230000 19.546716 -1.6380968
1235000 28.510257 -1.6175471
1240000 29.243693 -1.4609019
1245000 20.396536 -1.6281548
1250000 25.653563 -1.5677907
1255000 20.747052 -1.56053
1260000 26.597621 -1.5547919
1265000 24.467219 -1.5821606
1270000 31.287519 -1.5300654
1275000 26.171369 -1.5752686
1280000 31.128921 -1.6159931
1285000 31.053095 -1.6141086
1290000 25.627231 -1.5912474
1295000 25.747486 -1.5859777
1300000 33.240218 -1.5721663
1305000 21.451095 -1.6166983
1310000 26.106679 -1.6044853
1315000 22.447376 -1.5692505
1320000 33.888768 -1.5308831
1325000 22.353109 -1.584089
1330000 37.452023 -1.5732415
1335000 30.438423 -1.5391508
1340000 34.007267 -1.5171572
1345000 34.119532 -1.5652031
1350000 30.492356 -1.5464697
1355000 28.330133 -1.6089636
1360000 35.260482 -1.5712266
1365000 27.034672 -1.6442277
1370000 23.552606 -1.6056577
1375000 21.591421 -1.6332911
1380000 20.943781 -1.5836229
1385000 28.64928 -1.5793305
1390000 20.606888 -1.5912473
1395000 26.08795 -1.5634824
1400000 17.226631 -1.61518
1405000 22.351593 -1.5781603
1410000 24.768963 -1.6175975
1415000 22.550609 -1.6444583
1420000 20.909827 -1.6304855
1425000 25.168581 -1.6317707
1430000 21.649442 -1.5471802
1435000 21.136198 -1.6138374
1440000 21.785982 -1.5997805
1445000 19.796117 -1.63768
1450000 33.354121 -1.5810039
1455000 27.313222 -1.6353415
1460000 20.271518 -1.635181
1465000 20.844342 -1.6147797
1470000 25.666564 -1.6203064
1475000 20.111581 -1.6384933
1480000 17.986912 -1.6185797
1485000 23.814392 -1.6086321
1490000 22.739157 -1.6077244
1495000 25.096119 -1.5977332
1500000 19.62206 -1.6501334
1505000 27.662959 -1.6515641
1510000 17.428189 -1.612247
1515000 19.510455 -1.6354733
1520000 24.287266 -1.6418361
1525000 21.638022 -1.6018034
1530000 21.146471 -1.5970776
1535000 16.919709 -1.6292159
1540000 21.349021 -1.6539915
1545000 20.997561 -1.6148154
1550000 25.228218 -1.5916219
1555000 22.513893 -1.6392137
1560000 22.784528 -1.6554781
1565000 31.615333 -1.6278804
1570000 30.260834 -1.6010863
1575000 27.083736 -1.6087544
1580000 26.23268 -1.6134827
1585000 32.05868 -1.5819785
1590000 27.103321 -1.6082537
1595000 30.583913 -1.6414184
1600000 20.26563 -1.6486171
1605000 27.603509 -1.5429795
1610000 23.690842 -1.5891008
1615000 26.380876 -1.6042315
1620000 26.639435 -1.5794032
1625000 22.479658 -1.607445
1630000 30.274275 -1.6040737
1635000 28.237245 -1.5856136
1640000 24.727701 -1.6401954
1645000 20.239506 -1.6386621
1650000 23.98358 -1.6236891
1655000 20.880606 -1.622054
1660000 22.588452 -1.6410467
1665000 17.519631 -1.6528571
1670000 21.890043 -1.6334314
1675000 19.585135 -1.6441024
1680000 19.322159 -1.6468673
1685000 20.756071 -1.6017542
1690000 21.581608 -1.6516221
1695000 17.872749 -1.6319029
1700000 22.088769 -1.6179481
1705000 19.346866 -1.6394148
1710000 18.449921 -1.6373588
1715000 20.833343 -1.6164216
1720000 17.403899 -1.6309773
1725000 28.563118 -1.5429273
1730000 33.885181 -1.5606186
1735000 22.254853 -1.606534
1740000 21.232765 -1.6064348
1745000 28.026831 -1.6565252
1750000 22.769679 -1.6406225
1755000 17.473051 -1.642388
1760000 23.356433 -1.6345174
1765000 23.224345 -1.6470325
1770000 19.816739 -1.6324044
1775000 19.194959 -1.6627232
1780000 23.843073 -1.6474834
1785000 19.136737 -1.6550429
1790000 27.915826 -1.6303283
1795000 17.76984 -1.5959732
1800000 28.012358 -1.6209439
1805000 21.034329 -1.6439533
1810000 26.989283 -1.6239548
1815000 24.391675 -1.6089978
1820000 19.540596 -1.6364306
1825000 25.299966 -1.5824441
1830000 22.752064 -1.6472019
1835000 21.800403 -1.6132376
1840000 22.255551 -1.6379241
1845000 21.358385 -1.6154793
1850000 24.738066 -1.6518203
1855000 21.924415 -1.6169165
1860000 20.998842 -1.6123024
1865000 23.881878 -1.6253611
1870000 23.121074 -1.5993896
1875000 31.724251 -1.5958053
1880000 23.608593 -1.6073554
1885000 23.613172 -1.5795444
1890000 33.99676 -1.5879032
1895000 23.177145 -1.6163557
1900000 28.350971 -1.5528775
1905000 28.722567 -1.5439862
1910000 20.04159 -1.6097045
1915000 19.339163 -1.617218
1920000 26.057282 -1.5750605
1925000 23.363224 -1.6127955
1930000 24.341792 -1.5686493
1935000 27.60958 -1.5835148
1940000 22.404589 -1.6084109
1945000 23.572479 -1.5708759
1950000 34.276622 -1.5178152
1955000 27.297882 -1.5864643
1960000 25.306445 -1.5998486
1965000 29.229062 -1.5613364
1970000 35.934531 -1.5173354
1975000 29.955527 -1.5214782
1980000 28.827114 -1.5637452
1985000 37.379122 -1.504153
1990000 28.371946 -1.5147227
1995000 31.841464 -1.5725503
2000000 33.643186 -1.5398807
2005000 31.539653 -1.5258943
2010000 34.807918 -1.5242731
2015000 25.82842 -1.6077417
2020000 32.762242 -1.531789
2025000 22.952543 -1.5974851
2030000 26.794026 -1.5858203
2035000 28.288246 -1.5707377
2040000 27.468853 -1.5423792
2045000 26.187816 -1.522735
2050000 22.528035 -1.577711
2055000 26.236504 -1.5523693
2060000 24.797245 -1.547938
2065000 38.127505 -1.5548914
2070000 31.807315 -1.5222936
2075000 37.611733 -1.5494489
2080000 30.100785 -1.5262657
2085000 29.685395 -1.5155669
2090000 25.040845 -1.537072
2095000 19.986214 -1.5751249
2100000 20.184126 -1.5898401
2105000 20.548877 -1.6670073
2110000 29.406929 -1.6181487
2115000 23.826886 -1.6449591
2120000 24.646976 -1.6484393
2125000 19.680267 -1.6432151
2130000 25.837812 -1.645621
2135000 25.577639 -1.6151696
2140000 21.095074 -1.5777088
2145000 18.480892 -1.614723
2150000 22.081162 -1.6298421
2155000 19.242281 -1.6499462
2160000 24.504207 -1.5827826
2165000 21.350696 -1.6174226
2170000 22.734999 -1.6147858
2175000 21.116412 -1.5899185
2180000 24.625557 -1.6480695
2185000 23.586586 -1.6296604
2190000 23.560113 -1.5861082
2195000 22.092294 -1.6383675
2200000 17.510571 -1.6477199
2205000 19.948744 -1.624248
2210000 20.261281 -1.6298082
2215000 22.412827 -1.5926794
2220000 20.849523 -1.6204013
2225000 22.090284 -1.6318504
2230000 18.657054 -1.6182846
2235000 19.177687 -1.6094876
2240000 26.359349 -1.6248155
2245000 36.149137 -1.5885673
2250000 23.331684 -1.6093645
2255000 33.372678 -1.5210971
2260000 29.71764 -1.6036908
2265000 20.496019 -1.6173625
2270000 22.206889 -1.607106
2275000 20.247475 -1.586964
2280000 30.483956 -1.6116793
2285000 30.6073 -1.5976422
2290000 23.880916 -1.5740665
2295000 23.868429 -1.5982874
2300000 36.00229 -1.5734656
2305000 18.866896 -1.6362556
2310000 18.69214 -1.6400464
2315000 26.514939 -1.6149339
2320000 28.509916 -1.6097315
2325000 19.78006 -1.6096373
2330000 25.604598 -1.6146369
2335000 25.831511 -1.5905045
2340000 23.624153 -1.6192988
2345000 33.707976 -1.5768278
2350000 25.059281 -1.54642
2355000 22.789003 -1.579646
2360000 30.305631 -1.5015113
2365000 35.47768 -1.5262971
2370000 35.527926 -1.5473339
2375000 33.397908 -1.5770174
2380000 23.413219 -1.5961796
2385000 29.366688 -1.6127056
2390000 22.011925 -1.5688592
2395000 29.650958 -1.5821798
2400000 24.647576 -1.5525823
2405000 23.145283 -1.5725766
2410000 20.551629 -1.5892582
2415000 26.706981 -1.6349092
2420000 26.909825 -1.5692075
2425000 31.912927 -1.5179804
2430000 21.253087 -1.6113957
2435000 16.185833 -1.6240913
2440000 22.604077 -1.5995538
2445000 20.310813 -1.6457263
2450000 16.997889 -1.6268735
2455000 21.644069 -1.6153908
2460000 17.791141 -1.650671
2465000 29.985314 -1.5896825
2470000 16.36341 -1.6435698
2475000 26.757183 -1.6049749
2480000 24.520392 -1.565914
2485000 29.378111 -1.5633562
2490000 27.320823 -1.5754026
2495000 25.216429 -1.6177804
2500000 22.351648 -1.6153273
2505000 22.258859 -1.5916681
2510000 29.484092 -1.6069466
2515000 27.02006 -1.6086082
2520000 27.419127 -1.5858938
2525000 30.245019 -1.5514721
2530000 31.599377 -1.5643415
2535000 34.85687 -1.5492704
2540000 26.888042 -1.5736658
2545000 25.344732 -1.5995973
2550000 22.564711 -1.5868891
2555000 21.183532 -1.5953945
2560000 24.333678 -1.5675338
2565000 31.82852 -1.5608001
2570000 31.71698 -1.495194
2575000 22.542588 -1.4845082
2580000 27.333872 -1.6252613
2585000 25.871378 -1.5884863
2590000 27.546768 -1.5710303
2595000 36.92293 -1.5012744
2600000 38.331254 -1.541107
2605000 39.535779 -1.4463359
2610000 34.519487 -1.4628189
2615000 39.58172 -1.4599536
2620000 37.916396 -1.4848556
2625000 43.796755 -1.4865587
2630000 33.160554 -1.3669586
2635000 43.07752 -1.5322257
2640000 27.982489 -1.498732
2645000 28.553187 -1.5714453
2650000 25.090011 -1.5896485
2655000 24.14048 -1.6171553
2660000 14.28449 -1.6458677
2665000 24.262124 -1.6322673
2670000 21.481705 -1.6358767
2675000 21.037172 -1.6445072
2680000 19.887489 -1.6374022
2685000 18.04982 -1.6511999
2690000 22.310055 -1.5914189
2695000 26.270545 -1.5767996
2700000 27.026964 -1.6030453
2705000 28.844676 -1.5248288
2710000 42.37517 -1.4393268
2715000 34.02198 -1.4918632
2720000 34.991019 -1.5368342
2725000 28.343662 -1.5213155
2730000 34.86065 -1.496583
2735000 41.41141 -1.560438
2740000 37.323743 -1.5174424
2745000 46.206435 -1.4817599
2750000 39.150896 -1.4884541
2755000 37.020428 -1.4460804
2760000 46.623657 -1.3653243
2765000 41.204653 -1.430018
2770000 39.374374 -1.446781
2775000 45.02993 -1.5475496
2780000 26.505572 -1.5185877
2785000 26.710061 -1.5300993
2790000 26.213114 -1.5943306
2795000 27.273288 -1.593188
2800000 25.899175 -1.591302
2805000 25.272324 -1.5733126
2810000 26.608736 -1.6150708
2815000 26.907884 -1.5604672
2820000 29.697102 -1.5140984
2825000 32.84828 -1.5487349
2830000 19.040447 -1.5689623
2835000 23.614066 -1.6318454
2840000 21.762124 -1.6168599
2845000 25.980156 -1.545131
2850000 21.695139 -1.5982234
2855000 27.497753 -1.5935925
2860000 18.271229 -1.6108547
2865000 27.103595 -1.543006
2870000 24.399704 -1.5423061
2875000 26.738639 -1.577602
2880000 25.403298 -1.5657056
2885000 20.782668 -1.573808
2890000 27.795896 -1.5684466
2895000 22.093088 -1.6381404
2900000 31.860105 -1.5530083
2905000 23.136211 -1.6153981
2910000 16.055961 -1.6414702
2915000 25.824983 -1.5745355
2920000 29.740926 -1.5976363
2925000 23.376571 -1.6005135
2930000 26.662956 -1.5912421
2935000 18.543089 -1.5722068
2940000 30.088308 -1.6461093
2945000 25.740044 -1.6091515
2950000 27.012694 -1.5741819
2955000 33.739196 -1.5503173
2960000 31.098476 -1.5450717
2965000 28.489867 -1.50104
2970000 30.71737 -1.5111787
2975000 30.480819 -1.487577
2980000 43.379293 -1.4295787
2985000 31.583224 -1.5119931
2990000 33.061069 -1.5029217
2995000 33.14977 -1.5793331
3000000 30.549668 -1.5170255
3005000 28.313042 -1.5980754
3010000 27.192044 -1.5987653
3015000 30.313681 -1.5378384
3020000 32.89011 -1.5516785
3025000 17.727756 -1.5652058
3030000 21.438828 -1.5899059
3035000 19.56357 -1.6060204
3040000 21.348069 -1.5950378
3045000 28.678946 -1.5464912
3050000 24.815971 -1.5793751
3055000 32.662246 -1.5534028
3060000 21.753064 -1.6367627
3065000 24.525691 -1.6342184
3070000 36.335888 -1.5747624
3075000 31.036594 -1.564552
3080000 29.805866 -1.5766095
3085000 31.615214 -1.5920857
3090000 18.760019 -1.6291271
3095000 26.53307 -1.6282113
3100000 17.425971 -1.5960387
3105000 18.943462 -1.6104153
3110000 22.008336 -1.6635007
3115000 26.947042 -1.586464
3120000 29.23721 -1.6122676
3125000 18.952104 -1.6309558
3130000 21.541804 -1.6424244
3135000 23.820466 -1.5983621
3140000 19.778485 -1.6210359
3145000 29.930542 -1.5663012
3150000 23.398565 -1.6308895
3155000 23.832703 -1.6124177
3160000 26.753661 -1.5915904
3165000 17.640561 -1.6379445
3170000 28.686302 -1.6466688
3175000 20.040487 -1.623934
3180000 19.471172 -1.6447611
3185000 28.706181 -1.6028601
3190000 22.772754 -1.61555
3195000 25.107432 -1.6220873
3200000 27.916875 -1.5812076
3205000 26.5539 -1.5702188
3210000 20.608742 -1.6033319
3215000 23.148614 -1.60532
3220000 22.611951 -1.6271335
3225000 25.48972 -1.5778937
3230000 33.998351 -1.5272995
3235000 28.174968 -1.5467435
3240000 38.409182 -1.5601832
3245000 35.277319 -1.5183612
3250000 23.670673 -1.5587261
3255000 22.076357 -1.5794512
3260000 21.927864 -1.5716957
3265000 34.175033 -1.5080808
3270000 36.994899 -1.5338659
3275000 23.375552 -1.5265344
3280000 23.915317 -1.60122
3285000 27.459017 -1.5614297
3290000 33.819274 -1.5829365
3295000 25.295951 -1.5500184
3300000 28.744357 -1.5790125
3305000 28.69208 -1.5976711
3310000 22.668904 -1.607975
3315000 25.217903 -1.6027207
3320000 34.674769 -1.5079526
3325000 25.334131 -1.6277177
3330000 19.483149 -1.6085586
3335000 27.413528 -1.6131453
3340000 29.162034 -1.5914338
3345000 23.879676 -1.5685327
3350000 26.983969 -1.5628635
3355000 24.483887 -1.5879642
3360000 31.028682 -1.5750988
3365000 37.537136 -1.5541043
3370000 44.515404 -1.4575106
3375000 27.3598 -1.5552997
3380000 32.582261 -1.6005813
3385000 30.303239 -1.5929481
3390000 31.86092 -1.5681931
3395000 24.852832 -1.5544535
3400000 15.767474 -1.6032694
3405000 31.004797 -1.5932057
3410000 29.99677 -1.5441968
3415000 28.009789 -1.5997729
3420000 23.552537 -1.556622
3425000 25.844436 -1.5077061
3430000 35.539552 -1.5866433
3435000 29.844424 -1.581511
3440000 33.340578 -1.5498499
3445000 29.819812 -1.5626795
3450000 25.227855 -1.457091
3455000 27.453656 -1.5627303
3460000 33.992383 -1.5781748
3465000 36.428008 -1.4720006
3470000 43.01346 -1.4594649
3475000 32.270803 -1.5231175
3480000 32.45434 -1.5458088
3485000 24.568122 -1.5752084
3490000 41.361757 -1.5963384
3495000 34.458265 -1.5083983
3500000 34.031389 -1.478286
3505000 38.1861 -1.5874791
3510000 34.449258 -1.5284418
3515000 32.253013 -1.5820045
3520000 29.162103 -1.5110528
3525000 25.591732 -1.5722864
3530000 36.825184 -1.4474618
3535000 29.213904 -1.5347319
3540000 42.234765 -1.5391563
3545000 27.449281 -1.526683
3550000 21.972847 -1.4861876
3555000 40.711341 -1.5193899
3560000 33.844591 -1.5070276
3565000 26.028615 -1.5401744
3570000 28.75303 -1.5554687
3575000 27.157109 -1.5860065
3580000 29.936526 -1.5752962
3585000 37.253335 -1.4407423
3590000 31.85342 -1.4042633
3595000 38.165325 -1.4975232
3600000 30.04757 -1.575197
3605000 33.947587 -1.5295365
3610000 39.697227 -1.4402295
3615000 38.04562 -1.42729
3620000 46.533479 -1.5051544
3625000 37.92565 -1.4507359
3630000 41.351437 -1.4897797
3635000 44.029207 -1.4758474
3640000 56.549462 -1.4677553
3645000 37.417865 -1.4680548
3650000 29.170911 -1.4090852
3655000 39.380827 -1.493851
3660000 30.38808 -1.5428526
3665000 21.023117 -1.5446802
3670000 33.950156 -1.5185041
3675000 43.483346 -1.5423816
3680000 38.151676 -1.5462925
3685000 23.589836 -1.5399784
3690000 30.341894 -1.5378026
3695000 39.658114 -1.5552514
3700000 35.917351 -1.5198756
3705000 36.510601 -1.521698
3710000 31.368048 -1.5296964
3715000 27.654085 -1.4912404
3720000 28.248859 -1.5314559
3725000 36.21587 -1.510875
3730000 27.911015 -1.5435668
3735000 29.021244 -1.501132
3740000 41.34353 -1.5036146
3745000 32.034992 -1.5258077
3750000 35.812858 -1.5731822
3755000 34.481608 -1.5426037
3760000 28.403487 -1.554093
3765000 32.98452 -1.5456464
3770000 34.798367 -1.5128004
3775000 37.014502 -1.5246677
3780000 31.891749 -1.5034726
3785000 33.186993 -1.4912055
3790000 40.313424 -1.4816377
3795000 35.136713 -1.5375516
3800000 23.880837 -1.6370896
3805000 30.751624 -1.6062989
3810000 37.128351 -1.5901834
3815000 28.014278 -1.5654733
3820000 34.902736 -1.5707595
3825000 28.79745 -1.6082448
3830000 33.029603 -1.5525803
3835000 25.536213 -1.5756911
3840000 26.757394 -1.5844289
3845000 19.856572 -1.5968378
3850000 23.878852 -1.5980957
3855000 34.055827 -1.5570013
3860000 25.492435 -1.5601454
3865000 35.190808 -1.5208222
3870000 30.816022 -1.568287
3875000 23.274594 -1.6282362
3880000 22.684066 -1.6001176
3885000 33.343932 -1.5983614
3890000 37.012674 -1.5697746
3895000 41.481401 -1.59076
3900000 27.339391 -1.5805094
3905000 23.341152 -1.5855274
3910000 32.873423 -1.523265
3915000 25.013291 -1.6358847
3920000 27.854761 -1.565452
3925000 19.084451 -1.6007259
3930000 24.661723 -1.5852058
3935000 18.109565 -1.6368172
3940000 33.520916 -1.545978
3945000 27.20726 -1.5735539
3950000 22.021402 -1.6026063
3955000 24.799111 -1.6156413
3960000 26.529087 -1.5875319
3965000 25.468748 -1.581192
3970000 31.379065 -1.6112372
3975000 18.973941 -1.6248415
3980000 27.981508 -1.5947791
3985000 25.460064 -1.6494839
3990000 22.886787 -1.6176558
3995000 23.602338 -1.5965739
4000000 18.601234 -1.6229489
4005000 17.587686 -1.6285772
4010000 21.773541 -1.6250995
4015000 24.5539 -1.5748665
4020000 31.072831 -1.5781049
4025000 32.620122 -1.5762289
4030000 23.696339 -1.5503466
4035000 17.580962 -1.6185967
4040000 22.269229 -1.6310954
4045000 23.998957 -1.6285105
4050000 19.600105 -1.6358806
4055000 21.675914 -1.6320399
4060000 21.423381 -1.6385533
4065000 20.091076 -1.6243602
4070000 34.174806 -1.6398662
4075000 25.124784 -1.5780883
4080000 24.910091 -1.6433309
4085000 19.757803 -1.5902185
4090000 28.390731 -1.5874817
4095000 22.290732 -1.6303737
4100000 21.241736 -1.6228502
4105000 31.312454 -1.6248782
4110000 24.687738 -1.6187002
4115000 25.832364 -1.6101816
4120000 32.299719 -1.5457401
4125000 26.391587 -1.6240232
4130000 26.641902 -1.6042786
4135000 24.5958 -1.6234293
4140000 21.817624 -1.6112158
4145000 21.901736 -1.6006339
4150000 25.961904 -1.5760047
4155000 22.395072 -1.6301405
4160000 23.75414 -1.6176447
4165000 21.854406 -1.6311556
4170000 24.470157 -1.6028826
4175000 25.365075 -1.5966343
4180000 30.061602 -1.549372
4185000 40.243966 -1.5608378
4190000 30.966954 -1.6053045
4195000 27.497597 -1.5957668
4200000 29.931171 -1.5902714
4205000 24.682065 -1.5989173
4210000 28.36554 -1.6026196
4215000 27.379765 -1.6143794
4220000 22.404606 -1.5853826
4225000 21.661063 -1.5697592
4230000 23.516244 -1.6044804
4235000 27.985197 -1.5520719
4240000 26.385125 -1.5487519
4245000 38.095152 -1.5261162
4250000 41.891374 -1.490507
4255000 35.172911 -1.539642
4260000 34.482478 -1.5257773
4265000 35.191955 -1.4600157
4270000 35.692334 -1.4984918
4275000 30.494338 -1.4804718
4280000 37.362776 -1.4288435
4285000 29.643008 -1.5678173
4290000 39.690528 -1.4345713
4295000 30.738856 -1.5368513
4300000 25.994304 -1.5407753
4305000 39.480524 -1.5275129
4310000 39.395502 -1.4837983
4315000 35.651222 -1.4854514
4320000 52.200266 -1.5262548
4325000 29.710977 -1.5751527
4330000 55.897667 -1.4935008
4335000 39.212607 -1.4744441
4340000 36.578422 -1.5081002
4345000 41.680499 -1.5200352
4350000 31.049619 -1.5392441
4355000 41.949929 -1.4617225
4360000 48.06818 -1.42724
4365000 25.078008 -1.5665253
4370000 36.81967 -1.5637816
4375000 41.479399 -1.4492655
4380000 37.992701 -1.4553191
4385000 39.941028 -1.3873497
4390000 39.186741 -1.419202
4395000 43.40845 -1.4629124
4400000 48.074771 -1.4632649
4405000 38.977647 -1.4223151
4410000 36.429677 -1.4797186
4415000 41.178738 -1.4775974
4420000 40.902488 -1.5426383
4425000 37.162597 -1.5711586
4430000 32.892509 -1.5436279
4435000 25.159711 -1.5296722
4440000 34.170504 -1.588186
4445000 23.838836 -1.5659046
4450000 23.61564 -1.5793312
4455000 26.033725 -1.5501379
4460000 20.220226 -1.6322795
4465000 30.803393 -1.6087603
4470000 22.707339 -1.6393009
4475000 25.659238 -1.5920961
4480000 24.760213 -1.598286
4485000 20.110704 -1.6257291
4490000 23.052491 -1.6322741
4495000 21.096175 -1.5941439
4500000 19.424967 -1.6308288
4505000 24.708671 -1.6276663
4510000 20.439342 -1.6235531
4515000 30.710233 -1.5685537
4520000 21.841212 -1.6058691
4525000 33.191968 -1.5528492
4530000 32.694272 -1.4913393
4535000 32.64235 -1.4794562
4540000 37.157128 -1.5501873
4545000 32.532046 -1.5566768
4550000 27.050793 -1.498484
4555000 27.536399 -1.5418485
4560000 35.786448 -1.4628025
4565000 33.700079 -1.4579232
4570000 29.521839 -1.3970435
4575000 36.905806 -1.408725
4580000 40.133933 -1.4303237
4585000 36.287144 -1.3910096
4590000 47.417288 -1.4165284
4595000 32.48356 -1.4668444
4600000 45.021409 -1.5232674
4605000 36.089632 -1.4638104
4610000 37.352631 -1.4271869
4615000 37.861912 -1.3913282
4620000 41.242951 -1.3805383
4625000 34.171628 -1.4384269
4630000 50.363239 -1.3902294
4635000 37.642354 -1.4206337
4640000 45.832128 -1.3818412
4645000 39.081356 -1.4336692
4650000 40.035933 -1.4639761
4655000 43.676294 -1.5023413
4660000 30.60377 -1.5942828
4665000 32.137383 -1.5564827
4670000 40.541832 -1.4732669
4675000 39.828638 -1.4084908
4680000 41.055496 -1.4052078
4685000 31.663556 -1.5110384
4690000 44.057171 -1.4682397
4695000 35.000875 -1.4445957
4700000 37.417958 -1.3095662
4705000 37.697606 -1.3512024
4710000 42.696613 -1.4777311
4715000 44.540048 -1.3757079
4720000 43.320361 -1.4352105
4725000 32.526533 -1.4622324
4730000 32.902388 -1.476606
4735000 26.585648 -1.498781
4740000 32.100302 -1.4431995
4745000 38.431152 -1.4658486
4750000 32.388176 -1.5216943
4755000 36.878818 -1.5122648
4760000 47.993108 -1.3852897
4765000 52.060172 -1.3923529
4770000 32.576365 -1.3987775
4775000 30.509156 -1.4357342
4780000 50.278476 -1.389718
4785000 29.227917 -1.4817257
4790000 39.656443 -1.4886418
4795000 49.842891 -1.4198619
4800000 33.532295 -1.5318721
4805000 36.490245 -1.4905783
4810000 28.713822 -1.5695164
4815000 31.187446 -1.5077012
4820000 39.583996 -1.3903864
4825000 36.940545 -1.4349522
4830000 33.231601 -1.5637905
4835000 25.285312 -1.5813529
4840000 34.321723 -1.5244786
4845000 37.083129 -1.517897
4850000 26.639896 -1.610128
4855000 27.486423 -1.6156899
4860000 28.111231 -1.5619832
4865000 21.70175 -1.6224482
4870000 36.364746 -1.4799568
4875000 31.307262 -1.5542903
4880000 21.730296 -1.5938741
4885000 27.526251 -1.5119706
4890000 27.844475 -1.5353317
4895000 36.1193 -1.5341678
4900000 37.577288 -1.5042162
4905000 41.587585 -1.4644121
4910000 43.563089 -1.40402
4915000 32.472853 -1.5595077
4920000 36.520143 -1.4953532
4925000 43.268583 -1.409878
4930000 40.966837 -1.4445172
4935000 26.710275 -1.4361367
4940000 27.835622 -1.5156893
4945000 22.277949 -1.5354131
4950000 27.735191 -1.4813898
4955000 45.44063 -1.4751522
4960000 35.855526 -1.4537971
4965000 43.739316 -1.4282491
4970000 45.836687 -1.4761949
4975000 42.58613 -1.4246566
4980000 43.895399 -1.4238592
4985000 48.765169 -1.3632107
4990000 42.657759 -1.4202076
4995000 39.473156 -1.4266743
5000000 47.198335 -1.4427483
