# Step T0 T1 T2 T3 T4 T5 T6 T7 T8 T9 T10 T11  (temperature index occupied by each replica)
0 0 1 2 3 4 5 6 7 8 9 10 11
5000 0 1 2 3 4 5 7 6 8 10 9 11
10000 0 1 2 3 5 4 8 6 7 9 10 11
15000 0 1 3 2 4 5 8 6 7 10 9 11
20000 0 1 3 2 4 5 8 7 6 11 9 10
25000 0 1 3 2 4 6 8 7 5 11 9 10
30000 1 0 3 2 4 7 8 6 5 11 9 10
35000 1 0 3 2 4 7 8 6 5 11 9 10
40000 1 0 3 2 4 7 8 6 5 11 9 10
45000 1 0 2 3 4 7 8 6 5 11 9 10
50000 1 0 2 3 4 7 8 6 5 11 9 10
55000 0 1 2 3 4 7 8 6 5 11 9 10
60000 1 0 2 3 4 6 8 7 5 11 9 10
65000 1 0 2 4 3 6 8 7 5 11 9 10
70000 1 0 2 5 3 6 8 7 4 11 10 9
75000 0 1 2 5 3 6 8 7 4 11 9 10
80000 1 2 0 5 3 7 6 8 4 10 9 11
85000 1 3 0 4 2 7 6 8 5 11 9 10
90000 1 3 0 4 2 7 6 8 5 10 9 11
95000 0 4 1 3 2 7 5 8 6 9 10 11
100000 0 4 2 1 3 6 5 8 7 9 10 11
105000 0 5 2 1 3 6 4 9 7 8 10 11
110000 1 5 2 0 4 6 3 8 7 9 10 11
115000 1 5 2 0 3 7 4 8 6 9 10 11
120000 0 5 1 2 4 7 3 8 6 9 10 11
125000 0 6 1 2 4 7 3 8 5 9 10 11
130000 0 6 1 2 4 7 3 8 5 10 9 11
135000 0 6 1 2 4 8 3 7 5 10 9 11
140000 0 6 1 2 4 8 3 7 5 10 9 11
145000 0 6 1 2 3 8 4 7 5 10 9 11
150000 1 6 0 2 4 8 3 7 5 10 9 11
155000 1 7 0 2 4 8 3 6 5 10 9 11
160000 1 7 0 2 4 8 3 6 5 11 9 10
165000 0 7 1 3 2 8 4 6 5 11 9 10
170000 0 8 1 2 3 6 4 7 5 10 9 11
175000 0 8 1 2 4 6 3 7 5 9 10 11
180000 0 8 1 3 4 6 2 7 5 10 9 11
185000 0 8 1 3 4 5 2 7 6 9 10 11
190000 0 8 1 3 4 5 2 7 6 9 10 11
195000 1 8 0 3 4 6 2 5 7 10 9 11
200000 1 8 0 3 4 6 2 5 7 10 9 11
205000 0 7 1 4 3 6 2 5 8 10 9 11
210000 1 7 0 4 3 6 2 5 8 10 9 11
215000 0 6 1 4 3 7 2 5 8 11 9 10
220000 0 6 1 4 2 7 3 5 8 10 9 11
225000 0 6 1 4 2 8 3 5 7 9 10 11
230000 0 6 1 3 2 8 4 5 7 9 10 11
235000 1 6 0 4 2 8 3 5 7 10 9 11
240000 1 5 0 4 3 8 2 6 7 10 9 11
245000 0 5 1 4 3 8 2 6 7 9 10 11
250000 0 5 2 3 4 8 1 6 7 9 10 11
255000 1 5 2 4 3 8 0 6 7 9 10 11
260000 2 5 1 4 3 8 0 7 6 9 10 11
265000 2 4 0 5 3 8 1 6 7 9 10 11
270000 2 4 0 5 3 8 1 6 7 9 10 11
275000 2 4 1 5 3 8 0 6 7 9 10 11
280000 2 4 1 6 3 8 0 5 7 9 10 11
285000 2 4 0 5 3 7 1 6 8 9 10 11
290000 2 3 0 5 4 8 1 6 7 9 10 11
295000 2 4 0 5 3 8 1 6 7 9 10 11
300000 2 5 0 4 3 8 1 6 7 9 10 11
305000 2 5 1 4 3 8 0 7 6 9 10 11
310000 2 5 1 4 3 8 0 7 6 9 10 11
315000 2 5 1 4 3 8 0 7 6 9 10 11
320000 3 5 1 2 4 8 0 6 7 9 10 11
325000 3 4 1 2 5 8 0 7 6 9 11 10
330000 4 3 1 2 5 8 0 7 6 9 11 10
335000 3 1 2 4 5 8 0 6 7 9 11 10
340000 4 1 2 5 3 10 0 6 7 8 11 9
345000 3 2 1 6 4 9 0 5 7 8 11 10
350000 3 2 1 6 4 9 0 5 7 8 10 11
355000 4 2 1 7 3 8 0 5 6 9 11 10
360000 4 2 1 7 3 8 0 5 6 9 11 10
365000 4 2 1 7 3 8 0 5 6 9 11 10
370000 4 2 1 7 3 9 0 6 5 8 11 10
375000 4 3 0 7 2 9 1 5 6 8 11 10
380000 4 3 0 7 2 10 1 5 6 8 11 9
385000 4 3 0 7 2 9 1 5 6 8 11 10
390000 4 3 0 7 2 10 1 5 6 9 11 8
395000 5 2 0 7 3 10 1 6 4 8 11 9
400000 6 2 0 7 4 10 1 5 3 9 11 8
405000 6 1 0 7 4 10 2 5 3 9 11 8
410000 5 2 0 7 3 10 1 6 4 9 11 8
415000 6 2 0 7 4 9 1 5 3 10 11 8
420000 7 2 1 6 4 9 0 5 3 10 11 8
425000 7 2 1 6 5 9 0 4 3 10 11 8
430000 7 2 0 5 6 10 1 4 3 8 11 9
435000 7 2 1 5 6 11 0 4 3 8 10 9
440000 6 2 0 5 7 11 1 4 3 10 9 8
445000 6 2 0 5 7 11 1 4 3 10 8 9
450000 6 3 0 5 7 11 1 4 2 9 8 10
455000 6 3 0 5 7 11 1 4 2 9 8 10
460000 6 3 0 5 7 10 1 4 2 9 8 11
465000 6 3 0 5 7 10 1 4 2 9 8 11
470000 6 3 0 5 7 10 1 4 2 9 8 11
475000 7 2 0 6 5 11 1 4 3 9 8 10
480000 7 1 0 6 5 11 2 4 3 9 8 10
485000 7 2 0 6 5 11 1 4 3 9 8 10
490000 7 2 0 5 6 11 1 3 4 9 8 10
495000 7 2 1 5 6 10 0 3 4 9 8 11
500000 7 2 0 6 5 10 1 3 4 9 8 11
505000 7 2 0 5 6 9 1 4 3 10 8 11
510000 7 2 0 6 5 8 1 4 3 10 9 11
515000 7 2 0 5 6 8 1 4 3 10 9 11
520000 6 3 0 5 7 9 1 4 2 10 8 11
525000 6 4 0 5 7 10 1 3 2 9 8 11
530000 6 5 0 4 7 10 1 3 2 9 8 11
535000 6 5 0 4 7 10 1 3 2 9 8 11
540000 5 6 0 4 7 10 1 3 2 9 8 11
545000 5 6 0 4 7 8 1 3 2 10 9 11
550000 5 6 0 4 7 8 1 3 2 10 9 11
555000 5 6 0 3 7 9 1 4 2 8 10 11
560000 5 6 1 3 7 8 0 4 2 9 10 11
565000 5 7 0 3 6 8 1 4 2 10 9 11
570000 5 7 0 4 6 9 1 3 2 8 10 11
575000 5 7 0 4 6 10 2 3 1 8 9 11
580000 5 7 0 4 6 10 2 3 1 9 8 11
585000 5 7 0 3 6 8 2 4 1 10 9 11
590000 6 7 0 3 5 8 2 4 1 10 9 11
595000 5 7 0 3 6 8 2 4 1 9 10 11
600000 5 7 0 3 6 8 1 4 2 9 10 11
605000 5 6 1 4 7 8 0 3 2 10 9 11
610000 4 6 1 5 7 9 0 3 2 10 8 11
615000 6 7 1 3 5 8 0 2 4 10 9 11
620000 6 7 1 3 5 8 0 2 4 9 10 11
625000 6 7 1 3 5 8 0 2 4 10 9 11
630000 7 6 0 3 5 9 1 2 4 10 8 11
635000 7 6 0 2 5 9 1 3 4 10 8 11
640000 7 6 0 3 4 10 1 2 5 9 8 11
645000 7 5 0 4 6 10 2 1 3 9 8 11
650000 7 4 0 6 5 10 3 2 1 9 8 11
655000 5 4 0 7 6 8 3 2 1 11 9 10
660000 5 4 0 6 7 9 3 2 1 10 8 11
665000 5 4 0 6 7 11 3 2 1 9 8 10
670000 5 4 0 6 7 11 3 2 1 10 8 9
675000 5 4 0 6 7 11 2 3 1 10 8 9
680000 5 4 0 6 7 10 1 3 2 11 8 9
685000 5 4 0 7 6 11 1 3 2 9 8 10
690000 5 3 1 6 7 11 0 2 4 9 8 10
695000 5 3 1 6 7 11 0 2 4 9 8 10
700000 5 3 2 7 6 11 0 1 4 9 8 10
705000 5 3 1 7 6 11 2 0 4 10 8 9
710000 6 3 0 7 5 11 1 2 4 10 8 9
715000 3 4 0 7 6 11 1 2 5 10 8 9
720000 2 3 0 5 7 11 1 4 6 9 8 10
725000 0 3 1 6 7 11 2 5 4 10 8 9
730000 0 4 1 6 7 11 2 5 3 10 8 9
735000 0 3 1 4 7 11 2 6 5 10 8 9
740000 0 3 1 4 7 11 2 5 6 10 8 9
745000 0 3 1 4 6 11 2 5 7 10 8 9
750000 0 3 1 4 7 11 2 5 6 10 8 9
755000 0 3 2 4 7 11 1 5 6 9 8 10
760000 0 3 2 4 7 11 1 5 6 10 8 9
765000 1 3 2 4 7 11 0 5 6 9 8 10
770000 0 4 2 3 7 11 1 5 6 9 8 10
775000 1 4 2 3 7 11 0 5 6 9 8 10
780000 1 4 3 2 7 11 0 5 6 9 8 10
785000 1 3 4 2 7 11 0 5 6 9 8 10
790000 0 5 3 2 7 11 1 4 6 9 8 10
795000 0 4 3 2 7 11 1 6 5 9 8 10
800000 1 3 4 2 7 11 0 6 5 8 9 10
805000 1 4 3 2 7 11 0 6 5 8 9 10
810000 1 4 3 2 7 11 0 6 5 9 8 10
815000 0 5 3 2 7 11 1 4 6 9 8 10
820000 0 5 2 3 7 11 1 4 6 9 8 10
825000 1 5 2 3 7 11 0 4 6 9 8 10
830000 0 6 2 3 7 11 1 4 5 9 8 10
835000 0 6 2 3 7 11 1 4 5 10 8 9
840000 1 7 2 3 6 11 0 4 5 10 8 9
845000 1 6 2 3 7 11 0 5 4 10 8 9
850000 0 6 2 3 7 11 1 5 4 9 8 10
855000 0 7 2 3 6 11 1 5 4 8 9 10
860000 0 7 1 3 5 11 2 6 4 10 8 9
865000 0 7 1 3 5 11 2 6 4 10 8 9
870000 0 7 1 3 5 10 2 6 4 11 8 9
875000 1 7 0 4 5 10 2 6 3 11 8 9
880000 0 7 1 4 5 11 2 6 3 10 8 9
885000 0 6 2 4 5 11 1 7 3 10 8 9
890000 1 7 3 4 5 11 0 6 2 10 8 9
895000 0 7 3 4 5 11 1 6 2 10 8 9
900000 0 7 3 4 6 11 2 5 1 10 8 9
905000 0 8 3 4 6 11 1 5 2 10 7 9
910000 0 6 3 4 7 10 1 5 2 11 8 9
915000 0 5 3 4 7 10 1 6 2 11 8 9
920000 0 5 3 4 6 9 1 7 2 11 8 10
925000 0 5 3 4 6 10 1 7 2 11 8 9
930000 0 5 3 4 6 10 1 7 2 11 9 8
935000 0 4 3 5 7 9 1 6 2 11 8 10
940000 0 4 2 6 7 10 1 5 3 11 8 9
945000 0 5 2 6 7 11 1 4 3 10 8 9
950000 0 6 2 5 7 11 1 4 3 10 8 9
955000 0 6 2 5 7 11 1 4 3 10 8 9
960000 1 3 2 6 7 11 0 4 5 10 8 9
965000 2 3 1 5 7 11 0 4 6 10 8 9
970000 2 3 1 5 7 11 0 4 6 9 8 10
975000 2 3 1 4 5 11 0 7 6 9 8 10
980000 2 3 1 5 4 11 0 6 7 10 8 9
985000 2 4 1 6 3 11 0 5 7 10 8 9
990000 3 4 0 6 2 10 1 5 7 9 8 11
995000 3 4 0 6 2 11 1 5 7 9 8 10
1000000 3 4 1 5 2 11 0 6 7 9 8 10
1005000 5 3 1 4 2 11 0 6 7 9 8 10
1010000 5 3 2 4 1 11 0 6 7 9 8 10
1015000 4 3 2 5 1 11 0 6 7 9 8 10
1020000 5 4 2 3 1 11 0 6 7 8 9 10
1025000 4 5 2 3 0 11 1 6 7 8 9 10
1030000 3 5 2 4 0 11 1 6 7 9 8 10
1035000 3 5 2 4 0 11 1 6 7 9 8 10
1040000 3 4 1 5 2 11 0 7 6 9 8 10
1045000 2 3 0 5 4 11 1 7 6 10 8 9
1050000 2 3 0 5 4 11 1 7 6 9 8 10
1055000 2 4 1 3 5 11 0 7 6 8 9 10
1060000 2 3 1 4 5 11 0 6 7 8 10 9
1065000 2 3 1 4 5 11 0 6 7 8 10 9
1070000 2 3 0 5 4 11 1 6 7 8 10 9
1075000 2 3 0 4 6 11 1 5 7 9 10 8
1080000 1 3 0 4 5 11 2 6 7 8 10 9
1085000 1 3 0 4 6 11 2 5 7 8 10 9
1090000 2 5 1 3 6 11 0 4 7 8 10 9
1095000 2 5 0 3 6 11 1 4 7 8 10 9
1100000 0 4 1 3 6 11 2 5 7 8 10 9
1105000 0 5 1 3 6 11 2 4 7 9 8 10
1110000 1 4 0 3 6 11 2 5 7 8 9 10
1115000 1 5 0 3 4 11 2 6 7 9 10 8
1120000 2 6 0 3 4 11 1 5 7 8 10 9
1125000 2 3 0 4 5 11 1 6 7 8 9 10
1130000 2 3 0 4 5 11 1 6 7 8 10 9
1135000 2 4 0 3 5 11 1 6 7 10 9 8
1140000 3 4 0 2 5 11 1 6 7 9 10 8
1145000 3 4 0 1 5 11 2 6 7 9 10 8
1150000 3 4 0 1 5 11 2 7 6 9 10 8
1155000 3 4 0 2 7 11 1 6 5 9 10 8
1160000 4 3 0 2 7 11 1 5 6 9 10 8
1165000 4 2 0 3 7 10 1 6 5 9 11 8
1170000 5 2 1 3 7 10 0 6 4 9 11 8
1175000 5 2 1 3 6 10 0 7 4 9 11 8
1180000 5 3 1 2 6 10 0 7 4 9 11 8
1185000 5 3 0 2 7 9 1 6 4 10 11 8
1190000 4 3 0 2 7 9 1 6 5 10 11 8
1195000 5 3 0 1 7 8 2 6 4 10 11 9
1200000 6 4 0 1 5 8 2 7 3 9 11 10
1205000 5 4 0 1 6 9 3 7 2 8 11 10
1210000 5 3 0 2 6 10 4 7 1 8 11 9
1215000 4 3 0 2 6 10 5 7 1 8 11 9
1220000 4 3 0 1 6 9 5 7 2 8 11 10
1225000 5 3 1 0 4 9 6 7 2 8 11 10
1230000 5 4 1 0 3 8 6 7 2 9 11 10
1235000 4 5 0 1 3 8 6 7 2 9 10 11
1240000 4 5 0 1 3 9 6 7 2 11 8 10
1245000 4 5 1 0 3 8 6 7 2 9 11 10
1250000 4 6 2 0 3 8 5 7 1 10 11 9
1255000 3 6 1 0 4 8 5 7 2 9 10 11
1260000 3 7 0 1 4 8 6 5 2 9 10 11
1265000 3 7 0 2 4 8 6 5 1 9 11 10
1270000 3 7 0 2 4 8 6 5 1 10 11 9
1275000 3 7 0 2 4 8 6 5 1 9 11 10
1280000 2 6 0 1 4 8 7 5 3 9 11 10
1285000 3 6 0 1 5 8 7 4 2 9 11 10
1290000 3 5 1 0 6 8 7 4 2 9 11 10
1295000 3 4 1 0 6 8 7 5 2 9 11 10
1300000 3 4 0 1 6 8 7 5 2 9 11 10
1305000 3 4 0 1 6 8 7 5 2 9 11 10
1310000 4 3 0 2 5 8 7 6 1 9 11 10
1315000 4 3 0 2 5 8 7 6 1 9 11 10
1320000 4 3 0 2 5 8 7 6 1 10 11 9
1325000 3 4 0 2 5 8 7 6 1 9 11 10
1330000 3 4 0 2 6 8 5 7 1 10 11 9
1335000 3 4 2 0 6 9 5 7 1 10 11 8
1340000 3 4 2 0 6 9 5 7 1 10 11 8
1345000 2 4 3 0 7 9 5 6 1 10 11 8
1350000 2 4 3 0 7 9 6 5 1 10 11 8
1355000 2 4 3 1 7 10 5 6 0 8 11 9
1360000 1 6 2 3 7 8 4 5 0 9 11 10
1365000 2 6 1 3 7 9 4 5 0 8 11 10
1370000 2 6 0 3 7 9 4 5 1 8 11 10
1375000 3 6 0 2 7 9 4 5 1 8 11 10
1380000 3 6 0 2 7 10 4 5 1 9 11 8
1385000 3 5 0 1 7 10 4 6 2 9 11 8
1390000 5 4 0 1 7 10 3 6 2 9 11 8
1395000 4 5 0 1 7 11 3 6 2 9 10 8
1400000 5 6 1 2 7 11 3 4 0 8 10 9
1405000 5 6 1 2 7 11 4 3 0 9 10 8
1410000 5 6 1 2 7 10 3 4 0 8 11 9
1415000 4 6 1 2 7 10 3 5 0 8 11 9
1420000 4 6 1 2 7 10 3 5 0 8 11 9
1425000 5 6 0 4 7 10 2 3 1 9 11 8
1430000 6 5 1 4 7 10 2 3 0 9 11 8
1435000 6 5 1 3 7 10 2 4 0 8 11 9
1440000 5 7 1 3 6 10 2 4 0 8 11 9
1445000 5 7 1 3 6 11 2 4 0 8 10 9
1450000 4 7 1 3 6 11 2 5 0 9 8 10
1455000 4 7 3 2 5 11 1 6 0 8 9 10
1460000 1 7 4 3 6 11 2 5 0 8 10 9
1465000 1 7 4 3 6 11 2 5 0 8 10 9
1470000 1 7 4 3 5 11 2 6 0 8 9 10
1475000 1 7 4 3 6 11 2 5 0 8 9 10
1480000 1 7 4 3 6 11 2 5 0 8 9 10
1485000 0 7 5 3 6 11 2 4 1 9 8 10
1490000 0 7 5 3 6 11 2 4 1 8 9 10
1495000 1 7 5 2 6 11 3 4 0 9 8 10
1500000 1 7 5 2 6 11 4 3 0 8 9 10
1505000 1 7 6 3 5 11 4 2 0 8 9 10
1510000 0 7 6 4 5 11 3 2 1 8 9 10
1515000 1 7 6 4 5 11 3 2 0 8 9 10
1520000 0 7 6 4 5 10 3 2 1 8 11 9
1525000 1 7 6 4 5 9 3 0 2 8 11 10
1530000 1 7 6 4 5 8 3 0 2 9 10 11
1535000 1 7 6 4 5 9 3 0 2 8 10 11
1540000 1 6 5 4 7 9 3 0 2 8 10 11
1545000 0 6 5 3 7 9 4 1 2 8 10 11
1550000 0 6 5 2 7 9 3 1 4 8 10 11
1555000 1 5 6 2 7 9 3 0 4 8 10 11
1560000 1 5 7 2 6 11 4 0 3 8 9 10
1565000 2 6 7 1 5 11 4 0 3 9 8 10
1570000 2 6 7 0 5 11 3 1 4 10 8 9
1575000 2 6 7 1 5 11 3 0 4 9 8 10
1580000 3 6 7 2 5 11 1 0 4 9 8 10
1585000 3 6 7 1 5 11 2 0 4 10 8 9
1590000 3 6 7 0 5 11 2 1 4 10 8 9
1595000 3 6 7 0 5 11 2 1 4 8 9 10
1600000 3 6 7 0 5 11 2 1 4 8 9 10
1605000 2 7 6 0 5 11 3 1 4 10 8 9
1610000 2 7 6 1 5 11 3 0 4 9 8 10
1615000 3 7 6 1 4 11 2 0 5 9 8 10
1620000 3 7 6 1 4 11 2 0 5 9 8 10
1625000 4 7 5 2 3 11 1 0 6 9 8 10
1630000 5 7 4 2 3 11 1 0 6 9 8 10
1635000 5 7 4 1 2 11 3 0 6 9 8 10
1640000 5 7 4 1 2 11 3 0 6 8 9 10
1645000 5 7 4 2 1 11 3 0 6 8 9 10
1650000 5 7 4 2 1 10 3 0 6 8 9 11
1655000 5 7 4 2 0 9 3 1 6 8 10 11
1660000 5 7 4 2 1 10 3 0 6 8 9 11
1665000 5 7 4 2 1 10 3 0 6 8 9 11
1670000 5 7 4 1 2 10 3 0 6 8 9 11
1675000 3 6 5 1 4 10 2 0 7 8 9 11
1680000 4 5 6 0 3 10 2 1 7 8 9 11
1685000 3 5 6 0 4 10 2 1 7 9 8 11
1690000 3 4 7 0 5 10 1 2 6 8 9 11
1695000 3 4 7 0 5 10 1 2 6 8 9 11
1700000 3 4 7 0 5 10 2 1 6 8 9 11
1705000 3 5 7 0 4 10 2 1 6 8 9 11
1710000 3 6 7 0 4 10 1 2 5 8 9 11
1715000 3 6 7 0 4 10 1 2 5 9 8 11
1720000 3 6 7 0 5 10 1 2 4 8 9 11
1725000 2 6 7 0 4 9 1 3 5 10 8 11
1730000 2 7 6 0 4 10 1 3 5 9 8 11
1735000 2 5 7 0 4 10 1 3 6 9 8 11
1740000 2 5 7 0 4 10 1 3 6 8 9 11
1745000 3 5 7 0 2 9 1 4 6 8 10 11
1750000 2 5 7 0 3 11 1 4 6 8 10 9
1755000 4 5 6 0 1 11 2 3 7 8 9 10
1760000 4 5 6 0 1 11 2 3 7 8 9 10
1765000 4 5 6 0 1 11 2 3 7 8 9 10
1770000 3 6 5 0 1 11 2 4 7 8 10 9
1775000 3 5 6 1 0 10 2 4 7 8 11 9
1780000 4 6 5 0 1 10 3 2 7 8 11 9
1785000 4 6 5 1 0 9 3 2 7 8 11 10
1790000 4 6 5 1 0 10 3 2 7 8 11 9
1795000 4 6 5 1 0 9 2 3 7 10 11 8
1800000 4 6 5 2 0 10 1 3 7 9 11 8
1805000 4 6 5 2 0 10 1 3 7 8 11 9
1810000 4 5 6 2 1 9 0 3 7 8 11 10
1815000 4 5 7 2 0 8 1 3 6 9 11 10
1820000 6 4 7 2 0 9 1 3 5 8 11 10
1825000 6 3 7 2 1 8 0 4 5 9 11 10
1830000 7 3 6 2 0 10 1 4 5 8 11 9
1835000 7 4 6 2 1 10 0 3 5 8 11 9
1840000 7 4 6 1 2 10 0 3 5 8 11 9
1845000 6 4 7 1 2 10 0 3 5 9 11 8
1850000 6 4 7 1 2 10 0 3 5 8 11 9
1855000 5 4 7 1 2 9 0 3 6 8 11 10
1860000 5 4 7 1 2 9 0 3 6 8 11 10
1865000 5 4 6 1 2 9 0 3 7 8 11 10
1870000 5 3 6 0 2 8 1 4 7 9 11 10
1875000 5 4 6 1 2 8 0 3 7 9 11 10
1880000 5 4 7 1 2 8 0 3 6 9 11 10
1885000 5 4 7 2 1 8 0 3 6 10 11 9
1890000 5 4 6 2 1 9 0 3 7 8 11 10
1895000 5 4 6 2 1 9 0 3 7 8 11 10
1900000 5 4 6 2 1 8 0 3 7 10 11 9
1905000 4 5 6 0 2 8 1 3 7 10 11 9
1910000 5 6 7 0 2 8 1 3 4 9 11 10
1915000 5 7 6 0 2 9 1 3 4 8 11 10
1920000 5 7 6 0 2 8 1 3 4 9 11 10
1925000 5 7 6 0 4 8 2 1 3 9 11 10
1930000 5 7 6 1 4 8 2 0 3 9 11 10
1935000 5 7 6 1 3 9 2 0 4 8 11 10
1940000 5 7 6 0 3 8 2 1 4 9 11 10
1945000 5 7 6 0 3 8 1 2 4 9 11 10
1950000 5 7 6 0 3 8 1 2 4 10 11 9
1955000 5 7 6 0 3 9 2 1 4 8 11 10
1960000 5 7 6 1 2 8 3 0 4 9 11 10
1965000 6 7 5 1 2 8 4 0 3 10 11 9
1970000 7 6 5 1 2 9 4 0 3 10 11 8
1975000 6 7 5 0 2 9 4 1 3 10 11 8
1980000 6 7 5 0 2 9 3 1 4 10 11 8
1985000 6 7 5 0 2 9 4 1 3 10 11 8
1990000 6 7 5 0 2 9 3 1 4 10 11 8
1995000 6 7 5 0 3 9 4 1 2 10 11 8
2000000 6 7 5 0 4 9 3 1 2 10 11 8
2005000 6 7 5 1 4 9 3 0 2 10 11 8
2010000 6 7 5 1 4 9 3 0 2 10 11 8
2015000 5 7 6 2 3 10 4 0 1 9 11 8
2020000 5 7 6 2 3 9 4 0 1 10 11 8
2025000 6 7 5 2 3 9 4 0 1 10 11 8
2030000 7 6 4 2 3 10 5 0 1 9 11 8
2035000 7 5 4 2 3 10 6 0 1 9 11 8
2040000 5 6 3 1 4 10 7 0 2 9 11 8
2045000 4 6 3 0 5 11 7 1 2 9 10 8
2050000 4 5 3 0 6 11 7 2 1 9 10 8
2055000 4 5 3 1 7 11 6 0 2 9 10 8
2060000 4 5 3 0 6 10 7 1 2 9 11 8
2065000 3 5 4 0 6 9 7 1 2 10 11 8
2070000 3 5 4 0 6 9 7 2 1 10 11 8
2075000 2 5 4 0 6 8 7 3 1 10 11 9
2080000 2 5 4 0 7 9 6 3 1 10 11 8
2085000 2 6 4 1 7 9 5 3 0 10 11 8
2090000 3 6 4 1 5 9 7 2 0 10 11 8
2095000 3 5 4 1 6 10 7 2 0 9 11 8
2100000 3 5 4 1 6 10 7 2 0 8 11 9
2105000 3 5 4 2 7 9 6 1 0 8 11 10
2110000 3 5 4 2 7 10 6 0 1 9 11 8
2115000 3 5 4 2 7 10 6 0 1 8 11 9
2120000 3 6 4 1 7 11 5 2 0 8 10 9
2125000 4 6 3 1 7 11 5 2 0 8 10 9
2130000 4 7 3 1 6 10 5 2 0 8 11 9
2135000 3 7 4 1 5 10 6 2 0 9 11 8
2140000 3 7 4 1 6 10 5 2 0 9 11 8
2145000 3 7 4 1 6 10 5 2 0 8 11 9
2150000 3 7 4 0 6 10 5 2 1 8 11 9
2155000 2 7 4 0 6 10 5 3 1 8 11 9
2160000 1 7 4 0 6 10 5 3 2 9 11 8
2165000 2 7 4 0 6 11 5 3 1 8 10 9
2170000 2 6 4 0 7 11 5 3 1 8 10 9
2175000 2 5 6 0 7 11 3 4 1 8 10 9
2180000 1 6 5 0 7 11 3 4 2 8 10 9
2185000 2 6 5 0 7 11 3 4 1 8 10 9
2190000 2 7 5 0 6 11 3 4 1 8 10 9
2195000 2 7 5 1 6 11 3 4 0 8 9 10
2200000 2 7 5 1 6 11 3 4 0 8 9 10
2205000 2 7 6 1 5 11 3 4 0 8 9 10
2210000 2 6 5 1 7 11 3 4 0 8 10 9
2215000 2 5 6 1 7 11 3 4 0 8 10 9
2220000 3 4 6 1 7 10 2 5 0 8 11 9
2225000 3 4 5 1 7 10 2 6 0 8 11 9
2230000 4 3 5 1 7 10 2 6 0 8 11 9
2235000 4 3 5 0 7 10 2 6 1 9 11 8
2240000 4 3 5 0 7 10 2 6 1 9 11 8
2245000 4 3 6 1 7 10 2 5 0 9 11 8
2250000 4 3 5 1 7 10 2 6 0 9 11 8
2255000 4 3 5 1 7 10 2 6 0 9 11 8
2260000 4 3 5 1 7 10 2 6 0 9 11 8
2265000 4 2 6 1 7 10 3 5 0 9 11 8
2270000 5 2 6 1 7 11 3 4 0 8 10 9
2275000 5 3 6 1 7 11 4 2 0 9 10 8
2280000 5 2 7 1 6 11 4 3 0 9 10 8
2285000 7 2 6 1 5 11 4 3 0 9 10 8
2290000 7 4 6 0 3 11 5 2 1 9 10 8
2295000 6 4 7 0 3 11 5 2 1 8 10 9
2300000 4 3 7 0 5 11 6 2 1 9 10 8
2305000 4 2 7 1 5 11 6 3 0 8 10 9
2310000 5 2 7 1 4 11 6 3 0 8 10 9
2315000 5 3 7 1 4 10 6 2 0 8 11 9
2320000 5 3 7 0 4 10 6 2 1 8 11 9
2325000 5 3 7 0 4 9 6 1 2 8 11 10
2330000 4 3 5 0 6 9 7 1 2 8 11 10
2335000 4 3 5 1 6 9 7 0 2 8 11 10
2340000 4 3 5 0 6 9 7 1 2 8 11 10
2345000 4 3 5 0 6 8 7 1 2 9 11 10
2350000 4 3 5 1 6 8 7 0 2 9 11 10
2355000 4 3 5 1 6 8 7 0 2 9 11 10
2360000 4 2 5 0 6 8 7 1 3 10 11 9
2365000 4 3 6 0 5 8 7 1 2 10 11 9
2370000 4 3 6 0 5 9 7 1 2 10 11 8
2375000 3 5 6 0 4 9 7 1 2 10 11 8
2380000 3 4 7 0 5 10 6 1 2 8 11 9
2385000 3 5 6 1 4 10 7 0 2 9 11 8
2390000 3 5 6 1 4 10 7 0 2 9 11 8
2395000 4 5 6 1 3 11 7 0 2 9 10 8
2400000 4 5 6 1 3 10 7 0 2 9 11 8
2405000 4 5 7 1 3 10 6 0 2 9 11 8
2410000 4 5 7 3 2 10 6 1 0 9 11 8
2415000 3 6 7 4 1 10 5 2 0 9 11 8
2420000 3 5 7 4 1 9 6 2 0 10 11 8
2425000 2 5 7 4 1 9 6 3 0 10 11 8
2430000 2 4 7 5 1 10 6 3 0 8 11 9
2435000 4 3 7 5 2 9 6 1 0 8 11 10
2440000 4 3 7 6 1 10 5 2 0 8 11 9
2445000 4 3 7 6 2 10 5 0 1 8 11 9
2450000 4 3 7 6 2 10 5 1 0 8 11 9
2455000 4 2 7 6 1 10 5 3 0 8 11 9
2460000 4 2 7 6 1 10 5 3 0 8 11 9
2465000 4 2 7 6 0 11 5 3 1 9 10 8
2470000 4 1 7 6 0 11 5 3 2 8 10 9
2475000 4 3 6 7 1 11 5 2 0 9 10 8
2480000 4 3 5 7 2 11 6 1 0 9 10 8
2485000 4 3 5 6 2 10 7 1 0 9 11 8
2490000 2 4 5 6 3 10 7 0 1 9 11 8
2495000 2 4 5 6 3 10 7 0 1 9 11 8
2500000 2 4 5 7 3 10 6 1 0 9 11 8
2505000 2 5 3 7 4 9 6 0 1 10 11 8
2510000 2 5 4 7 3 10 6 1 0 9 11 8
2515000 3 4 2 7 5 10 6 0 1 9 11 8
2520000 3 4 2 7 5 9 6 0 1 10 11 8
2525000 3 4 2 7 5 9 6 0 1 10 11 8
2530000 3 4 2 7 5 10 6 1 0 9 11 8
2535000 3 4 2 7 5 9 6 0 1 10 11 8
2540000 3 4 2 7 5 8 6 1 0 9 10 11
2545000 3 4 2 7 5 8 6 1 0 9 11 10
2550000 2 5 3 6 4 8 7 1 0 9 11 10
2555000 2 5 3 6 4 8 7 1 0 10 11 9
2560000 2 6 4 5 3 10 7 1 0 9 11 8
2565000 2 6 4 5 3 9 7 1 0 10 11 8
2570000 2 6 4 5 3 9 7 1 0 10 11 8
2575000 2 6 4 5 3 9 7 1 0 10 11 8
2580000 2 5 4 7 3 10 6 1 0 8 11 9
2585000 2 4 5 7 3 10 6 1 0 9 11 8
2590000 2 4 5 7 3 9 6 0 1 10 11 8
2595000 2 5 4 7 3 8 6 0 1 10 11 9
2600000 2 3 5 7 4 8 6 0 1 10 11 9
2605000 1 4 7 6 3 9 5 0 2 11 10 8
2610000 1 3 7 5 4 10 6 0 2 11 9 8
2615000 0 3 7 5 4 10 6 1 2 11 9 8
2620000 1 2 7 5 4 9 6 0 3 10 11 8
2625000 1 2 6 5 4 9 7 0 3 11 10 8
2630000 0 2 5 6 4 9 7 1 3 11 10 8
2635000 0 2 5 6 4 11 7 1 3 10 8 9
2640000 0 2 6 5 4 11 7 1 3 10 9 8
2645000 0 3 6 5 4 11 7 2 1 9 10 8
2650000 0 3 6 5 4 11 7 2 1 9 10 8
2655000 0 3 6 5 4 10 7 2 1 8 11 9
2660000 0 3 6 5 4 10 7 2 1 8 11 9
2665000 0 3 6 4 5 9 7 2 1 8 11 10
2670000 0 3 6 4 5 9 7 1 2 8 11 10
2675000 0 3 7 5 4 9 6 1 2 8 11 10
2680000 0 3 6 5 4 9 7 2 1 8 11 10
2685000 1 3 7 5 4 10 6 2 0 8 11 9
2690000 1 3 5 7 4 9 6 2 0 8 11 10
2695000 1 3 6 7 4 9 5 2 0 8 11 10
2700000 1 3 6 7 4 10 5 2 0 8 11 9
2705000 0 3 6 7 5 8 4 2 1 10 11 9
2710000 0 3 7 6 4 9 5 2 1 10 11 8
2715000 0 4 7 6 3 9 5 2 1 10 11 8
2720000 0 3 7 6 4 9 5 2 1 10 11 8
2725000 1 4 7 6 3 9 5 2 0 10 11 8
2730000 1 4 6 7 2 9 5 3 0 10 11 8
2735000 0 4 5 7 2 9 6 3 1 10 11 8
2740000 0 4 5 6 3 8 7 1 2 11 10 9
2745000 0 5 4 6 3 10 7 1 2 11 9 8
2750000 0 5 4 6 3 9 7 1 2 11 8 10
2755000 0 5 4 6 3 9 7 1 2 11 8 10
2760000 0 6 4 5 3 10 7 1 2 11 9 8
2765000 0 6 4 5 2 10 7 1 3 11 9 8
2770000 0 6 4 5 1 10 7 2 3 11 9 8
2775000 0 5 4 6 2 11 7 1 3 10 9 8
2780000 0 6 3 5 4 11 7 1 2 10 9 8
2785000 1 6 4 5 2 11 7 0 3 9 10 8
2790000 0 7 3 5 1 11 6 2 4 9 10 8
2795000 0 5 3 4 1 11 7 2 6 9 10 8
2800000 1 4 3 5 0 11 6 2 7 8 10 9
2805000 1 5 3 4 0 11 7 2 6 9 10 8
2810000 0 5 3 4 1 11 7 2 6 9 10 8
2815000 0 7 4 3 1 11 6 2 5 9 10 8
2820000 1 7 4 3 0 9 6 2 5 10 11 8
2825000 0 7 4 2 1 10 6 3 5 9 11 8
2830000 2 7 4 1 0 9 6 3 5 8 11 10
2835000 3 6 5 1 0 9 7 2 4 8 11 10
2840000 1 6 5 0 2 9 7 3 4 8 11 10
2845000 1 6 4 0 3 9 7 2 5 10 11 8
2850000 1 7 3 0 4 10 5 2 6 9 11 8
2855000 1 7 3 0 4 11 6 2 5 8 10 9
2860000 1 7 4 0 3 11 6 2 5 9 10 8
2865000 1 6 3 0 5 11 4 2 7 9 8 10
2870000 1 6 3 0 5 10 4 2 7 9 8 11
2875000 0 6 3 1 5 10 4 2 7 9 8 11
2880000 0 5 4 1 6 10 3 2 7 9 8 11
2885000 0 6 3 1 5 11 4 2 7 9 8 10
2890000 0 5 3 2 6 11 4 1 7 9 8 10
2895000 0 5 2 3 6 11 4 1 7 8 9 10
2900000 2 5 1 3 7 11 4 0 6 9 8 10
2905000 2 7 1 3 6 11 5 0 4 8 9 10
2910000 2 7 0 3 6 11 5 1 4 8 9 10
2915000 3 7 0 2 6 10 5 1 4 9 8 11
2920000 3 6 0 2 7 10 5 1 4 9 8 11
2925000 3 6 0 2 7 10 4 1 5 8 9 11
2930000 3 7 0 1 6 10 4 2 5 9 8 11
2935000 3 7 0 2 6 10 4 1 5 9 8 11
2940000 4 7 1 2 5 10 3 0 6 9 8 11
2945000 4 7 1 3 5 10 2 0 6 9 8 11
2950000 4 7 0 2 5 10 3 1 6 9 8 11
2955000 4 7 0 2 5 9 3 1 6 10 8 11
2960000 4 7 1 2 5 8 3 0 6 10 9 11
2965000 4 6 1 2 7 9 3 0 5 10 8 11
2970000 5 6 0 2 7 9 3 1 4 10 8 11
2975000 6 7 0 4 5 9 2 1 3 10 8 11
2980000 7 6 0 4 5 9 2 1 3 11 8 10
2985000 6 7 0 5 4 9 3 1 2 10 8 11
2990000 7 6 0 4 5 8 3 1 2 10 9 11
2995000 7 6 0 4 5 8 3 1 2 10 9 11
3000000 7 6 0 4 5 8 3 1 2 9 10 11
3005000 7 6 0 3 5 8 4 1 2 9 10 11
3010000 7 6 0 3 5 8 4 2 1 9 10 11
3015000 7 6 0 3 5 8 4 2 1 9 10 11
3020000 6 5 1 3 7 9 4 2 0 10 8 11
3025000 6 5 0 3 7 10 4 2 1 8 9 11
3030000 7 4 1 5 6 10 3 2 0 8 9 11
3035000 7 4 1 5 6 9 3 2 0 8 10 11
3040000 7 4 0 5 6 8 3 2 1 9 11 10
3045000 7 6 0 4 5 8 3 2 1 10 9 11
3050000 7 6 0 4 5 8 3 2 1 9 10 11
3055000 7 6 0 5 4 8 1 3 2 9 10 11
3060000 7 5 0 4 6 9 1 2 3 8 10 11
3065000 7 5 0 4 6 10 2 1 3 8 9 11
3070000 7 5 0 4 6 8 3 1 2 9 10 11
3075000 7 5 0 4 6 8 3 1 2 10 9 11
3080000 7 5 0 4 6 8 3 1 2 10 9 11
3085000 7 4 0 5 6 8 3 1 2 9 10 11
3090000 6 4 0 5 7 9 3 1 2 8 10 11
3095000 6 4 0 5 7 10 2 1 3 8 9 11
3100000 6 4 0 5 7 10 3 1 2 9 8 11
3105000 7 5 1 4 6 10 3 0 2 8 9 11
3110000 8 5 2 4 6 9 3 0 1 7 10 11
3115000 7 5 1 3 6 8 4 0 2 9 10 11
3120000 7 5 2 3 6 9 4 0 1 8 10 11
3125000 6 4 2 3 7 9 5 0 1 8 10 11
3130000 6 4 2 3 7 9 5 0 1 8 10 11
3135000 7 4 2 3 6 9 5 0 1 8 10 11
3140000 7 5 1 3 6 11 4 0 2 8 9 10
3145000 7 5 0 3 6 10 4 1 2 9 8 11
3150000 7 6 0 4 5 10 3 1 2 8 9 11
3155000 6 5 0 3 7 10 4 2 1 8 9 11
3160000 6 4 0 3 7 10 5 2 1 9 8 11
3165000 6 2 1 4 7 10 5 3 0 8 9 11
3170000 6 2 1 3 7 9 5 4 0 8 10 11
3175000 5 1 2 3 7 9 6 4 0 8 10 11
3180000 5 1 2 3 7 9 6 4 0 8 10 11
3185000 4 1 2 3 7 8 5 6 0 9 11 10
3190000 4 0 3 2 7 9 5 6 1 8 11 10
3195000 2 0 4 3 7 9 5 6 1 8 11 10
3200000 2 1 4 3 6 8 5 7 0 10 11 9
3205000 1 0 5 3 4 10 6 7 2 9 11 8
3210000 2 0 5 3 4 10 6 7 1 8 11 9
3215000 2 0 5 3 4 10 6 7 1 8 11 9
3220000 2 0 5 3 4 10 6 7 1 8 11 9
3225000 2 0 5 3 4 9 6 7 1 10 11 8
3230000 2 0 4 3 5 9 6 7 1 10 11 8
3235000 2 0 4 3 5 8 6 7 1 10 11 9
3240000 2 1 4 3 6 8 5 7 0 10 11 9
3245000 2 1 5 3 6 9 4 7 0 10 11 8
3250000 2 0 5 3 6 10 4 7 1 9 11 8
3255000 3 0 6 2 5 10 4 7 1 9 11 8
3260000 3 0 6 1 4 10 5 7 2 9 11 8
3265000 3 0 6 1 4 9 5 7 2 10 11 8
3270000 2 0 6 1 4 10 5 7 3 9 11 8
3275000 2 0 5 1 4 10 6 7 3 9 11 8
3280000 3 0 5 1 4 10 6 7 2 9 11 8
3285000 3 0 6 1 4 10 5 7 2 9 11 8
3290000 2 1 6 0 5 10 4 7 3 9 11 8
3295000 2 1 6 0 5 10 4 7 3 9 11 8
3300000 1 2 6 0 5 9 3 7 4 10 11 8
3305000 0 3 6 2 5 10 1 7 4 9 11 8
3310000 0 3 5 2 6 11 1 7 4 9 10 8
3315000 0 3 5 2 6 11 1 7 4 9 10 8
3320000 0 2 5 3 6 11 1 7 4 10 9 8
3325000 0 1 5 3 6 11 2 7 4 8 10 9
3330000 0 2 5 3 6 11 1 7 4 8 10 9
3335000 0 2 5 3 6 11 1 7 4 8 9 10
3340000 1 2 6 4 7 11 0 5 3 9 8 10
3345000 1 2 6 5 7 11 0 4 3 9 8 10
3350000 0 2 5 6 7 11 1 4 3 9 8 10
3355000 0 3 5 6 7 11 1 2 4 9 8 10
3360000 1 3 5 6 7 11 0 2 4 10 8 9
3365000 0 2 4 6 7 11 1 3 5 10 8 9
3370000 0 2 4 6 7 10 1 3 5 11 8 9
3375000 0 3 4 7 6 11 1 2 5 10 9 8
3380000 0 3 4 7 6 11 2 1 5 9 10 8
3385000 2 3 4 7 5 11 1 0 6 9 10 8
3390000 2 4 3 6 5 11 0 1 7 10 9 8
3395000 2 4 3 7 5 11 0 1 6 9 10 8
3400000 2 6 4 7 3 10 1 0 5 8 11 9
3405000 2 6 4 7 3 10 0 1 5 9 11 8
3410000 1 7 4 6 3 9 0 2 5 10 11 8
3415000 1 7 2 6 4 10 0 3 5 9 11 8
3420000 0 7 2 6 3 9 1 4 5 10 11 8
3425000 0 7 1 6 4 9 2 5 3 10 11 8
3430000 1 7 0 6 5 9 2 4 3 10 11 8
3435000 2 7 0 5 6 10 1 4 3 9 11 8
3440000 2 7 1 6 5 8 0 4 3 10 11 9
3445000 2 7 1 6 4 8 0 3 5 10 11 9
3450000 2 7 0 6 4 8 1 3 5 10 11 9
3455000 1 7 0 6 3 8 2 4 5 10 11 9
3460000 2 7 0 6 4 8 1 3 5 9 11 10
3465000 2 7 1 6 4 9 0 3 5 11 10 8
3470000 2 6 1 7 3 9 0 4 5 11 10 8
3475000 2 6 1 7 3 9 0 4 5 10 11 8
3480000 2 7 0 6 4 8 1 3 5 10 11 9
3485000 2 7 0 6 4 10 1 3 5 9 11 8
3490000 2 6 1 7 5 10 0 3 4 9 11 8
3495000 3 6 0 7 5 8 1 2 4 10 11 9
3500000 3 7 0 5 6 9 1 2 4 10 11 8
3505000 4 6 2 5 7 10 0 1 3 9 11 8
3510000 3 6 1 5 7 8 0 2 4 10 11 9
3515000 3 6 1 5 7 8 0 2 4 10 11 9
3520000 3 5 2 6 7 8 0 1 4 10 11 9
3525000 3 5 2 6 7 8 0 1 4 10 11 9
3530000 2 5 3 6 7 8 0 1 4 11 10 9
3535000 2 5 4 6 7 9 1 0 3 10 11 8
3540000 1 5 4 6 7 8 2 0 3 10 11 9
3545000 1 5 4 6 7 9 2 0 3 10 11 8
3550000 1 5 4 6 7 9 2 0 3 10 11 8
3555000 1 6 4 5 7 9 2 0 3 10 11 8
3560000 1 6 3 5 7 9 2 0 4 10 11 8
3565000 2 5 3 6 7 10 1 0 4 9 11 8
3570000 1 5 2 6 7 9 3 0 4 10 11 8
3575000 1 5 2 6 7 8 3 0 4 9 11 10
3580000 0 5 2 6 7 8 3 1 4 9 11 10
3585000 0 5 2 6 7 8 3 1 4 11 10 9
3590000 0 5 2 6 7 8 3 1 4 11 9 10
3595000 0 5 2 7 6 9 3 1 4 11 8 10
3600000 0 5 2 7 6 10 3 1 4 9 8 11
3605000 0 7 1 6 5 9 3 2 4 10 8 11
3610000 2 7 0 6 5 8 1 3 4 11 10 9
3615000 2 7 1 6 5 9 0 3 4 11 10 8
3620000 2 7 1 5 6 9 0 3 4 11 10 8
3625000 1 7 2 6 5 10 0 4 3 11 9 8
3630000 1 7 3 6 5 10 0 4 2 11 8 9
3635000 1 7 3 6 5 10 0 4 2 11 9 8
3640000 0 7 3 6 4 8 1 5 2 11 9 10
3645000 1 7 2 5 4 9 0 6 3 11 10 8
3650000 1 7 2 4 5 8 0 6 3 11 9 10
3655000 1 7 2 4 5 8 0 6 3 10 11 9
3660000 0 7 2 3 5 9 1 6 4 10 11 8
3665000 1 7 2 3 6 8 0 5 4 10 11 9
3670000 0 7 3 2 6 9 1 4 5 10 11 8
3675000 1 7 3 2 6 9 0 5 4 10 11 8
3680000 1 6 3 2 7 9 0 4 5 10 11 8
3685000 0 6 3 2 7 8 1 4 5 10 11 9
3690000 1 5 3 2 7 8 0 4 6 10 11 9
3695000 1 5 3 2 7 9 0 4 6 10 11 8
3700000 1 7 3 2 6 9 0 5 4 10 11 8
3705000 1 7 3 2 6 9 0 5 4 10 11 8
3710000 1 7 3 2 5 9 0 4 6 10 11 8
3715000 0 7 3 2 5 9 1 4 6 10 11 8
3720000 0 6 3 2 4 9 1 5 7 10 11 8
3725000 0 6 3 2 5 9 1 4 7 10 11 8
3730000 0 6 3 2 5 9 1 4 7 10 11 8
3735000 0 6 3 2 4 9 1 5 7 10 11 8
3740000 0 5 3 2 4 9 1 6 7 10 11 8
3745000 0 4 3 2 5 9 1 6 7 11 10 8
3750000 0 4 3 2 5 9 1 6 7 10 11 8
3755000 0 4 3 2 5 9 1 6 7 10 11 8
3760000 1 4 3 2 5 9 0 6 7 10 11 8
3765000 1 4 3 2 5 10 0 7 6 9 11 8
3770000 1 5 3 2 4 9 0 7 6 10 11 8
3775000 1 5 4 2 3 8 0 7 6 10 11 9
3780000 1 5 4 2 3 8 0 7 6 10 11 9
3785000 0 7 5 3 2 8 1 6 4 10 11 9
3790000 0 7 5 3 2 8 1 6 4 10 11 9
3795000 0 7 5 3 2 9 1 6 4 10 11 8
3800000 0 7 5 2 3 10 1 6 4 8 11 9
3805000 0 7 5 2 3 11 1 6 4 9 10 8
3810000 0 7 6 1 3 11 2 5 4 10 9 8
3815000 0 7 6 1 3 11 2 5 4 10 8 9
3820000 1 7 6 0 4 11 2 5 3 10 8 9
3825000 2 7 6 0 3 11 1 5 4 10 8 9
3830000 2 7 5 0 4 11 1 6 3 10 8 9
3835000 2 7 5 0 3 10 1 6 4 9 8 11
3840000 2 7 6 1 3 10 0 5 4 9 8 11
3845000 2 7 6 1 3 10 0 5 4 9 8 11
3850000 2 7 6 1 3 10 0 5 4 9 8 11
3855000 2 6 7 1 3 8 0 5 4 10 9 11
3860000 2 6 7 0 3 8 1 5 4 10 9 11
3865000 3 6 7 1 2 9 0 5 4 10 8 11
3870000 2 7 6 1 3 8 0 5 4 10 9 11
3875000 1 7 6 2 3 9 0 5 4 8 10 11
3880000 0 7 6 2 3 8 1 5 4 9 10 11
3885000 1 7 6 2 3 10 0 5 4 9 8 11
3890000 1 7 5 2 3 9 0 6 4 10 8 11
3895000 1 7 5 2 3 10 0 6 4 9 8 11
3900000 1 7 6 3 2 8 0 5 4 9 10 11
3905000 1 7 6 3 2 8 0 5 4 9 10 11
3910000 1 7 6 3 2 8 0 5 4 10 11 9
3915000 1 7 6 3 2 9 0 5 4 8 10 11
3920000 0 7 6 3 2 8 1 5 4 9 10 11
3925000 0 7 6 3 2 8 1 4 5 9 10 11
3930000 0 7 6 3 2 8 1 4 5 9 10 11
3935000 0 7 6 3 2 9 1 5 4 8 11 10
3940000 1 7 5 3 2 8 0 6 4 9 11 10
3945000 2 7 5 3 0 8 1 6 4 9 11 10
3950000 3 7 5 4 0 8 1 6 2 9 11 10
3955000 4 7 5 3 1 8 0 6 2 9 11 10
3960000 4 7 6 3 0 8 1 5 2 9 11 10
3965000 4 7 5 3 0 8 2 6 1 9 11 10
3970000 4 6 7 3 0 8 2 5 1 9 11 10
3975000 5 7 6 3 1 9 2 4 0 8 11 10
3980000 5 7 6 3 2 8 1 4 0 9 11 10
3985000 4 7 6 3 2 9 0 5 1 8 11 10
3990000 4 7 6 3 2 9 1 5 0 8 11 10
3995000 4 7 5 3 2 8 0 6 1 9 11 10
4000000 4 7 6 3 2 9 0 5 1 8 11 10
4005000 4 7 5 3 2 9 0 6 1 8 11 10
4010000 4 6 5 3 2 8 0 7 1 9 11 10
4015000 4 6 5 3 2 8 0 7 1 9 10 11
4020000 4 6 5 3 2 8 0 7 1 9 10 11
4025000 4 6 5 3 2 8 0 7 1 9 10 11
4030000 4 7 5 3 2 8 0 6 1 9 10 11
4035000 4 7 6 3 2 9 1 5 0 8 10 11
4040000 3 7 6 4 2 9 0 5 1 8 10 11
4045000 3 7 6 4 2 9 1 5 0 8 10 11
4050000 3 7 6 4 2 9 0 5 1 8 10 11
4055000 3 7 6 4 2 10 1 5 0 8 9 11
4060000 3 7 6 4 2 9 0 5 1 8 10 11
4065000 3 7 6 4 1 9 0 5 2 8 10 11
4070000 3 7 6 4 1 10 0 5 2 8 9 11
4075000 3 7 6 4 0 11 1 5 2 9 8 10
4080000 3 7 5 4 0 11 2 6 1 8 9 10
4085000 2 7 5 4 0 10 1 6 3 9 8 11
4090000 2 7 5 4 0 10 1 6 3 9 8 11
4095000 1 7 6 4 0 9 2 5 3 8 10 11
4100000 0 7 6 4 1 9 2 5 3 8 11 10
4105000 0 6 7 4 1 9 3 5 2 8 11 10
4110000 0 6 7 4 1 10 3 5 2 8 11 9
4115000 1 6 7 4 0 10 3 5 2 9 11 8
4120000 1 5 7 3 0 10 4 6 2 9 11 8
4125000 1 5 6 3 0 9 4 7 2 8 11 10
4130000 1 5 7 4 0 8 3 6 2 9 11 10
4135000 1 5 7 4 0 9 3 6 2 8 11 10
4140000 1 5 7 4 0 10 3 6 2 8 11 9
4145000 1 7 6 4 0 9 3 5 2 8 11 10
4150000 0 7 6 5 1 8 3 4 2 9 11 10
4155000 1 7 6 4 0 9 3 5 2 8 11 10
4160000 1 7 6 4 0 10 3 5 2 8 11 9
4165000 0 7 6 5 1 10 3 4 2 8 11 9
4170000 0 7 6 5 1 10 3 4 2 8 11 9
4175000 1 6 7 5 0 10 2 4 3 9 11 8
4180000 1 6 7 5 0 9 2 4 3 10 11 8
4185000 1 6 7 5 0 9 2 3 4 10 11 8
4190000 1 6 7 5 0 10 2 4 3 9 11 8
4195000 1 6 7 4 0 10 3 5 2 9 11 8
4200000 1 6 7 4 0 10 3 5 2 9 11 8
4205000 1 5 7 4 0 10 3 6 2 9 11 8
4210000 1 5 7 4 0 10 2 6 3 9 11 8
4215000 0 6 8 3 1 10 4 5 2 9 11 7
4220000 0 7 6 4 1 10 3 5 2 9 11 8
4225000 0 7 6 3 1 10 4 5 2 9 11 8
4230000 0 7 5 2 1 10 3 6 4 9 11 8
4235000 0 7 4 3 1 10 2 6 5 9 11 8
4240000 0 7 4 3 1 10 2 5 6 9 11 8
4245000 0 7 4 3 2 9 1 6 5 10 11 8
4250000 0 7 4 3 2 9 1 6 5 11 10 8
4255000 0 6 4 3 2 9 1 7 5 11 10 8
4260000 0 7 4 3 2 9 1 6 5 10 11 8
4265000 0 7 3 4 2 9 1 5 6 11 10 8
4270000 0 6 3 4 2 9 1 5 7 11 10 8
4275000 0 6 3 4 2 10 1 5 7 11 9 8
4280000 1 6 3 4 2 9 0 5 7 11 10 8
4285000 0 6 3 4 2 9 1 5 7 10 11 8
4290000 1 6 3 4 2 9 0 5 7 10 11 8
4295000 1 6 3 4 2 9 0 5 7 10 11 8
4300000 1 6 3 4 2 8 0 5 7 10 11 9
4305000 1 7 2 4 3 9 0 5 6 10 11 8
4310000 1 7 2 4 3 8 0 5 6 11 10 9
4315000 1 7 2 5 3 8 0 4 6 11 10 9
4320000 2 7 1 5 4 8 0 3 6 10 11 9
4325000 2 7 0 6 3 8 1 4 5 10 11 9
4330000 0 6 1 7 3 9 2 4 5 10 11 8
4335000 0 5 1 7 3 9 2 4 6 11 10 8
4340000 0 5 2 7 4 9 1 3 6 11 10 8
4345000 0 5 3 6 4 9 1 2 7 10 11 8
4350000 1 5 2 6 4 8 0 3 7 10 11 9
4355000 1 5 2 6 4 8 0 3 7 11 10 9
4360000 0 6 2 5 4 9 1 3 7 11 10 8
4365000 0 6 2 5 4 10 1 3 7 9 11 8
4370000 0 6 2 5 4 9 1 3 7 10 11 8
4375000 0 6 2 5 4 9 1 3 7 11 10 8
4380000 0 5 2 6 3 8 1 4 7 11 10 9
4385000 1 5 2 7 4 8 0 3 6 11 10 9
4390000 1 5 2 7 4 8 0 3 6 11 10 9
4395000 0 5 2 6 4 9 1 3 7 11 10 8
4400000 0 5 2 7 4 9 1 3 6 11 10 8
4405000 0 5 2 7 3 8 1 4 6 11 9 10
4410000 0 6 2 7 3 8 1 4 5 11 9 10
4415000 0 6 2 7 3 8 1 4 5 11 10 9
4420000 0 6 2 7 4 8 1 3 5 10 11 9
4425000 1 6 2 7 4 8 0 3 5 10 11 9
4430000 0 6 2 7 3 8 1 4 5 10 11 9
4435000 2 6 1 7 3 9 0 4 5 10 11 8
4440000 2 7 1 6 3 10 0 4 5 9 11 8
4445000 1 7 0 5 3 10 2 4 6 9 11 8
4450000 1 6 0 4 3 11 2 5 7 9 10 8
4455000 2 5 0 4 3 11 1 6 7 9 10 8
4460000 3 5 1 4 2 11 0 7 6 8 10 9
4465000 3 5 1 4 2 11 0 7 6 8 10 9
4470000 3 5 1 4 2 11 0 6 7 8 9 10
4475000 4 5 1 3 2 11 0 7 6 8 9 10
4480000 3 5 1 2 4 11 0 7 6 9 8 10
4485000 2 6 1 3 4 11 0 7 5 8 10 9
4490000 2 6 1 3 5 10 0 7 4 8 11 9
4495000 2 6 1 3 5 11 0 7 4 8 10 9
4500000 3 6 1 2 5 11 0 7 4 8 10 9
4505000 3 7 1 2 5 11 0 6 4 8 10 9
4510000 2 7 0 3 4 11 1 6 5 8 10 9
4515000 2 6 0 3 4 11 1 7 5 9 10 8
4520000 1 6 0 4 3 11 2 7 5 9 10 8
4525000 1 6 0 5 3 11 2 7 4 10 8 9
4530000 1 6 0 2 4 11 3 7 5 10 9 8
4535000 2 5 0 1 4 11 3 7 6 10 9 8
4540000 2 5 0 1 3 11 4 7 6 10 9 8
4545000 2 5 0 1 3 11 4 7 6 10 9 8
4550000 2 5 1 0 3 11 4 7 6 10 8 9
4555000 2 4 0 1 3 11 6 5 7 10 8 9
4560000 2 3 0 1 4 10 7 5 6 11 8 9
4565000 2 3 0 1 4 10 7 5 6 11 8 9
4570000 3 2 1 0 4 10 7 5 6 11 9 8
4575000 2 3 1 0 5 10 7 4 6 11 9 8
4580000 2 3 1 0 4 10 7 5 6 11 9 8
4585000 1 3 2 0 4 10 7 5 6 11 9 8
4590000 1 3 2 0 4 10 7 6 5 11 9 8
4595000 1 3 2 0 4 10 7 5 6 11 9 8
4600000 0 3 2 1 4 11 7 5 6 10 8 9
4605000 0 2 3 1 4 9 7 5 6 11 8 10
4610000 0 1 3 2 4 10 7 5 6 11 8 9
4615000 0 1 4 2 3 9 7 5 6 11 8 10
4620000 0 1 4 2 3 8 7 6 5 11 9 10
4625000 0 1 4 2 3 8 7 5 6 11 9 10
4630000 0 1 4 2 3 8 7 5 6 11 9 10
4635000 0 1 6 2 3 8 7 4 5 11 9 10
4640000 0 1 6 2 4 8 7 3 5 11 9 10
4645000 1 0 6 3 4 8 7 2 5 11 9 10
4650000 1 0 5 3 4 8 7 2 6 11 10 9
4655000 1 0 5 2 4 8 7 3 6 10 11 9
4660000 1 0 6 2 3 8 7 4 5 9 10 11
4665000 0 1 6 2 3 9 7 4 5 11 8 10
4670000 2 0 7 1 4 9 6 3 5 11 10 8
4675000 2 0 7 1 4 10 6 3 5 11 9 8
4680000 2 0 7 1 4 10 5 3 6 11 8 9
4685000 2 1 7 0 4 11 5 3 6 10 9 8
4690000 1 2 7 0 5 10 4 3 6 11 9 8
4695000 0 2 7 1 5 10 4 3 6 11 8 9
4700000 1 2 6 0 4 10 5 3 7 11 8 9
4705000 0 3 6 1 4 10 5 2 7 11 8 9
4710000 0 2 5 1 4 10 6 3 7 11 9 8
4715000 0 3 5 1 4 10 6 2 7 11 8 9
4720000 1 3 5 0 4 10 6 2 7 11 9 8
4725000 1 3 4 0 5 11 6 2 7 10 9 8
4730000 1 3 4 0 5 10 6 2 7 11 9 8
4735000 0 2 4 1 5 10 6 3 7 11 8 9
4740000 0 2 4 1 6 10 5 3 7 11 8 9
4745000 0 2 3 1 6 10 5 4 7 11 9 8
4750000 0 2 3 1 7 11 5 4 6 10 8 9
4755000 0 2 3 1 7 10 6 4 5 11 9 8
4760000 0 2 4 1 7 10 6 3 5 11 9 8
4765000 0 1 4 2 6 10 7 3 5 11 9 8
4770000 0 1 4 2 7 10 6 3 5 11 9 8
4775000 0 1 3 2 7 10 6 4 5 11 9 8
4780000 0 1 2 3 7 10 6 4 5 11 9 8
4785000 0 1 2 3 7 10 6 4 5 11 9 8
4790000 0 1 3 2 7 10 5 4 6 11 9 8
4795000 1 0 3 2 7 10 4 5 6 11 9 8
4800000 1 0 3 2 6 11 4 5 7 10 9 8
4805000 1 0 4 2 7 11 3 5 6 10 8 9
4810000 1 0 3 2 7 11 4 6 5 9 8 10
4815000 1 0 2 3 7 11 5 6 4 10 8 9
4820000 1 0 2 3 7 10 5 6 4 11 8 9
4825000 2 1 0 3 7 10 6 5 4 11 8 9
4830000 3 1 0 2 7 11 6 4 5 10 8 9
4835000 3 0 1 2 7 11 5 4 6 10 9 8
4840000 3 0 2 1 7 11 6 5 4 10 9 8
4845000 3 0 2 1 6 11 7 5 4 10 8 9
4850000 3 0 1 2 5 11 7 6 4 9 8 10
4855000 4 0 1 2 5 11 7 6 3 8 9 10
4860000 4 0 1 2 5 11 6 7 3 9 8 10
4865000 4 0 2 1 5 11 7 6 3 9 8 10
4870000 4 0 2 1 5 11 6 7 3 10 8 9
4875000 4 0 2 1 5 11 6 7 3 10 8 9
4880000 4 0 1 2 5 11 6 7 3 10 8 9
4885000 4 0 1 2 5 11 6 7 3 10 9 8
4890000 5 0 1 2 4 11 6 7 3 10 8 9
4895000 5 0 2 1 3 11 6 7 4 10 8 9
4900000 5 1 0 2 4 11 6 7 3 10 8 9
4905000 5 0 1 2 3 10 6 7 4 11 8 9
4910000 5 2 0 1 3 9 6 7 4 11 8 10
4915000 5 2 0 1 4 11 6 7 3 10 8 9
4920000 5 2 1 0 3 10 6 7 4 11 9 8
4925000 5 4 1 0 2 9 6 7 3 11 8 10
4930000 5 4 1 0 2 10 7 6 3 11 8 9
4935000 5 4 1 0 2 10 7 6 3 11 9 8
4940000 5 4 1 0 2 11 7 6 3 9 10 8
4945000 5 3 1 0 2 11 7 6 4 10 9 8
4950000 6 3 1 0 2 10 7 5 4 11 8 9
4955000 4 3 1 0 2 10 7 6 5 11 8 9
4960000 5 2 1 0 3 10 7 6 4 11 8 9
4965000 4 3 1 0 2 10 6 7 5 11 9 8
4970000 4 3 1 0 2 10 6 7 5 11 8 9
4975000 3 4 2 1 0 9 6 7 5 11 8 10
4980000 5 3 1 2 0 8 6 7 4 11 10 9
4985000 5 3 1 2 0 10 6 7 4 11 9 8
4990000 5 3 0 2 1 10 6 7 4 11 9 8
4995000 5 2 1 3 0 10 6 7 4 11 8 9
5000000 5 2 1 3 0 10 6 7 4 11 8 9
